[2026-03-24T17:24:41.316+0000] {processor.py:161} INFO - Started process (PID=214) to work on /opt/airflow/dags/gold_db/orquestracao_bronze_prata.py
[2026-03-24T17:24:41.316+0000] {processor.py:830} INFO - Processing file /opt/airflow/dags/gold_db/orquestracao_bronze_prata.py for tasks to queue
[2026-03-24T17:24:41.317+0000] {logging_mixin.py:188} INFO - [2026-03-24T17:24:41.317+0000] {dagbag.py:538} INFO - Filling up the DagBag from /opt/airflow/dags/gold_db/orquestracao_bronze_prata.py
[2026-03-24T17:24:41.325+0000] {processor.py:840} INFO - DAG(s) 'orquestrador_pipeline_completo' retrieved from /opt/airflow/dags/gold_db/orquestracao_bronze_prata.py
[2026-03-24T17:24:41.384+0000] {logging_mixin.py:188} INFO - [2026-03-24T17:24:41.384+0000] {override.py:1769} INFO - Created Permission View: can edit on DAG:orquestrador_pipeline_completo
[2026-03-24T17:24:41.389+0000] {logging_mixin.py:188} INFO - [2026-03-24T17:24:41.389+0000] {override.py:1769} INFO - Created Permission View: can delete on DAG:orquestrador_pipeline_completo
[2026-03-24T17:24:41.393+0000] {logging_mixin.py:188} INFO - [2026-03-24T17:24:41.393+0000] {override.py:1769} INFO - Created Permission View: can read on DAG:orquestrador_pipeline_completo
[2026-03-24T17:24:41.394+0000] {logging_mixin.py:188} INFO - [2026-03-24T17:24:41.393+0000] {dag.py:3036} INFO - Sync 1 DAGs
[2026-03-24T17:24:41.399+0000] {logging_mixin.py:188} INFO - [2026-03-24T17:24:41.399+0000] {dag.py:3058} INFO - Creating ORM DAG for orquestrador_pipeline_completo
[2026-03-24T17:24:41.405+0000] {logging_mixin.py:188} INFO - [2026-03-24T17:24:41.405+0000] {dag.py:3823} INFO - Setting next_dagrun for orquestrador_pipeline_completo to 2026-03-23 00:00:00+00:00, run_after=2026-03-24 00:00:00+00:00
[2026-03-24T17:24:41.416+0000] {processor.py:183} INFO - Processing /opt/airflow/dags/gold_db/orquestracao_bronze_prata.py took 0.102 seconds
[2026-03-24T17:25:12.048+0000] {processor.py:161} INFO - Started process (PID=255) to work on /opt/airflow/dags/gold_db/orquestracao_bronze_prata.py
[2026-03-24T17:25:12.049+0000] {processor.py:830} INFO - Processing file /opt/airflow/dags/gold_db/orquestracao_bronze_prata.py for tasks to queue
[2026-03-24T17:25:12.049+0000] {logging_mixin.py:188} INFO - [2026-03-24T17:25:12.049+0000] {dagbag.py:538} INFO - Filling up the DagBag from /opt/airflow/dags/gold_db/orquestracao_bronze_prata.py
[2026-03-24T17:25:12.057+0000] {processor.py:840} INFO - DAG(s) 'orquestrador_pipeline_completo' retrieved from /opt/airflow/dags/gold_db/orquestracao_bronze_prata.py
[2026-03-24T17:25:12.074+0000] {logging_mixin.py:188} INFO - [2026-03-24T17:25:12.074+0000] {dag.py:3036} INFO - Sync 1 DAGs
[2026-03-24T17:25:12.086+0000] {logging_mixin.py:188} INFO - [2026-03-24T17:25:12.086+0000] {dag.py:3823} INFO - Setting next_dagrun for orquestrador_pipeline_completo to 2026-03-23 00:00:00+00:00, run_after=2026-03-24 00:00:00+00:00
[2026-03-24T17:25:12.095+0000] {processor.py:183} INFO - Processing /opt/airflow/dags/gold_db/orquestracao_bronze_prata.py took 0.049 seconds
[2026-03-24T17:25:42.663+0000] {processor.py:161} INFO - Started process (PID=292) to work on /opt/airflow/dags/gold_db/orquestracao_bronze_prata.py
[2026-03-24T17:25:42.665+0000] {processor.py:830} INFO - Processing file /opt/airflow/dags/gold_db/orquestracao_bronze_prata.py for tasks to queue
[2026-03-24T17:25:42.666+0000] {logging_mixin.py:188} INFO - [2026-03-24T17:25:42.665+0000] {dagbag.py:538} INFO - Filling up the DagBag from /opt/airflow/dags/gold_db/orquestracao_bronze_prata.py
[2026-03-24T17:25:42.673+0000] {processor.py:840} INFO - DAG(s) 'orquestrador_pipeline_completo' retrieved from /opt/airflow/dags/gold_db/orquestracao_bronze_prata.py
[2026-03-24T17:25:42.686+0000] {logging_mixin.py:188} INFO - [2026-03-24T17:25:42.685+0000] {dag.py:3036} INFO - Sync 1 DAGs
[2026-03-24T17:25:42.699+0000] {logging_mixin.py:188} INFO - [2026-03-24T17:25:42.698+0000] {dag.py:3823} INFO - Setting next_dagrun for orquestrador_pipeline_completo to 2026-03-23 00:00:00+00:00, run_after=2026-03-24 00:00:00+00:00
[2026-03-24T17:25:42.710+0000] {processor.py:183} INFO - Processing /opt/airflow/dags/gold_db/orquestracao_bronze_prata.py took 0.048 seconds
[2026-03-24T17:26:13.451+0000] {processor.py:161} INFO - Started process (PID=331) to work on /opt/airflow/dags/gold_db/orquestracao_bronze_prata.py
[2026-03-24T17:26:13.451+0000] {processor.py:830} INFO - Processing file /opt/airflow/dags/gold_db/orquestracao_bronze_prata.py for tasks to queue
[2026-03-24T17:26:13.452+0000] {logging_mixin.py:188} INFO - [2026-03-24T17:26:13.452+0000] {dagbag.py:538} INFO - Filling up the DagBag from /opt/airflow/dags/gold_db/orquestracao_bronze_prata.py
[2026-03-24T17:26:13.461+0000] {processor.py:840} INFO - DAG(s) 'orquestrador_pipeline_completo' retrieved from /opt/airflow/dags/gold_db/orquestracao_bronze_prata.py
[2026-03-24T17:26:13.473+0000] {logging_mixin.py:188} INFO - [2026-03-24T17:26:13.473+0000] {dag.py:3036} INFO - Sync 1 DAGs
[2026-03-24T17:26:13.484+0000] {logging_mixin.py:188} INFO - [2026-03-24T17:26:13.484+0000] {dag.py:3823} INFO - Setting next_dagrun for orquestrador_pipeline_completo to 2026-03-23 00:00:00+00:00, run_after=2026-03-24 00:00:00+00:00
[2026-03-24T17:26:13.493+0000] {processor.py:183} INFO - Processing /opt/airflow/dags/gold_db/orquestracao_bronze_prata.py took 0.045 seconds
[2026-03-24T17:26:44.124+0000] {processor.py:161} INFO - Started process (PID=372) to work on /opt/airflow/dags/gold_db/orquestracao_bronze_prata.py
[2026-03-24T17:26:44.126+0000] {processor.py:830} INFO - Processing file /opt/airflow/dags/gold_db/orquestracao_bronze_prata.py for tasks to queue
[2026-03-24T17:26:44.126+0000] {logging_mixin.py:188} INFO - [2026-03-24T17:26:44.126+0000] {dagbag.py:538} INFO - Filling up the DagBag from /opt/airflow/dags/gold_db/orquestracao_bronze_prata.py
[2026-03-24T17:26:44.133+0000] {processor.py:840} INFO - DAG(s) 'orquestrador_pipeline_completo' retrieved from /opt/airflow/dags/gold_db/orquestracao_bronze_prata.py
[2026-03-24T17:26:44.146+0000] {logging_mixin.py:188} INFO - [2026-03-24T17:26:44.146+0000] {dag.py:3036} INFO - Sync 1 DAGs
[2026-03-24T17:26:44.158+0000] {logging_mixin.py:188} INFO - [2026-03-24T17:26:44.158+0000] {dag.py:3823} INFO - Setting next_dagrun for orquestrador_pipeline_completo to 2026-03-23 00:00:00+00:00, run_after=2026-03-24 00:00:00+00:00
[2026-03-24T17:26:44.168+0000] {processor.py:183} INFO - Processing /opt/airflow/dags/gold_db/orquestracao_bronze_prata.py took 0.046 seconds
[2026-03-24T17:27:14.935+0000] {processor.py:161} INFO - Started process (PID=409) to work on /opt/airflow/dags/gold_db/orquestracao_bronze_prata.py
[2026-03-24T17:27:14.936+0000] {processor.py:830} INFO - Processing file /opt/airflow/dags/gold_db/orquestracao_bronze_prata.py for tasks to queue
[2026-03-24T17:27:14.936+0000] {logging_mixin.py:188} INFO - [2026-03-24T17:27:14.936+0000] {dagbag.py:538} INFO - Filling up the DagBag from /opt/airflow/dags/gold_db/orquestracao_bronze_prata.py
[2026-03-24T17:27:14.945+0000] {processor.py:840} INFO - DAG(s) 'orquestrador_pipeline_completo' retrieved from /opt/airflow/dags/gold_db/orquestracao_bronze_prata.py
[2026-03-24T17:27:14.962+0000] {logging_mixin.py:188} INFO - [2026-03-24T17:27:14.962+0000] {dag.py:3036} INFO - Sync 1 DAGs
[2026-03-24T17:27:14.975+0000] {logging_mixin.py:188} INFO - [2026-03-24T17:27:14.975+0000] {dag.py:3823} INFO - Setting next_dagrun for orquestrador_pipeline_completo to 2026-03-23 00:00:00+00:00, run_after=2026-03-24 00:00:00+00:00
[2026-03-24T17:27:14.986+0000] {processor.py:183} INFO - Processing /opt/airflow/dags/gold_db/orquestracao_bronze_prata.py took 0.052 seconds
[2026-03-24T17:27:45.778+0000] {processor.py:161} INFO - Started process (PID=450) to work on /opt/airflow/dags/gold_db/orquestracao_bronze_prata.py
[2026-03-24T17:27:45.780+0000] {processor.py:830} INFO - Processing file /opt/airflow/dags/gold_db/orquestracao_bronze_prata.py for tasks to queue
[2026-03-24T17:27:45.781+0000] {logging_mixin.py:188} INFO - [2026-03-24T17:27:45.780+0000] {dagbag.py:538} INFO - Filling up the DagBag from /opt/airflow/dags/gold_db/orquestracao_bronze_prata.py
[2026-03-24T17:27:45.788+0000] {processor.py:840} INFO - DAG(s) 'orquestrador_pipeline_completo' retrieved from /opt/airflow/dags/gold_db/orquestracao_bronze_prata.py
[2026-03-24T17:27:45.800+0000] {logging_mixin.py:188} INFO - [2026-03-24T17:27:45.800+0000] {dag.py:3036} INFO - Sync 1 DAGs
[2026-03-24T17:27:45.812+0000] {logging_mixin.py:188} INFO - [2026-03-24T17:27:45.812+0000] {dag.py:3823} INFO - Setting next_dagrun for orquestrador_pipeline_completo to 2026-03-23 00:00:00+00:00, run_after=2026-03-24 00:00:00+00:00
[2026-03-24T17:27:45.820+0000] {processor.py:183} INFO - Processing /opt/airflow/dags/gold_db/orquestracao_bronze_prata.py took 0.044 seconds
[2026-03-24T17:28:16.627+0000] {processor.py:161} INFO - Started process (PID=489) to work on /opt/airflow/dags/gold_db/orquestracao_bronze_prata.py
[2026-03-24T17:28:16.627+0000] {processor.py:830} INFO - Processing file /opt/airflow/dags/gold_db/orquestracao_bronze_prata.py for tasks to queue
[2026-03-24T17:28:16.628+0000] {logging_mixin.py:188} INFO - [2026-03-24T17:28:16.627+0000] {dagbag.py:538} INFO - Filling up the DagBag from /opt/airflow/dags/gold_db/orquestracao_bronze_prata.py
[2026-03-24T17:28:16.635+0000] {processor.py:840} INFO - DAG(s) 'orquestrador_pipeline_completo' retrieved from /opt/airflow/dags/gold_db/orquestracao_bronze_prata.py
[2026-03-24T17:28:16.648+0000] {logging_mixin.py:188} INFO - [2026-03-24T17:28:16.648+0000] {dag.py:3036} INFO - Sync 1 DAGs
[2026-03-24T17:28:16.660+0000] {logging_mixin.py:188} INFO - [2026-03-24T17:28:16.660+0000] {dag.py:3823} INFO - Setting next_dagrun for orquestrador_pipeline_completo to 2026-03-23 00:00:00+00:00, run_after=2026-03-24 00:00:00+00:00
[2026-03-24T17:28:16.669+0000] {processor.py:183} INFO - Processing /opt/airflow/dags/gold_db/orquestracao_bronze_prata.py took 0.044 seconds
[2026-03-24T17:28:47.392+0000] {processor.py:161} INFO - Started process (PID=526) to work on /opt/airflow/dags/gold_db/orquestracao_bronze_prata.py
[2026-03-24T17:28:47.393+0000] {processor.py:830} INFO - Processing file /opt/airflow/dags/gold_db/orquestracao_bronze_prata.py for tasks to queue
[2026-03-24T17:28:47.394+0000] {logging_mixin.py:188} INFO - [2026-03-24T17:28:47.393+0000] {dagbag.py:538} INFO - Filling up the DagBag from /opt/airflow/dags/gold_db/orquestracao_bronze_prata.py
[2026-03-24T17:28:47.401+0000] {processor.py:840} INFO - DAG(s) 'orquestrador_pipeline_completo' retrieved from /opt/airflow/dags/gold_db/orquestracao_bronze_prata.py
[2026-03-24T17:28:47.414+0000] {logging_mixin.py:188} INFO - [2026-03-24T17:28:47.414+0000] {dag.py:3036} INFO - Sync 1 DAGs
[2026-03-24T17:28:47.425+0000] {logging_mixin.py:188} INFO - [2026-03-24T17:28:47.425+0000] {dag.py:3823} INFO - Setting next_dagrun for orquestrador_pipeline_completo to 2026-03-23 00:00:00+00:00, run_after=2026-03-24 00:00:00+00:00
[2026-03-24T17:28:47.435+0000] {processor.py:183} INFO - Processing /opt/airflow/dags/gold_db/orquestracao_bronze_prata.py took 0.046 seconds
[2026-03-24T17:29:18.258+0000] {processor.py:161} INFO - Started process (PID=567) to work on /opt/airflow/dags/gold_db/orquestracao_bronze_prata.py
[2026-03-24T17:29:18.258+0000] {processor.py:830} INFO - Processing file /opt/airflow/dags/gold_db/orquestracao_bronze_prata.py for tasks to queue
[2026-03-24T17:29:18.259+0000] {logging_mixin.py:188} INFO - [2026-03-24T17:29:18.258+0000] {dagbag.py:538} INFO - Filling up the DagBag from /opt/airflow/dags/gold_db/orquestracao_bronze_prata.py
[2026-03-24T17:29:18.265+0000] {processor.py:840} INFO - DAG(s) 'orquestrador_pipeline_completo' retrieved from /opt/airflow/dags/gold_db/orquestracao_bronze_prata.py
[2026-03-24T17:29:18.281+0000] {logging_mixin.py:188} INFO - [2026-03-24T17:29:18.281+0000] {dag.py:3036} INFO - Sync 1 DAGs
[2026-03-24T17:29:18.294+0000] {logging_mixin.py:188} INFO - [2026-03-24T17:29:18.294+0000] {dag.py:3823} INFO - Setting next_dagrun for orquestrador_pipeline_completo to 2026-03-23 00:00:00+00:00, run_after=2026-03-24 00:00:00+00:00
[2026-03-24T17:29:18.305+0000] {processor.py:183} INFO - Processing /opt/airflow/dags/gold_db/orquestracao_bronze_prata.py took 0.049 seconds
[2026-03-24T17:29:49.097+0000] {processor.py:161} INFO - Started process (PID=606) to work on /opt/airflow/dags/gold_db/orquestracao_bronze_prata.py
[2026-03-24T17:29:49.098+0000] {processor.py:830} INFO - Processing file /opt/airflow/dags/gold_db/orquestracao_bronze_prata.py for tasks to queue
[2026-03-24T17:29:49.099+0000] {logging_mixin.py:188} INFO - [2026-03-24T17:29:49.099+0000] {dagbag.py:538} INFO - Filling up the DagBag from /opt/airflow/dags/gold_db/orquestracao_bronze_prata.py
[2026-03-24T17:29:49.106+0000] {processor.py:840} INFO - DAG(s) 'orquestrador_pipeline_completo' retrieved from /opt/airflow/dags/gold_db/orquestracao_bronze_prata.py
[2026-03-24T17:29:49.120+0000] {logging_mixin.py:188} INFO - [2026-03-24T17:29:49.120+0000] {dag.py:3036} INFO - Sync 1 DAGs
[2026-03-24T17:29:49.132+0000] {logging_mixin.py:188} INFO - [2026-03-24T17:29:49.132+0000] {dag.py:3823} INFO - Setting next_dagrun for orquestrador_pipeline_completo to 2026-03-23 00:00:00+00:00, run_after=2026-03-24 00:00:00+00:00
[2026-03-24T17:29:49.143+0000] {processor.py:183} INFO - Processing /opt/airflow/dags/gold_db/orquestracao_bronze_prata.py took 0.048 seconds
[2026-03-24T17:30:19.957+0000] {processor.py:161} INFO - Started process (PID=645) to work on /opt/airflow/dags/gold_db/orquestracao_bronze_prata.py
[2026-03-24T17:30:19.957+0000] {processor.py:830} INFO - Processing file /opt/airflow/dags/gold_db/orquestracao_bronze_prata.py for tasks to queue
[2026-03-24T17:30:19.957+0000] {logging_mixin.py:188} INFO - [2026-03-24T17:30:19.957+0000] {dagbag.py:538} INFO - Filling up the DagBag from /opt/airflow/dags/gold_db/orquestracao_bronze_prata.py
[2026-03-24T17:30:19.964+0000] {processor.py:840} INFO - DAG(s) 'orquestrador_pipeline_completo' retrieved from /opt/airflow/dags/gold_db/orquestracao_bronze_prata.py
[2026-03-24T17:30:19.978+0000] {logging_mixin.py:188} INFO - [2026-03-24T17:30:19.978+0000] {dag.py:3036} INFO - Sync 1 DAGs
[2026-03-24T17:30:19.990+0000] {logging_mixin.py:188} INFO - [2026-03-24T17:30:19.989+0000] {dag.py:3823} INFO - Setting next_dagrun for orquestrador_pipeline_completo to 2026-03-23 00:00:00+00:00, run_after=2026-03-24 00:00:00+00:00
[2026-03-24T17:30:19.999+0000] {processor.py:183} INFO - Processing /opt/airflow/dags/gold_db/orquestracao_bronze_prata.py took 0.045 seconds
[2026-03-24T17:30:50.814+0000] {processor.py:161} INFO - Started process (PID=684) to work on /opt/airflow/dags/gold_db/orquestracao_bronze_prata.py
[2026-03-24T17:30:50.816+0000] {processor.py:830} INFO - Processing file /opt/airflow/dags/gold_db/orquestracao_bronze_prata.py for tasks to queue
[2026-03-24T17:30:50.816+0000] {logging_mixin.py:188} INFO - [2026-03-24T17:30:50.816+0000] {dagbag.py:538} INFO - Filling up the DagBag from /opt/airflow/dags/gold_db/orquestracao_bronze_prata.py
[2026-03-24T17:30:50.823+0000] {processor.py:840} INFO - DAG(s) 'orquestrador_pipeline_completo' retrieved from /opt/airflow/dags/gold_db/orquestracao_bronze_prata.py
[2026-03-24T17:30:50.840+0000] {logging_mixin.py:188} INFO - [2026-03-24T17:30:50.839+0000] {dag.py:3036} INFO - Sync 1 DAGs
[2026-03-24T17:30:50.851+0000] {logging_mixin.py:188} INFO - [2026-03-24T17:30:50.851+0000] {dag.py:3823} INFO - Setting next_dagrun for orquestrador_pipeline_completo to 2026-03-23 00:00:00+00:00, run_after=2026-03-24 00:00:00+00:00
[2026-03-24T17:30:50.860+0000] {processor.py:183} INFO - Processing /opt/airflow/dags/gold_db/orquestracao_bronze_prata.py took 0.048 seconds
[2026-03-24T17:31:21.680+0000] {processor.py:161} INFO - Started process (PID=723) to work on /opt/airflow/dags/gold_db/orquestracao_bronze_prata.py
[2026-03-24T17:31:21.681+0000] {processor.py:830} INFO - Processing file /opt/airflow/dags/gold_db/orquestracao_bronze_prata.py for tasks to queue
[2026-03-24T17:31:21.681+0000] {logging_mixin.py:188} INFO - [2026-03-24T17:31:21.681+0000] {dagbag.py:538} INFO - Filling up the DagBag from /opt/airflow/dags/gold_db/orquestracao_bronze_prata.py
[2026-03-24T17:31:21.688+0000] {processor.py:840} INFO - DAG(s) 'orquestrador_pipeline_completo' retrieved from /opt/airflow/dags/gold_db/orquestracao_bronze_prata.py
[2026-03-24T17:31:21.702+0000] {logging_mixin.py:188} INFO - [2026-03-24T17:31:21.701+0000] {dag.py:3036} INFO - Sync 1 DAGs
[2026-03-24T17:31:21.713+0000] {logging_mixin.py:188} INFO - [2026-03-24T17:31:21.713+0000] {dag.py:3823} INFO - Setting next_dagrun for orquestrador_pipeline_completo to 2026-03-23 00:00:00+00:00, run_after=2026-03-24 00:00:00+00:00
[2026-03-24T17:31:21.724+0000] {processor.py:183} INFO - Processing /opt/airflow/dags/gold_db/orquestracao_bronze_prata.py took 0.046 seconds
[2026-03-24T17:31:52.543+0000] {processor.py:161} INFO - Started process (PID=762) to work on /opt/airflow/dags/gold_db/orquestracao_bronze_prata.py
[2026-03-24T17:31:52.544+0000] {processor.py:830} INFO - Processing file /opt/airflow/dags/gold_db/orquestracao_bronze_prata.py for tasks to queue
[2026-03-24T17:31:52.545+0000] {logging_mixin.py:188} INFO - [2026-03-24T17:31:52.545+0000] {dagbag.py:538} INFO - Filling up the DagBag from /opt/airflow/dags/gold_db/orquestracao_bronze_prata.py
[2026-03-24T17:31:52.552+0000] {processor.py:840} INFO - DAG(s) 'orquestrador_pipeline_completo' retrieved from /opt/airflow/dags/gold_db/orquestracao_bronze_prata.py
[2026-03-24T17:31:52.566+0000] {logging_mixin.py:188} INFO - [2026-03-24T17:31:52.566+0000] {dag.py:3036} INFO - Sync 1 DAGs
[2026-03-24T17:31:52.578+0000] {logging_mixin.py:188} INFO - [2026-03-24T17:31:52.577+0000] {dag.py:3823} INFO - Setting next_dagrun for orquestrador_pipeline_completo to 2026-03-23 00:00:00+00:00, run_after=2026-03-24 00:00:00+00:00
[2026-03-24T17:31:52.587+0000] {processor.py:183} INFO - Processing /opt/airflow/dags/gold_db/orquestracao_bronze_prata.py took 0.047 seconds
[2026-03-24T17:32:23.396+0000] {processor.py:161} INFO - Started process (PID=801) to work on /opt/airflow/dags/gold_db/orquestracao_bronze_prata.py
[2026-03-24T17:32:23.396+0000] {processor.py:830} INFO - Processing file /opt/airflow/dags/gold_db/orquestracao_bronze_prata.py for tasks to queue
[2026-03-24T17:32:23.396+0000] {logging_mixin.py:188} INFO - [2026-03-24T17:32:23.396+0000] {dagbag.py:538} INFO - Filling up the DagBag from /opt/airflow/dags/gold_db/orquestracao_bronze_prata.py
[2026-03-24T17:32:23.403+0000] {processor.py:840} INFO - DAG(s) 'orquestrador_pipeline_completo' retrieved from /opt/airflow/dags/gold_db/orquestracao_bronze_prata.py
[2026-03-24T17:32:23.416+0000] {logging_mixin.py:188} INFO - [2026-03-24T17:32:23.415+0000] {dag.py:3036} INFO - Sync 1 DAGs
[2026-03-24T17:32:23.427+0000] {logging_mixin.py:188} INFO - [2026-03-24T17:32:23.427+0000] {dag.py:3823} INFO - Setting next_dagrun for orquestrador_pipeline_completo to 2026-03-23 00:00:00+00:00, run_after=2026-03-24 00:00:00+00:00
[2026-03-24T17:32:23.437+0000] {processor.py:183} INFO - Processing /opt/airflow/dags/gold_db/orquestracao_bronze_prata.py took 0.043 seconds
[2026-03-24T17:32:54.204+0000] {processor.py:161} INFO - Started process (PID=838) to work on /opt/airflow/dags/gold_db/orquestracao_bronze_prata.py
[2026-03-24T17:32:54.205+0000] {processor.py:830} INFO - Processing file /opt/airflow/dags/gold_db/orquestracao_bronze_prata.py for tasks to queue
[2026-03-24T17:32:54.206+0000] {logging_mixin.py:188} INFO - [2026-03-24T17:32:54.206+0000] {dagbag.py:538} INFO - Filling up the DagBag from /opt/airflow/dags/gold_db/orquestracao_bronze_prata.py
[2026-03-24T17:32:54.214+0000] {processor.py:840} INFO - DAG(s) 'orquestrador_pipeline_completo' retrieved from /opt/airflow/dags/gold_db/orquestracao_bronze_prata.py
[2026-03-24T17:32:54.229+0000] {logging_mixin.py:188} INFO - [2026-03-24T17:32:54.229+0000] {dag.py:3036} INFO - Sync 1 DAGs
[2026-03-24T17:32:54.241+0000] {logging_mixin.py:188} INFO - [2026-03-24T17:32:54.241+0000] {dag.py:3823} INFO - Setting next_dagrun for orquestrador_pipeline_completo to 2026-03-23 00:00:00+00:00, run_after=2026-03-24 00:00:00+00:00
[2026-03-24T17:32:54.251+0000] {processor.py:183} INFO - Processing /opt/airflow/dags/gold_db/orquestracao_bronze_prata.py took 0.050 seconds
[2026-03-24T17:33:25.080+0000] {processor.py:161} INFO - Started process (PID=879) to work on /opt/airflow/dags/gold_db/orquestracao_bronze_prata.py
[2026-03-24T17:33:25.081+0000] {processor.py:830} INFO - Processing file /opt/airflow/dags/gold_db/orquestracao_bronze_prata.py for tasks to queue
[2026-03-24T17:33:25.081+0000] {logging_mixin.py:188} INFO - [2026-03-24T17:33:25.081+0000] {dagbag.py:538} INFO - Filling up the DagBag from /opt/airflow/dags/gold_db/orquestracao_bronze_prata.py
[2026-03-24T17:33:25.088+0000] {processor.py:840} INFO - DAG(s) 'orquestrador_pipeline_completo' retrieved from /opt/airflow/dags/gold_db/orquestracao_bronze_prata.py
[2026-03-24T17:33:25.101+0000] {logging_mixin.py:188} INFO - [2026-03-24T17:33:25.100+0000] {dag.py:3036} INFO - Sync 1 DAGs
[2026-03-24T17:33:25.112+0000] {logging_mixin.py:188} INFO - [2026-03-24T17:33:25.112+0000] {dag.py:3823} INFO - Setting next_dagrun for orquestrador_pipeline_completo to 2026-03-23 00:00:00+00:00, run_after=2026-03-24 00:00:00+00:00
[2026-03-24T17:33:25.121+0000] {processor.py:183} INFO - Processing /opt/airflow/dags/gold_db/orquestracao_bronze_prata.py took 0.043 seconds
[2026-03-24T17:33:55.941+0000] {processor.py:161} INFO - Started process (PID=916) to work on /opt/airflow/dags/gold_db/orquestracao_bronze_prata.py
[2026-03-24T17:33:55.941+0000] {processor.py:830} INFO - Processing file /opt/airflow/dags/gold_db/orquestracao_bronze_prata.py for tasks to queue
[2026-03-24T17:33:55.942+0000] {logging_mixin.py:188} INFO - [2026-03-24T17:33:55.941+0000] {dagbag.py:538} INFO - Filling up the DagBag from /opt/airflow/dags/gold_db/orquestracao_bronze_prata.py
[2026-03-24T17:33:55.949+0000] {processor.py:840} INFO - DAG(s) 'orquestrador_pipeline_completo' retrieved from /opt/airflow/dags/gold_db/orquestracao_bronze_prata.py
[2026-03-24T17:33:55.961+0000] {logging_mixin.py:188} INFO - [2026-03-24T17:33:55.961+0000] {dag.py:3036} INFO - Sync 1 DAGs
[2026-03-24T17:33:55.972+0000] {logging_mixin.py:188} INFO - [2026-03-24T17:33:55.972+0000] {dag.py:3823} INFO - Setting next_dagrun for orquestrador_pipeline_completo to 2026-03-23 00:00:00+00:00, run_after=2026-03-24 00:00:00+00:00
[2026-03-24T17:33:55.981+0000] {processor.py:183} INFO - Processing /opt/airflow/dags/gold_db/orquestracao_bronze_prata.py took 0.042 seconds
[2026-03-24T17:34:26.788+0000] {processor.py:161} INFO - Started process (PID=957) to work on /opt/airflow/dags/gold_db/orquestracao_bronze_prata.py
[2026-03-24T17:34:26.788+0000] {processor.py:830} INFO - Processing file /opt/airflow/dags/gold_db/orquestracao_bronze_prata.py for tasks to queue
[2026-03-24T17:34:26.789+0000] {logging_mixin.py:188} INFO - [2026-03-24T17:34:26.789+0000] {dagbag.py:538} INFO - Filling up the DagBag from /opt/airflow/dags/gold_db/orquestracao_bronze_prata.py
[2026-03-24T17:34:26.795+0000] {processor.py:840} INFO - DAG(s) 'orquestrador_pipeline_completo' retrieved from /opt/airflow/dags/gold_db/orquestracao_bronze_prata.py
[2026-03-24T17:34:26.811+0000] {logging_mixin.py:188} INFO - [2026-03-24T17:34:26.811+0000] {dag.py:3036} INFO - Sync 1 DAGs
[2026-03-24T17:34:26.824+0000] {logging_mixin.py:188} INFO - [2026-03-24T17:34:26.824+0000] {dag.py:3823} INFO - Setting next_dagrun for orquestrador_pipeline_completo to 2026-03-23 00:00:00+00:00, run_after=2026-03-24 00:00:00+00:00
[2026-03-24T17:34:26.837+0000] {processor.py:183} INFO - Processing /opt/airflow/dags/gold_db/orquestracao_bronze_prata.py took 0.051 seconds
[2026-03-24T17:34:57.654+0000] {processor.py:161} INFO - Started process (PID=996) to work on /opt/airflow/dags/gold_db/orquestracao_bronze_prata.py
[2026-03-24T17:34:57.656+0000] {processor.py:830} INFO - Processing file /opt/airflow/dags/gold_db/orquestracao_bronze_prata.py for tasks to queue
[2026-03-24T17:34:57.656+0000] {logging_mixin.py:188} INFO - [2026-03-24T17:34:57.656+0000] {dagbag.py:538} INFO - Filling up the DagBag from /opt/airflow/dags/gold_db/orquestracao_bronze_prata.py
[2026-03-24T17:34:57.663+0000] {processor.py:840} INFO - DAG(s) 'orquestrador_pipeline_completo' retrieved from /opt/airflow/dags/gold_db/orquestracao_bronze_prata.py
[2026-03-24T17:34:57.676+0000] {logging_mixin.py:188} INFO - [2026-03-24T17:34:57.676+0000] {dag.py:3036} INFO - Sync 1 DAGs
[2026-03-24T17:34:57.687+0000] {logging_mixin.py:188} INFO - [2026-03-24T17:34:57.687+0000] {dag.py:3823} INFO - Setting next_dagrun for orquestrador_pipeline_completo to 2026-03-23 00:00:00+00:00, run_after=2026-03-24 00:00:00+00:00
[2026-03-24T17:34:57.697+0000] {processor.py:183} INFO - Processing /opt/airflow/dags/gold_db/orquestracao_bronze_prata.py took 0.044 seconds
[2026-03-24T17:35:28.507+0000] {processor.py:161} INFO - Started process (PID=1035) to work on /opt/airflow/dags/gold_db/orquestracao_bronze_prata.py
[2026-03-24T17:35:28.508+0000] {processor.py:830} INFO - Processing file /opt/airflow/dags/gold_db/orquestracao_bronze_prata.py for tasks to queue
[2026-03-24T17:35:28.509+0000] {logging_mixin.py:188} INFO - [2026-03-24T17:35:28.509+0000] {dagbag.py:538} INFO - Filling up the DagBag from /opt/airflow/dags/gold_db/orquestracao_bronze_prata.py
[2026-03-24T17:35:28.516+0000] {processor.py:840} INFO - DAG(s) 'orquestrador_pipeline_completo' retrieved from /opt/airflow/dags/gold_db/orquestracao_bronze_prata.py
[2026-03-24T17:35:28.530+0000] {logging_mixin.py:188} INFO - [2026-03-24T17:35:28.530+0000] {dag.py:3036} INFO - Sync 1 DAGs
[2026-03-24T17:35:28.541+0000] {logging_mixin.py:188} INFO - [2026-03-24T17:35:28.541+0000] {dag.py:3823} INFO - Setting next_dagrun for orquestrador_pipeline_completo to 2026-03-23 00:00:00+00:00, run_after=2026-03-24 00:00:00+00:00
[2026-03-24T17:35:28.551+0000] {processor.py:183} INFO - Processing /opt/airflow/dags/gold_db/orquestracao_bronze_prata.py took 0.046 seconds
[2026-03-24T17:35:59.346+0000] {processor.py:161} INFO - Started process (PID=1074) to work on /opt/airflow/dags/gold_db/orquestracao_bronze_prata.py
[2026-03-24T17:35:59.347+0000] {processor.py:830} INFO - Processing file /opt/airflow/dags/gold_db/orquestracao_bronze_prata.py for tasks to queue
[2026-03-24T17:35:59.348+0000] {logging_mixin.py:188} INFO - [2026-03-24T17:35:59.348+0000] {dagbag.py:538} INFO - Filling up the DagBag from /opt/airflow/dags/gold_db/orquestracao_bronze_prata.py
[2026-03-24T17:35:59.355+0000] {processor.py:840} INFO - DAG(s) 'orquestrador_pipeline_completo' retrieved from /opt/airflow/dags/gold_db/orquestracao_bronze_prata.py
[2026-03-24T17:35:59.368+0000] {logging_mixin.py:188} INFO - [2026-03-24T17:35:59.368+0000] {dag.py:3036} INFO - Sync 1 DAGs
[2026-03-24T17:35:59.380+0000] {logging_mixin.py:188} INFO - [2026-03-24T17:35:59.380+0000] {dag.py:3823} INFO - Setting next_dagrun for orquestrador_pipeline_completo to 2026-03-23 00:00:00+00:00, run_after=2026-03-24 00:00:00+00:00
[2026-03-24T17:35:59.390+0000] {processor.py:183} INFO - Processing /opt/airflow/dags/gold_db/orquestracao_bronze_prata.py took 0.046 seconds
[2026-03-24T17:36:30.182+0000] {processor.py:161} INFO - Started process (PID=1113) to work on /opt/airflow/dags/gold_db/orquestracao_bronze_prata.py
[2026-03-24T17:36:30.183+0000] {processor.py:830} INFO - Processing file /opt/airflow/dags/gold_db/orquestracao_bronze_prata.py for tasks to queue
[2026-03-24T17:36:30.183+0000] {logging_mixin.py:188} INFO - [2026-03-24T17:36:30.183+0000] {dagbag.py:538} INFO - Filling up the DagBag from /opt/airflow/dags/gold_db/orquestracao_bronze_prata.py
[2026-03-24T17:36:30.190+0000] {processor.py:840} INFO - DAG(s) 'orquestrador_pipeline_completo' retrieved from /opt/airflow/dags/gold_db/orquestracao_bronze_prata.py
[2026-03-24T17:36:30.204+0000] {logging_mixin.py:188} INFO - [2026-03-24T17:36:30.204+0000] {dag.py:3036} INFO - Sync 1 DAGs
[2026-03-24T17:36:30.215+0000] {logging_mixin.py:188} INFO - [2026-03-24T17:36:30.215+0000] {dag.py:3823} INFO - Setting next_dagrun for orquestrador_pipeline_completo to 2026-03-23 00:00:00+00:00, run_after=2026-03-24 00:00:00+00:00
[2026-03-24T17:36:30.225+0000] {processor.py:183} INFO - Processing /opt/airflow/dags/gold_db/orquestracao_bronze_prata.py took 0.045 seconds
[2026-03-24T17:37:01.024+0000] {processor.py:161} INFO - Started process (PID=1152) to work on /opt/airflow/dags/gold_db/orquestracao_bronze_prata.py
[2026-03-24T17:37:01.026+0000] {processor.py:830} INFO - Processing file /opt/airflow/dags/gold_db/orquestracao_bronze_prata.py for tasks to queue
[2026-03-24T17:37:01.027+0000] {logging_mixin.py:188} INFO - [2026-03-24T17:37:01.027+0000] {dagbag.py:538} INFO - Filling up the DagBag from /opt/airflow/dags/gold_db/orquestracao_bronze_prata.py
[2026-03-24T17:37:01.034+0000] {processor.py:840} INFO - DAG(s) 'orquestrador_pipeline_completo' retrieved from /opt/airflow/dags/gold_db/orquestracao_bronze_prata.py
[2026-03-24T17:37:01.049+0000] {logging_mixin.py:188} INFO - [2026-03-24T17:37:01.049+0000] {dag.py:3036} INFO - Sync 1 DAGs
[2026-03-24T17:37:01.061+0000] {logging_mixin.py:188} INFO - [2026-03-24T17:37:01.060+0000] {dag.py:3823} INFO - Setting next_dagrun for orquestrador_pipeline_completo to 2026-03-23 00:00:00+00:00, run_after=2026-03-24 00:00:00+00:00
[2026-03-24T17:37:01.071+0000] {processor.py:183} INFO - Processing /opt/airflow/dags/gold_db/orquestracao_bronze_prata.py took 0.049 seconds
[2026-03-24T17:37:31.842+0000] {processor.py:161} INFO - Started process (PID=1191) to work on /opt/airflow/dags/gold_db/orquestracao_bronze_prata.py
[2026-03-24T17:37:31.842+0000] {processor.py:830} INFO - Processing file /opt/airflow/dags/gold_db/orquestracao_bronze_prata.py for tasks to queue
[2026-03-24T17:37:31.843+0000] {logging_mixin.py:188} INFO - [2026-03-24T17:37:31.843+0000] {dagbag.py:538} INFO - Filling up the DagBag from /opt/airflow/dags/gold_db/orquestracao_bronze_prata.py
[2026-03-24T17:37:31.850+0000] {processor.py:840} INFO - DAG(s) 'orquestrador_pipeline_completo' retrieved from /opt/airflow/dags/gold_db/orquestracao_bronze_prata.py
[2026-03-24T17:37:31.864+0000] {logging_mixin.py:188} INFO - [2026-03-24T17:37:31.863+0000] {dag.py:3036} INFO - Sync 1 DAGs
[2026-03-24T17:37:31.875+0000] {logging_mixin.py:188} INFO - [2026-03-24T17:37:31.875+0000] {dag.py:3823} INFO - Setting next_dagrun for orquestrador_pipeline_completo to 2026-03-23 00:00:00+00:00, run_after=2026-03-24 00:00:00+00:00
[2026-03-24T17:37:31.884+0000] {processor.py:183} INFO - Processing /opt/airflow/dags/gold_db/orquestracao_bronze_prata.py took 0.044 seconds
[2026-03-24T17:38:02.666+0000] {processor.py:161} INFO - Started process (PID=1230) to work on /opt/airflow/dags/gold_db/orquestracao_bronze_prata.py
[2026-03-24T17:38:02.668+0000] {processor.py:830} INFO - Processing file /opt/airflow/dags/gold_db/orquestracao_bronze_prata.py for tasks to queue
[2026-03-24T17:38:02.668+0000] {logging_mixin.py:188} INFO - [2026-03-24T17:38:02.668+0000] {dagbag.py:538} INFO - Filling up the DagBag from /opt/airflow/dags/gold_db/orquestracao_bronze_prata.py
[2026-03-24T17:38:02.675+0000] {processor.py:840} INFO - DAG(s) 'orquestrador_pipeline_completo' retrieved from /opt/airflow/dags/gold_db/orquestracao_bronze_prata.py
[2026-03-24T17:38:02.688+0000] {logging_mixin.py:188} INFO - [2026-03-24T17:38:02.688+0000] {dag.py:3036} INFO - Sync 1 DAGs
[2026-03-24T17:38:02.699+0000] {logging_mixin.py:188} INFO - [2026-03-24T17:38:02.699+0000] {dag.py:3823} INFO - Setting next_dagrun for orquestrador_pipeline_completo to 2026-03-23 00:00:00+00:00, run_after=2026-03-24 00:00:00+00:00
[2026-03-24T17:38:02.708+0000] {processor.py:183} INFO - Processing /opt/airflow/dags/gold_db/orquestracao_bronze_prata.py took 0.044 seconds
[2026-03-24T17:38:33.514+0000] {processor.py:161} INFO - Started process (PID=1269) to work on /opt/airflow/dags/gold_db/orquestracao_bronze_prata.py
[2026-03-24T17:38:33.514+0000] {processor.py:830} INFO - Processing file /opt/airflow/dags/gold_db/orquestracao_bronze_prata.py for tasks to queue
[2026-03-24T17:38:33.515+0000] {logging_mixin.py:188} INFO - [2026-03-24T17:38:33.515+0000] {dagbag.py:538} INFO - Filling up the DagBag from /opt/airflow/dags/gold_db/orquestracao_bronze_prata.py
[2026-03-24T17:38:33.525+0000] {processor.py:840} INFO - DAG(s) 'orquestrador_pipeline_completo' retrieved from /opt/airflow/dags/gold_db/orquestracao_bronze_prata.py
[2026-03-24T17:38:33.538+0000] {logging_mixin.py:188} INFO - [2026-03-24T17:38:33.538+0000] {dag.py:3036} INFO - Sync 1 DAGs
[2026-03-24T17:38:33.550+0000] {logging_mixin.py:188} INFO - [2026-03-24T17:38:33.550+0000] {dag.py:3823} INFO - Setting next_dagrun for orquestrador_pipeline_completo to 2026-03-23 00:00:00+00:00, run_after=2026-03-24 00:00:00+00:00
[2026-03-24T17:38:33.560+0000] {processor.py:183} INFO - Processing /opt/airflow/dags/gold_db/orquestracao_bronze_prata.py took 0.049 seconds
[2026-03-24T17:39:04.367+0000] {processor.py:161} INFO - Started process (PID=1308) to work on /opt/airflow/dags/gold_db/orquestracao_bronze_prata.py
[2026-03-24T17:39:04.369+0000] {processor.py:830} INFO - Processing file /opt/airflow/dags/gold_db/orquestracao_bronze_prata.py for tasks to queue
[2026-03-24T17:39:04.369+0000] {logging_mixin.py:188} INFO - [2026-03-24T17:39:04.369+0000] {dagbag.py:538} INFO - Filling up the DagBag from /opt/airflow/dags/gold_db/orquestracao_bronze_prata.py
[2026-03-24T17:39:04.376+0000] {processor.py:840} INFO - DAG(s) 'orquestrador_pipeline_completo' retrieved from /opt/airflow/dags/gold_db/orquestracao_bronze_prata.py
[2026-03-24T17:39:04.389+0000] {logging_mixin.py:188} INFO - [2026-03-24T17:39:04.389+0000] {dag.py:3036} INFO - Sync 1 DAGs
[2026-03-24T17:39:04.401+0000] {logging_mixin.py:188} INFO - [2026-03-24T17:39:04.401+0000] {dag.py:3823} INFO - Setting next_dagrun for orquestrador_pipeline_completo to 2026-03-23 00:00:00+00:00, run_after=2026-03-24 00:00:00+00:00
[2026-03-24T17:39:04.411+0000] {processor.py:183} INFO - Processing /opt/airflow/dags/gold_db/orquestracao_bronze_prata.py took 0.046 seconds
[2026-03-24T17:39:35.217+0000] {processor.py:161} INFO - Started process (PID=1347) to work on /opt/airflow/dags/gold_db/orquestracao_bronze_prata.py
[2026-03-24T17:39:35.218+0000] {processor.py:830} INFO - Processing file /opt/airflow/dags/gold_db/orquestracao_bronze_prata.py for tasks to queue
[2026-03-24T17:39:35.218+0000] {logging_mixin.py:188} INFO - [2026-03-24T17:39:35.218+0000] {dagbag.py:538} INFO - Filling up the DagBag from /opt/airflow/dags/gold_db/orquestracao_bronze_prata.py
[2026-03-24T17:39:35.225+0000] {processor.py:840} INFO - DAG(s) 'orquestrador_pipeline_completo' retrieved from /opt/airflow/dags/gold_db/orquestracao_bronze_prata.py
[2026-03-24T17:39:35.240+0000] {logging_mixin.py:188} INFO - [2026-03-24T17:39:35.239+0000] {dag.py:3036} INFO - Sync 1 DAGs
[2026-03-24T17:39:35.256+0000] {logging_mixin.py:188} INFO - [2026-03-24T17:39:35.255+0000] {dag.py:3823} INFO - Setting next_dagrun for orquestrador_pipeline_completo to 2026-03-23 00:00:00+00:00, run_after=2026-03-24 00:00:00+00:00
[2026-03-24T17:39:35.267+0000] {processor.py:183} INFO - Processing /opt/airflow/dags/gold_db/orquestracao_bronze_prata.py took 0.052 seconds
[2026-03-24T17:40:06.074+0000] {processor.py:161} INFO - Started process (PID=1386) to work on /opt/airflow/dags/gold_db/orquestracao_bronze_prata.py
[2026-03-24T17:40:06.076+0000] {processor.py:830} INFO - Processing file /opt/airflow/dags/gold_db/orquestracao_bronze_prata.py for tasks to queue
[2026-03-24T17:40:06.077+0000] {logging_mixin.py:188} INFO - [2026-03-24T17:40:06.076+0000] {dagbag.py:538} INFO - Filling up the DagBag from /opt/airflow/dags/gold_db/orquestracao_bronze_prata.py
[2026-03-24T17:40:06.084+0000] {processor.py:840} INFO - DAG(s) 'orquestrador_pipeline_completo' retrieved from /opt/airflow/dags/gold_db/orquestracao_bronze_prata.py
[2026-03-24T17:40:06.096+0000] {logging_mixin.py:188} INFO - [2026-03-24T17:40:06.096+0000] {dag.py:3036} INFO - Sync 1 DAGs
[2026-03-24T17:40:06.107+0000] {logging_mixin.py:188} INFO - [2026-03-24T17:40:06.107+0000] {dag.py:3823} INFO - Setting next_dagrun for orquestrador_pipeline_completo to 2026-03-23 00:00:00+00:00, run_after=2026-03-24 00:00:00+00:00
[2026-03-24T17:40:06.117+0000] {processor.py:183} INFO - Processing /opt/airflow/dags/gold_db/orquestracao_bronze_prata.py took 0.045 seconds
[2026-03-24T17:40:36.887+0000] {processor.py:161} INFO - Started process (PID=1423) to work on /opt/airflow/dags/gold_db/orquestracao_bronze_prata.py
[2026-03-24T17:40:36.888+0000] {processor.py:830} INFO - Processing file /opt/airflow/dags/gold_db/orquestracao_bronze_prata.py for tasks to queue
[2026-03-24T17:40:36.888+0000] {logging_mixin.py:188} INFO - [2026-03-24T17:40:36.888+0000] {dagbag.py:538} INFO - Filling up the DagBag from /opt/airflow/dags/gold_db/orquestracao_bronze_prata.py
[2026-03-24T17:40:36.897+0000] {processor.py:840} INFO - DAG(s) 'orquestrador_pipeline_completo' retrieved from /opt/airflow/dags/gold_db/orquestracao_bronze_prata.py
[2026-03-24T17:40:36.910+0000] {logging_mixin.py:188} INFO - [2026-03-24T17:40:36.910+0000] {dag.py:3036} INFO - Sync 1 DAGs
[2026-03-24T17:40:36.922+0000] {logging_mixin.py:188} INFO - [2026-03-24T17:40:36.922+0000] {dag.py:3823} INFO - Setting next_dagrun for orquestrador_pipeline_completo to 2026-03-23 00:00:00+00:00, run_after=2026-03-24 00:00:00+00:00
[2026-03-24T17:40:36.933+0000] {processor.py:183} INFO - Processing /opt/airflow/dags/gold_db/orquestracao_bronze_prata.py took 0.048 seconds
[2026-03-24T17:41:07.744+0000] {processor.py:161} INFO - Started process (PID=1464) to work on /opt/airflow/dags/gold_db/orquestracao_bronze_prata.py
[2026-03-24T17:41:07.745+0000] {processor.py:830} INFO - Processing file /opt/airflow/dags/gold_db/orquestracao_bronze_prata.py for tasks to queue
[2026-03-24T17:41:07.746+0000] {logging_mixin.py:188} INFO - [2026-03-24T17:41:07.746+0000] {dagbag.py:538} INFO - Filling up the DagBag from /opt/airflow/dags/gold_db/orquestracao_bronze_prata.py
[2026-03-24T17:41:07.753+0000] {processor.py:840} INFO - DAG(s) 'orquestrador_pipeline_completo' retrieved from /opt/airflow/dags/gold_db/orquestracao_bronze_prata.py
[2026-03-24T17:41:07.766+0000] {logging_mixin.py:188} INFO - [2026-03-24T17:41:07.766+0000] {dag.py:3036} INFO - Sync 1 DAGs
[2026-03-24T17:41:07.778+0000] {logging_mixin.py:188} INFO - [2026-03-24T17:41:07.778+0000] {dag.py:3823} INFO - Setting next_dagrun for orquestrador_pipeline_completo to 2026-03-23 00:00:00+00:00, run_after=2026-03-24 00:00:00+00:00
[2026-03-24T17:41:07.790+0000] {processor.py:183} INFO - Processing /opt/airflow/dags/gold_db/orquestracao_bronze_prata.py took 0.048 seconds
[2026-03-24T17:41:38.575+0000] {processor.py:161} INFO - Started process (PID=1503) to work on /opt/airflow/dags/gold_db/orquestracao_bronze_prata.py
[2026-03-24T17:41:38.576+0000] {processor.py:830} INFO - Processing file /opt/airflow/dags/gold_db/orquestracao_bronze_prata.py for tasks to queue
[2026-03-24T17:41:38.576+0000] {logging_mixin.py:188} INFO - [2026-03-24T17:41:38.576+0000] {dagbag.py:538} INFO - Filling up the DagBag from /opt/airflow/dags/gold_db/orquestracao_bronze_prata.py
[2026-03-24T17:41:38.583+0000] {processor.py:840} INFO - DAG(s) 'orquestrador_pipeline_completo' retrieved from /opt/airflow/dags/gold_db/orquestracao_bronze_prata.py
[2026-03-24T17:41:38.596+0000] {logging_mixin.py:188} INFO - [2026-03-24T17:41:38.596+0000] {dag.py:3036} INFO - Sync 1 DAGs
[2026-03-24T17:41:38.607+0000] {logging_mixin.py:188} INFO - [2026-03-24T17:41:38.607+0000] {dag.py:3823} INFO - Setting next_dagrun for orquestrador_pipeline_completo to 2026-03-23 00:00:00+00:00, run_after=2026-03-24 00:00:00+00:00
[2026-03-24T17:41:38.616+0000] {processor.py:183} INFO - Processing /opt/airflow/dags/gold_db/orquestracao_bronze_prata.py took 0.043 seconds
[2026-03-24T17:42:09.438+0000] {processor.py:161} INFO - Started process (PID=1542) to work on /opt/airflow/dags/gold_db/orquestracao_bronze_prata.py
[2026-03-24T17:42:09.439+0000] {processor.py:830} INFO - Processing file /opt/airflow/dags/gold_db/orquestracao_bronze_prata.py for tasks to queue
[2026-03-24T17:42:09.440+0000] {logging_mixin.py:188} INFO - [2026-03-24T17:42:09.440+0000] {dagbag.py:538} INFO - Filling up the DagBag from /opt/airflow/dags/gold_db/orquestracao_bronze_prata.py
[2026-03-24T17:42:09.447+0000] {processor.py:840} INFO - DAG(s) 'orquestrador_pipeline_completo' retrieved from /opt/airflow/dags/gold_db/orquestracao_bronze_prata.py
[2026-03-24T17:42:09.460+0000] {logging_mixin.py:188} INFO - [2026-03-24T17:42:09.460+0000] {dag.py:3036} INFO - Sync 1 DAGs
[2026-03-24T17:42:09.471+0000] {logging_mixin.py:188} INFO - [2026-03-24T17:42:09.471+0000] {dag.py:3823} INFO - Setting next_dagrun for orquestrador_pipeline_completo to 2026-03-23 00:00:00+00:00, run_after=2026-03-24 00:00:00+00:00
[2026-03-24T17:42:09.481+0000] {processor.py:183} INFO - Processing /opt/airflow/dags/gold_db/orquestracao_bronze_prata.py took 0.045 seconds
[2026-03-24T17:42:40.257+0000] {processor.py:161} INFO - Started process (PID=1581) to work on /opt/airflow/dags/gold_db/orquestracao_bronze_prata.py
[2026-03-24T17:42:40.257+0000] {processor.py:830} INFO - Processing file /opt/airflow/dags/gold_db/orquestracao_bronze_prata.py for tasks to queue
[2026-03-24T17:42:40.258+0000] {logging_mixin.py:188} INFO - [2026-03-24T17:42:40.258+0000] {dagbag.py:538} INFO - Filling up the DagBag from /opt/airflow/dags/gold_db/orquestracao_bronze_prata.py
[2026-03-24T17:42:40.264+0000] {processor.py:840} INFO - DAG(s) 'orquestrador_pipeline_completo' retrieved from /opt/airflow/dags/gold_db/orquestracao_bronze_prata.py
[2026-03-24T17:42:40.277+0000] {logging_mixin.py:188} INFO - [2026-03-24T17:42:40.277+0000] {dag.py:3036} INFO - Sync 1 DAGs
[2026-03-24T17:42:40.288+0000] {logging_mixin.py:188} INFO - [2026-03-24T17:42:40.288+0000] {dag.py:3823} INFO - Setting next_dagrun for orquestrador_pipeline_completo to 2026-03-23 00:00:00+00:00, run_after=2026-03-24 00:00:00+00:00
[2026-03-24T17:42:40.297+0000] {processor.py:183} INFO - Processing /opt/airflow/dags/gold_db/orquestracao_bronze_prata.py took 0.041 seconds
[2026-03-24T17:43:11.055+0000] {processor.py:161} INFO - Started process (PID=1618) to work on /opt/airflow/dags/gold_db/orquestracao_bronze_prata.py
[2026-03-24T17:43:11.057+0000] {processor.py:830} INFO - Processing file /opt/airflow/dags/gold_db/orquestracao_bronze_prata.py for tasks to queue
[2026-03-24T17:43:11.057+0000] {logging_mixin.py:188} INFO - [2026-03-24T17:43:11.057+0000] {dagbag.py:538} INFO - Filling up the DagBag from /opt/airflow/dags/gold_db/orquestracao_bronze_prata.py
[2026-03-24T17:43:11.067+0000] {processor.py:840} INFO - DAG(s) 'orquestrador_pipeline_completo' retrieved from /opt/airflow/dags/gold_db/orquestracao_bronze_prata.py
[2026-03-24T17:43:11.083+0000] {logging_mixin.py:188} INFO - [2026-03-24T17:43:11.082+0000] {dag.py:3036} INFO - Sync 1 DAGs
[2026-03-24T17:43:11.095+0000] {logging_mixin.py:188} INFO - [2026-03-24T17:43:11.094+0000] {dag.py:3823} INFO - Setting next_dagrun for orquestrador_pipeline_completo to 2026-03-23 00:00:00+00:00, run_after=2026-03-24 00:00:00+00:00
[2026-03-24T17:43:11.105+0000] {processor.py:183} INFO - Processing /opt/airflow/dags/gold_db/orquestracao_bronze_prata.py took 0.052 seconds
[2026-03-24T17:43:41.853+0000] {processor.py:161} INFO - Started process (PID=1682) to work on /opt/airflow/dags/gold_db/orquestracao_bronze_prata.py
[2026-03-24T17:43:41.853+0000] {processor.py:830} INFO - Processing file /opt/airflow/dags/gold_db/orquestracao_bronze_prata.py for tasks to queue
[2026-03-24T17:43:41.854+0000] {logging_mixin.py:188} INFO - [2026-03-24T17:43:41.853+0000] {dagbag.py:538} INFO - Filling up the DagBag from /opt/airflow/dags/gold_db/orquestracao_bronze_prata.py
[2026-03-24T17:43:41.860+0000] {processor.py:840} INFO - DAG(s) 'orquestrador_pipeline_completo' retrieved from /opt/airflow/dags/gold_db/orquestracao_bronze_prata.py
[2026-03-24T17:43:41.874+0000] {logging_mixin.py:188} INFO - [2026-03-24T17:43:41.874+0000] {dag.py:3036} INFO - Sync 1 DAGs
[2026-03-24T17:43:41.885+0000] {logging_mixin.py:188} INFO - [2026-03-24T17:43:41.885+0000] {dag.py:3823} INFO - Setting next_dagrun for orquestrador_pipeline_completo to 2026-03-23 00:00:00+00:00, run_after=2026-03-24 00:00:00+00:00
[2026-03-24T17:43:41.895+0000] {processor.py:183} INFO - Processing /opt/airflow/dags/gold_db/orquestracao_bronze_prata.py took 0.044 seconds
[2026-03-24T17:44:12.697+0000] {processor.py:161} INFO - Started process (PID=1721) to work on /opt/airflow/dags/gold_db/orquestracao_bronze_prata.py
[2026-03-24T17:44:12.698+0000] {processor.py:830} INFO - Processing file /opt/airflow/dags/gold_db/orquestracao_bronze_prata.py for tasks to queue
[2026-03-24T17:44:12.699+0000] {logging_mixin.py:188} INFO - [2026-03-24T17:44:12.699+0000] {dagbag.py:538} INFO - Filling up the DagBag from /opt/airflow/dags/gold_db/orquestracao_bronze_prata.py
[2026-03-24T17:44:12.706+0000] {processor.py:840} INFO - DAG(s) 'orquestrador_pipeline_completo' retrieved from /opt/airflow/dags/gold_db/orquestracao_bronze_prata.py
[2026-03-24T17:44:12.721+0000] {logging_mixin.py:188} INFO - [2026-03-24T17:44:12.721+0000] {dag.py:3036} INFO - Sync 1 DAGs
[2026-03-24T17:44:12.732+0000] {logging_mixin.py:188} INFO - [2026-03-24T17:44:12.732+0000] {dag.py:3823} INFO - Setting next_dagrun for orquestrador_pipeline_completo to 2026-03-23 00:00:00+00:00, run_after=2026-03-24 00:00:00+00:00
[2026-03-24T17:44:12.744+0000] {processor.py:183} INFO - Processing /opt/airflow/dags/gold_db/orquestracao_bronze_prata.py took 0.049 seconds
[2026-03-24T17:44:43.513+0000] {processor.py:161} INFO - Started process (PID=1760) to work on /opt/airflow/dags/gold_db/orquestracao_bronze_prata.py
[2026-03-24T17:44:43.515+0000] {processor.py:830} INFO - Processing file /opt/airflow/dags/gold_db/orquestracao_bronze_prata.py for tasks to queue
[2026-03-24T17:44:43.515+0000] {logging_mixin.py:188} INFO - [2026-03-24T17:44:43.515+0000] {dagbag.py:538} INFO - Filling up the DagBag from /opt/airflow/dags/gold_db/orquestracao_bronze_prata.py
[2026-03-24T17:44:43.522+0000] {processor.py:840} INFO - DAG(s) 'orquestrador_pipeline_completo' retrieved from /opt/airflow/dags/gold_db/orquestracao_bronze_prata.py
[2026-03-24T17:44:43.540+0000] {logging_mixin.py:188} INFO - [2026-03-24T17:44:43.540+0000] {dag.py:3036} INFO - Sync 1 DAGs
[2026-03-24T17:44:43.552+0000] {logging_mixin.py:188} INFO - [2026-03-24T17:44:43.552+0000] {dag.py:3823} INFO - Setting next_dagrun for orquestrador_pipeline_completo to 2026-03-23 00:00:00+00:00, run_after=2026-03-24 00:00:00+00:00
[2026-03-24T17:44:43.561+0000] {processor.py:183} INFO - Processing /opt/airflow/dags/gold_db/orquestracao_bronze_prata.py took 0.050 seconds
[2026-03-24T17:45:14.340+0000] {processor.py:161} INFO - Started process (PID=1799) to work on /opt/airflow/dags/gold_db/orquestracao_bronze_prata.py
[2026-03-24T17:45:14.342+0000] {processor.py:830} INFO - Processing file /opt/airflow/dags/gold_db/orquestracao_bronze_prata.py for tasks to queue
[2026-03-24T17:45:14.343+0000] {logging_mixin.py:188} INFO - [2026-03-24T17:45:14.343+0000] {dagbag.py:538} INFO - Filling up the DagBag from /opt/airflow/dags/gold_db/orquestracao_bronze_prata.py
[2026-03-24T17:45:14.351+0000] {processor.py:840} INFO - DAG(s) 'orquestrador_pipeline_completo' retrieved from /opt/airflow/dags/gold_db/orquestracao_bronze_prata.py
[2026-03-24T17:45:14.370+0000] {logging_mixin.py:188} INFO - [2026-03-24T17:45:14.370+0000] {dag.py:3036} INFO - Sync 1 DAGs
[2026-03-24T17:45:14.386+0000] {logging_mixin.py:188} INFO - [2026-03-24T17:45:14.386+0000] {dag.py:3823} INFO - Setting next_dagrun for orquestrador_pipeline_completo to 2026-03-23 00:00:00+00:00, run_after=2026-03-24 00:00:00+00:00
[2026-03-24T17:45:14.397+0000] {processor.py:183} INFO - Processing /opt/airflow/dags/gold_db/orquestracao_bronze_prata.py took 0.060 seconds
