[2026-03-24T17:24:40.902+0000] {processor.py:161} INFO - Started process (PID=202) to work on /opt/airflow/dags/ingestion/get_data_api_ploomes.py
[2026-03-24T17:24:40.903+0000] {processor.py:830} INFO - Processing file /opt/airflow/dags/ingestion/get_data_api_ploomes.py for tasks to queue
[2026-03-24T17:24:40.904+0000] {logging_mixin.py:188} INFO - [2026-03-24T17:24:40.904+0000] {dagbag.py:538} INFO - Filling up the DagBag from /opt/airflow/dags/ingestion/get_data_api_ploomes.py
[2026-03-24T17:24:41.104+0000] {processor.py:840} INFO - DAG(s) 'get_data_from_api_ploomes' retrieved from /opt/airflow/dags/ingestion/get_data_api_ploomes.py
[2026-03-24T17:24:41.261+0000] {logging_mixin.py:188} INFO - [2026-03-24T17:24:41.261+0000] {override.py:1769} INFO - Created Permission View: can edit on DAG:get_data_from_api_ploomes
[2026-03-24T17:24:41.269+0000] {logging_mixin.py:188} INFO - [2026-03-24T17:24:41.268+0000] {override.py:1769} INFO - Created Permission View: can delete on DAG:get_data_from_api_ploomes
[2026-03-24T17:24:41.274+0000] {logging_mixin.py:188} INFO - [2026-03-24T17:24:41.273+0000] {override.py:1769} INFO - Created Permission View: can read on DAG:get_data_from_api_ploomes
[2026-03-24T17:24:41.274+0000] {logging_mixin.py:188} INFO - [2026-03-24T17:24:41.274+0000] {dag.py:3036} INFO - Sync 1 DAGs
[2026-03-24T17:24:41.280+0000] {logging_mixin.py:188} INFO - [2026-03-24T17:24:41.280+0000] {dag.py:3058} INFO - Creating ORM DAG for get_data_from_api_ploomes
[2026-03-24T17:24:41.281+0000] {logging_mixin.py:188} INFO - [2026-03-24T17:24:41.281+0000] {dag.py:3823} INFO - Setting next_dagrun for get_data_from_api_ploomes to None, run_after=None
[2026-03-24T17:24:41.292+0000] {processor.py:183} INFO - Processing /opt/airflow/dags/ingestion/get_data_api_ploomes.py took 0.393 seconds
[2026-03-24T17:25:11.853+0000] {processor.py:161} INFO - Started process (PID=243) to work on /opt/airflow/dags/ingestion/get_data_api_ploomes.py
[2026-03-24T17:25:11.854+0000] {processor.py:830} INFO - Processing file /opt/airflow/dags/ingestion/get_data_api_ploomes.py for tasks to queue
[2026-03-24T17:25:11.854+0000] {logging_mixin.py:188} INFO - [2026-03-24T17:25:11.854+0000] {dagbag.py:538} INFO - Filling up the DagBag from /opt/airflow/dags/ingestion/get_data_api_ploomes.py
[2026-03-24T17:25:12.002+0000] {processor.py:840} INFO - DAG(s) 'get_data_from_api_ploomes' retrieved from /opt/airflow/dags/ingestion/get_data_api_ploomes.py
[2026-03-24T17:25:12.015+0000] {logging_mixin.py:188} INFO - [2026-03-24T17:25:12.015+0000] {dag.py:3036} INFO - Sync 1 DAGs
[2026-03-24T17:25:12.022+0000] {logging_mixin.py:188} INFO - [2026-03-24T17:25:12.022+0000] {dag.py:3823} INFO - Setting next_dagrun for get_data_from_api_ploomes to None, run_after=None
[2026-03-24T17:25:12.033+0000] {processor.py:183} INFO - Processing /opt/airflow/dags/ingestion/get_data_api_ploomes.py took 0.182 seconds
[2026-03-24T17:25:42.466+0000] {processor.py:161} INFO - Started process (PID=280) to work on /opt/airflow/dags/ingestion/get_data_api_ploomes.py
[2026-03-24T17:25:42.466+0000] {processor.py:830} INFO - Processing file /opt/airflow/dags/ingestion/get_data_api_ploomes.py for tasks to queue
[2026-03-24T17:25:42.467+0000] {logging_mixin.py:188} INFO - [2026-03-24T17:25:42.467+0000] {dagbag.py:538} INFO - Filling up the DagBag from /opt/airflow/dags/ingestion/get_data_api_ploomes.py
[2026-03-24T17:25:42.613+0000] {processor.py:840} INFO - DAG(s) 'get_data_from_api_ploomes' retrieved from /opt/airflow/dags/ingestion/get_data_api_ploomes.py
[2026-03-24T17:25:42.628+0000] {logging_mixin.py:188} INFO - [2026-03-24T17:25:42.627+0000] {dag.py:3036} INFO - Sync 1 DAGs
[2026-03-24T17:25:42.634+0000] {logging_mixin.py:188} INFO - [2026-03-24T17:25:42.634+0000] {dag.py:3823} INFO - Setting next_dagrun for get_data_from_api_ploomes to None, run_after=None
[2026-03-24T17:25:42.643+0000] {processor.py:183} INFO - Processing /opt/airflow/dags/ingestion/get_data_api_ploomes.py took 0.180 seconds
[2026-03-24T17:26:13.158+0000] {processor.py:161} INFO - Started process (PID=319) to work on /opt/airflow/dags/ingestion/get_data_api_ploomes.py
[2026-03-24T17:26:13.158+0000] {processor.py:830} INFO - Processing file /opt/airflow/dags/ingestion/get_data_api_ploomes.py for tasks to queue
[2026-03-24T17:26:13.158+0000] {logging_mixin.py:188} INFO - [2026-03-24T17:26:13.158+0000] {dagbag.py:538} INFO - Filling up the DagBag from /opt/airflow/dags/ingestion/get_data_api_ploomes.py
[2026-03-24T17:26:13.304+0000] {processor.py:840} INFO - DAG(s) 'get_data_from_api_ploomes' retrieved from /opt/airflow/dags/ingestion/get_data_api_ploomes.py
[2026-03-24T17:26:13.409+0000] {logging_mixin.py:188} INFO - [2026-03-24T17:26:13.409+0000] {dag.py:3036} INFO - Sync 1 DAGs
[2026-03-24T17:26:13.415+0000] {logging_mixin.py:188} INFO - [2026-03-24T17:26:13.415+0000] {dag.py:3823} INFO - Setting next_dagrun for get_data_from_api_ploomes to None, run_after=None
[2026-03-24T17:26:13.426+0000] {processor.py:183} INFO - Processing /opt/airflow/dags/ingestion/get_data_api_ploomes.py took 0.271 seconds
[2026-03-24T17:26:43.923+0000] {processor.py:161} INFO - Started process (PID=360) to work on /opt/airflow/dags/ingestion/get_data_api_ploomes.py
[2026-03-24T17:26:43.925+0000] {processor.py:830} INFO - Processing file /opt/airflow/dags/ingestion/get_data_api_ploomes.py for tasks to queue
[2026-03-24T17:26:43.925+0000] {logging_mixin.py:188} INFO - [2026-03-24T17:26:43.925+0000] {dagbag.py:538} INFO - Filling up the DagBag from /opt/airflow/dags/ingestion/get_data_api_ploomes.py
[2026-03-24T17:26:44.076+0000] {processor.py:840} INFO - DAG(s) 'get_data_from_api_ploomes' retrieved from /opt/airflow/dags/ingestion/get_data_api_ploomes.py
[2026-03-24T17:26:44.089+0000] {logging_mixin.py:188} INFO - [2026-03-24T17:26:44.089+0000] {dag.py:3036} INFO - Sync 1 DAGs
[2026-03-24T17:26:44.095+0000] {logging_mixin.py:188} INFO - [2026-03-24T17:26:44.095+0000] {dag.py:3823} INFO - Setting next_dagrun for get_data_from_api_ploomes to None, run_after=None
[2026-03-24T17:26:44.107+0000] {processor.py:183} INFO - Processing /opt/airflow/dags/ingestion/get_data_api_ploomes.py took 0.187 seconds
[2026-03-24T17:27:14.632+0000] {processor.py:161} INFO - Started process (PID=397) to work on /opt/airflow/dags/ingestion/get_data_api_ploomes.py
[2026-03-24T17:27:14.633+0000] {processor.py:830} INFO - Processing file /opt/airflow/dags/ingestion/get_data_api_ploomes.py for tasks to queue
[2026-03-24T17:27:14.634+0000] {logging_mixin.py:188} INFO - [2026-03-24T17:27:14.633+0000] {dagbag.py:538} INFO - Filling up the DagBag from /opt/airflow/dags/ingestion/get_data_api_ploomes.py
[2026-03-24T17:27:14.783+0000] {processor.py:840} INFO - DAG(s) 'get_data_from_api_ploomes' retrieved from /opt/airflow/dags/ingestion/get_data_api_ploomes.py
[2026-03-24T17:27:14.798+0000] {logging_mixin.py:188} INFO - [2026-03-24T17:27:14.798+0000] {dag.py:3036} INFO - Sync 1 DAGs
[2026-03-24T17:27:14.904+0000] {logging_mixin.py:188} INFO - [2026-03-24T17:27:14.903+0000] {dag.py:3823} INFO - Setting next_dagrun for get_data_from_api_ploomes to None, run_after=None
[2026-03-24T17:27:14.914+0000] {processor.py:183} INFO - Processing /opt/airflow/dags/ingestion/get_data_api_ploomes.py took 0.285 seconds
[2026-03-24T17:27:45.497+0000] {processor.py:161} INFO - Started process (PID=438) to work on /opt/airflow/dags/ingestion/get_data_api_ploomes.py
[2026-03-24T17:27:45.498+0000] {processor.py:830} INFO - Processing file /opt/airflow/dags/ingestion/get_data_api_ploomes.py for tasks to queue
[2026-03-24T17:27:45.499+0000] {logging_mixin.py:188} INFO - [2026-03-24T17:27:45.499+0000] {dagbag.py:538} INFO - Filling up the DagBag from /opt/airflow/dags/ingestion/get_data_api_ploomes.py
[2026-03-24T17:27:45.734+0000] {processor.py:840} INFO - DAG(s) 'get_data_from_api_ploomes' retrieved from /opt/airflow/dags/ingestion/get_data_api_ploomes.py
[2026-03-24T17:27:45.745+0000] {logging_mixin.py:188} INFO - [2026-03-24T17:27:45.745+0000] {dag.py:3036} INFO - Sync 1 DAGs
[2026-03-24T17:27:45.750+0000] {logging_mixin.py:188} INFO - [2026-03-24T17:27:45.750+0000] {dag.py:3823} INFO - Setting next_dagrun for get_data_from_api_ploomes to None, run_after=None
[2026-03-24T17:27:45.759+0000] {processor.py:183} INFO - Processing /opt/airflow/dags/ingestion/get_data_api_ploomes.py took 0.264 seconds
[2026-03-24T17:28:16.320+0000] {processor.py:161} INFO - Started process (PID=477) to work on /opt/airflow/dags/ingestion/get_data_api_ploomes.py
[2026-03-24T17:28:16.321+0000] {processor.py:830} INFO - Processing file /opt/airflow/dags/ingestion/get_data_api_ploomes.py for tasks to queue
[2026-03-24T17:28:16.321+0000] {logging_mixin.py:188} INFO - [2026-03-24T17:28:16.321+0000] {dagbag.py:538} INFO - Filling up the DagBag from /opt/airflow/dags/ingestion/get_data_api_ploomes.py
[2026-03-24T17:28:16.572+0000] {processor.py:840} INFO - DAG(s) 'get_data_from_api_ploomes' retrieved from /opt/airflow/dags/ingestion/get_data_api_ploomes.py
[2026-03-24T17:28:16.588+0000] {logging_mixin.py:188} INFO - [2026-03-24T17:28:16.588+0000] {dag.py:3036} INFO - Sync 1 DAGs
[2026-03-24T17:28:16.597+0000] {logging_mixin.py:188} INFO - [2026-03-24T17:28:16.597+0000] {dag.py:3823} INFO - Setting next_dagrun for get_data_from_api_ploomes to None, run_after=None
[2026-03-24T17:28:16.607+0000] {processor.py:183} INFO - Processing /opt/airflow/dags/ingestion/get_data_api_ploomes.py took 0.289 seconds
[2026-03-24T17:28:47.118+0000] {processor.py:161} INFO - Started process (PID=514) to work on /opt/airflow/dags/ingestion/get_data_api_ploomes.py
[2026-03-24T17:28:47.119+0000] {processor.py:830} INFO - Processing file /opt/airflow/dags/ingestion/get_data_api_ploomes.py for tasks to queue
[2026-03-24T17:28:47.119+0000] {logging_mixin.py:188} INFO - [2026-03-24T17:28:47.119+0000] {dagbag.py:538} INFO - Filling up the DagBag from /opt/airflow/dags/ingestion/get_data_api_ploomes.py
[2026-03-24T17:28:47.342+0000] {processor.py:840} INFO - DAG(s) 'get_data_from_api_ploomes' retrieved from /opt/airflow/dags/ingestion/get_data_api_ploomes.py
[2026-03-24T17:28:47.355+0000] {logging_mixin.py:188} INFO - [2026-03-24T17:28:47.354+0000] {dag.py:3036} INFO - Sync 1 DAGs
[2026-03-24T17:28:47.360+0000] {logging_mixin.py:188} INFO - [2026-03-24T17:28:47.360+0000] {dag.py:3823} INFO - Setting next_dagrun for get_data_from_api_ploomes to None, run_after=None
[2026-03-24T17:28:47.372+0000] {processor.py:183} INFO - Processing /opt/airflow/dags/ingestion/get_data_api_ploomes.py took 0.256 seconds
[2026-03-24T17:29:17.983+0000] {processor.py:161} INFO - Started process (PID=555) to work on /opt/airflow/dags/ingestion/get_data_api_ploomes.py
[2026-03-24T17:29:17.983+0000] {processor.py:830} INFO - Processing file /opt/airflow/dags/ingestion/get_data_api_ploomes.py for tasks to queue
[2026-03-24T17:29:17.984+0000] {logging_mixin.py:188} INFO - [2026-03-24T17:29:17.984+0000] {dagbag.py:538} INFO - Filling up the DagBag from /opt/airflow/dags/ingestion/get_data_api_ploomes.py
[2026-03-24T17:29:18.209+0000] {processor.py:840} INFO - DAG(s) 'get_data_from_api_ploomes' retrieved from /opt/airflow/dags/ingestion/get_data_api_ploomes.py
[2026-03-24T17:29:18.221+0000] {logging_mixin.py:188} INFO - [2026-03-24T17:29:18.221+0000] {dag.py:3036} INFO - Sync 1 DAGs
[2026-03-24T17:29:18.228+0000] {logging_mixin.py:188} INFO - [2026-03-24T17:29:18.227+0000] {dag.py:3823} INFO - Setting next_dagrun for get_data_from_api_ploomes to None, run_after=None
[2026-03-24T17:29:18.237+0000] {processor.py:183} INFO - Processing /opt/airflow/dags/ingestion/get_data_api_ploomes.py took 0.257 seconds
[2026-03-24T17:29:48.824+0000] {processor.py:161} INFO - Started process (PID=594) to work on /opt/airflow/dags/ingestion/get_data_api_ploomes.py
[2026-03-24T17:29:48.825+0000] {processor.py:830} INFO - Processing file /opt/airflow/dags/ingestion/get_data_api_ploomes.py for tasks to queue
[2026-03-24T17:29:48.826+0000] {logging_mixin.py:188} INFO - [2026-03-24T17:29:48.826+0000] {dagbag.py:538} INFO - Filling up the DagBag from /opt/airflow/dags/ingestion/get_data_api_ploomes.py
[2026-03-24T17:29:49.049+0000] {processor.py:840} INFO - DAG(s) 'get_data_from_api_ploomes' retrieved from /opt/airflow/dags/ingestion/get_data_api_ploomes.py
[2026-03-24T17:29:49.060+0000] {logging_mixin.py:188} INFO - [2026-03-24T17:29:49.060+0000] {dag.py:3036} INFO - Sync 1 DAGs
[2026-03-24T17:29:49.065+0000] {logging_mixin.py:188} INFO - [2026-03-24T17:29:49.065+0000] {dag.py:3823} INFO - Setting next_dagrun for get_data_from_api_ploomes to None, run_after=None
[2026-03-24T17:29:49.076+0000] {processor.py:183} INFO - Processing /opt/airflow/dags/ingestion/get_data_api_ploomes.py took 0.255 seconds
[2026-03-24T17:30:19.685+0000] {processor.py:161} INFO - Started process (PID=633) to work on /opt/airflow/dags/ingestion/get_data_api_ploomes.py
[2026-03-24T17:30:19.685+0000] {processor.py:830} INFO - Processing file /opt/airflow/dags/ingestion/get_data_api_ploomes.py for tasks to queue
[2026-03-24T17:30:19.685+0000] {logging_mixin.py:188} INFO - [2026-03-24T17:30:19.685+0000] {dagbag.py:538} INFO - Filling up the DagBag from /opt/airflow/dags/ingestion/get_data_api_ploomes.py
[2026-03-24T17:30:19.908+0000] {processor.py:840} INFO - DAG(s) 'get_data_from_api_ploomes' retrieved from /opt/airflow/dags/ingestion/get_data_api_ploomes.py
[2026-03-24T17:30:19.921+0000] {logging_mixin.py:188} INFO - [2026-03-24T17:30:19.921+0000] {dag.py:3036} INFO - Sync 1 DAGs
[2026-03-24T17:30:19.926+0000] {logging_mixin.py:188} INFO - [2026-03-24T17:30:19.926+0000] {dag.py:3823} INFO - Setting next_dagrun for get_data_from_api_ploomes to None, run_after=None
[2026-03-24T17:30:19.938+0000] {processor.py:183} INFO - Processing /opt/airflow/dags/ingestion/get_data_api_ploomes.py took 0.255 seconds
[2026-03-24T17:30:50.539+0000] {processor.py:161} INFO - Started process (PID=672) to work on /opt/airflow/dags/ingestion/get_data_api_ploomes.py
[2026-03-24T17:30:50.541+0000] {processor.py:830} INFO - Processing file /opt/airflow/dags/ingestion/get_data_api_ploomes.py for tasks to queue
[2026-03-24T17:30:50.541+0000] {logging_mixin.py:188} INFO - [2026-03-24T17:30:50.541+0000] {dagbag.py:538} INFO - Filling up the DagBag from /opt/airflow/dags/ingestion/get_data_api_ploomes.py
[2026-03-24T17:30:50.766+0000] {processor.py:840} INFO - DAG(s) 'get_data_from_api_ploomes' retrieved from /opt/airflow/dags/ingestion/get_data_api_ploomes.py
[2026-03-24T17:30:50.779+0000] {logging_mixin.py:188} INFO - [2026-03-24T17:30:50.779+0000] {dag.py:3036} INFO - Sync 1 DAGs
[2026-03-24T17:30:50.784+0000] {logging_mixin.py:188} INFO - [2026-03-24T17:30:50.784+0000] {dag.py:3823} INFO - Setting next_dagrun for get_data_from_api_ploomes to None, run_after=None
[2026-03-24T17:30:50.793+0000] {processor.py:183} INFO - Processing /opt/airflow/dags/ingestion/get_data_api_ploomes.py took 0.256 seconds
[2026-03-24T17:31:21.403+0000] {processor.py:161} INFO - Started process (PID=711) to work on /opt/airflow/dags/ingestion/get_data_api_ploomes.py
[2026-03-24T17:31:21.404+0000] {processor.py:830} INFO - Processing file /opt/airflow/dags/ingestion/get_data_api_ploomes.py for tasks to queue
[2026-03-24T17:31:21.404+0000] {logging_mixin.py:188} INFO - [2026-03-24T17:31:21.404+0000] {dagbag.py:538} INFO - Filling up the DagBag from /opt/airflow/dags/ingestion/get_data_api_ploomes.py
[2026-03-24T17:31:21.629+0000] {processor.py:840} INFO - DAG(s) 'get_data_from_api_ploomes' retrieved from /opt/airflow/dags/ingestion/get_data_api_ploomes.py
[2026-03-24T17:31:21.641+0000] {logging_mixin.py:188} INFO - [2026-03-24T17:31:21.641+0000] {dag.py:3036} INFO - Sync 1 DAGs
[2026-03-24T17:31:21.647+0000] {logging_mixin.py:188} INFO - [2026-03-24T17:31:21.646+0000] {dag.py:3823} INFO - Setting next_dagrun for get_data_from_api_ploomes to None, run_after=None
[2026-03-24T17:31:21.656+0000] {processor.py:183} INFO - Processing /opt/airflow/dags/ingestion/get_data_api_ploomes.py took 0.255 seconds
[2026-03-24T17:31:52.270+0000] {processor.py:161} INFO - Started process (PID=750) to work on /opt/airflow/dags/ingestion/get_data_api_ploomes.py
[2026-03-24T17:31:52.272+0000] {processor.py:830} INFO - Processing file /opt/airflow/dags/ingestion/get_data_api_ploomes.py for tasks to queue
[2026-03-24T17:31:52.272+0000] {logging_mixin.py:188} INFO - [2026-03-24T17:31:52.272+0000] {dagbag.py:538} INFO - Filling up the DagBag from /opt/airflow/dags/ingestion/get_data_api_ploomes.py
[2026-03-24T17:31:52.495+0000] {processor.py:840} INFO - DAG(s) 'get_data_from_api_ploomes' retrieved from /opt/airflow/dags/ingestion/get_data_api_ploomes.py
[2026-03-24T17:31:52.510+0000] {logging_mixin.py:188} INFO - [2026-03-24T17:31:52.510+0000] {dag.py:3036} INFO - Sync 1 DAGs
[2026-03-24T17:31:52.516+0000] {logging_mixin.py:188} INFO - [2026-03-24T17:31:52.516+0000] {dag.py:3823} INFO - Setting next_dagrun for get_data_from_api_ploomes to None, run_after=None
[2026-03-24T17:31:52.526+0000] {processor.py:183} INFO - Processing /opt/airflow/dags/ingestion/get_data_api_ploomes.py took 0.257 seconds
[2026-03-24T17:32:23.126+0000] {processor.py:161} INFO - Started process (PID=789) to work on /opt/airflow/dags/ingestion/get_data_api_ploomes.py
[2026-03-24T17:32:23.126+0000] {processor.py:830} INFO - Processing file /opt/airflow/dags/ingestion/get_data_api_ploomes.py for tasks to queue
[2026-03-24T17:32:23.126+0000] {logging_mixin.py:188} INFO - [2026-03-24T17:32:23.126+0000] {dagbag.py:538} INFO - Filling up the DagBag from /opt/airflow/dags/ingestion/get_data_api_ploomes.py
[2026-03-24T17:32:23.345+0000] {processor.py:840} INFO - DAG(s) 'get_data_from_api_ploomes' retrieved from /opt/airflow/dags/ingestion/get_data_api_ploomes.py
[2026-03-24T17:32:23.359+0000] {logging_mixin.py:188} INFO - [2026-03-24T17:32:23.359+0000] {dag.py:3036} INFO - Sync 1 DAGs
[2026-03-24T17:32:23.366+0000] {logging_mixin.py:188} INFO - [2026-03-24T17:32:23.366+0000] {dag.py:3823} INFO - Setting next_dagrun for get_data_from_api_ploomes to None, run_after=None
[2026-03-24T17:32:23.376+0000] {processor.py:183} INFO - Processing /opt/airflow/dags/ingestion/get_data_api_ploomes.py took 0.253 seconds
[2026-03-24T17:32:53.926+0000] {processor.py:161} INFO - Started process (PID=826) to work on /opt/airflow/dags/ingestion/get_data_api_ploomes.py
[2026-03-24T17:32:53.927+0000] {processor.py:830} INFO - Processing file /opt/airflow/dags/ingestion/get_data_api_ploomes.py for tasks to queue
[2026-03-24T17:32:53.927+0000] {logging_mixin.py:188} INFO - [2026-03-24T17:32:53.927+0000] {dagbag.py:538} INFO - Filling up the DagBag from /opt/airflow/dags/ingestion/get_data_api_ploomes.py
[2026-03-24T17:32:54.151+0000] {processor.py:840} INFO - DAG(s) 'get_data_from_api_ploomes' retrieved from /opt/airflow/dags/ingestion/get_data_api_ploomes.py
[2026-03-24T17:32:54.165+0000] {logging_mixin.py:188} INFO - [2026-03-24T17:32:54.164+0000] {dag.py:3036} INFO - Sync 1 DAGs
[2026-03-24T17:32:54.170+0000] {logging_mixin.py:188} INFO - [2026-03-24T17:32:54.170+0000] {dag.py:3823} INFO - Setting next_dagrun for get_data_from_api_ploomes to None, run_after=None
[2026-03-24T17:32:54.181+0000] {processor.py:183} INFO - Processing /opt/airflow/dags/ingestion/get_data_api_ploomes.py took 0.257 seconds
[2026-03-24T17:33:24.808+0000] {processor.py:161} INFO - Started process (PID=867) to work on /opt/airflow/dags/ingestion/get_data_api_ploomes.py
[2026-03-24T17:33:24.809+0000] {processor.py:830} INFO - Processing file /opt/airflow/dags/ingestion/get_data_api_ploomes.py for tasks to queue
[2026-03-24T17:33:24.809+0000] {logging_mixin.py:188} INFO - [2026-03-24T17:33:24.809+0000] {dagbag.py:538} INFO - Filling up the DagBag from /opt/airflow/dags/ingestion/get_data_api_ploomes.py
[2026-03-24T17:33:25.030+0000] {processor.py:840} INFO - DAG(s) 'get_data_from_api_ploomes' retrieved from /opt/airflow/dags/ingestion/get_data_api_ploomes.py
[2026-03-24T17:33:25.043+0000] {logging_mixin.py:188} INFO - [2026-03-24T17:33:25.042+0000] {dag.py:3036} INFO - Sync 1 DAGs
[2026-03-24T17:33:25.049+0000] {logging_mixin.py:188} INFO - [2026-03-24T17:33:25.049+0000] {dag.py:3823} INFO - Setting next_dagrun for get_data_from_api_ploomes to None, run_after=None
[2026-03-24T17:33:25.061+0000] {processor.py:183} INFO - Processing /opt/airflow/dags/ingestion/get_data_api_ploomes.py took 0.256 seconds
[2026-03-24T17:33:55.670+0000] {processor.py:161} INFO - Started process (PID=906) to work on /opt/airflow/dags/ingestion/get_data_api_ploomes.py
[2026-03-24T17:33:55.672+0000] {processor.py:830} INFO - Processing file /opt/airflow/dags/ingestion/get_data_api_ploomes.py for tasks to queue
[2026-03-24T17:33:55.672+0000] {logging_mixin.py:188} INFO - [2026-03-24T17:33:55.672+0000] {dagbag.py:538} INFO - Filling up the DagBag from /opt/airflow/dags/ingestion/get_data_api_ploomes.py
[2026-03-24T17:33:55.907+0000] {processor.py:840} INFO - DAG(s) 'get_data_from_api_ploomes' retrieved from /opt/airflow/dags/ingestion/get_data_api_ploomes.py
[2026-03-24T17:33:55.921+0000] {logging_mixin.py:188} INFO - [2026-03-24T17:33:55.921+0000] {dag.py:3036} INFO - Sync 1 DAGs
[2026-03-24T17:33:55.927+0000] {logging_mixin.py:188} INFO - [2026-03-24T17:33:55.927+0000] {dag.py:3823} INFO - Setting next_dagrun for get_data_from_api_ploomes to None, run_after=None
[2026-03-24T17:33:55.937+0000] {processor.py:183} INFO - Processing /opt/airflow/dags/ingestion/get_data_api_ploomes.py took 0.270 seconds
[2026-03-24T17:34:26.511+0000] {processor.py:161} INFO - Started process (PID=945) to work on /opt/airflow/dags/ingestion/get_data_api_ploomes.py
[2026-03-24T17:34:26.511+0000] {processor.py:830} INFO - Processing file /opt/airflow/dags/ingestion/get_data_api_ploomes.py for tasks to queue
[2026-03-24T17:34:26.512+0000] {logging_mixin.py:188} INFO - [2026-03-24T17:34:26.512+0000] {dagbag.py:538} INFO - Filling up the DagBag from /opt/airflow/dags/ingestion/get_data_api_ploomes.py
[2026-03-24T17:34:26.736+0000] {processor.py:840} INFO - DAG(s) 'get_data_from_api_ploomes' retrieved from /opt/airflow/dags/ingestion/get_data_api_ploomes.py
[2026-03-24T17:34:26.751+0000] {logging_mixin.py:188} INFO - [2026-03-24T17:34:26.751+0000] {dag.py:3036} INFO - Sync 1 DAGs
[2026-03-24T17:34:26.757+0000] {logging_mixin.py:188} INFO - [2026-03-24T17:34:26.757+0000] {dag.py:3823} INFO - Setting next_dagrun for get_data_from_api_ploomes to None, run_after=None
[2026-03-24T17:34:26.771+0000] {processor.py:183} INFO - Processing /opt/airflow/dags/ingestion/get_data_api_ploomes.py took 0.261 seconds
[2026-03-24T17:34:57.383+0000] {processor.py:161} INFO - Started process (PID=984) to work on /opt/airflow/dags/ingestion/get_data_api_ploomes.py
[2026-03-24T17:34:57.385+0000] {processor.py:830} INFO - Processing file /opt/airflow/dags/ingestion/get_data_api_ploomes.py for tasks to queue
[2026-03-24T17:34:57.385+0000] {logging_mixin.py:188} INFO - [2026-03-24T17:34:57.385+0000] {dagbag.py:538} INFO - Filling up the DagBag from /opt/airflow/dags/ingestion/get_data_api_ploomes.py
[2026-03-24T17:34:57.606+0000] {processor.py:840} INFO - DAG(s) 'get_data_from_api_ploomes' retrieved from /opt/airflow/dags/ingestion/get_data_api_ploomes.py
[2026-03-24T17:34:57.618+0000] {logging_mixin.py:188} INFO - [2026-03-24T17:34:57.618+0000] {dag.py:3036} INFO - Sync 1 DAGs
[2026-03-24T17:34:57.624+0000] {logging_mixin.py:188} INFO - [2026-03-24T17:34:57.624+0000] {dag.py:3823} INFO - Setting next_dagrun for get_data_from_api_ploomes to None, run_after=None
[2026-03-24T17:34:57.634+0000] {processor.py:183} INFO - Processing /opt/airflow/dags/ingestion/get_data_api_ploomes.py took 0.252 seconds
[2026-03-24T17:35:28.232+0000] {processor.py:161} INFO - Started process (PID=1023) to work on /opt/airflow/dags/ingestion/get_data_api_ploomes.py
[2026-03-24T17:35:28.233+0000] {processor.py:830} INFO - Processing file /opt/airflow/dags/ingestion/get_data_api_ploomes.py for tasks to queue
[2026-03-24T17:35:28.233+0000] {logging_mixin.py:188} INFO - [2026-03-24T17:35:28.233+0000] {dagbag.py:538} INFO - Filling up the DagBag from /opt/airflow/dags/ingestion/get_data_api_ploomes.py
[2026-03-24T17:35:28.457+0000] {processor.py:840} INFO - DAG(s) 'get_data_from_api_ploomes' retrieved from /opt/airflow/dags/ingestion/get_data_api_ploomes.py
[2026-03-24T17:35:28.469+0000] {logging_mixin.py:188} INFO - [2026-03-24T17:35:28.468+0000] {dag.py:3036} INFO - Sync 1 DAGs
[2026-03-24T17:35:28.474+0000] {logging_mixin.py:188} INFO - [2026-03-24T17:35:28.474+0000] {dag.py:3823} INFO - Setting next_dagrun for get_data_from_api_ploomes to None, run_after=None
[2026-03-24T17:35:28.484+0000] {processor.py:183} INFO - Processing /opt/airflow/dags/ingestion/get_data_api_ploomes.py took 0.254 seconds
[2026-03-24T17:35:59.081+0000] {processor.py:161} INFO - Started process (PID=1062) to work on /opt/airflow/dags/ingestion/get_data_api_ploomes.py
[2026-03-24T17:35:59.083+0000] {processor.py:830} INFO - Processing file /opt/airflow/dags/ingestion/get_data_api_ploomes.py for tasks to queue
[2026-03-24T17:35:59.083+0000] {logging_mixin.py:188} INFO - [2026-03-24T17:35:59.083+0000] {dagbag.py:538} INFO - Filling up the DagBag from /opt/airflow/dags/ingestion/get_data_api_ploomes.py
[2026-03-24T17:35:59.301+0000] {processor.py:840} INFO - DAG(s) 'get_data_from_api_ploomes' retrieved from /opt/airflow/dags/ingestion/get_data_api_ploomes.py
[2026-03-24T17:35:59.313+0000] {logging_mixin.py:188} INFO - [2026-03-24T17:35:59.313+0000] {dag.py:3036} INFO - Sync 1 DAGs
[2026-03-24T17:35:59.319+0000] {logging_mixin.py:188} INFO - [2026-03-24T17:35:59.318+0000] {dag.py:3823} INFO - Setting next_dagrun for get_data_from_api_ploomes to None, run_after=None
[2026-03-24T17:35:59.328+0000] {processor.py:183} INFO - Processing /opt/airflow/dags/ingestion/get_data_api_ploomes.py took 0.250 seconds
[2026-03-24T17:36:29.912+0000] {processor.py:161} INFO - Started process (PID=1101) to work on /opt/airflow/dags/ingestion/get_data_api_ploomes.py
[2026-03-24T17:36:29.913+0000] {processor.py:830} INFO - Processing file /opt/airflow/dags/ingestion/get_data_api_ploomes.py for tasks to queue
[2026-03-24T17:36:29.913+0000] {logging_mixin.py:188} INFO - [2026-03-24T17:36:29.913+0000] {dagbag.py:538} INFO - Filling up the DagBag from /opt/airflow/dags/ingestion/get_data_api_ploomes.py
[2026-03-24T17:36:30.137+0000] {processor.py:840} INFO - DAG(s) 'get_data_from_api_ploomes' retrieved from /opt/airflow/dags/ingestion/get_data_api_ploomes.py
[2026-03-24T17:36:30.151+0000] {logging_mixin.py:188} INFO - [2026-03-24T17:36:30.151+0000] {dag.py:3036} INFO - Sync 1 DAGs
[2026-03-24T17:36:30.157+0000] {logging_mixin.py:188} INFO - [2026-03-24T17:36:30.157+0000] {dag.py:3823} INFO - Setting next_dagrun for get_data_from_api_ploomes to None, run_after=None
[2026-03-24T17:36:30.167+0000] {processor.py:183} INFO - Processing /opt/airflow/dags/ingestion/get_data_api_ploomes.py took 0.257 seconds
[2026-03-24T17:37:00.754+0000] {processor.py:161} INFO - Started process (PID=1140) to work on /opt/airflow/dags/ingestion/get_data_api_ploomes.py
[2026-03-24T17:37:00.755+0000] {processor.py:830} INFO - Processing file /opt/airflow/dags/ingestion/get_data_api_ploomes.py for tasks to queue
[2026-03-24T17:37:00.756+0000] {logging_mixin.py:188} INFO - [2026-03-24T17:37:00.756+0000] {dagbag.py:538} INFO - Filling up the DagBag from /opt/airflow/dags/ingestion/get_data_api_ploomes.py
[2026-03-24T17:37:00.978+0000] {processor.py:840} INFO - DAG(s) 'get_data_from_api_ploomes' retrieved from /opt/airflow/dags/ingestion/get_data_api_ploomes.py
[2026-03-24T17:37:00.994+0000] {logging_mixin.py:188} INFO - [2026-03-24T17:37:00.993+0000] {dag.py:3036} INFO - Sync 1 DAGs
[2026-03-24T17:37:00.999+0000] {logging_mixin.py:188} INFO - [2026-03-24T17:37:00.999+0000] {dag.py:3823} INFO - Setting next_dagrun for get_data_from_api_ploomes to None, run_after=None
[2026-03-24T17:37:01.007+0000] {processor.py:183} INFO - Processing /opt/airflow/dags/ingestion/get_data_api_ploomes.py took 0.255 seconds
[2026-03-24T17:37:31.575+0000] {processor.py:161} INFO - Started process (PID=1179) to work on /opt/airflow/dags/ingestion/get_data_api_ploomes.py
[2026-03-24T17:37:31.576+0000] {processor.py:830} INFO - Processing file /opt/airflow/dags/ingestion/get_data_api_ploomes.py for tasks to queue
[2026-03-24T17:37:31.576+0000] {logging_mixin.py:188} INFO - [2026-03-24T17:37:31.576+0000] {dagbag.py:538} INFO - Filling up the DagBag from /opt/airflow/dags/ingestion/get_data_api_ploomes.py
[2026-03-24T17:37:31.794+0000] {processor.py:840} INFO - DAG(s) 'get_data_from_api_ploomes' retrieved from /opt/airflow/dags/ingestion/get_data_api_ploomes.py
[2026-03-24T17:37:31.807+0000] {logging_mixin.py:188} INFO - [2026-03-24T17:37:31.806+0000] {dag.py:3036} INFO - Sync 1 DAGs
[2026-03-24T17:37:31.812+0000] {logging_mixin.py:188} INFO - [2026-03-24T17:37:31.812+0000] {dag.py:3823} INFO - Setting next_dagrun for get_data_from_api_ploomes to None, run_after=None
[2026-03-24T17:37:31.822+0000] {processor.py:183} INFO - Processing /opt/airflow/dags/ingestion/get_data_api_ploomes.py took 0.249 seconds
[2026-03-24T17:38:02.401+0000] {processor.py:161} INFO - Started process (PID=1218) to work on /opt/airflow/dags/ingestion/get_data_api_ploomes.py
[2026-03-24T17:38:02.403+0000] {processor.py:830} INFO - Processing file /opt/airflow/dags/ingestion/get_data_api_ploomes.py for tasks to queue
[2026-03-24T17:38:02.403+0000] {logging_mixin.py:188} INFO - [2026-03-24T17:38:02.403+0000] {dagbag.py:538} INFO - Filling up the DagBag from /opt/airflow/dags/ingestion/get_data_api_ploomes.py
[2026-03-24T17:38:02.627+0000] {processor.py:840} INFO - DAG(s) 'get_data_from_api_ploomes' retrieved from /opt/airflow/dags/ingestion/get_data_api_ploomes.py
[2026-03-24T17:38:02.640+0000] {logging_mixin.py:188} INFO - [2026-03-24T17:38:02.640+0000] {dag.py:3036} INFO - Sync 1 DAGs
[2026-03-24T17:38:02.645+0000] {logging_mixin.py:188} INFO - [2026-03-24T17:38:02.645+0000] {dag.py:3823} INFO - Setting next_dagrun for get_data_from_api_ploomes to None, run_after=None
[2026-03-24T17:38:02.654+0000] {processor.py:183} INFO - Processing /opt/airflow/dags/ingestion/get_data_api_ploomes.py took 0.256 seconds
[2026-03-24T17:38:33.227+0000] {processor.py:161} INFO - Started process (PID=1257) to work on /opt/airflow/dags/ingestion/get_data_api_ploomes.py
[2026-03-24T17:38:33.228+0000] {processor.py:830} INFO - Processing file /opt/airflow/dags/ingestion/get_data_api_ploomes.py for tasks to queue
[2026-03-24T17:38:33.228+0000] {logging_mixin.py:188} INFO - [2026-03-24T17:38:33.228+0000] {dagbag.py:538} INFO - Filling up the DagBag from /opt/airflow/dags/ingestion/get_data_api_ploomes.py
[2026-03-24T17:38:33.450+0000] {processor.py:840} INFO - DAG(s) 'get_data_from_api_ploomes' retrieved from /opt/airflow/dags/ingestion/get_data_api_ploomes.py
[2026-03-24T17:38:33.474+0000] {logging_mixin.py:188} INFO - [2026-03-24T17:38:33.473+0000] {dag.py:3036} INFO - Sync 1 DAGs
[2026-03-24T17:38:33.480+0000] {logging_mixin.py:188} INFO - [2026-03-24T17:38:33.480+0000] {dag.py:3823} INFO - Setting next_dagrun for get_data_from_api_ploomes to None, run_after=None
[2026-03-24T17:38:33.491+0000] {processor.py:183} INFO - Processing /opt/airflow/dags/ingestion/get_data_api_ploomes.py took 0.266 seconds
[2026-03-24T17:39:04.099+0000] {processor.py:161} INFO - Started process (PID=1296) to work on /opt/airflow/dags/ingestion/get_data_api_ploomes.py
[2026-03-24T17:39:04.100+0000] {processor.py:830} INFO - Processing file /opt/airflow/dags/ingestion/get_data_api_ploomes.py for tasks to queue
[2026-03-24T17:39:04.101+0000] {logging_mixin.py:188} INFO - [2026-03-24T17:39:04.101+0000] {dagbag.py:538} INFO - Filling up the DagBag from /opt/airflow/dags/ingestion/get_data_api_ploomes.py
[2026-03-24T17:39:04.320+0000] {processor.py:840} INFO - DAG(s) 'get_data_from_api_ploomes' retrieved from /opt/airflow/dags/ingestion/get_data_api_ploomes.py
[2026-03-24T17:39:04.334+0000] {logging_mixin.py:188} INFO - [2026-03-24T17:39:04.334+0000] {dag.py:3036} INFO - Sync 1 DAGs
[2026-03-24T17:39:04.340+0000] {logging_mixin.py:188} INFO - [2026-03-24T17:39:04.339+0000] {dag.py:3823} INFO - Setting next_dagrun for get_data_from_api_ploomes to None, run_after=None
[2026-03-24T17:39:04.349+0000] {processor.py:183} INFO - Processing /opt/airflow/dags/ingestion/get_data_api_ploomes.py took 0.252 seconds
[2026-03-24T17:39:34.948+0000] {processor.py:161} INFO - Started process (PID=1335) to work on /opt/airflow/dags/ingestion/get_data_api_ploomes.py
[2026-03-24T17:39:34.948+0000] {processor.py:830} INFO - Processing file /opt/airflow/dags/ingestion/get_data_api_ploomes.py for tasks to queue
[2026-03-24T17:39:34.949+0000] {logging_mixin.py:188} INFO - [2026-03-24T17:39:34.949+0000] {dagbag.py:538} INFO - Filling up the DagBag from /opt/airflow/dags/ingestion/get_data_api_ploomes.py
[2026-03-24T17:39:35.171+0000] {processor.py:840} INFO - DAG(s) 'get_data_from_api_ploomes' retrieved from /opt/airflow/dags/ingestion/get_data_api_ploomes.py
[2026-03-24T17:39:35.184+0000] {logging_mixin.py:188} INFO - [2026-03-24T17:39:35.183+0000] {dag.py:3036} INFO - Sync 1 DAGs
[2026-03-24T17:39:35.189+0000] {logging_mixin.py:188} INFO - [2026-03-24T17:39:35.189+0000] {dag.py:3823} INFO - Setting next_dagrun for get_data_from_api_ploomes to None, run_after=None
[2026-03-24T17:39:35.198+0000] {processor.py:183} INFO - Processing /opt/airflow/dags/ingestion/get_data_api_ploomes.py took 0.253 seconds
[2026-03-24T17:40:05.805+0000] {processor.py:161} INFO - Started process (PID=1374) to work on /opt/airflow/dags/ingestion/get_data_api_ploomes.py
[2026-03-24T17:40:05.806+0000] {processor.py:830} INFO - Processing file /opt/airflow/dags/ingestion/get_data_api_ploomes.py for tasks to queue
[2026-03-24T17:40:05.807+0000] {logging_mixin.py:188} INFO - [2026-03-24T17:40:05.807+0000] {dagbag.py:538} INFO - Filling up the DagBag from /opt/airflow/dags/ingestion/get_data_api_ploomes.py
[2026-03-24T17:40:06.025+0000] {processor.py:840} INFO - DAG(s) 'get_data_from_api_ploomes' retrieved from /opt/airflow/dags/ingestion/get_data_api_ploomes.py
[2026-03-24T17:40:06.037+0000] {logging_mixin.py:188} INFO - [2026-03-24T17:40:06.037+0000] {dag.py:3036} INFO - Sync 1 DAGs
[2026-03-24T17:40:06.043+0000] {logging_mixin.py:188} INFO - [2026-03-24T17:40:06.043+0000] {dag.py:3823} INFO - Setting next_dagrun for get_data_from_api_ploomes to None, run_after=None
[2026-03-24T17:40:06.054+0000] {processor.py:183} INFO - Processing /opt/airflow/dags/ingestion/get_data_api_ploomes.py took 0.251 seconds
[2026-03-24T17:40:36.616+0000] {processor.py:161} INFO - Started process (PID=1411) to work on /opt/airflow/dags/ingestion/get_data_api_ploomes.py
[2026-03-24T17:40:36.616+0000] {processor.py:830} INFO - Processing file /opt/airflow/dags/ingestion/get_data_api_ploomes.py for tasks to queue
[2026-03-24T17:40:36.617+0000] {logging_mixin.py:188} INFO - [2026-03-24T17:40:36.617+0000] {dagbag.py:538} INFO - Filling up the DagBag from /opt/airflow/dags/ingestion/get_data_api_ploomes.py
[2026-03-24T17:40:36.836+0000] {processor.py:840} INFO - DAG(s) 'get_data_from_api_ploomes' retrieved from /opt/airflow/dags/ingestion/get_data_api_ploomes.py
[2026-03-24T17:40:36.851+0000] {logging_mixin.py:188} INFO - [2026-03-24T17:40:36.851+0000] {dag.py:3036} INFO - Sync 1 DAGs
[2026-03-24T17:40:36.857+0000] {logging_mixin.py:188} INFO - [2026-03-24T17:40:36.857+0000] {dag.py:3823} INFO - Setting next_dagrun for get_data_from_api_ploomes to None, run_after=None
[2026-03-24T17:40:36.868+0000] {processor.py:183} INFO - Processing /opt/airflow/dags/ingestion/get_data_api_ploomes.py took 0.254 seconds
[2026-03-24T17:41:07.469+0000] {processor.py:161} INFO - Started process (PID=1452) to work on /opt/airflow/dags/ingestion/get_data_api_ploomes.py
[2026-03-24T17:41:07.470+0000] {processor.py:830} INFO - Processing file /opt/airflow/dags/ingestion/get_data_api_ploomes.py for tasks to queue
[2026-03-24T17:41:07.470+0000] {logging_mixin.py:188} INFO - [2026-03-24T17:41:07.470+0000] {dagbag.py:538} INFO - Filling up the DagBag from /opt/airflow/dags/ingestion/get_data_api_ploomes.py
[2026-03-24T17:41:07.699+0000] {processor.py:840} INFO - DAG(s) 'get_data_from_api_ploomes' retrieved from /opt/airflow/dags/ingestion/get_data_api_ploomes.py
[2026-03-24T17:41:07.712+0000] {logging_mixin.py:188} INFO - [2026-03-24T17:41:07.712+0000] {dag.py:3036} INFO - Sync 1 DAGs
[2026-03-24T17:41:07.718+0000] {logging_mixin.py:188} INFO - [2026-03-24T17:41:07.718+0000] {dag.py:3823} INFO - Setting next_dagrun for get_data_from_api_ploomes to None, run_after=None
[2026-03-24T17:41:07.729+0000] {processor.py:183} INFO - Processing /opt/airflow/dags/ingestion/get_data_api_ploomes.py took 0.263 seconds
[2026-03-24T17:41:38.302+0000] {processor.py:161} INFO - Started process (PID=1491) to work on /opt/airflow/dags/ingestion/get_data_api_ploomes.py
[2026-03-24T17:41:38.303+0000] {processor.py:830} INFO - Processing file /opt/airflow/dags/ingestion/get_data_api_ploomes.py for tasks to queue
[2026-03-24T17:41:38.303+0000] {logging_mixin.py:188} INFO - [2026-03-24T17:41:38.303+0000] {dagbag.py:538} INFO - Filling up the DagBag from /opt/airflow/dags/ingestion/get_data_api_ploomes.py
[2026-03-24T17:41:38.528+0000] {processor.py:840} INFO - DAG(s) 'get_data_from_api_ploomes' retrieved from /opt/airflow/dags/ingestion/get_data_api_ploomes.py
[2026-03-24T17:41:38.539+0000] {logging_mixin.py:188} INFO - [2026-03-24T17:41:38.539+0000] {dag.py:3036} INFO - Sync 1 DAGs
[2026-03-24T17:41:38.545+0000] {logging_mixin.py:188} INFO - [2026-03-24T17:41:38.545+0000] {dag.py:3823} INFO - Setting next_dagrun for get_data_from_api_ploomes to None, run_after=None
[2026-03-24T17:41:38.555+0000] {processor.py:183} INFO - Processing /opt/airflow/dags/ingestion/get_data_api_ploomes.py took 0.254 seconds
[2026-03-24T17:42:09.149+0000] {processor.py:161} INFO - Started process (PID=1530) to work on /opt/airflow/dags/ingestion/get_data_api_ploomes.py
[2026-03-24T17:42:09.150+0000] {processor.py:830} INFO - Processing file /opt/airflow/dags/ingestion/get_data_api_ploomes.py for tasks to queue
[2026-03-24T17:42:09.151+0000] {logging_mixin.py:188} INFO - [2026-03-24T17:42:09.151+0000] {dagbag.py:538} INFO - Filling up the DagBag from /opt/airflow/dags/ingestion/get_data_api_ploomes.py
[2026-03-24T17:42:09.385+0000] {processor.py:840} INFO - DAG(s) 'get_data_from_api_ploomes' retrieved from /opt/airflow/dags/ingestion/get_data_api_ploomes.py
[2026-03-24T17:42:09.399+0000] {logging_mixin.py:188} INFO - [2026-03-24T17:42:09.399+0000] {dag.py:3036} INFO - Sync 1 DAGs
[2026-03-24T17:42:09.405+0000] {logging_mixin.py:188} INFO - [2026-03-24T17:42:09.405+0000] {dag.py:3823} INFO - Setting next_dagrun for get_data_from_api_ploomes to None, run_after=None
[2026-03-24T17:42:09.415+0000] {processor.py:183} INFO - Processing /opt/airflow/dags/ingestion/get_data_api_ploomes.py took 0.268 seconds
[2026-03-24T17:42:39.980+0000] {processor.py:161} INFO - Started process (PID=1569) to work on /opt/airflow/dags/ingestion/get_data_api_ploomes.py
[2026-03-24T17:42:39.981+0000] {processor.py:830} INFO - Processing file /opt/airflow/dags/ingestion/get_data_api_ploomes.py for tasks to queue
[2026-03-24T17:42:39.981+0000] {logging_mixin.py:188} INFO - [2026-03-24T17:42:39.981+0000] {dagbag.py:538} INFO - Filling up the DagBag from /opt/airflow/dags/ingestion/get_data_api_ploomes.py
[2026-03-24T17:42:40.209+0000] {processor.py:840} INFO - DAG(s) 'get_data_from_api_ploomes' retrieved from /opt/airflow/dags/ingestion/get_data_api_ploomes.py
[2026-03-24T17:42:40.223+0000] {logging_mixin.py:188} INFO - [2026-03-24T17:42:40.222+0000] {dag.py:3036} INFO - Sync 1 DAGs
[2026-03-24T17:42:40.228+0000] {logging_mixin.py:188} INFO - [2026-03-24T17:42:40.228+0000] {dag.py:3823} INFO - Setting next_dagrun for get_data_from_api_ploomes to None, run_after=None
[2026-03-24T17:42:40.237+0000] {processor.py:183} INFO - Processing /opt/airflow/dags/ingestion/get_data_api_ploomes.py took 0.258 seconds
[2026-03-24T17:43:10.772+0000] {processor.py:161} INFO - Started process (PID=1606) to work on /opt/airflow/dags/ingestion/get_data_api_ploomes.py
[2026-03-24T17:43:10.773+0000] {processor.py:830} INFO - Processing file /opt/airflow/dags/ingestion/get_data_api_ploomes.py for tasks to queue
[2026-03-24T17:43:10.773+0000] {logging_mixin.py:188} INFO - [2026-03-24T17:43:10.773+0000] {dagbag.py:538} INFO - Filling up the DagBag from /opt/airflow/dags/ingestion/get_data_api_ploomes.py
[2026-03-24T17:43:10.999+0000] {processor.py:840} INFO - DAG(s) 'get_data_from_api_ploomes' retrieved from /opt/airflow/dags/ingestion/get_data_api_ploomes.py
[2026-03-24T17:43:11.015+0000] {logging_mixin.py:188} INFO - [2026-03-24T17:43:11.014+0000] {dag.py:3036} INFO - Sync 1 DAGs
[2026-03-24T17:43:11.020+0000] {logging_mixin.py:188} INFO - [2026-03-24T17:43:11.020+0000] {dag.py:3823} INFO - Setting next_dagrun for get_data_from_api_ploomes to None, run_after=None
[2026-03-24T17:43:11.031+0000] {processor.py:183} INFO - Processing /opt/airflow/dags/ingestion/get_data_api_ploomes.py took 0.261 seconds
[2026-03-24T17:43:41.584+0000] {processor.py:161} INFO - Started process (PID=1670) to work on /opt/airflow/dags/ingestion/get_data_api_ploomes.py
[2026-03-24T17:43:41.585+0000] {processor.py:830} INFO - Processing file /opt/airflow/dags/ingestion/get_data_api_ploomes.py for tasks to queue
[2026-03-24T17:43:41.585+0000] {logging_mixin.py:188} INFO - [2026-03-24T17:43:41.585+0000] {dagbag.py:538} INFO - Filling up the DagBag from /opt/airflow/dags/ingestion/get_data_api_ploomes.py
[2026-03-24T17:43:41.805+0000] {processor.py:840} INFO - DAG(s) 'get_data_from_api_ploomes' retrieved from /opt/airflow/dags/ingestion/get_data_api_ploomes.py
[2026-03-24T17:43:41.819+0000] {logging_mixin.py:188} INFO - [2026-03-24T17:43:41.818+0000] {dag.py:3036} INFO - Sync 1 DAGs
[2026-03-24T17:43:41.824+0000] {logging_mixin.py:188} INFO - [2026-03-24T17:43:41.824+0000] {dag.py:3823} INFO - Setting next_dagrun for get_data_from_api_ploomes to None, run_after=None
[2026-03-24T17:43:41.834+0000] {processor.py:183} INFO - Processing /opt/airflow/dags/ingestion/get_data_api_ploomes.py took 0.252 seconds
[2026-03-24T17:44:12.418+0000] {processor.py:161} INFO - Started process (PID=1709) to work on /opt/airflow/dags/ingestion/get_data_api_ploomes.py
[2026-03-24T17:44:12.420+0000] {processor.py:830} INFO - Processing file /opt/airflow/dags/ingestion/get_data_api_ploomes.py for tasks to queue
[2026-03-24T17:44:12.420+0000] {logging_mixin.py:188} INFO - [2026-03-24T17:44:12.420+0000] {dagbag.py:538} INFO - Filling up the DagBag from /opt/airflow/dags/ingestion/get_data_api_ploomes.py
[2026-03-24T17:44:12.650+0000] {processor.py:840} INFO - DAG(s) 'get_data_from_api_ploomes' retrieved from /opt/airflow/dags/ingestion/get_data_api_ploomes.py
[2026-03-24T17:44:12.663+0000] {logging_mixin.py:188} INFO - [2026-03-24T17:44:12.663+0000] {dag.py:3036} INFO - Sync 1 DAGs
[2026-03-24T17:44:12.669+0000] {logging_mixin.py:188} INFO - [2026-03-24T17:44:12.669+0000] {dag.py:3823} INFO - Setting next_dagrun for get_data_from_api_ploomes to None, run_after=None
[2026-03-24T17:44:12.680+0000] {processor.py:183} INFO - Processing /opt/airflow/dags/ingestion/get_data_api_ploomes.py took 0.263 seconds
[2026-03-24T17:44:43.238+0000] {processor.py:161} INFO - Started process (PID=1748) to work on /opt/airflow/dags/ingestion/get_data_api_ploomes.py
[2026-03-24T17:44:43.238+0000] {processor.py:830} INFO - Processing file /opt/airflow/dags/ingestion/get_data_api_ploomes.py for tasks to queue
[2026-03-24T17:44:43.239+0000] {logging_mixin.py:188} INFO - [2026-03-24T17:44:43.239+0000] {dagbag.py:538} INFO - Filling up the DagBag from /opt/airflow/dags/ingestion/get_data_api_ploomes.py
[2026-03-24T17:44:43.469+0000] {processor.py:840} INFO - DAG(s) 'get_data_from_api_ploomes' retrieved from /opt/airflow/dags/ingestion/get_data_api_ploomes.py
[2026-03-24T17:44:43.479+0000] {logging_mixin.py:188} INFO - [2026-03-24T17:44:43.479+0000] {dag.py:3036} INFO - Sync 1 DAGs
[2026-03-24T17:44:43.485+0000] {logging_mixin.py:188} INFO - [2026-03-24T17:44:43.485+0000] {dag.py:3823} INFO - Setting next_dagrun for get_data_from_api_ploomes to None, run_after=None
[2026-03-24T17:44:43.494+0000] {processor.py:183} INFO - Processing /opt/airflow/dags/ingestion/get_data_api_ploomes.py took 0.259 seconds
[2026-03-24T17:45:14.076+0000] {processor.py:161} INFO - Started process (PID=1787) to work on /opt/airflow/dags/ingestion/get_data_api_ploomes.py
[2026-03-24T17:45:14.077+0000] {processor.py:830} INFO - Processing file /opt/airflow/dags/ingestion/get_data_api_ploomes.py for tasks to queue
[2026-03-24T17:45:14.077+0000] {logging_mixin.py:188} INFO - [2026-03-24T17:45:14.077+0000] {dagbag.py:538} INFO - Filling up the DagBag from /opt/airflow/dags/ingestion/get_data_api_ploomes.py
[2026-03-24T17:45:14.298+0000] {processor.py:840} INFO - DAG(s) 'get_data_from_api_ploomes' retrieved from /opt/airflow/dags/ingestion/get_data_api_ploomes.py
[2026-03-24T17:45:14.309+0000] {logging_mixin.py:188} INFO - [2026-03-24T17:45:14.308+0000] {dag.py:3036} INFO - Sync 1 DAGs
[2026-03-24T17:45:14.314+0000] {logging_mixin.py:188} INFO - [2026-03-24T17:45:14.314+0000] {dag.py:3823} INFO - Setting next_dagrun for get_data_from_api_ploomes to None, run_after=None
[2026-03-24T17:45:14.324+0000] {processor.py:183} INFO - Processing /opt/airflow/dags/ingestion/get_data_api_ploomes.py took 0.251 seconds
