[2026-03-24T17:24:41.028+0000] {processor.py:161} INFO - Started process (PID=208) to work on /opt/airflow/dags/ingestion/send_data_to_bronze_db.py
[2026-03-24T17:24:41.029+0000] {processor.py:830} INFO - Processing file /opt/airflow/dags/ingestion/send_data_to_bronze_db.py for tasks to queue
[2026-03-24T17:24:41.029+0000] {logging_mixin.py:188} INFO - [2026-03-24T17:24:41.029+0000] {dagbag.py:538} INFO - Filling up the DagBag from /opt/airflow/dags/ingestion/send_data_to_bronze_db.py
[2026-03-24T17:24:41.211+0000] {processor.py:840} INFO - DAG(s) 'post_data_to_bronze_db' retrieved from /opt/airflow/dags/ingestion/send_data_to_bronze_db.py
[2026-03-24T17:24:41.365+0000] {logging_mixin.py:188} INFO - [2026-03-24T17:24:41.365+0000] {override.py:1769} INFO - Created Permission View: can edit on DAG:post_data_to_bronze_db
[2026-03-24T17:24:41.370+0000] {logging_mixin.py:188} INFO - [2026-03-24T17:24:41.370+0000] {override.py:1769} INFO - Created Permission View: can delete on DAG:post_data_to_bronze_db
[2026-03-24T17:24:41.375+0000] {logging_mixin.py:188} INFO - [2026-03-24T17:24:41.374+0000] {override.py:1769} INFO - Created Permission View: can read on DAG:post_data_to_bronze_db
[2026-03-24T17:24:41.375+0000] {logging_mixin.py:188} INFO - [2026-03-24T17:24:41.375+0000] {dag.py:3036} INFO - Sync 1 DAGs
[2026-03-24T17:24:41.381+0000] {logging_mixin.py:188} INFO - [2026-03-24T17:24:41.380+0000] {dag.py:3058} INFO - Creating ORM DAG for post_data_to_bronze_db
[2026-03-24T17:24:41.381+0000] {logging_mixin.py:188} INFO - [2026-03-24T17:24:41.381+0000] {dag.py:3823} INFO - Setting next_dagrun for post_data_to_bronze_db to None, run_after=None
[2026-03-24T17:24:41.391+0000] {processor.py:183} INFO - Processing /opt/airflow/dags/ingestion/send_data_to_bronze_db.py took 0.366 seconds
[2026-03-24T17:25:11.856+0000] {processor.py:161} INFO - Started process (PID=246) to work on /opt/airflow/dags/ingestion/send_data_to_bronze_db.py
[2026-03-24T17:25:11.857+0000] {processor.py:830} INFO - Processing file /opt/airflow/dags/ingestion/send_data_to_bronze_db.py for tasks to queue
[2026-03-24T17:25:11.857+0000] {logging_mixin.py:188} INFO - [2026-03-24T17:25:11.857+0000] {dagbag.py:538} INFO - Filling up the DagBag from /opt/airflow/dags/ingestion/send_data_to_bronze_db.py
[2026-03-24T17:25:12.000+0000] {processor.py:840} INFO - DAG(s) 'post_data_to_bronze_db' retrieved from /opt/airflow/dags/ingestion/send_data_to_bronze_db.py
[2026-03-24T17:25:12.013+0000] {logging_mixin.py:188} INFO - [2026-03-24T17:25:12.012+0000] {dag.py:3036} INFO - Sync 1 DAGs
[2026-03-24T17:25:12.019+0000] {logging_mixin.py:188} INFO - [2026-03-24T17:25:12.019+0000] {dag.py:3823} INFO - Setting next_dagrun for post_data_to_bronze_db to None, run_after=None
[2026-03-24T17:25:12.030+0000] {processor.py:183} INFO - Processing /opt/airflow/dags/ingestion/send_data_to_bronze_db.py took 0.175 seconds
[2026-03-24T17:25:42.509+0000] {processor.py:161} INFO - Started process (PID=286) to work on /opt/airflow/dags/ingestion/send_data_to_bronze_db.py
[2026-03-24T17:25:42.511+0000] {processor.py:830} INFO - Processing file /opt/airflow/dags/ingestion/send_data_to_bronze_db.py for tasks to queue
[2026-03-24T17:25:42.511+0000] {logging_mixin.py:188} INFO - [2026-03-24T17:25:42.511+0000] {dagbag.py:538} INFO - Filling up the DagBag from /opt/airflow/dags/ingestion/send_data_to_bronze_db.py
[2026-03-24T17:25:42.657+0000] {processor.py:840} INFO - DAG(s) 'post_data_to_bronze_db' retrieved from /opt/airflow/dags/ingestion/send_data_to_bronze_db.py
[2026-03-24T17:25:42.670+0000] {logging_mixin.py:188} INFO - [2026-03-24T17:25:42.670+0000] {dag.py:3036} INFO - Sync 1 DAGs
[2026-03-24T17:25:42.677+0000] {logging_mixin.py:188} INFO - [2026-03-24T17:25:42.677+0000] {dag.py:3823} INFO - Setting next_dagrun for post_data_to_bronze_db to None, run_after=None
[2026-03-24T17:25:42.688+0000] {processor.py:183} INFO - Processing /opt/airflow/dags/ingestion/send_data_to_bronze_db.py took 0.181 seconds
[2026-03-24T17:26:13.182+0000] {processor.py:161} INFO - Started process (PID=324) to work on /opt/airflow/dags/ingestion/send_data_to_bronze_db.py
[2026-03-24T17:26:13.182+0000] {processor.py:830} INFO - Processing file /opt/airflow/dags/ingestion/send_data_to_bronze_db.py for tasks to queue
[2026-03-24T17:26:13.183+0000] {logging_mixin.py:188} INFO - [2026-03-24T17:26:13.183+0000] {dagbag.py:538} INFO - Filling up the DagBag from /opt/airflow/dags/ingestion/send_data_to_bronze_db.py
[2026-03-24T17:26:13.324+0000] {processor.py:840} INFO - DAG(s) 'post_data_to_bronze_db' retrieved from /opt/airflow/dags/ingestion/send_data_to_bronze_db.py
[2026-03-24T17:26:13.338+0000] {logging_mixin.py:188} INFO - [2026-03-24T17:26:13.337+0000] {dag.py:3036} INFO - Sync 1 DAGs
[2026-03-24T17:26:13.435+0000] {logging_mixin.py:188} INFO - [2026-03-24T17:26:13.435+0000] {dag.py:3823} INFO - Setting next_dagrun for post_data_to_bronze_db to None, run_after=None
[2026-03-24T17:26:13.445+0000] {processor.py:183} INFO - Processing /opt/airflow/dags/ingestion/send_data_to_bronze_db.py took 0.265 seconds
[2026-03-24T17:26:43.928+0000] {processor.py:161} INFO - Started process (PID=363) to work on /opt/airflow/dags/ingestion/send_data_to_bronze_db.py
[2026-03-24T17:26:43.929+0000] {processor.py:830} INFO - Processing file /opt/airflow/dags/ingestion/send_data_to_bronze_db.py for tasks to queue
[2026-03-24T17:26:43.929+0000] {logging_mixin.py:188} INFO - [2026-03-24T17:26:43.929+0000] {dagbag.py:538} INFO - Filling up the DagBag from /opt/airflow/dags/ingestion/send_data_to_bronze_db.py
[2026-03-24T17:26:44.073+0000] {processor.py:840} INFO - DAG(s) 'post_data_to_bronze_db' retrieved from /opt/airflow/dags/ingestion/send_data_to_bronze_db.py
[2026-03-24T17:26:44.086+0000] {logging_mixin.py:188} INFO - [2026-03-24T17:26:44.086+0000] {dag.py:3036} INFO - Sync 1 DAGs
[2026-03-24T17:26:44.092+0000] {logging_mixin.py:188} INFO - [2026-03-24T17:26:44.092+0000] {dag.py:3823} INFO - Setting next_dagrun for post_data_to_bronze_db to None, run_after=None
[2026-03-24T17:26:44.105+0000] {processor.py:183} INFO - Processing /opt/airflow/dags/ingestion/send_data_to_bronze_db.py took 0.180 seconds
[2026-03-24T17:27:14.667+0000] {processor.py:161} INFO - Started process (PID=402) to work on /opt/airflow/dags/ingestion/send_data_to_bronze_db.py
[2026-03-24T17:27:14.668+0000] {processor.py:830} INFO - Processing file /opt/airflow/dags/ingestion/send_data_to_bronze_db.py for tasks to queue
[2026-03-24T17:27:14.669+0000] {logging_mixin.py:188} INFO - [2026-03-24T17:27:14.669+0000] {dagbag.py:538} INFO - Filling up the DagBag from /opt/airflow/dags/ingestion/send_data_to_bronze_db.py
[2026-03-24T17:27:14.817+0000] {processor.py:840} INFO - DAG(s) 'post_data_to_bronze_db' retrieved from /opt/airflow/dags/ingestion/send_data_to_bronze_db.py
[2026-03-24T17:27:14.833+0000] {logging_mixin.py:188} INFO - [2026-03-24T17:27:14.833+0000] {dag.py:3036} INFO - Sync 1 DAGs
[2026-03-24T17:27:14.932+0000] {logging_mixin.py:188} INFO - [2026-03-24T17:27:14.932+0000] {dag.py:3823} INFO - Setting next_dagrun for post_data_to_bronze_db to None, run_after=None
[2026-03-24T17:27:14.943+0000] {processor.py:183} INFO - Processing /opt/airflow/dags/ingestion/send_data_to_bronze_db.py took 0.278 seconds
[2026-03-24T17:27:45.500+0000] {processor.py:161} INFO - Started process (PID=441) to work on /opt/airflow/dags/ingestion/send_data_to_bronze_db.py
[2026-03-24T17:27:45.501+0000] {processor.py:830} INFO - Processing file /opt/airflow/dags/ingestion/send_data_to_bronze_db.py for tasks to queue
[2026-03-24T17:27:45.501+0000] {logging_mixin.py:188} INFO - [2026-03-24T17:27:45.501+0000] {dagbag.py:538} INFO - Filling up the DagBag from /opt/airflow/dags/ingestion/send_data_to_bronze_db.py
[2026-03-24T17:27:45.730+0000] {processor.py:840} INFO - DAG(s) 'post_data_to_bronze_db' retrieved from /opt/airflow/dags/ingestion/send_data_to_bronze_db.py
[2026-03-24T17:27:45.742+0000] {logging_mixin.py:188} INFO - [2026-03-24T17:27:45.742+0000] {dag.py:3036} INFO - Sync 1 DAGs
[2026-03-24T17:27:45.748+0000] {logging_mixin.py:188} INFO - [2026-03-24T17:27:45.748+0000] {dag.py:3823} INFO - Setting next_dagrun for post_data_to_bronze_db to None, run_after=None
[2026-03-24T17:27:45.758+0000] {processor.py:183} INFO - Processing /opt/airflow/dags/ingestion/send_data_to_bronze_db.py took 0.260 seconds
[2026-03-24T17:28:16.325+0000] {processor.py:161} INFO - Started process (PID=480) to work on /opt/airflow/dags/ingestion/send_data_to_bronze_db.py
[2026-03-24T17:28:16.326+0000] {processor.py:830} INFO - Processing file /opt/airflow/dags/ingestion/send_data_to_bronze_db.py for tasks to queue
[2026-03-24T17:28:16.326+0000] {logging_mixin.py:188} INFO - [2026-03-24T17:28:16.326+0000] {dagbag.py:538} INFO - Filling up the DagBag from /opt/airflow/dags/ingestion/send_data_to_bronze_db.py
[2026-03-24T17:28:16.566+0000] {processor.py:840} INFO - DAG(s) 'post_data_to_bronze_db' retrieved from /opt/airflow/dags/ingestion/send_data_to_bronze_db.py
[2026-03-24T17:28:16.586+0000] {logging_mixin.py:188} INFO - [2026-03-24T17:28:16.586+0000] {dag.py:3036} INFO - Sync 1 DAGs
[2026-03-24T17:28:16.596+0000] {logging_mixin.py:188} INFO - [2026-03-24T17:28:16.596+0000] {dag.py:3823} INFO - Setting next_dagrun for post_data_to_bronze_db to None, run_after=None
[2026-03-24T17:28:16.606+0000] {processor.py:183} INFO - Processing /opt/airflow/dags/ingestion/send_data_to_bronze_db.py took 0.283 seconds
[2026-03-24T17:28:47.156+0000] {processor.py:161} INFO - Started process (PID=520) to work on /opt/airflow/dags/ingestion/send_data_to_bronze_db.py
[2026-03-24T17:28:47.158+0000] {processor.py:830} INFO - Processing file /opt/airflow/dags/ingestion/send_data_to_bronze_db.py for tasks to queue
[2026-03-24T17:28:47.158+0000] {logging_mixin.py:188} INFO - [2026-03-24T17:28:47.158+0000] {dagbag.py:538} INFO - Filling up the DagBag from /opt/airflow/dags/ingestion/send_data_to_bronze_db.py
[2026-03-24T17:28:47.374+0000] {processor.py:840} INFO - DAG(s) 'post_data_to_bronze_db' retrieved from /opt/airflow/dags/ingestion/send_data_to_bronze_db.py
[2026-03-24T17:28:47.385+0000] {logging_mixin.py:188} INFO - [2026-03-24T17:28:47.385+0000] {dag.py:3036} INFO - Sync 1 DAGs
[2026-03-24T17:28:47.391+0000] {logging_mixin.py:188} INFO - [2026-03-24T17:28:47.390+0000] {dag.py:3823} INFO - Setting next_dagrun for post_data_to_bronze_db to None, run_after=None
[2026-03-24T17:28:47.400+0000] {processor.py:183} INFO - Processing /opt/airflow/dags/ingestion/send_data_to_bronze_db.py took 0.245 seconds
[2026-03-24T17:29:17.987+0000] {processor.py:161} INFO - Started process (PID=558) to work on /opt/airflow/dags/ingestion/send_data_to_bronze_db.py
[2026-03-24T17:29:17.988+0000] {processor.py:830} INFO - Processing file /opt/airflow/dags/ingestion/send_data_to_bronze_db.py for tasks to queue
[2026-03-24T17:29:17.988+0000] {logging_mixin.py:188} INFO - [2026-03-24T17:29:17.988+0000] {dagbag.py:538} INFO - Filling up the DagBag from /opt/airflow/dags/ingestion/send_data_to_bronze_db.py
[2026-03-24T17:29:18.206+0000] {processor.py:840} INFO - DAG(s) 'post_data_to_bronze_db' retrieved from /opt/airflow/dags/ingestion/send_data_to_bronze_db.py
[2026-03-24T17:29:18.218+0000] {logging_mixin.py:188} INFO - [2026-03-24T17:29:18.217+0000] {dag.py:3036} INFO - Sync 1 DAGs
[2026-03-24T17:29:18.224+0000] {logging_mixin.py:188} INFO - [2026-03-24T17:29:18.224+0000] {dag.py:3823} INFO - Setting next_dagrun for post_data_to_bronze_db to None, run_after=None
[2026-03-24T17:29:18.235+0000] {processor.py:183} INFO - Processing /opt/airflow/dags/ingestion/send_data_to_bronze_db.py took 0.250 seconds
[2026-03-24T17:29:48.827+0000] {processor.py:161} INFO - Started process (PID=597) to work on /opt/airflow/dags/ingestion/send_data_to_bronze_db.py
[2026-03-24T17:29:48.827+0000] {processor.py:830} INFO - Processing file /opt/airflow/dags/ingestion/send_data_to_bronze_db.py for tasks to queue
[2026-03-24T17:29:48.828+0000] {logging_mixin.py:188} INFO - [2026-03-24T17:29:48.828+0000] {dagbag.py:538} INFO - Filling up the DagBag from /opt/airflow/dags/ingestion/send_data_to_bronze_db.py
[2026-03-24T17:29:49.047+0000] {processor.py:840} INFO - DAG(s) 'post_data_to_bronze_db' retrieved from /opt/airflow/dags/ingestion/send_data_to_bronze_db.py
[2026-03-24T17:29:49.060+0000] {logging_mixin.py:188} INFO - [2026-03-24T17:29:49.059+0000] {dag.py:3036} INFO - Sync 1 DAGs
[2026-03-24T17:29:49.065+0000] {logging_mixin.py:188} INFO - [2026-03-24T17:29:49.065+0000] {dag.py:3823} INFO - Setting next_dagrun for post_data_to_bronze_db to None, run_after=None
[2026-03-24T17:29:49.077+0000] {processor.py:183} INFO - Processing /opt/airflow/dags/ingestion/send_data_to_bronze_db.py took 0.252 seconds
[2026-03-24T17:30:19.689+0000] {processor.py:161} INFO - Started process (PID=636) to work on /opt/airflow/dags/ingestion/send_data_to_bronze_db.py
[2026-03-24T17:30:19.690+0000] {processor.py:830} INFO - Processing file /opt/airflow/dags/ingestion/send_data_to_bronze_db.py for tasks to queue
[2026-03-24T17:30:19.690+0000] {logging_mixin.py:188} INFO - [2026-03-24T17:30:19.690+0000] {dagbag.py:538} INFO - Filling up the DagBag from /opt/airflow/dags/ingestion/send_data_to_bronze_db.py
[2026-03-24T17:30:19.905+0000] {processor.py:840} INFO - DAG(s) 'post_data_to_bronze_db' retrieved from /opt/airflow/dags/ingestion/send_data_to_bronze_db.py
[2026-03-24T17:30:19.920+0000] {logging_mixin.py:188} INFO - [2026-03-24T17:30:19.920+0000] {dag.py:3036} INFO - Sync 1 DAGs
[2026-03-24T17:30:19.927+0000] {logging_mixin.py:188} INFO - [2026-03-24T17:30:19.927+0000] {dag.py:3823} INFO - Setting next_dagrun for post_data_to_bronze_db to None, run_after=None
[2026-03-24T17:30:19.939+0000] {processor.py:183} INFO - Processing /opt/airflow/dags/ingestion/send_data_to_bronze_db.py took 0.252 seconds
[2026-03-24T17:30:50.543+0000] {processor.py:161} INFO - Started process (PID=675) to work on /opt/airflow/dags/ingestion/send_data_to_bronze_db.py
[2026-03-24T17:30:50.543+0000] {processor.py:830} INFO - Processing file /opt/airflow/dags/ingestion/send_data_to_bronze_db.py for tasks to queue
[2026-03-24T17:30:50.544+0000] {logging_mixin.py:188} INFO - [2026-03-24T17:30:50.543+0000] {dagbag.py:538} INFO - Filling up the DagBag from /opt/airflow/dags/ingestion/send_data_to_bronze_db.py
[2026-03-24T17:30:50.765+0000] {processor.py:840} INFO - DAG(s) 'post_data_to_bronze_db' retrieved from /opt/airflow/dags/ingestion/send_data_to_bronze_db.py
[2026-03-24T17:30:50.776+0000] {logging_mixin.py:188} INFO - [2026-03-24T17:30:50.776+0000] {dag.py:3036} INFO - Sync 1 DAGs
[2026-03-24T17:30:50.781+0000] {logging_mixin.py:188} INFO - [2026-03-24T17:30:50.781+0000] {dag.py:3823} INFO - Setting next_dagrun for post_data_to_bronze_db to None, run_after=None
[2026-03-24T17:30:50.793+0000] {processor.py:183} INFO - Processing /opt/airflow/dags/ingestion/send_data_to_bronze_db.py took 0.252 seconds
[2026-03-24T17:31:21.409+0000] {processor.py:161} INFO - Started process (PID=714) to work on /opt/airflow/dags/ingestion/send_data_to_bronze_db.py
[2026-03-24T17:31:21.409+0000] {processor.py:830} INFO - Processing file /opt/airflow/dags/ingestion/send_data_to_bronze_db.py for tasks to queue
[2026-03-24T17:31:21.410+0000] {logging_mixin.py:188} INFO - [2026-03-24T17:31:21.410+0000] {dagbag.py:538} INFO - Filling up the DagBag from /opt/airflow/dags/ingestion/send_data_to_bronze_db.py
[2026-03-24T17:31:21.628+0000] {processor.py:840} INFO - DAG(s) 'post_data_to_bronze_db' retrieved from /opt/airflow/dags/ingestion/send_data_to_bronze_db.py
[2026-03-24T17:31:21.641+0000] {logging_mixin.py:188} INFO - [2026-03-24T17:31:21.641+0000] {dag.py:3036} INFO - Sync 1 DAGs
[2026-03-24T17:31:21.647+0000] {logging_mixin.py:188} INFO - [2026-03-24T17:31:21.647+0000] {dag.py:3823} INFO - Setting next_dagrun for post_data_to_bronze_db to None, run_after=None
[2026-03-24T17:31:21.659+0000] {processor.py:183} INFO - Processing /opt/airflow/dags/ingestion/send_data_to_bronze_db.py took 0.253 seconds
[2026-03-24T17:31:52.276+0000] {processor.py:161} INFO - Started process (PID=753) to work on /opt/airflow/dags/ingestion/send_data_to_bronze_db.py
[2026-03-24T17:31:52.277+0000] {processor.py:830} INFO - Processing file /opt/airflow/dags/ingestion/send_data_to_bronze_db.py for tasks to queue
[2026-03-24T17:31:52.277+0000] {logging_mixin.py:188} INFO - [2026-03-24T17:31:52.277+0000] {dagbag.py:538} INFO - Filling up the DagBag from /opt/airflow/dags/ingestion/send_data_to_bronze_db.py
[2026-03-24T17:31:52.493+0000] {processor.py:840} INFO - DAG(s) 'post_data_to_bronze_db' retrieved from /opt/airflow/dags/ingestion/send_data_to_bronze_db.py
[2026-03-24T17:31:52.504+0000] {logging_mixin.py:188} INFO - [2026-03-24T17:31:52.503+0000] {dag.py:3036} INFO - Sync 1 DAGs
[2026-03-24T17:31:52.509+0000] {logging_mixin.py:188} INFO - [2026-03-24T17:31:52.509+0000] {dag.py:3823} INFO - Setting next_dagrun for post_data_to_bronze_db to None, run_after=None
[2026-03-24T17:31:52.521+0000] {processor.py:183} INFO - Processing /opt/airflow/dags/ingestion/send_data_to_bronze_db.py took 0.248 seconds
[2026-03-24T17:32:23.128+0000] {processor.py:161} INFO - Started process (PID=792) to work on /opt/airflow/dags/ingestion/send_data_to_bronze_db.py
[2026-03-24T17:32:23.129+0000] {processor.py:830} INFO - Processing file /opt/airflow/dags/ingestion/send_data_to_bronze_db.py for tasks to queue
[2026-03-24T17:32:23.129+0000] {logging_mixin.py:188} INFO - [2026-03-24T17:32:23.129+0000] {dagbag.py:538} INFO - Filling up the DagBag from /opt/airflow/dags/ingestion/send_data_to_bronze_db.py
[2026-03-24T17:32:23.359+0000] {processor.py:840} INFO - DAG(s) 'post_data_to_bronze_db' retrieved from /opt/airflow/dags/ingestion/send_data_to_bronze_db.py
[2026-03-24T17:32:23.369+0000] {logging_mixin.py:188} INFO - [2026-03-24T17:32:23.369+0000] {dag.py:3036} INFO - Sync 1 DAGs
[2026-03-24T17:32:23.375+0000] {logging_mixin.py:188} INFO - [2026-03-24T17:32:23.375+0000] {dag.py:3823} INFO - Setting next_dagrun for post_data_to_bronze_db to None, run_after=None
[2026-03-24T17:32:23.386+0000] {processor.py:183} INFO - Processing /opt/airflow/dags/ingestion/send_data_to_bronze_db.py took 0.260 seconds
[2026-03-24T17:32:53.973+0000] {processor.py:161} INFO - Started process (PID=832) to work on /opt/airflow/dags/ingestion/send_data_to_bronze_db.py
[2026-03-24T17:32:53.975+0000] {processor.py:830} INFO - Processing file /opt/airflow/dags/ingestion/send_data_to_bronze_db.py for tasks to queue
[2026-03-24T17:32:53.975+0000] {logging_mixin.py:188} INFO - [2026-03-24T17:32:53.975+0000] {dagbag.py:538} INFO - Filling up the DagBag from /opt/airflow/dags/ingestion/send_data_to_bronze_db.py
[2026-03-24T17:32:54.192+0000] {processor.py:840} INFO - DAG(s) 'post_data_to_bronze_db' retrieved from /opt/airflow/dags/ingestion/send_data_to_bronze_db.py
[2026-03-24T17:32:54.203+0000] {logging_mixin.py:188} INFO - [2026-03-24T17:32:54.203+0000] {dag.py:3036} INFO - Sync 1 DAGs
[2026-03-24T17:32:54.208+0000] {logging_mixin.py:188} INFO - [2026-03-24T17:32:54.208+0000] {dag.py:3823} INFO - Setting next_dagrun for post_data_to_bronze_db to None, run_after=None
[2026-03-24T17:32:54.218+0000] {processor.py:183} INFO - Processing /opt/airflow/dags/ingestion/send_data_to_bronze_db.py took 0.246 seconds
[2026-03-24T17:33:24.810+0000] {processor.py:161} INFO - Started process (PID=870) to work on /opt/airflow/dags/ingestion/send_data_to_bronze_db.py
[2026-03-24T17:33:24.810+0000] {processor.py:830} INFO - Processing file /opt/airflow/dags/ingestion/send_data_to_bronze_db.py for tasks to queue
[2026-03-24T17:33:24.810+0000] {logging_mixin.py:188} INFO - [2026-03-24T17:33:24.810+0000] {dagbag.py:538} INFO - Filling up the DagBag from /opt/airflow/dags/ingestion/send_data_to_bronze_db.py
[2026-03-24T17:33:25.045+0000] {processor.py:840} INFO - DAG(s) 'post_data_to_bronze_db' retrieved from /opt/airflow/dags/ingestion/send_data_to_bronze_db.py
[2026-03-24T17:33:25.055+0000] {logging_mixin.py:188} INFO - [2026-03-24T17:33:25.055+0000] {dag.py:3036} INFO - Sync 1 DAGs
[2026-03-24T17:33:25.061+0000] {logging_mixin.py:188} INFO - [2026-03-24T17:33:25.061+0000] {dag.py:3823} INFO - Setting next_dagrun for post_data_to_bronze_db to None, run_after=None
[2026-03-24T17:33:25.073+0000] {processor.py:183} INFO - Processing /opt/airflow/dags/ingestion/send_data_to_bronze_db.py took 0.265 seconds
[2026-03-24T17:33:55.671+0000] {processor.py:161} INFO - Started process (PID=909) to work on /opt/airflow/dags/ingestion/send_data_to_bronze_db.py
[2026-03-24T17:33:55.672+0000] {processor.py:830} INFO - Processing file /opt/airflow/dags/ingestion/send_data_to_bronze_db.py for tasks to queue
[2026-03-24T17:33:55.672+0000] {logging_mixin.py:188} INFO - [2026-03-24T17:33:55.672+0000] {dagbag.py:538} INFO - Filling up the DagBag from /opt/airflow/dags/ingestion/send_data_to_bronze_db.py
[2026-03-24T17:33:55.889+0000] {processor.py:840} INFO - DAG(s) 'post_data_to_bronze_db' retrieved from /opt/airflow/dags/ingestion/send_data_to_bronze_db.py
[2026-03-24T17:33:55.903+0000] {logging_mixin.py:188} INFO - [2026-03-24T17:33:55.903+0000] {dag.py:3036} INFO - Sync 1 DAGs
[2026-03-24T17:33:55.911+0000] {logging_mixin.py:188} INFO - [2026-03-24T17:33:55.911+0000] {dag.py:3823} INFO - Setting next_dagrun for post_data_to_bronze_db to None, run_after=None
[2026-03-24T17:33:55.921+0000] {processor.py:183} INFO - Processing /opt/airflow/dags/ingestion/send_data_to_bronze_db.py took 0.252 seconds
[2026-03-24T17:34:26.516+0000] {processor.py:161} INFO - Started process (PID=948) to work on /opt/airflow/dags/ingestion/send_data_to_bronze_db.py
[2026-03-24T17:34:26.517+0000] {processor.py:830} INFO - Processing file /opt/airflow/dags/ingestion/send_data_to_bronze_db.py for tasks to queue
[2026-03-24T17:34:26.518+0000] {logging_mixin.py:188} INFO - [2026-03-24T17:34:26.517+0000] {dagbag.py:538} INFO - Filling up the DagBag from /opt/airflow/dags/ingestion/send_data_to_bronze_db.py
[2026-03-24T17:34:26.739+0000] {processor.py:840} INFO - DAG(s) 'post_data_to_bronze_db' retrieved from /opt/airflow/dags/ingestion/send_data_to_bronze_db.py
[2026-03-24T17:34:26.751+0000] {logging_mixin.py:188} INFO - [2026-03-24T17:34:26.751+0000] {dag.py:3036} INFO - Sync 1 DAGs
[2026-03-24T17:34:26.757+0000] {logging_mixin.py:188} INFO - [2026-03-24T17:34:26.757+0000] {dag.py:3823} INFO - Setting next_dagrun for post_data_to_bronze_db to None, run_after=None
[2026-03-24T17:34:26.769+0000] {processor.py:183} INFO - Processing /opt/airflow/dags/ingestion/send_data_to_bronze_db.py took 0.254 seconds
[2026-03-24T17:34:57.388+0000] {processor.py:161} INFO - Started process (PID=987) to work on /opt/airflow/dags/ingestion/send_data_to_bronze_db.py
[2026-03-24T17:34:57.388+0000] {processor.py:830} INFO - Processing file /opt/airflow/dags/ingestion/send_data_to_bronze_db.py for tasks to queue
[2026-03-24T17:34:57.389+0000] {logging_mixin.py:188} INFO - [2026-03-24T17:34:57.388+0000] {dagbag.py:538} INFO - Filling up the DagBag from /opt/airflow/dags/ingestion/send_data_to_bronze_db.py
[2026-03-24T17:34:57.606+0000] {processor.py:840} INFO - DAG(s) 'post_data_to_bronze_db' retrieved from /opt/airflow/dags/ingestion/send_data_to_bronze_db.py
[2026-03-24T17:34:57.619+0000] {logging_mixin.py:188} INFO - [2026-03-24T17:34:57.618+0000] {dag.py:3036} INFO - Sync 1 DAGs
[2026-03-24T17:34:57.625+0000] {logging_mixin.py:188} INFO - [2026-03-24T17:34:57.625+0000] {dag.py:3823} INFO - Setting next_dagrun for post_data_to_bronze_db to None, run_after=None
[2026-03-24T17:34:57.634+0000] {processor.py:183} INFO - Processing /opt/airflow/dags/ingestion/send_data_to_bronze_db.py took 0.248 seconds
[2026-03-24T17:35:28.235+0000] {processor.py:161} INFO - Started process (PID=1026) to work on /opt/airflow/dags/ingestion/send_data_to_bronze_db.py
[2026-03-24T17:35:28.235+0000] {processor.py:830} INFO - Processing file /opt/airflow/dags/ingestion/send_data_to_bronze_db.py for tasks to queue
[2026-03-24T17:35:28.236+0000] {logging_mixin.py:188} INFO - [2026-03-24T17:35:28.236+0000] {dagbag.py:538} INFO - Filling up the DagBag from /opt/airflow/dags/ingestion/send_data_to_bronze_db.py
[2026-03-24T17:35:28.454+0000] {processor.py:840} INFO - DAG(s) 'post_data_to_bronze_db' retrieved from /opt/airflow/dags/ingestion/send_data_to_bronze_db.py
[2026-03-24T17:35:28.468+0000] {logging_mixin.py:188} INFO - [2026-03-24T17:35:28.468+0000] {dag.py:3036} INFO - Sync 1 DAGs
[2026-03-24T17:35:28.474+0000] {logging_mixin.py:188} INFO - [2026-03-24T17:35:28.474+0000] {dag.py:3823} INFO - Setting next_dagrun for post_data_to_bronze_db to None, run_after=None
[2026-03-24T17:35:28.486+0000] {processor.py:183} INFO - Processing /opt/airflow/dags/ingestion/send_data_to_bronze_db.py took 0.253 seconds
[2026-03-24T17:35:59.083+0000] {processor.py:161} INFO - Started process (PID=1065) to work on /opt/airflow/dags/ingestion/send_data_to_bronze_db.py
[2026-03-24T17:35:59.084+0000] {processor.py:830} INFO - Processing file /opt/airflow/dags/ingestion/send_data_to_bronze_db.py for tasks to queue
[2026-03-24T17:35:59.084+0000] {logging_mixin.py:188} INFO - [2026-03-24T17:35:59.084+0000] {dagbag.py:538} INFO - Filling up the DagBag from /opt/airflow/dags/ingestion/send_data_to_bronze_db.py
[2026-03-24T17:35:59.298+0000] {processor.py:840} INFO - DAG(s) 'post_data_to_bronze_db' retrieved from /opt/airflow/dags/ingestion/send_data_to_bronze_db.py
[2026-03-24T17:35:59.309+0000] {logging_mixin.py:188} INFO - [2026-03-24T17:35:59.309+0000] {dag.py:3036} INFO - Sync 1 DAGs
[2026-03-24T17:35:59.315+0000] {logging_mixin.py:188} INFO - [2026-03-24T17:35:59.315+0000] {dag.py:3823} INFO - Setting next_dagrun for post_data_to_bronze_db to None, run_after=None
[2026-03-24T17:35:59.325+0000] {processor.py:183} INFO - Processing /opt/airflow/dags/ingestion/send_data_to_bronze_db.py took 0.244 seconds
[2026-03-24T17:36:29.914+0000] {processor.py:161} INFO - Started process (PID=1104) to work on /opt/airflow/dags/ingestion/send_data_to_bronze_db.py
[2026-03-24T17:36:29.915+0000] {processor.py:830} INFO - Processing file /opt/airflow/dags/ingestion/send_data_to_bronze_db.py for tasks to queue
[2026-03-24T17:36:29.915+0000] {logging_mixin.py:188} INFO - [2026-03-24T17:36:29.915+0000] {dagbag.py:538} INFO - Filling up the DagBag from /opt/airflow/dags/ingestion/send_data_to_bronze_db.py
[2026-03-24T17:36:30.134+0000] {processor.py:840} INFO - DAG(s) 'post_data_to_bronze_db' retrieved from /opt/airflow/dags/ingestion/send_data_to_bronze_db.py
[2026-03-24T17:36:30.145+0000] {logging_mixin.py:188} INFO - [2026-03-24T17:36:30.145+0000] {dag.py:3036} INFO - Sync 1 DAGs
[2026-03-24T17:36:30.152+0000] {logging_mixin.py:188} INFO - [2026-03-24T17:36:30.151+0000] {dag.py:3823} INFO - Setting next_dagrun for post_data_to_bronze_db to None, run_after=None
[2026-03-24T17:36:30.163+0000] {processor.py:183} INFO - Processing /opt/airflow/dags/ingestion/send_data_to_bronze_db.py took 0.250 seconds
[2026-03-24T17:37:00.757+0000] {processor.py:161} INFO - Started process (PID=1143) to work on /opt/airflow/dags/ingestion/send_data_to_bronze_db.py
[2026-03-24T17:37:00.757+0000] {processor.py:830} INFO - Processing file /opt/airflow/dags/ingestion/send_data_to_bronze_db.py for tasks to queue
[2026-03-24T17:37:00.758+0000] {logging_mixin.py:188} INFO - [2026-03-24T17:37:00.758+0000] {dagbag.py:538} INFO - Filling up the DagBag from /opt/airflow/dags/ingestion/send_data_to_bronze_db.py
[2026-03-24T17:37:00.976+0000] {processor.py:840} INFO - DAG(s) 'post_data_to_bronze_db' retrieved from /opt/airflow/dags/ingestion/send_data_to_bronze_db.py
[2026-03-24T17:37:00.990+0000] {logging_mixin.py:188} INFO - [2026-03-24T17:37:00.989+0000] {dag.py:3036} INFO - Sync 1 DAGs
[2026-03-24T17:37:00.995+0000] {logging_mixin.py:188} INFO - [2026-03-24T17:37:00.995+0000] {dag.py:3823} INFO - Setting next_dagrun for post_data_to_bronze_db to None, run_after=None
[2026-03-24T17:37:01.005+0000] {processor.py:183} INFO - Processing /opt/airflow/dags/ingestion/send_data_to_bronze_db.py took 0.250 seconds
[2026-03-24T17:37:31.578+0000] {processor.py:161} INFO - Started process (PID=1182) to work on /opt/airflow/dags/ingestion/send_data_to_bronze_db.py
[2026-03-24T17:37:31.578+0000] {processor.py:830} INFO - Processing file /opt/airflow/dags/ingestion/send_data_to_bronze_db.py for tasks to queue
[2026-03-24T17:37:31.579+0000] {logging_mixin.py:188} INFO - [2026-03-24T17:37:31.579+0000] {dagbag.py:538} INFO - Filling up the DagBag from /opt/airflow/dags/ingestion/send_data_to_bronze_db.py
[2026-03-24T17:37:31.792+0000] {processor.py:840} INFO - DAG(s) 'post_data_to_bronze_db' retrieved from /opt/airflow/dags/ingestion/send_data_to_bronze_db.py
[2026-03-24T17:37:31.806+0000] {logging_mixin.py:188} INFO - [2026-03-24T17:37:31.806+0000] {dag.py:3036} INFO - Sync 1 DAGs
[2026-03-24T17:37:31.815+0000] {logging_mixin.py:188} INFO - [2026-03-24T17:37:31.815+0000] {dag.py:3823} INFO - Setting next_dagrun for post_data_to_bronze_db to None, run_after=None
[2026-03-24T17:37:31.825+0000] {processor.py:183} INFO - Processing /opt/airflow/dags/ingestion/send_data_to_bronze_db.py took 0.249 seconds
[2026-03-24T17:38:02.403+0000] {processor.py:161} INFO - Started process (PID=1221) to work on /opt/airflow/dags/ingestion/send_data_to_bronze_db.py
[2026-03-24T17:38:02.403+0000] {processor.py:830} INFO - Processing file /opt/airflow/dags/ingestion/send_data_to_bronze_db.py for tasks to queue
[2026-03-24T17:38:02.404+0000] {logging_mixin.py:188} INFO - [2026-03-24T17:38:02.403+0000] {dagbag.py:538} INFO - Filling up the DagBag from /opt/airflow/dags/ingestion/send_data_to_bronze_db.py
[2026-03-24T17:38:02.617+0000] {processor.py:840} INFO - DAG(s) 'post_data_to_bronze_db' retrieved from /opt/airflow/dags/ingestion/send_data_to_bronze_db.py
[2026-03-24T17:38:02.630+0000] {logging_mixin.py:188} INFO - [2026-03-24T17:38:02.630+0000] {dag.py:3036} INFO - Sync 1 DAGs
[2026-03-24T17:38:02.636+0000] {logging_mixin.py:188} INFO - [2026-03-24T17:38:02.635+0000] {dag.py:3823} INFO - Setting next_dagrun for post_data_to_bronze_db to None, run_after=None
[2026-03-24T17:38:02.648+0000] {processor.py:183} INFO - Processing /opt/airflow/dags/ingestion/send_data_to_bronze_db.py took 0.247 seconds
[2026-03-24T17:38:33.231+0000] {processor.py:161} INFO - Started process (PID=1260) to work on /opt/airflow/dags/ingestion/send_data_to_bronze_db.py
[2026-03-24T17:38:33.231+0000] {processor.py:830} INFO - Processing file /opt/airflow/dags/ingestion/send_data_to_bronze_db.py for tasks to queue
[2026-03-24T17:38:33.232+0000] {logging_mixin.py:188} INFO - [2026-03-24T17:38:33.231+0000] {dagbag.py:538} INFO - Filling up the DagBag from /opt/airflow/dags/ingestion/send_data_to_bronze_db.py
[2026-03-24T17:38:33.446+0000] {processor.py:840} INFO - DAG(s) 'post_data_to_bronze_db' retrieved from /opt/airflow/dags/ingestion/send_data_to_bronze_db.py
[2026-03-24T17:38:33.464+0000] {logging_mixin.py:188} INFO - [2026-03-24T17:38:33.463+0000] {dag.py:3036} INFO - Sync 1 DAGs
[2026-03-24T17:38:33.475+0000] {logging_mixin.py:188} INFO - [2026-03-24T17:38:33.475+0000] {dag.py:3823} INFO - Setting next_dagrun for post_data_to_bronze_db to None, run_after=None
[2026-03-24T17:38:33.489+0000] {processor.py:183} INFO - Processing /opt/airflow/dags/ingestion/send_data_to_bronze_db.py took 0.261 seconds
[2026-03-24T17:39:04.102+0000] {processor.py:161} INFO - Started process (PID=1299) to work on /opt/airflow/dags/ingestion/send_data_to_bronze_db.py
[2026-03-24T17:39:04.103+0000] {processor.py:830} INFO - Processing file /opt/airflow/dags/ingestion/send_data_to_bronze_db.py for tasks to queue
[2026-03-24T17:39:04.103+0000] {logging_mixin.py:188} INFO - [2026-03-24T17:39:04.103+0000] {dagbag.py:538} INFO - Filling up the DagBag from /opt/airflow/dags/ingestion/send_data_to_bronze_db.py
[2026-03-24T17:39:04.317+0000] {processor.py:840} INFO - DAG(s) 'post_data_to_bronze_db' retrieved from /opt/airflow/dags/ingestion/send_data_to_bronze_db.py
[2026-03-24T17:39:04.328+0000] {logging_mixin.py:188} INFO - [2026-03-24T17:39:04.328+0000] {dag.py:3036} INFO - Sync 1 DAGs
[2026-03-24T17:39:04.334+0000] {logging_mixin.py:188} INFO - [2026-03-24T17:39:04.334+0000] {dag.py:3823} INFO - Setting next_dagrun for post_data_to_bronze_db to None, run_after=None
[2026-03-24T17:39:04.347+0000] {processor.py:183} INFO - Processing /opt/airflow/dags/ingestion/send_data_to_bronze_db.py took 0.247 seconds
[2026-03-24T17:39:34.952+0000] {processor.py:161} INFO - Started process (PID=1338) to work on /opt/airflow/dags/ingestion/send_data_to_bronze_db.py
[2026-03-24T17:39:34.953+0000] {processor.py:830} INFO - Processing file /opt/airflow/dags/ingestion/send_data_to_bronze_db.py for tasks to queue
[2026-03-24T17:39:34.953+0000] {logging_mixin.py:188} INFO - [2026-03-24T17:39:34.953+0000] {dagbag.py:538} INFO - Filling up the DagBag from /opt/airflow/dags/ingestion/send_data_to_bronze_db.py
[2026-03-24T17:39:35.168+0000] {processor.py:840} INFO - DAG(s) 'post_data_to_bronze_db' retrieved from /opt/airflow/dags/ingestion/send_data_to_bronze_db.py
[2026-03-24T17:39:35.181+0000] {logging_mixin.py:188} INFO - [2026-03-24T17:39:35.181+0000] {dag.py:3036} INFO - Sync 1 DAGs
[2026-03-24T17:39:35.188+0000] {logging_mixin.py:188} INFO - [2026-03-24T17:39:35.188+0000] {dag.py:3823} INFO - Setting next_dagrun for post_data_to_bronze_db to None, run_after=None
[2026-03-24T17:39:35.198+0000] {processor.py:183} INFO - Processing /opt/airflow/dags/ingestion/send_data_to_bronze_db.py took 0.249 seconds
[2026-03-24T17:40:05.808+0000] {processor.py:161} INFO - Started process (PID=1377) to work on /opt/airflow/dags/ingestion/send_data_to_bronze_db.py
[2026-03-24T17:40:05.809+0000] {processor.py:830} INFO - Processing file /opt/airflow/dags/ingestion/send_data_to_bronze_db.py for tasks to queue
[2026-03-24T17:40:05.809+0000] {logging_mixin.py:188} INFO - [2026-03-24T17:40:05.809+0000] {dagbag.py:538} INFO - Filling up the DagBag from /opt/airflow/dags/ingestion/send_data_to_bronze_db.py
[2026-03-24T17:40:06.040+0000] {processor.py:840} INFO - DAG(s) 'post_data_to_bronze_db' retrieved from /opt/airflow/dags/ingestion/send_data_to_bronze_db.py
[2026-03-24T17:40:06.051+0000] {logging_mixin.py:188} INFO - [2026-03-24T17:40:06.051+0000] {dag.py:3036} INFO - Sync 1 DAGs
[2026-03-24T17:40:06.057+0000] {logging_mixin.py:188} INFO - [2026-03-24T17:40:06.057+0000] {dag.py:3823} INFO - Setting next_dagrun for post_data_to_bronze_db to None, run_after=None
[2026-03-24T17:40:06.067+0000] {processor.py:183} INFO - Processing /opt/airflow/dags/ingestion/send_data_to_bronze_db.py took 0.261 seconds
[2026-03-24T17:40:36.670+0000] {processor.py:161} INFO - Started process (PID=1417) to work on /opt/airflow/dags/ingestion/send_data_to_bronze_db.py
[2026-03-24T17:40:36.671+0000] {processor.py:830} INFO - Processing file /opt/airflow/dags/ingestion/send_data_to_bronze_db.py for tasks to queue
[2026-03-24T17:40:36.671+0000] {logging_mixin.py:188} INFO - [2026-03-24T17:40:36.671+0000] {dagbag.py:538} INFO - Filling up the DagBag from /opt/airflow/dags/ingestion/send_data_to_bronze_db.py
[2026-03-24T17:40:36.887+0000] {processor.py:840} INFO - DAG(s) 'post_data_to_bronze_db' retrieved from /opt/airflow/dags/ingestion/send_data_to_bronze_db.py
[2026-03-24T17:40:36.899+0000] {logging_mixin.py:188} INFO - [2026-03-24T17:40:36.899+0000] {dag.py:3036} INFO - Sync 1 DAGs
[2026-03-24T17:40:36.905+0000] {logging_mixin.py:188} INFO - [2026-03-24T17:40:36.905+0000] {dag.py:3823} INFO - Setting next_dagrun for post_data_to_bronze_db to None, run_after=None
[2026-03-24T17:40:36.914+0000] {processor.py:183} INFO - Processing /opt/airflow/dags/ingestion/send_data_to_bronze_db.py took 0.245 seconds
[2026-03-24T17:41:07.472+0000] {processor.py:161} INFO - Started process (PID=1455) to work on /opt/airflow/dags/ingestion/send_data_to_bronze_db.py
[2026-03-24T17:41:07.472+0000] {processor.py:830} INFO - Processing file /opt/airflow/dags/ingestion/send_data_to_bronze_db.py for tasks to queue
[2026-03-24T17:41:07.472+0000] {logging_mixin.py:188} INFO - [2026-03-24T17:41:07.472+0000] {dagbag.py:538} INFO - Filling up the DagBag from /opt/airflow/dags/ingestion/send_data_to_bronze_db.py
[2026-03-24T17:41:07.696+0000] {processor.py:840} INFO - DAG(s) 'post_data_to_bronze_db' retrieved from /opt/airflow/dags/ingestion/send_data_to_bronze_db.py
[2026-03-24T17:41:07.707+0000] {logging_mixin.py:188} INFO - [2026-03-24T17:41:07.707+0000] {dag.py:3036} INFO - Sync 1 DAGs
[2026-03-24T17:41:07.713+0000] {logging_mixin.py:188} INFO - [2026-03-24T17:41:07.713+0000] {dag.py:3823} INFO - Setting next_dagrun for post_data_to_bronze_db to None, run_after=None
[2026-03-24T17:41:07.725+0000] {processor.py:183} INFO - Processing /opt/airflow/dags/ingestion/send_data_to_bronze_db.py took 0.255 seconds
[2026-03-24T17:41:38.307+0000] {processor.py:161} INFO - Started process (PID=1494) to work on /opt/airflow/dags/ingestion/send_data_to_bronze_db.py
[2026-03-24T17:41:38.307+0000] {processor.py:830} INFO - Processing file /opt/airflow/dags/ingestion/send_data_to_bronze_db.py for tasks to queue
[2026-03-24T17:41:38.308+0000] {logging_mixin.py:188} INFO - [2026-03-24T17:41:38.308+0000] {dagbag.py:538} INFO - Filling up the DagBag from /opt/airflow/dags/ingestion/send_data_to_bronze_db.py
[2026-03-24T17:41:38.527+0000] {processor.py:840} INFO - DAG(s) 'post_data_to_bronze_db' retrieved from /opt/airflow/dags/ingestion/send_data_to_bronze_db.py
[2026-03-24T17:41:38.538+0000] {logging_mixin.py:188} INFO - [2026-03-24T17:41:38.538+0000] {dag.py:3036} INFO - Sync 1 DAGs
[2026-03-24T17:41:38.544+0000] {logging_mixin.py:188} INFO - [2026-03-24T17:41:38.544+0000] {dag.py:3823} INFO - Setting next_dagrun for post_data_to_bronze_db to None, run_after=None
[2026-03-24T17:41:38.554+0000] {processor.py:183} INFO - Processing /opt/airflow/dags/ingestion/send_data_to_bronze_db.py took 0.250 seconds
[2026-03-24T17:42:09.154+0000] {processor.py:161} INFO - Started process (PID=1533) to work on /opt/airflow/dags/ingestion/send_data_to_bronze_db.py
[2026-03-24T17:42:09.154+0000] {processor.py:830} INFO - Processing file /opt/airflow/dags/ingestion/send_data_to_bronze_db.py for tasks to queue
[2026-03-24T17:42:09.155+0000] {logging_mixin.py:188} INFO - [2026-03-24T17:42:09.154+0000] {dagbag.py:538} INFO - Filling up the DagBag from /opt/airflow/dags/ingestion/send_data_to_bronze_db.py
[2026-03-24T17:42:09.390+0000] {processor.py:840} INFO - DAG(s) 'post_data_to_bronze_db' retrieved from /opt/airflow/dags/ingestion/send_data_to_bronze_db.py
[2026-03-24T17:42:09.401+0000] {logging_mixin.py:188} INFO - [2026-03-24T17:42:09.400+0000] {dag.py:3036} INFO - Sync 1 DAGs
[2026-03-24T17:42:09.406+0000] {logging_mixin.py:188} INFO - [2026-03-24T17:42:09.406+0000] {dag.py:3823} INFO - Setting next_dagrun for post_data_to_bronze_db to None, run_after=None
[2026-03-24T17:42:09.416+0000] {processor.py:183} INFO - Processing /opt/airflow/dags/ingestion/send_data_to_bronze_db.py took 0.264 seconds
[2026-03-24T17:42:39.984+0000] {processor.py:161} INFO - Started process (PID=1572) to work on /opt/airflow/dags/ingestion/send_data_to_bronze_db.py
[2026-03-24T17:42:39.984+0000] {processor.py:830} INFO - Processing file /opt/airflow/dags/ingestion/send_data_to_bronze_db.py for tasks to queue
[2026-03-24T17:42:39.985+0000] {logging_mixin.py:188} INFO - [2026-03-24T17:42:39.984+0000] {dagbag.py:538} INFO - Filling up the DagBag from /opt/airflow/dags/ingestion/send_data_to_bronze_db.py
[2026-03-24T17:42:40.207+0000] {processor.py:840} INFO - DAG(s) 'post_data_to_bronze_db' retrieved from /opt/airflow/dags/ingestion/send_data_to_bronze_db.py
[2026-03-24T17:42:40.219+0000] {logging_mixin.py:188} INFO - [2026-03-24T17:42:40.219+0000] {dag.py:3036} INFO - Sync 1 DAGs
[2026-03-24T17:42:40.225+0000] {logging_mixin.py:188} INFO - [2026-03-24T17:42:40.225+0000] {dag.py:3823} INFO - Setting next_dagrun for post_data_to_bronze_db to None, run_after=None
[2026-03-24T17:42:40.237+0000] {processor.py:183} INFO - Processing /opt/airflow/dags/ingestion/send_data_to_bronze_db.py took 0.255 seconds
[2026-03-24T17:43:10.826+0000] {processor.py:161} INFO - Started process (PID=1612) to work on /opt/airflow/dags/ingestion/send_data_to_bronze_db.py
[2026-03-24T17:43:10.828+0000] {processor.py:830} INFO - Processing file /opt/airflow/dags/ingestion/send_data_to_bronze_db.py for tasks to queue
[2026-03-24T17:43:10.829+0000] {logging_mixin.py:188} INFO - [2026-03-24T17:43:10.828+0000] {dagbag.py:538} INFO - Filling up the DagBag from /opt/airflow/dags/ingestion/send_data_to_bronze_db.py
[2026-03-24T17:43:11.045+0000] {processor.py:840} INFO - DAG(s) 'post_data_to_bronze_db' retrieved from /opt/airflow/dags/ingestion/send_data_to_bronze_db.py
[2026-03-24T17:43:11.056+0000] {logging_mixin.py:188} INFO - [2026-03-24T17:43:11.055+0000] {dag.py:3036} INFO - Sync 1 DAGs
[2026-03-24T17:43:11.061+0000] {logging_mixin.py:188} INFO - [2026-03-24T17:43:11.061+0000] {dag.py:3823} INFO - Setting next_dagrun for post_data_to_bronze_db to None, run_after=None
[2026-03-24T17:43:11.072+0000] {processor.py:183} INFO - Processing /opt/airflow/dags/ingestion/send_data_to_bronze_db.py took 0.248 seconds
[2026-03-24T17:43:41.587+0000] {processor.py:161} INFO - Started process (PID=1673) to work on /opt/airflow/dags/ingestion/send_data_to_bronze_db.py
[2026-03-24T17:43:41.588+0000] {processor.py:830} INFO - Processing file /opt/airflow/dags/ingestion/send_data_to_bronze_db.py for tasks to queue
[2026-03-24T17:43:41.588+0000] {logging_mixin.py:188} INFO - [2026-03-24T17:43:41.588+0000] {dagbag.py:538} INFO - Filling up the DagBag from /opt/airflow/dags/ingestion/send_data_to_bronze_db.py
[2026-03-24T17:43:41.802+0000] {processor.py:840} INFO - DAG(s) 'post_data_to_bronze_db' retrieved from /opt/airflow/dags/ingestion/send_data_to_bronze_db.py
[2026-03-24T17:43:41.817+0000] {logging_mixin.py:188} INFO - [2026-03-24T17:43:41.816+0000] {dag.py:3036} INFO - Sync 1 DAGs
[2026-03-24T17:43:41.822+0000] {logging_mixin.py:188} INFO - [2026-03-24T17:43:41.822+0000] {dag.py:3823} INFO - Setting next_dagrun for post_data_to_bronze_db to None, run_after=None
[2026-03-24T17:43:41.835+0000] {processor.py:183} INFO - Processing /opt/airflow/dags/ingestion/send_data_to_bronze_db.py took 0.249 seconds
[2026-03-24T17:44:12.423+0000] {processor.py:161} INFO - Started process (PID=1712) to work on /opt/airflow/dags/ingestion/send_data_to_bronze_db.py
[2026-03-24T17:44:12.423+0000] {processor.py:830} INFO - Processing file /opt/airflow/dags/ingestion/send_data_to_bronze_db.py for tasks to queue
[2026-03-24T17:44:12.424+0000] {logging_mixin.py:188} INFO - [2026-03-24T17:44:12.423+0000] {dagbag.py:538} INFO - Filling up the DagBag from /opt/airflow/dags/ingestion/send_data_to_bronze_db.py
[2026-03-24T17:44:12.648+0000] {processor.py:840} INFO - DAG(s) 'post_data_to_bronze_db' retrieved from /opt/airflow/dags/ingestion/send_data_to_bronze_db.py
[2026-03-24T17:44:12.658+0000] {logging_mixin.py:188} INFO - [2026-03-24T17:44:12.658+0000] {dag.py:3036} INFO - Sync 1 DAGs
[2026-03-24T17:44:12.664+0000] {logging_mixin.py:188} INFO - [2026-03-24T17:44:12.664+0000] {dag.py:3823} INFO - Setting next_dagrun for post_data_to_bronze_db to None, run_after=None
[2026-03-24T17:44:12.675+0000] {processor.py:183} INFO - Processing /opt/airflow/dags/ingestion/send_data_to_bronze_db.py took 0.254 seconds
[2026-03-24T17:44:43.241+0000] {processor.py:161} INFO - Started process (PID=1751) to work on /opt/airflow/dags/ingestion/send_data_to_bronze_db.py
[2026-03-24T17:44:43.241+0000] {processor.py:830} INFO - Processing file /opt/airflow/dags/ingestion/send_data_to_bronze_db.py for tasks to queue
[2026-03-24T17:44:43.242+0000] {logging_mixin.py:188} INFO - [2026-03-24T17:44:43.242+0000] {dagbag.py:538} INFO - Filling up the DagBag from /opt/airflow/dags/ingestion/send_data_to_bronze_db.py
[2026-03-24T17:44:43.465+0000] {processor.py:840} INFO - DAG(s) 'post_data_to_bronze_db' retrieved from /opt/airflow/dags/ingestion/send_data_to_bronze_db.py
[2026-03-24T17:44:43.480+0000] {logging_mixin.py:188} INFO - [2026-03-24T17:44:43.480+0000] {dag.py:3036} INFO - Sync 1 DAGs
[2026-03-24T17:44:43.486+0000] {logging_mixin.py:188} INFO - [2026-03-24T17:44:43.486+0000] {dag.py:3823} INFO - Setting next_dagrun for post_data_to_bronze_db to None, run_after=None
[2026-03-24T17:44:43.496+0000] {processor.py:183} INFO - Processing /opt/airflow/dags/ingestion/send_data_to_bronze_db.py took 0.257 seconds
[2026-03-24T17:45:14.078+0000] {processor.py:161} INFO - Started process (PID=1790) to work on /opt/airflow/dags/ingestion/send_data_to_bronze_db.py
[2026-03-24T17:45:14.079+0000] {processor.py:830} INFO - Processing file /opt/airflow/dags/ingestion/send_data_to_bronze_db.py for tasks to queue
[2026-03-24T17:45:14.079+0000] {logging_mixin.py:188} INFO - [2026-03-24T17:45:14.079+0000] {dagbag.py:538} INFO - Filling up the DagBag from /opt/airflow/dags/ingestion/send_data_to_bronze_db.py
[2026-03-24T17:45:14.294+0000] {processor.py:840} INFO - DAG(s) 'post_data_to_bronze_db' retrieved from /opt/airflow/dags/ingestion/send_data_to_bronze_db.py
[2026-03-24T17:45:14.305+0000] {logging_mixin.py:188} INFO - [2026-03-24T17:45:14.305+0000] {dag.py:3036} INFO - Sync 1 DAGs
[2026-03-24T17:45:14.311+0000] {logging_mixin.py:188} INFO - [2026-03-24T17:45:14.311+0000] {dag.py:3823} INFO - Setting next_dagrun for post_data_to_bronze_db to None, run_after=None
[2026-03-24T17:45:14.321+0000] {processor.py:183} INFO - Processing /opt/airflow/dags/ingestion/send_data_to_bronze_db.py took 0.244 seconds
