[2026-03-24T17:24:40.087+0000] {processor.py:161} INFO - Started process (PID=191) to work on /opt/airflow/dags/transformation/etl_deals_contacts_prata_db.py
[2026-03-24T17:24:40.088+0000] {processor.py:830} INFO - Processing file /opt/airflow/dags/transformation/etl_deals_contacts_prata_db.py for tasks to queue
[2026-03-24T17:24:40.089+0000] {logging_mixin.py:188} INFO - [2026-03-24T17:24:40.089+0000] {dagbag.py:538} INFO - Filling up the DagBag from /opt/airflow/dags/transformation/etl_deals_contacts_prata_db.py
[2026-03-24T17:24:40.621+0000] {processor.py:840} INFO - DAG(s) 'post_data_prata_db_and_etl' retrieved from /opt/airflow/dags/transformation/etl_deals_contacts_prata_db.py
[2026-03-24T17:24:40.830+0000] {logging_mixin.py:188} INFO - [2026-03-24T17:24:40.830+0000] {override.py:1769} INFO - Created Permission View: can edit on DAG:post_data_prata_db_and_etl
[2026-03-24T17:24:40.841+0000] {logging_mixin.py:188} INFO - [2026-03-24T17:24:40.840+0000] {override.py:1769} INFO - Created Permission View: can delete on DAG:post_data_prata_db_and_etl
[2026-03-24T17:24:40.846+0000] {logging_mixin.py:188} INFO - [2026-03-24T17:24:40.846+0000] {override.py:1769} INFO - Created Permission View: can read on DAG:post_data_prata_db_and_etl
[2026-03-24T17:24:40.847+0000] {logging_mixin.py:188} INFO - [2026-03-24T17:24:40.846+0000] {dag.py:3036} INFO - Sync 1 DAGs
[2026-03-24T17:24:40.857+0000] {logging_mixin.py:188} INFO - [2026-03-24T17:24:40.856+0000] {dag.py:3058} INFO - Creating ORM DAG for post_data_prata_db_and_etl
[2026-03-24T17:24:40.857+0000] {logging_mixin.py:188} INFO - [2026-03-24T17:24:40.857+0000] {dag.py:3823} INFO - Setting next_dagrun for post_data_prata_db_and_etl to None, run_after=None
[2026-03-24T17:24:40.871+0000] {processor.py:183} INFO - Processing /opt/airflow/dags/transformation/etl_deals_contacts_prata_db.py took 0.787 seconds
[2026-03-24T17:25:11.605+0000] {processor.py:161} INFO - Started process (PID=229) to work on /opt/airflow/dags/transformation/etl_deals_contacts_prata_db.py
[2026-03-24T17:25:11.606+0000] {processor.py:830} INFO - Processing file /opt/airflow/dags/transformation/etl_deals_contacts_prata_db.py for tasks to queue
[2026-03-24T17:25:11.606+0000] {logging_mixin.py:188} INFO - [2026-03-24T17:25:11.606+0000] {dagbag.py:538} INFO - Filling up the DagBag from /opt/airflow/dags/transformation/etl_deals_contacts_prata_db.py
[2026-03-24T17:25:11.753+0000] {processor.py:840} INFO - DAG(s) 'post_data_prata_db_and_etl' retrieved from /opt/airflow/dags/transformation/etl_deals_contacts_prata_db.py
[2026-03-24T17:25:11.765+0000] {logging_mixin.py:188} INFO - [2026-03-24T17:25:11.764+0000] {dag.py:3036} INFO - Sync 1 DAGs
[2026-03-24T17:25:11.771+0000] {logging_mixin.py:188} INFO - [2026-03-24T17:25:11.771+0000] {dag.py:3823} INFO - Setting next_dagrun for post_data_prata_db_and_etl to None, run_after=None
[2026-03-24T17:25:11.783+0000] {processor.py:183} INFO - Processing /opt/airflow/dags/transformation/etl_deals_contacts_prata_db.py took 0.180 seconds
[2026-03-24T17:25:42.264+0000] {processor.py:161} INFO - Started process (PID=268) to work on /opt/airflow/dags/transformation/etl_deals_contacts_prata_db.py
[2026-03-24T17:25:42.265+0000] {processor.py:830} INFO - Processing file /opt/airflow/dags/transformation/etl_deals_contacts_prata_db.py for tasks to queue
[2026-03-24T17:25:42.266+0000] {logging_mixin.py:188} INFO - [2026-03-24T17:25:42.266+0000] {dagbag.py:538} INFO - Filling up the DagBag from /opt/airflow/dags/transformation/etl_deals_contacts_prata_db.py
[2026-03-24T17:25:42.410+0000] {processor.py:840} INFO - DAG(s) 'post_data_prata_db_and_etl' retrieved from /opt/airflow/dags/transformation/etl_deals_contacts_prata_db.py
[2026-03-24T17:25:42.426+0000] {logging_mixin.py:188} INFO - [2026-03-24T17:25:42.425+0000] {dag.py:3036} INFO - Sync 1 DAGs
[2026-03-24T17:25:42.432+0000] {logging_mixin.py:188} INFO - [2026-03-24T17:25:42.432+0000] {dag.py:3823} INFO - Setting next_dagrun for post_data_prata_db_and_etl to None, run_after=None
[2026-03-24T17:25:42.444+0000] {processor.py:183} INFO - Processing /opt/airflow/dags/transformation/etl_deals_contacts_prata_db.py took 0.182 seconds
[2026-03-24T17:26:12.900+0000] {processor.py:161} INFO - Started process (PID=307) to work on /opt/airflow/dags/transformation/etl_deals_contacts_prata_db.py
[2026-03-24T17:26:12.900+0000] {processor.py:830} INFO - Processing file /opt/airflow/dags/transformation/etl_deals_contacts_prata_db.py for tasks to queue
[2026-03-24T17:26:12.901+0000] {logging_mixin.py:188} INFO - [2026-03-24T17:26:12.901+0000] {dagbag.py:538} INFO - Filling up the DagBag from /opt/airflow/dags/transformation/etl_deals_contacts_prata_db.py
[2026-03-24T17:26:13.040+0000] {processor.py:840} INFO - DAG(s) 'post_data_prata_db_and_etl' retrieved from /opt/airflow/dags/transformation/etl_deals_contacts_prata_db.py
[2026-03-24T17:26:13.054+0000] {logging_mixin.py:188} INFO - [2026-03-24T17:26:13.053+0000] {dag.py:3036} INFO - Sync 1 DAGs
[2026-03-24T17:26:13.148+0000] {logging_mixin.py:188} INFO - [2026-03-24T17:26:13.148+0000] {dag.py:3823} INFO - Setting next_dagrun for post_data_prata_db_and_etl to None, run_after=None
[2026-03-24T17:26:13.161+0000] {processor.py:183} INFO - Processing /opt/airflow/dags/transformation/etl_deals_contacts_prata_db.py took 0.263 seconds
[2026-03-24T17:26:43.666+0000] {processor.py:161} INFO - Started process (PID=346) to work on /opt/airflow/dags/transformation/etl_deals_contacts_prata_db.py
[2026-03-24T17:26:43.667+0000] {processor.py:830} INFO - Processing file /opt/airflow/dags/transformation/etl_deals_contacts_prata_db.py for tasks to queue
[2026-03-24T17:26:43.667+0000] {logging_mixin.py:188} INFO - [2026-03-24T17:26:43.667+0000] {dagbag.py:538} INFO - Filling up the DagBag from /opt/airflow/dags/transformation/etl_deals_contacts_prata_db.py
[2026-03-24T17:26:43.817+0000] {processor.py:840} INFO - DAG(s) 'post_data_prata_db_and_etl' retrieved from /opt/airflow/dags/transformation/etl_deals_contacts_prata_db.py
[2026-03-24T17:26:43.830+0000] {logging_mixin.py:188} INFO - [2026-03-24T17:26:43.830+0000] {dag.py:3036} INFO - Sync 1 DAGs
[2026-03-24T17:26:43.836+0000] {logging_mixin.py:188} INFO - [2026-03-24T17:26:43.836+0000] {dag.py:3823} INFO - Setting next_dagrun for post_data_prata_db_and_etl to None, run_after=None
[2026-03-24T17:26:43.847+0000] {processor.py:183} INFO - Processing /opt/airflow/dags/transformation/etl_deals_contacts_prata_db.py took 0.183 seconds
[2026-03-24T17:27:14.361+0000] {processor.py:161} INFO - Started process (PID=385) to work on /opt/airflow/dags/transformation/etl_deals_contacts_prata_db.py
[2026-03-24T17:27:14.361+0000] {processor.py:830} INFO - Processing file /opt/airflow/dags/transformation/etl_deals_contacts_prata_db.py for tasks to queue
[2026-03-24T17:27:14.362+0000] {logging_mixin.py:188} INFO - [2026-03-24T17:27:14.362+0000] {dagbag.py:538} INFO - Filling up the DagBag from /opt/airflow/dags/transformation/etl_deals_contacts_prata_db.py
[2026-03-24T17:27:14.516+0000] {processor.py:840} INFO - DAG(s) 'post_data_prata_db_and_etl' retrieved from /opt/airflow/dags/transformation/etl_deals_contacts_prata_db.py
[2026-03-24T17:27:14.531+0000] {logging_mixin.py:188} INFO - [2026-03-24T17:27:14.531+0000] {dag.py:3036} INFO - Sync 1 DAGs
[2026-03-24T17:27:14.631+0000] {logging_mixin.py:188} INFO - [2026-03-24T17:27:14.630+0000] {dag.py:3823} INFO - Setting next_dagrun for post_data_prata_db_and_etl to None, run_after=None
[2026-03-24T17:27:14.642+0000] {processor.py:183} INFO - Processing /opt/airflow/dags/transformation/etl_deals_contacts_prata_db.py took 0.283 seconds
[2026-03-24T17:27:45.146+0000] {processor.py:161} INFO - Started process (PID=424) to work on /opt/airflow/dags/transformation/etl_deals_contacts_prata_db.py
[2026-03-24T17:27:45.147+0000] {processor.py:830} INFO - Processing file /opt/airflow/dags/transformation/etl_deals_contacts_prata_db.py for tasks to queue
[2026-03-24T17:27:45.147+0000] {logging_mixin.py:188} INFO - [2026-03-24T17:27:45.147+0000] {dagbag.py:538} INFO - Filling up the DagBag from /opt/airflow/dags/transformation/etl_deals_contacts_prata_db.py
[2026-03-24T17:27:45.395+0000] {processor.py:840} INFO - DAG(s) 'post_data_prata_db_and_etl' retrieved from /opt/airflow/dags/transformation/etl_deals_contacts_prata_db.py
[2026-03-24T17:27:45.409+0000] {logging_mixin.py:188} INFO - [2026-03-24T17:27:45.409+0000] {dag.py:3036} INFO - Sync 1 DAGs
[2026-03-24T17:27:45.415+0000] {logging_mixin.py:188} INFO - [2026-03-24T17:27:45.415+0000] {dag.py:3823} INFO - Setting next_dagrun for post_data_prata_db_and_etl to None, run_after=None
[2026-03-24T17:27:45.426+0000] {processor.py:183} INFO - Processing /opt/airflow/dags/transformation/etl_deals_contacts_prata_db.py took 0.282 seconds
[2026-03-24T17:28:15.992+0000] {processor.py:161} INFO - Started process (PID=463) to work on /opt/airflow/dags/transformation/etl_deals_contacts_prata_db.py
[2026-03-24T17:28:15.992+0000] {processor.py:830} INFO - Processing file /opt/airflow/dags/transformation/etl_deals_contacts_prata_db.py for tasks to queue
[2026-03-24T17:28:15.993+0000] {logging_mixin.py:188} INFO - [2026-03-24T17:28:15.993+0000] {dagbag.py:538} INFO - Filling up the DagBag from /opt/airflow/dags/transformation/etl_deals_contacts_prata_db.py
[2026-03-24T17:28:16.218+0000] {processor.py:840} INFO - DAG(s) 'post_data_prata_db_and_etl' retrieved from /opt/airflow/dags/transformation/etl_deals_contacts_prata_db.py
[2026-03-24T17:28:16.228+0000] {logging_mixin.py:188} INFO - [2026-03-24T17:28:16.228+0000] {dag.py:3036} INFO - Sync 1 DAGs
[2026-03-24T17:28:16.235+0000] {logging_mixin.py:188} INFO - [2026-03-24T17:28:16.234+0000] {dag.py:3823} INFO - Setting next_dagrun for post_data_prata_db_and_etl to None, run_after=None
[2026-03-24T17:28:16.245+0000] {processor.py:183} INFO - Processing /opt/airflow/dags/transformation/etl_deals_contacts_prata_db.py took 0.255 seconds
[2026-03-24T17:28:46.835+0000] {processor.py:161} INFO - Started process (PID=502) to work on /opt/airflow/dags/transformation/etl_deals_contacts_prata_db.py
[2026-03-24T17:28:46.836+0000] {processor.py:830} INFO - Processing file /opt/airflow/dags/transformation/etl_deals_contacts_prata_db.py for tasks to queue
[2026-03-24T17:28:46.836+0000] {logging_mixin.py:188} INFO - [2026-03-24T17:28:46.836+0000] {dagbag.py:538} INFO - Filling up the DagBag from /opt/airflow/dags/transformation/etl_deals_contacts_prata_db.py
[2026-03-24T17:28:47.060+0000] {processor.py:840} INFO - DAG(s) 'post_data_prata_db_and_etl' retrieved from /opt/airflow/dags/transformation/etl_deals_contacts_prata_db.py
[2026-03-24T17:28:47.074+0000] {logging_mixin.py:188} INFO - [2026-03-24T17:28:47.074+0000] {dag.py:3036} INFO - Sync 1 DAGs
[2026-03-24T17:28:47.082+0000] {logging_mixin.py:188} INFO - [2026-03-24T17:28:47.082+0000] {dag.py:3823} INFO - Setting next_dagrun for post_data_prata_db_and_etl to None, run_after=None
[2026-03-24T17:28:47.093+0000] {processor.py:183} INFO - Processing /opt/airflow/dags/transformation/etl_deals_contacts_prata_db.py took 0.261 seconds
[2026-03-24T17:29:17.653+0000] {processor.py:161} INFO - Started process (PID=541) to work on /opt/airflow/dags/transformation/etl_deals_contacts_prata_db.py
[2026-03-24T17:29:17.653+0000] {processor.py:830} INFO - Processing file /opt/airflow/dags/transformation/etl_deals_contacts_prata_db.py for tasks to queue
[2026-03-24T17:29:17.653+0000] {logging_mixin.py:188} INFO - [2026-03-24T17:29:17.653+0000] {dagbag.py:538} INFO - Filling up the DagBag from /opt/airflow/dags/transformation/etl_deals_contacts_prata_db.py
[2026-03-24T17:29:17.872+0000] {processor.py:840} INFO - DAG(s) 'post_data_prata_db_and_etl' retrieved from /opt/airflow/dags/transformation/etl_deals_contacts_prata_db.py
[2026-03-24T17:29:17.886+0000] {logging_mixin.py:188} INFO - [2026-03-24T17:29:17.886+0000] {dag.py:3036} INFO - Sync 1 DAGs
[2026-03-24T17:29:17.895+0000] {logging_mixin.py:188} INFO - [2026-03-24T17:29:17.895+0000] {dag.py:3823} INFO - Setting next_dagrun for post_data_prata_db_and_etl to None, run_after=None
[2026-03-24T17:29:17.903+0000] {processor.py:183} INFO - Processing /opt/airflow/dags/transformation/etl_deals_contacts_prata_db.py took 0.253 seconds
[2026-03-24T17:29:48.498+0000] {processor.py:161} INFO - Started process (PID=580) to work on /opt/airflow/dags/transformation/etl_deals_contacts_prata_db.py
[2026-03-24T17:29:48.499+0000] {processor.py:830} INFO - Processing file /opt/airflow/dags/transformation/etl_deals_contacts_prata_db.py for tasks to queue
[2026-03-24T17:29:48.499+0000] {logging_mixin.py:188} INFO - [2026-03-24T17:29:48.499+0000] {dagbag.py:538} INFO - Filling up the DagBag from /opt/airflow/dags/transformation/etl_deals_contacts_prata_db.py
[2026-03-24T17:29:48.718+0000] {processor.py:840} INFO - DAG(s) 'post_data_prata_db_and_etl' retrieved from /opt/airflow/dags/transformation/etl_deals_contacts_prata_db.py
[2026-03-24T17:29:48.731+0000] {logging_mixin.py:188} INFO - [2026-03-24T17:29:48.730+0000] {dag.py:3036} INFO - Sync 1 DAGs
[2026-03-24T17:29:48.737+0000] {logging_mixin.py:188} INFO - [2026-03-24T17:29:48.737+0000] {dag.py:3823} INFO - Setting next_dagrun for post_data_prata_db_and_etl to None, run_after=None
[2026-03-24T17:29:48.747+0000] {processor.py:183} INFO - Processing /opt/airflow/dags/transformation/etl_deals_contacts_prata_db.py took 0.250 seconds
[2026-03-24T17:30:19.365+0000] {processor.py:161} INFO - Started process (PID=619) to work on /opt/airflow/dags/transformation/etl_deals_contacts_prata_db.py
[2026-03-24T17:30:19.365+0000] {processor.py:830} INFO - Processing file /opt/airflow/dags/transformation/etl_deals_contacts_prata_db.py for tasks to queue
[2026-03-24T17:30:19.366+0000] {logging_mixin.py:188} INFO - [2026-03-24T17:30:19.365+0000] {dagbag.py:538} INFO - Filling up the DagBag from /opt/airflow/dags/transformation/etl_deals_contacts_prata_db.py
[2026-03-24T17:30:19.581+0000] {processor.py:840} INFO - DAG(s) 'post_data_prata_db_and_etl' retrieved from /opt/airflow/dags/transformation/etl_deals_contacts_prata_db.py
[2026-03-24T17:30:19.593+0000] {logging_mixin.py:188} INFO - [2026-03-24T17:30:19.592+0000] {dag.py:3036} INFO - Sync 1 DAGs
[2026-03-24T17:30:19.599+0000] {logging_mixin.py:188} INFO - [2026-03-24T17:30:19.599+0000] {dag.py:3823} INFO - Setting next_dagrun for post_data_prata_db_and_etl to None, run_after=None
[2026-03-24T17:30:19.611+0000] {processor.py:183} INFO - Processing /opt/airflow/dags/transformation/etl_deals_contacts_prata_db.py took 0.248 seconds
[2026-03-24T17:30:50.217+0000] {processor.py:161} INFO - Started process (PID=658) to work on /opt/airflow/dags/transformation/etl_deals_contacts_prata_db.py
[2026-03-24T17:30:50.218+0000] {processor.py:830} INFO - Processing file /opt/airflow/dags/transformation/etl_deals_contacts_prata_db.py for tasks to queue
[2026-03-24T17:30:50.219+0000] {logging_mixin.py:188} INFO - [2026-03-24T17:30:50.218+0000] {dagbag.py:538} INFO - Filling up the DagBag from /opt/airflow/dags/transformation/etl_deals_contacts_prata_db.py
[2026-03-24T17:30:50.435+0000] {processor.py:840} INFO - DAG(s) 'post_data_prata_db_and_etl' retrieved from /opt/airflow/dags/transformation/etl_deals_contacts_prata_db.py
[2026-03-24T17:30:50.450+0000] {logging_mixin.py:188} INFO - [2026-03-24T17:30:50.449+0000] {dag.py:3036} INFO - Sync 1 DAGs
[2026-03-24T17:30:50.455+0000] {logging_mixin.py:188} INFO - [2026-03-24T17:30:50.455+0000] {dag.py:3823} INFO - Setting next_dagrun for post_data_prata_db_and_etl to None, run_after=None
[2026-03-24T17:30:50.466+0000] {processor.py:183} INFO - Processing /opt/airflow/dags/transformation/etl_deals_contacts_prata_db.py took 0.251 seconds
[2026-03-24T17:31:21.082+0000] {processor.py:161} INFO - Started process (PID=697) to work on /opt/airflow/dags/transformation/etl_deals_contacts_prata_db.py
[2026-03-24T17:31:21.083+0000] {processor.py:830} INFO - Processing file /opt/airflow/dags/transformation/etl_deals_contacts_prata_db.py for tasks to queue
[2026-03-24T17:31:21.083+0000] {logging_mixin.py:188} INFO - [2026-03-24T17:31:21.083+0000] {dagbag.py:538} INFO - Filling up the DagBag from /opt/airflow/dags/transformation/etl_deals_contacts_prata_db.py
[2026-03-24T17:31:21.300+0000] {processor.py:840} INFO - DAG(s) 'post_data_prata_db_and_etl' retrieved from /opt/airflow/dags/transformation/etl_deals_contacts_prata_db.py
[2026-03-24T17:31:21.310+0000] {logging_mixin.py:188} INFO - [2026-03-24T17:31:21.310+0000] {dag.py:3036} INFO - Sync 1 DAGs
[2026-03-24T17:31:21.316+0000] {logging_mixin.py:188} INFO - [2026-03-24T17:31:21.316+0000] {dag.py:3823} INFO - Setting next_dagrun for post_data_prata_db_and_etl to None, run_after=None
[2026-03-24T17:31:21.326+0000] {processor.py:183} INFO - Processing /opt/airflow/dags/transformation/etl_deals_contacts_prata_db.py took 0.247 seconds
[2026-03-24T17:31:51.951+0000] {processor.py:161} INFO - Started process (PID=736) to work on /opt/airflow/dags/transformation/etl_deals_contacts_prata_db.py
[2026-03-24T17:31:51.952+0000] {processor.py:830} INFO - Processing file /opt/airflow/dags/transformation/etl_deals_contacts_prata_db.py for tasks to queue
[2026-03-24T17:31:51.953+0000] {logging_mixin.py:188} INFO - [2026-03-24T17:31:51.952+0000] {dagbag.py:538} INFO - Filling up the DagBag from /opt/airflow/dags/transformation/etl_deals_contacts_prata_db.py
[2026-03-24T17:31:52.171+0000] {processor.py:840} INFO - DAG(s) 'post_data_prata_db_and_etl' retrieved from /opt/airflow/dags/transformation/etl_deals_contacts_prata_db.py
[2026-03-24T17:31:52.184+0000] {logging_mixin.py:188} INFO - [2026-03-24T17:31:52.184+0000] {dag.py:3036} INFO - Sync 1 DAGs
[2026-03-24T17:31:52.190+0000] {logging_mixin.py:188} INFO - [2026-03-24T17:31:52.189+0000] {dag.py:3823} INFO - Setting next_dagrun for post_data_prata_db_and_etl to None, run_after=None
[2026-03-24T17:31:52.198+0000] {processor.py:183} INFO - Processing /opt/airflow/dags/transformation/etl_deals_contacts_prata_db.py took 0.249 seconds
[2026-03-24T17:32:22.808+0000] {processor.py:161} INFO - Started process (PID=775) to work on /opt/airflow/dags/transformation/etl_deals_contacts_prata_db.py
[2026-03-24T17:32:22.808+0000] {processor.py:830} INFO - Processing file /opt/airflow/dags/transformation/etl_deals_contacts_prata_db.py for tasks to queue
[2026-03-24T17:32:22.809+0000] {logging_mixin.py:188} INFO - [2026-03-24T17:32:22.808+0000] {dagbag.py:538} INFO - Filling up the DagBag from /opt/airflow/dags/transformation/etl_deals_contacts_prata_db.py
[2026-03-24T17:32:23.023+0000] {processor.py:840} INFO - DAG(s) 'post_data_prata_db_and_etl' retrieved from /opt/airflow/dags/transformation/etl_deals_contacts_prata_db.py
[2026-03-24T17:32:23.034+0000] {logging_mixin.py:188} INFO - [2026-03-24T17:32:23.034+0000] {dag.py:3036} INFO - Sync 1 DAGs
[2026-03-24T17:32:23.040+0000] {logging_mixin.py:188} INFO - [2026-03-24T17:32:23.040+0000] {dag.py:3823} INFO - Setting next_dagrun for post_data_prata_db_and_etl to None, run_after=None
[2026-03-24T17:32:23.052+0000] {processor.py:183} INFO - Processing /opt/airflow/dags/transformation/etl_deals_contacts_prata_db.py took 0.246 seconds
[2026-03-24T17:32:53.655+0000] {processor.py:161} INFO - Started process (PID=814) to work on /opt/airflow/dags/transformation/etl_deals_contacts_prata_db.py
[2026-03-24T17:32:53.656+0000] {processor.py:830} INFO - Processing file /opt/airflow/dags/transformation/etl_deals_contacts_prata_db.py for tasks to queue
[2026-03-24T17:32:53.656+0000] {logging_mixin.py:188} INFO - [2026-03-24T17:32:53.656+0000] {dagbag.py:538} INFO - Filling up the DagBag from /opt/airflow/dags/transformation/etl_deals_contacts_prata_db.py
[2026-03-24T17:32:53.874+0000] {processor.py:840} INFO - DAG(s) 'post_data_prata_db_and_etl' retrieved from /opt/airflow/dags/transformation/etl_deals_contacts_prata_db.py
[2026-03-24T17:32:53.887+0000] {logging_mixin.py:188} INFO - [2026-03-24T17:32:53.887+0000] {dag.py:3036} INFO - Sync 1 DAGs
[2026-03-24T17:32:53.893+0000] {logging_mixin.py:188} INFO - [2026-03-24T17:32:53.893+0000] {dag.py:3823} INFO - Setting next_dagrun for post_data_prata_db_and_etl to None, run_after=None
[2026-03-24T17:32:53.905+0000] {processor.py:183} INFO - Processing /opt/airflow/dags/transformation/etl_deals_contacts_prata_db.py took 0.251 seconds
[2026-03-24T17:33:24.490+0000] {processor.py:161} INFO - Started process (PID=853) to work on /opt/airflow/dags/transformation/etl_deals_contacts_prata_db.py
[2026-03-24T17:33:24.490+0000] {processor.py:830} INFO - Processing file /opt/airflow/dags/transformation/etl_deals_contacts_prata_db.py for tasks to queue
[2026-03-24T17:33:24.491+0000] {logging_mixin.py:188} INFO - [2026-03-24T17:33:24.490+0000] {dagbag.py:538} INFO - Filling up the DagBag from /opt/airflow/dags/transformation/etl_deals_contacts_prata_db.py
[2026-03-24T17:33:24.705+0000] {processor.py:840} INFO - DAG(s) 'post_data_prata_db_and_etl' retrieved from /opt/airflow/dags/transformation/etl_deals_contacts_prata_db.py
[2026-03-24T17:33:24.719+0000] {logging_mixin.py:188} INFO - [2026-03-24T17:33:24.718+0000] {dag.py:3036} INFO - Sync 1 DAGs
[2026-03-24T17:33:24.725+0000] {logging_mixin.py:188} INFO - [2026-03-24T17:33:24.725+0000] {dag.py:3823} INFO - Setting next_dagrun for post_data_prata_db_and_etl to None, run_after=None
[2026-03-24T17:33:24.736+0000] {processor.py:183} INFO - Processing /opt/airflow/dags/transformation/etl_deals_contacts_prata_db.py took 0.248 seconds
[2026-03-24T17:33:55.349+0000] {processor.py:161} INFO - Started process (PID=892) to work on /opt/airflow/dags/transformation/etl_deals_contacts_prata_db.py
[2026-03-24T17:33:55.349+0000] {processor.py:830} INFO - Processing file /opt/airflow/dags/transformation/etl_deals_contacts_prata_db.py for tasks to queue
[2026-03-24T17:33:55.350+0000] {logging_mixin.py:188} INFO - [2026-03-24T17:33:55.350+0000] {dagbag.py:538} INFO - Filling up the DagBag from /opt/airflow/dags/transformation/etl_deals_contacts_prata_db.py
[2026-03-24T17:33:55.570+0000] {processor.py:840} INFO - DAG(s) 'post_data_prata_db_and_etl' retrieved from /opt/airflow/dags/transformation/etl_deals_contacts_prata_db.py
[2026-03-24T17:33:55.580+0000] {logging_mixin.py:188} INFO - [2026-03-24T17:33:55.580+0000] {dag.py:3036} INFO - Sync 1 DAGs
[2026-03-24T17:33:55.585+0000] {logging_mixin.py:188} INFO - [2026-03-24T17:33:55.585+0000] {dag.py:3823} INFO - Setting next_dagrun for post_data_prata_db_and_etl to None, run_after=None
[2026-03-24T17:33:55.596+0000] {processor.py:183} INFO - Processing /opt/airflow/dags/transformation/etl_deals_contacts_prata_db.py took 0.249 seconds
[2026-03-24T17:34:26.191+0000] {processor.py:161} INFO - Started process (PID=931) to work on /opt/airflow/dags/transformation/etl_deals_contacts_prata_db.py
[2026-03-24T17:34:26.192+0000] {processor.py:830} INFO - Processing file /opt/airflow/dags/transformation/etl_deals_contacts_prata_db.py for tasks to queue
[2026-03-24T17:34:26.192+0000] {logging_mixin.py:188} INFO - [2026-03-24T17:34:26.192+0000] {dagbag.py:538} INFO - Filling up the DagBag from /opt/airflow/dags/transformation/etl_deals_contacts_prata_db.py
[2026-03-24T17:34:26.405+0000] {processor.py:840} INFO - DAG(s) 'post_data_prata_db_and_etl' retrieved from /opt/airflow/dags/transformation/etl_deals_contacts_prata_db.py
[2026-03-24T17:34:26.416+0000] {logging_mixin.py:188} INFO - [2026-03-24T17:34:26.416+0000] {dag.py:3036} INFO - Sync 1 DAGs
[2026-03-24T17:34:26.424+0000] {logging_mixin.py:188} INFO - [2026-03-24T17:34:26.423+0000] {dag.py:3823} INFO - Setting next_dagrun for post_data_prata_db_and_etl to None, run_after=None
[2026-03-24T17:34:26.436+0000] {processor.py:183} INFO - Processing /opt/airflow/dags/transformation/etl_deals_contacts_prata_db.py took 0.246 seconds
[2026-03-24T17:34:57.058+0000] {processor.py:161} INFO - Started process (PID=970) to work on /opt/airflow/dags/transformation/etl_deals_contacts_prata_db.py
[2026-03-24T17:34:57.059+0000] {processor.py:830} INFO - Processing file /opt/airflow/dags/transformation/etl_deals_contacts_prata_db.py for tasks to queue
[2026-03-24T17:34:57.059+0000] {logging_mixin.py:188} INFO - [2026-03-24T17:34:57.059+0000] {dagbag.py:538} INFO - Filling up the DagBag from /opt/airflow/dags/transformation/etl_deals_contacts_prata_db.py
[2026-03-24T17:34:57.276+0000] {processor.py:840} INFO - DAG(s) 'post_data_prata_db_and_etl' retrieved from /opt/airflow/dags/transformation/etl_deals_contacts_prata_db.py
[2026-03-24T17:34:57.289+0000] {logging_mixin.py:188} INFO - [2026-03-24T17:34:57.289+0000] {dag.py:3036} INFO - Sync 1 DAGs
[2026-03-24T17:34:57.295+0000] {logging_mixin.py:188} INFO - [2026-03-24T17:34:57.294+0000] {dag.py:3823} INFO - Setting next_dagrun for post_data_prata_db_and_etl to None, run_after=None
[2026-03-24T17:34:57.304+0000] {processor.py:183} INFO - Processing /opt/airflow/dags/transformation/etl_deals_contacts_prata_db.py took 0.247 seconds
[2026-03-24T17:35:27.909+0000] {processor.py:161} INFO - Started process (PID=1009) to work on /opt/airflow/dags/transformation/etl_deals_contacts_prata_db.py
[2026-03-24T17:35:27.910+0000] {processor.py:830} INFO - Processing file /opt/airflow/dags/transformation/etl_deals_contacts_prata_db.py for tasks to queue
[2026-03-24T17:35:27.911+0000] {logging_mixin.py:188} INFO - [2026-03-24T17:35:27.910+0000] {dagbag.py:538} INFO - Filling up the DagBag from /opt/airflow/dags/transformation/etl_deals_contacts_prata_db.py
[2026-03-24T17:35:28.131+0000] {processor.py:840} INFO - DAG(s) 'post_data_prata_db_and_etl' retrieved from /opt/airflow/dags/transformation/etl_deals_contacts_prata_db.py
[2026-03-24T17:35:28.141+0000] {logging_mixin.py:188} INFO - [2026-03-24T17:35:28.141+0000] {dag.py:3036} INFO - Sync 1 DAGs
[2026-03-24T17:35:28.147+0000] {logging_mixin.py:188} INFO - [2026-03-24T17:35:28.147+0000] {dag.py:3823} INFO - Setting next_dagrun for post_data_prata_db_and_etl to None, run_after=None
[2026-03-24T17:35:28.157+0000] {processor.py:183} INFO - Processing /opt/airflow/dags/transformation/etl_deals_contacts_prata_db.py took 0.250 seconds
[2026-03-24T17:35:58.762+0000] {processor.py:161} INFO - Started process (PID=1048) to work on /opt/airflow/dags/transformation/etl_deals_contacts_prata_db.py
[2026-03-24T17:35:58.763+0000] {processor.py:830} INFO - Processing file /opt/airflow/dags/transformation/etl_deals_contacts_prata_db.py for tasks to queue
[2026-03-24T17:35:58.763+0000] {logging_mixin.py:188} INFO - [2026-03-24T17:35:58.763+0000] {dagbag.py:538} INFO - Filling up the DagBag from /opt/airflow/dags/transformation/etl_deals_contacts_prata_db.py
[2026-03-24T17:35:58.981+0000] {processor.py:840} INFO - DAG(s) 'post_data_prata_db_and_etl' retrieved from /opt/airflow/dags/transformation/etl_deals_contacts_prata_db.py
[2026-03-24T17:35:58.993+0000] {logging_mixin.py:188} INFO - [2026-03-24T17:35:58.993+0000] {dag.py:3036} INFO - Sync 1 DAGs
[2026-03-24T17:35:58.998+0000] {logging_mixin.py:188} INFO - [2026-03-24T17:35:58.998+0000] {dag.py:3823} INFO - Setting next_dagrun for post_data_prata_db_and_etl to None, run_after=None
[2026-03-24T17:35:59.008+0000] {processor.py:183} INFO - Processing /opt/airflow/dags/transformation/etl_deals_contacts_prata_db.py took 0.248 seconds
[2026-03-24T17:36:29.598+0000] {processor.py:161} INFO - Started process (PID=1087) to work on /opt/airflow/dags/transformation/etl_deals_contacts_prata_db.py
[2026-03-24T17:36:29.599+0000] {processor.py:830} INFO - Processing file /opt/airflow/dags/transformation/etl_deals_contacts_prata_db.py for tasks to queue
[2026-03-24T17:36:29.599+0000] {logging_mixin.py:188} INFO - [2026-03-24T17:36:29.599+0000] {dagbag.py:538} INFO - Filling up the DagBag from /opt/airflow/dags/transformation/etl_deals_contacts_prata_db.py
[2026-03-24T17:36:29.813+0000] {processor.py:840} INFO - DAG(s) 'post_data_prata_db_and_etl' retrieved from /opt/airflow/dags/transformation/etl_deals_contacts_prata_db.py
[2026-03-24T17:36:29.824+0000] {logging_mixin.py:188} INFO - [2026-03-24T17:36:29.824+0000] {dag.py:3036} INFO - Sync 1 DAGs
[2026-03-24T17:36:29.830+0000] {logging_mixin.py:188} INFO - [2026-03-24T17:36:29.830+0000] {dag.py:3823} INFO - Setting next_dagrun for post_data_prata_db_and_etl to None, run_after=None
[2026-03-24T17:36:29.840+0000] {processor.py:183} INFO - Processing /opt/airflow/dags/transformation/etl_deals_contacts_prata_db.py took 0.244 seconds
[2026-03-24T17:37:00.441+0000] {processor.py:161} INFO - Started process (PID=1126) to work on /opt/airflow/dags/transformation/etl_deals_contacts_prata_db.py
[2026-03-24T17:37:00.441+0000] {processor.py:830} INFO - Processing file /opt/airflow/dags/transformation/etl_deals_contacts_prata_db.py for tasks to queue
[2026-03-24T17:37:00.442+0000] {logging_mixin.py:188} INFO - [2026-03-24T17:37:00.441+0000] {dagbag.py:538} INFO - Filling up the DagBag from /opt/airflow/dags/transformation/etl_deals_contacts_prata_db.py
[2026-03-24T17:37:00.655+0000] {processor.py:840} INFO - DAG(s) 'post_data_prata_db_and_etl' retrieved from /opt/airflow/dags/transformation/etl_deals_contacts_prata_db.py
[2026-03-24T17:37:00.669+0000] {logging_mixin.py:188} INFO - [2026-03-24T17:37:00.669+0000] {dag.py:3036} INFO - Sync 1 DAGs
[2026-03-24T17:37:00.676+0000] {logging_mixin.py:188} INFO - [2026-03-24T17:37:00.676+0000] {dag.py:3823} INFO - Setting next_dagrun for post_data_prata_db_and_etl to None, run_after=None
[2026-03-24T17:37:00.685+0000] {processor.py:183} INFO - Processing /opt/airflow/dags/transformation/etl_deals_contacts_prata_db.py took 0.246 seconds
[2026-03-24T17:37:31.265+0000] {processor.py:161} INFO - Started process (PID=1165) to work on /opt/airflow/dags/transformation/etl_deals_contacts_prata_db.py
[2026-03-24T17:37:31.266+0000] {processor.py:830} INFO - Processing file /opt/airflow/dags/transformation/etl_deals_contacts_prata_db.py for tasks to queue
[2026-03-24T17:37:31.266+0000] {logging_mixin.py:188} INFO - [2026-03-24T17:37:31.266+0000] {dagbag.py:538} INFO - Filling up the DagBag from /opt/airflow/dags/transformation/etl_deals_contacts_prata_db.py
[2026-03-24T17:37:31.478+0000] {processor.py:840} INFO - DAG(s) 'post_data_prata_db_and_etl' retrieved from /opt/airflow/dags/transformation/etl_deals_contacts_prata_db.py
[2026-03-24T17:37:31.489+0000] {logging_mixin.py:188} INFO - [2026-03-24T17:37:31.489+0000] {dag.py:3036} INFO - Sync 1 DAGs
[2026-03-24T17:37:31.496+0000] {logging_mixin.py:188} INFO - [2026-03-24T17:37:31.496+0000] {dag.py:3823} INFO - Setting next_dagrun for post_data_prata_db_and_etl to None, run_after=None
[2026-03-24T17:37:31.507+0000] {processor.py:183} INFO - Processing /opt/airflow/dags/transformation/etl_deals_contacts_prata_db.py took 0.244 seconds
[2026-03-24T17:38:02.089+0000] {processor.py:161} INFO - Started process (PID=1204) to work on /opt/airflow/dags/transformation/etl_deals_contacts_prata_db.py
[2026-03-24T17:38:02.090+0000] {processor.py:830} INFO - Processing file /opt/airflow/dags/transformation/etl_deals_contacts_prata_db.py for tasks to queue
[2026-03-24T17:38:02.090+0000] {logging_mixin.py:188} INFO - [2026-03-24T17:38:02.090+0000] {dagbag.py:538} INFO - Filling up the DagBag from /opt/airflow/dags/transformation/etl_deals_contacts_prata_db.py
[2026-03-24T17:38:02.304+0000] {processor.py:840} INFO - DAG(s) 'post_data_prata_db_and_etl' retrieved from /opt/airflow/dags/transformation/etl_deals_contacts_prata_db.py
[2026-03-24T17:38:02.314+0000] {logging_mixin.py:188} INFO - [2026-03-24T17:38:02.314+0000] {dag.py:3036} INFO - Sync 1 DAGs
[2026-03-24T17:38:02.320+0000] {logging_mixin.py:188} INFO - [2026-03-24T17:38:02.320+0000] {dag.py:3823} INFO - Setting next_dagrun for post_data_prata_db_and_etl to None, run_after=None
[2026-03-24T17:38:02.328+0000] {processor.py:183} INFO - Processing /opt/airflow/dags/transformation/etl_deals_contacts_prata_db.py took 0.242 seconds
[2026-03-24T17:38:32.916+0000] {processor.py:161} INFO - Started process (PID=1243) to work on /opt/airflow/dags/transformation/etl_deals_contacts_prata_db.py
[2026-03-24T17:38:32.916+0000] {processor.py:830} INFO - Processing file /opt/airflow/dags/transformation/etl_deals_contacts_prata_db.py for tasks to queue
[2026-03-24T17:38:32.916+0000] {logging_mixin.py:188} INFO - [2026-03-24T17:38:32.916+0000] {dagbag.py:538} INFO - Filling up the DagBag from /opt/airflow/dags/transformation/etl_deals_contacts_prata_db.py
[2026-03-24T17:38:33.124+0000] {processor.py:840} INFO - DAG(s) 'post_data_prata_db_and_etl' retrieved from /opt/airflow/dags/transformation/etl_deals_contacts_prata_db.py
[2026-03-24T17:38:33.135+0000] {logging_mixin.py:188} INFO - [2026-03-24T17:38:33.135+0000] {dag.py:3036} INFO - Sync 1 DAGs
[2026-03-24T17:38:33.141+0000] {logging_mixin.py:188} INFO - [2026-03-24T17:38:33.141+0000] {dag.py:3823} INFO - Setting next_dagrun for post_data_prata_db_and_etl to None, run_after=None
[2026-03-24T17:38:33.151+0000] {processor.py:183} INFO - Processing /opt/airflow/dags/transformation/etl_deals_contacts_prata_db.py took 0.238 seconds
[2026-03-24T17:39:03.783+0000] {processor.py:161} INFO - Started process (PID=1282) to work on /opt/airflow/dags/transformation/etl_deals_contacts_prata_db.py
[2026-03-24T17:39:03.783+0000] {processor.py:830} INFO - Processing file /opt/airflow/dags/transformation/etl_deals_contacts_prata_db.py for tasks to queue
[2026-03-24T17:39:03.784+0000] {logging_mixin.py:188} INFO - [2026-03-24T17:39:03.783+0000] {dagbag.py:538} INFO - Filling up the DagBag from /opt/airflow/dags/transformation/etl_deals_contacts_prata_db.py
[2026-03-24T17:39:04.000+0000] {processor.py:840} INFO - DAG(s) 'post_data_prata_db_and_etl' retrieved from /opt/airflow/dags/transformation/etl_deals_contacts_prata_db.py
[2026-03-24T17:39:04.013+0000] {logging_mixin.py:188} INFO - [2026-03-24T17:39:04.013+0000] {dag.py:3036} INFO - Sync 1 DAGs
[2026-03-24T17:39:04.019+0000] {logging_mixin.py:188} INFO - [2026-03-24T17:39:04.018+0000] {dag.py:3823} INFO - Setting next_dagrun for post_data_prata_db_and_etl to None, run_after=None
[2026-03-24T17:39:04.028+0000] {processor.py:183} INFO - Processing /opt/airflow/dags/transformation/etl_deals_contacts_prata_db.py took 0.247 seconds
[2026-03-24T17:39:34.630+0000] {processor.py:161} INFO - Started process (PID=1321) to work on /opt/airflow/dags/transformation/etl_deals_contacts_prata_db.py
[2026-03-24T17:39:34.631+0000] {processor.py:830} INFO - Processing file /opt/airflow/dags/transformation/etl_deals_contacts_prata_db.py for tasks to queue
[2026-03-24T17:39:34.631+0000] {logging_mixin.py:188} INFO - [2026-03-24T17:39:34.631+0000] {dagbag.py:538} INFO - Filling up the DagBag from /opt/airflow/dags/transformation/etl_deals_contacts_prata_db.py
[2026-03-24T17:39:34.846+0000] {processor.py:840} INFO - DAG(s) 'post_data_prata_db_and_etl' retrieved from /opt/airflow/dags/transformation/etl_deals_contacts_prata_db.py
[2026-03-24T17:39:34.857+0000] {logging_mixin.py:188} INFO - [2026-03-24T17:39:34.857+0000] {dag.py:3036} INFO - Sync 1 DAGs
[2026-03-24T17:39:34.863+0000] {logging_mixin.py:188} INFO - [2026-03-24T17:39:34.863+0000] {dag.py:3823} INFO - Setting next_dagrun for post_data_prata_db_and_etl to None, run_after=None
[2026-03-24T17:39:34.874+0000] {processor.py:183} INFO - Processing /opt/airflow/dags/transformation/etl_deals_contacts_prata_db.py took 0.246 seconds
[2026-03-24T17:40:05.489+0000] {processor.py:161} INFO - Started process (PID=1360) to work on /opt/airflow/dags/transformation/etl_deals_contacts_prata_db.py
[2026-03-24T17:40:05.490+0000] {processor.py:830} INFO - Processing file /opt/airflow/dags/transformation/etl_deals_contacts_prata_db.py for tasks to queue
[2026-03-24T17:40:05.490+0000] {logging_mixin.py:188} INFO - [2026-03-24T17:40:05.490+0000] {dagbag.py:538} INFO - Filling up the DagBag from /opt/airflow/dags/transformation/etl_deals_contacts_prata_db.py
[2026-03-24T17:40:05.704+0000] {processor.py:840} INFO - DAG(s) 'post_data_prata_db_and_etl' retrieved from /opt/airflow/dags/transformation/etl_deals_contacts_prata_db.py
[2026-03-24T17:40:05.716+0000] {logging_mixin.py:188} INFO - [2026-03-24T17:40:05.715+0000] {dag.py:3036} INFO - Sync 1 DAGs
[2026-03-24T17:40:05.721+0000] {logging_mixin.py:188} INFO - [2026-03-24T17:40:05.721+0000] {dag.py:3823} INFO - Setting next_dagrun for post_data_prata_db_and_etl to None, run_after=None
[2026-03-24T17:40:05.735+0000] {processor.py:183} INFO - Processing /opt/airflow/dags/transformation/etl_deals_contacts_prata_db.py took 0.247 seconds
[2026-03-24T17:40:36.352+0000] {processor.py:161} INFO - Started process (PID=1399) to work on /opt/airflow/dags/transformation/etl_deals_contacts_prata_db.py
[2026-03-24T17:40:36.353+0000] {processor.py:830} INFO - Processing file /opt/airflow/dags/transformation/etl_deals_contacts_prata_db.py for tasks to queue
[2026-03-24T17:40:36.353+0000] {logging_mixin.py:188} INFO - [2026-03-24T17:40:36.353+0000] {dagbag.py:538} INFO - Filling up the DagBag from /opt/airflow/dags/transformation/etl_deals_contacts_prata_db.py
[2026-03-24T17:40:36.565+0000] {processor.py:840} INFO - DAG(s) 'post_data_prata_db_and_etl' retrieved from /opt/airflow/dags/transformation/etl_deals_contacts_prata_db.py
[2026-03-24T17:40:36.577+0000] {logging_mixin.py:188} INFO - [2026-03-24T17:40:36.577+0000] {dag.py:3036} INFO - Sync 1 DAGs
[2026-03-24T17:40:36.583+0000] {logging_mixin.py:188} INFO - [2026-03-24T17:40:36.583+0000] {dag.py:3823} INFO - Setting next_dagrun for post_data_prata_db_and_etl to None, run_after=None
[2026-03-24T17:40:36.593+0000] {processor.py:183} INFO - Processing /opt/airflow/dags/transformation/etl_deals_contacts_prata_db.py took 0.243 seconds
[2026-03-24T17:41:07.132+0000] {processor.py:161} INFO - Started process (PID=1438) to work on /opt/airflow/dags/transformation/etl_deals_contacts_prata_db.py
[2026-03-24T17:41:07.133+0000] {processor.py:830} INFO - Processing file /opt/airflow/dags/transformation/etl_deals_contacts_prata_db.py for tasks to queue
[2026-03-24T17:41:07.133+0000] {logging_mixin.py:188} INFO - [2026-03-24T17:41:07.133+0000] {dagbag.py:538} INFO - Filling up the DagBag from /opt/airflow/dags/transformation/etl_deals_contacts_prata_db.py
[2026-03-24T17:41:07.357+0000] {processor.py:840} INFO - DAG(s) 'post_data_prata_db_and_etl' retrieved from /opt/airflow/dags/transformation/etl_deals_contacts_prata_db.py
[2026-03-24T17:41:07.370+0000] {logging_mixin.py:188} INFO - [2026-03-24T17:41:07.369+0000] {dag.py:3036} INFO - Sync 1 DAGs
[2026-03-24T17:41:07.376+0000] {logging_mixin.py:188} INFO - [2026-03-24T17:41:07.376+0000] {dag.py:3823} INFO - Setting next_dagrun for post_data_prata_db_and_etl to None, run_after=None
[2026-03-24T17:41:07.389+0000] {processor.py:183} INFO - Processing /opt/airflow/dags/transformation/etl_deals_contacts_prata_db.py took 0.258 seconds
[2026-03-24T17:41:37.983+0000] {processor.py:161} INFO - Started process (PID=1477) to work on /opt/airflow/dags/transformation/etl_deals_contacts_prata_db.py
[2026-03-24T17:41:37.984+0000] {processor.py:830} INFO - Processing file /opt/airflow/dags/transformation/etl_deals_contacts_prata_db.py for tasks to queue
[2026-03-24T17:41:37.984+0000] {logging_mixin.py:188} INFO - [2026-03-24T17:41:37.984+0000] {dagbag.py:538} INFO - Filling up the DagBag from /opt/airflow/dags/transformation/etl_deals_contacts_prata_db.py
[2026-03-24T17:41:38.205+0000] {processor.py:840} INFO - DAG(s) 'post_data_prata_db_and_etl' retrieved from /opt/airflow/dags/transformation/etl_deals_contacts_prata_db.py
[2026-03-24T17:41:38.217+0000] {logging_mixin.py:188} INFO - [2026-03-24T17:41:38.216+0000] {dag.py:3036} INFO - Sync 1 DAGs
[2026-03-24T17:41:38.223+0000] {logging_mixin.py:188} INFO - [2026-03-24T17:41:38.223+0000] {dag.py:3823} INFO - Setting next_dagrun for post_data_prata_db_and_etl to None, run_after=None
[2026-03-24T17:41:38.232+0000] {processor.py:183} INFO - Processing /opt/airflow/dags/transformation/etl_deals_contacts_prata_db.py took 0.251 seconds
[2026-03-24T17:42:08.819+0000] {processor.py:161} INFO - Started process (PID=1516) to work on /opt/airflow/dags/transformation/etl_deals_contacts_prata_db.py
[2026-03-24T17:42:08.820+0000] {processor.py:830} INFO - Processing file /opt/airflow/dags/transformation/etl_deals_contacts_prata_db.py for tasks to queue
[2026-03-24T17:42:08.820+0000] {logging_mixin.py:188} INFO - [2026-03-24T17:42:08.820+0000] {dagbag.py:538} INFO - Filling up the DagBag from /opt/airflow/dags/transformation/etl_deals_contacts_prata_db.py
[2026-03-24T17:42:09.045+0000] {processor.py:840} INFO - DAG(s) 'post_data_prata_db_and_etl' retrieved from /opt/airflow/dags/transformation/etl_deals_contacts_prata_db.py
[2026-03-24T17:42:09.059+0000] {logging_mixin.py:188} INFO - [2026-03-24T17:42:09.058+0000] {dag.py:3036} INFO - Sync 1 DAGs
[2026-03-24T17:42:09.064+0000] {logging_mixin.py:188} INFO - [2026-03-24T17:42:09.064+0000] {dag.py:3823} INFO - Setting next_dagrun for post_data_prata_db_and_etl to None, run_after=None
[2026-03-24T17:42:09.074+0000] {processor.py:183} INFO - Processing /opt/airflow/dags/transformation/etl_deals_contacts_prata_db.py took 0.258 seconds
[2026-03-24T17:42:39.656+0000] {processor.py:161} INFO - Started process (PID=1555) to work on /opt/airflow/dags/transformation/etl_deals_contacts_prata_db.py
[2026-03-24T17:42:39.657+0000] {processor.py:830} INFO - Processing file /opt/airflow/dags/transformation/etl_deals_contacts_prata_db.py for tasks to queue
[2026-03-24T17:42:39.657+0000] {logging_mixin.py:188} INFO - [2026-03-24T17:42:39.657+0000] {dagbag.py:538} INFO - Filling up the DagBag from /opt/airflow/dags/transformation/etl_deals_contacts_prata_db.py
[2026-03-24T17:42:39.881+0000] {processor.py:840} INFO - DAG(s) 'post_data_prata_db_and_etl' retrieved from /opt/airflow/dags/transformation/etl_deals_contacts_prata_db.py
[2026-03-24T17:42:39.895+0000] {logging_mixin.py:188} INFO - [2026-03-24T17:42:39.895+0000] {dag.py:3036} INFO - Sync 1 DAGs
[2026-03-24T17:42:39.901+0000] {logging_mixin.py:188} INFO - [2026-03-24T17:42:39.901+0000] {dag.py:3823} INFO - Setting next_dagrun for post_data_prata_db_and_etl to None, run_after=None
[2026-03-24T17:42:39.912+0000] {processor.py:183} INFO - Processing /opt/airflow/dags/transformation/etl_deals_contacts_prata_db.py took 0.257 seconds
[2026-03-24T17:43:10.481+0000] {processor.py:161} INFO - Started process (PID=1594) to work on /opt/airflow/dags/transformation/etl_deals_contacts_prata_db.py
[2026-03-24T17:43:10.482+0000] {processor.py:830} INFO - Processing file /opt/airflow/dags/transformation/etl_deals_contacts_prata_db.py for tasks to queue
[2026-03-24T17:43:10.482+0000] {logging_mixin.py:188} INFO - [2026-03-24T17:43:10.482+0000] {dagbag.py:538} INFO - Filling up the DagBag from /opt/airflow/dags/transformation/etl_deals_contacts_prata_db.py
[2026-03-24T17:43:10.701+0000] {processor.py:840} INFO - DAG(s) 'post_data_prata_db_and_etl' retrieved from /opt/airflow/dags/transformation/etl_deals_contacts_prata_db.py
[2026-03-24T17:43:10.720+0000] {logging_mixin.py:188} INFO - [2026-03-24T17:43:10.720+0000] {dag.py:3036} INFO - Sync 1 DAGs
[2026-03-24T17:43:10.731+0000] {logging_mixin.py:188} INFO - [2026-03-24T17:43:10.731+0000] {dag.py:3823} INFO - Setting next_dagrun for post_data_prata_db_and_etl to None, run_after=None
[2026-03-24T17:43:10.746+0000] {processor.py:183} INFO - Processing /opt/airflow/dags/transformation/etl_deals_contacts_prata_db.py took 0.267 seconds
[2026-03-24T17:43:41.269+0000] {processor.py:161} INFO - Started process (PID=1656) to work on /opt/airflow/dags/transformation/etl_deals_contacts_prata_db.py
[2026-03-24T17:43:41.269+0000] {processor.py:830} INFO - Processing file /opt/airflow/dags/transformation/etl_deals_contacts_prata_db.py for tasks to queue
[2026-03-24T17:43:41.269+0000] {logging_mixin.py:188} INFO - [2026-03-24T17:43:41.269+0000] {dagbag.py:538} INFO - Filling up the DagBag from /opt/airflow/dags/transformation/etl_deals_contacts_prata_db.py
[2026-03-24T17:43:41.481+0000] {processor.py:840} INFO - DAG(s) 'post_data_prata_db_and_etl' retrieved from /opt/airflow/dags/transformation/etl_deals_contacts_prata_db.py
[2026-03-24T17:43:41.492+0000] {logging_mixin.py:188} INFO - [2026-03-24T17:43:41.492+0000] {dag.py:3036} INFO - Sync 1 DAGs
[2026-03-24T17:43:41.498+0000] {logging_mixin.py:188} INFO - [2026-03-24T17:43:41.498+0000] {dag.py:3823} INFO - Setting next_dagrun for post_data_prata_db_and_etl to None, run_after=None
[2026-03-24T17:43:41.507+0000] {processor.py:183} INFO - Processing /opt/airflow/dags/transformation/etl_deals_contacts_prata_db.py took 0.240 seconds
[2026-03-24T17:44:12.092+0000] {processor.py:161} INFO - Started process (PID=1695) to work on /opt/airflow/dags/transformation/etl_deals_contacts_prata_db.py
[2026-03-24T17:44:12.092+0000] {processor.py:830} INFO - Processing file /opt/airflow/dags/transformation/etl_deals_contacts_prata_db.py for tasks to queue
[2026-03-24T17:44:12.093+0000] {logging_mixin.py:188} INFO - [2026-03-24T17:44:12.093+0000] {dagbag.py:538} INFO - Filling up the DagBag from /opt/airflow/dags/transformation/etl_deals_contacts_prata_db.py
[2026-03-24T17:44:12.315+0000] {processor.py:840} INFO - DAG(s) 'post_data_prata_db_and_etl' retrieved from /opt/airflow/dags/transformation/etl_deals_contacts_prata_db.py
[2026-03-24T17:44:12.326+0000] {logging_mixin.py:188} INFO - [2026-03-24T17:44:12.326+0000] {dag.py:3036} INFO - Sync 1 DAGs
[2026-03-24T17:44:12.332+0000] {logging_mixin.py:188} INFO - [2026-03-24T17:44:12.331+0000] {dag.py:3823} INFO - Setting next_dagrun for post_data_prata_db_and_etl to None, run_after=None
[2026-03-24T17:44:12.342+0000] {processor.py:183} INFO - Processing /opt/airflow/dags/transformation/etl_deals_contacts_prata_db.py took 0.252 seconds
[2026-03-24T17:44:42.904+0000] {processor.py:161} INFO - Started process (PID=1734) to work on /opt/airflow/dags/transformation/etl_deals_contacts_prata_db.py
[2026-03-24T17:44:42.904+0000] {processor.py:830} INFO - Processing file /opt/airflow/dags/transformation/etl_deals_contacts_prata_db.py for tasks to queue
[2026-03-24T17:44:42.905+0000] {logging_mixin.py:188} INFO - [2026-03-24T17:44:42.905+0000] {dagbag.py:538} INFO - Filling up the DagBag from /opt/airflow/dags/transformation/etl_deals_contacts_prata_db.py
[2026-03-24T17:44:43.130+0000] {processor.py:840} INFO - DAG(s) 'post_data_prata_db_and_etl' retrieved from /opt/airflow/dags/transformation/etl_deals_contacts_prata_db.py
[2026-03-24T17:44:43.144+0000] {logging_mixin.py:188} INFO - [2026-03-24T17:44:43.144+0000] {dag.py:3036} INFO - Sync 1 DAGs
[2026-03-24T17:44:43.150+0000] {logging_mixin.py:188} INFO - [2026-03-24T17:44:43.150+0000] {dag.py:3823} INFO - Setting next_dagrun for post_data_prata_db_and_etl to None, run_after=None
[2026-03-24T17:44:43.160+0000] {processor.py:183} INFO - Processing /opt/airflow/dags/transformation/etl_deals_contacts_prata_db.py took 0.259 seconds
[2026-03-24T17:45:13.745+0000] {processor.py:161} INFO - Started process (PID=1773) to work on /opt/airflow/dags/transformation/etl_deals_contacts_prata_db.py
[2026-03-24T17:45:13.745+0000] {processor.py:830} INFO - Processing file /opt/airflow/dags/transformation/etl_deals_contacts_prata_db.py for tasks to queue
[2026-03-24T17:45:13.745+0000] {logging_mixin.py:188} INFO - [2026-03-24T17:45:13.745+0000] {dagbag.py:538} INFO - Filling up the DagBag from /opt/airflow/dags/transformation/etl_deals_contacts_prata_db.py
[2026-03-24T17:45:13.970+0000] {processor.py:840} INFO - DAG(s) 'post_data_prata_db_and_etl' retrieved from /opt/airflow/dags/transformation/etl_deals_contacts_prata_db.py
[2026-03-24T17:45:13.984+0000] {logging_mixin.py:188} INFO - [2026-03-24T17:45:13.984+0000] {dag.py:3036} INFO - Sync 1 DAGs
[2026-03-24T17:45:13.991+0000] {logging_mixin.py:188} INFO - [2026-03-24T17:45:13.991+0000] {dag.py:3823} INFO - Setting next_dagrun for post_data_prata_db_and_etl to None, run_after=None
[2026-03-24T17:45:14.000+0000] {processor.py:183} INFO - Processing /opt/airflow/dags/transformation/etl_deals_contacts_prata_db.py took 0.257 seconds
