[2026-03-24T17:24:39.903+0000] {processor.py:161} INFO - Started process (PID=185) to work on /opt/airflow/dags/transformation/extract_data_bronze_to_parq.py
[2026-03-24T17:24:39.904+0000] {processor.py:830} INFO - Processing file /opt/airflow/dags/transformation/extract_data_bronze_to_parq.py for tasks to queue
[2026-03-24T17:24:39.904+0000] {logging_mixin.py:188} INFO - [2026-03-24T17:24:39.904+0000] {dagbag.py:538} INFO - Filling up the DagBag from /opt/airflow/dags/transformation/extract_data_bronze_to_parq.py
[2026-03-24T17:24:40.623+0000] {processor.py:840} INFO - DAG(s) 'get_data_db_to_parquet_file' retrieved from /opt/airflow/dags/transformation/extract_data_bronze_to_parq.py
[2026-03-24T17:24:40.821+0000] {logging_mixin.py:188} INFO - [2026-03-24T17:24:40.820+0000] {override.py:1769} INFO - Created Permission View: can edit on DAG:get_data_db_to_parquet_file
[2026-03-24T17:24:40.830+0000] {logging_mixin.py:188} INFO - [2026-03-24T17:24:40.829+0000] {override.py:1769} INFO - Created Permission View: can delete on DAG:get_data_db_to_parquet_file
[2026-03-24T17:24:40.835+0000] {logging_mixin.py:188} INFO - [2026-03-24T17:24:40.835+0000] {override.py:1769} INFO - Created Permission View: can read on DAG:get_data_db_to_parquet_file
[2026-03-24T17:24:40.835+0000] {logging_mixin.py:188} INFO - [2026-03-24T17:24:40.835+0000] {dag.py:3036} INFO - Sync 1 DAGs
[2026-03-24T17:24:40.846+0000] {logging_mixin.py:188} INFO - [2026-03-24T17:24:40.845+0000] {dag.py:3058} INFO - Creating ORM DAG for get_data_db_to_parquet_file
[2026-03-24T17:24:40.846+0000] {logging_mixin.py:188} INFO - [2026-03-24T17:24:40.846+0000] {dag.py:3823} INFO - Setting next_dagrun for get_data_db_to_parquet_file to None, run_after=None
[2026-03-24T17:24:40.859+0000] {processor.py:183} INFO - Processing /opt/airflow/dags/transformation/extract_data_bronze_to_parq.py took 0.958 seconds
[2026-03-24T17:25:11.599+0000] {processor.py:161} INFO - Started process (PID=226) to work on /opt/airflow/dags/transformation/extract_data_bronze_to_parq.py
[2026-03-24T17:25:11.599+0000] {processor.py:830} INFO - Processing file /opt/airflow/dags/transformation/extract_data_bronze_to_parq.py for tasks to queue
[2026-03-24T17:25:11.600+0000] {logging_mixin.py:188} INFO - [2026-03-24T17:25:11.599+0000] {dagbag.py:538} INFO - Filling up the DagBag from /opt/airflow/dags/transformation/extract_data_bronze_to_parq.py
[2026-03-24T17:25:11.750+0000] {processor.py:840} INFO - DAG(s) 'get_data_db_to_parquet_file' retrieved from /opt/airflow/dags/transformation/extract_data_bronze_to_parq.py
[2026-03-24T17:25:11.764+0000] {logging_mixin.py:188} INFO - [2026-03-24T17:25:11.764+0000] {dag.py:3036} INFO - Sync 1 DAGs
[2026-03-24T17:25:11.770+0000] {logging_mixin.py:188} INFO - [2026-03-24T17:25:11.770+0000] {dag.py:3823} INFO - Setting next_dagrun for get_data_db_to_parquet_file to None, run_after=None
[2026-03-24T17:25:11.781+0000] {processor.py:183} INFO - Processing /opt/airflow/dags/transformation/extract_data_bronze_to_parq.py took 0.184 seconds
[2026-03-24T17:25:42.258+0000] {processor.py:161} INFO - Started process (PID=265) to work on /opt/airflow/dags/transformation/extract_data_bronze_to_parq.py
[2026-03-24T17:25:42.260+0000] {processor.py:830} INFO - Processing file /opt/airflow/dags/transformation/extract_data_bronze_to_parq.py for tasks to queue
[2026-03-24T17:25:42.260+0000] {logging_mixin.py:188} INFO - [2026-03-24T17:25:42.260+0000] {dagbag.py:538} INFO - Filling up the DagBag from /opt/airflow/dags/transformation/extract_data_bronze_to_parq.py
[2026-03-24T17:25:42.403+0000] {processor.py:840} INFO - DAG(s) 'get_data_db_to_parquet_file' retrieved from /opt/airflow/dags/transformation/extract_data_bronze_to_parq.py
[2026-03-24T17:25:42.417+0000] {logging_mixin.py:188} INFO - [2026-03-24T17:25:42.417+0000] {dag.py:3036} INFO - Sync 1 DAGs
[2026-03-24T17:25:42.424+0000] {logging_mixin.py:188} INFO - [2026-03-24T17:25:42.424+0000] {dag.py:3823} INFO - Setting next_dagrun for get_data_db_to_parquet_file to None, run_after=None
[2026-03-24T17:25:42.433+0000] {processor.py:183} INFO - Processing /opt/airflow/dags/transformation/extract_data_bronze_to_parq.py took 0.177 seconds
[2026-03-24T17:26:12.895+0000] {processor.py:161} INFO - Started process (PID=304) to work on /opt/airflow/dags/transformation/extract_data_bronze_to_parq.py
[2026-03-24T17:26:12.896+0000] {processor.py:830} INFO - Processing file /opt/airflow/dags/transformation/extract_data_bronze_to_parq.py for tasks to queue
[2026-03-24T17:26:12.897+0000] {logging_mixin.py:188} INFO - [2026-03-24T17:26:12.896+0000] {dagbag.py:538} INFO - Filling up the DagBag from /opt/airflow/dags/transformation/extract_data_bronze_to_parq.py
[2026-03-24T17:26:13.040+0000] {processor.py:840} INFO - DAG(s) 'get_data_db_to_parquet_file' retrieved from /opt/airflow/dags/transformation/extract_data_bronze_to_parq.py
[2026-03-24T17:26:13.054+0000] {logging_mixin.py:188} INFO - [2026-03-24T17:26:13.054+0000] {dag.py:3036} INFO - Sync 1 DAGs
[2026-03-24T17:26:13.062+0000] {logging_mixin.py:188} INFO - [2026-03-24T17:26:13.062+0000] {dag.py:3823} INFO - Setting next_dagrun for get_data_db_to_parquet_file to None, run_after=None
[2026-03-24T17:26:13.072+0000] {processor.py:183} INFO - Processing /opt/airflow/dags/transformation/extract_data_bronze_to_parq.py took 0.180 seconds
[2026-03-24T17:26:43.661+0000] {processor.py:161} INFO - Started process (PID=343) to work on /opt/airflow/dags/transformation/extract_data_bronze_to_parq.py
[2026-03-24T17:26:43.663+0000] {processor.py:830} INFO - Processing file /opt/airflow/dags/transformation/extract_data_bronze_to_parq.py for tasks to queue
[2026-03-24T17:26:43.664+0000] {logging_mixin.py:188} INFO - [2026-03-24T17:26:43.664+0000] {dagbag.py:538} INFO - Filling up the DagBag from /opt/airflow/dags/transformation/extract_data_bronze_to_parq.py
[2026-03-24T17:26:43.818+0000] {processor.py:840} INFO - DAG(s) 'get_data_db_to_parquet_file' retrieved from /opt/airflow/dags/transformation/extract_data_bronze_to_parq.py
[2026-03-24T17:26:43.831+0000] {logging_mixin.py:188} INFO - [2026-03-24T17:26:43.831+0000] {dag.py:3036} INFO - Sync 1 DAGs
[2026-03-24T17:26:43.837+0000] {logging_mixin.py:188} INFO - [2026-03-24T17:26:43.837+0000] {dag.py:3823} INFO - Setting next_dagrun for get_data_db_to_parquet_file to None, run_after=None
[2026-03-24T17:26:43.848+0000] {processor.py:183} INFO - Processing /opt/airflow/dags/transformation/extract_data_bronze_to_parq.py took 0.189 seconds
[2026-03-24T17:27:14.355+0000] {processor.py:161} INFO - Started process (PID=382) to work on /opt/airflow/dags/transformation/extract_data_bronze_to_parq.py
[2026-03-24T17:27:14.355+0000] {processor.py:830} INFO - Processing file /opt/airflow/dags/transformation/extract_data_bronze_to_parq.py for tasks to queue
[2026-03-24T17:27:14.356+0000] {logging_mixin.py:188} INFO - [2026-03-24T17:27:14.355+0000] {dagbag.py:538} INFO - Filling up the DagBag from /opt/airflow/dags/transformation/extract_data_bronze_to_parq.py
[2026-03-24T17:27:14.511+0000] {processor.py:840} INFO - DAG(s) 'get_data_db_to_parquet_file' retrieved from /opt/airflow/dags/transformation/extract_data_bronze_to_parq.py
[2026-03-24T17:27:14.530+0000] {logging_mixin.py:188} INFO - [2026-03-24T17:27:14.529+0000] {dag.py:3036} INFO - Sync 1 DAGs
[2026-03-24T17:27:14.536+0000] {logging_mixin.py:188} INFO - [2026-03-24T17:27:14.536+0000] {dag.py:3823} INFO - Setting next_dagrun for get_data_db_to_parquet_file to None, run_after=None
[2026-03-24T17:27:14.547+0000] {processor.py:183} INFO - Processing /opt/airflow/dags/transformation/extract_data_bronze_to_parq.py took 0.195 seconds
[2026-03-24T17:27:45.139+0000] {processor.py:161} INFO - Started process (PID=421) to work on /opt/airflow/dags/transformation/extract_data_bronze_to_parq.py
[2026-03-24T17:27:45.141+0000] {processor.py:830} INFO - Processing file /opt/airflow/dags/transformation/extract_data_bronze_to_parq.py for tasks to queue
[2026-03-24T17:27:45.142+0000] {logging_mixin.py:188} INFO - [2026-03-24T17:27:45.142+0000] {dagbag.py:538} INFO - Filling up the DagBag from /opt/airflow/dags/transformation/extract_data_bronze_to_parq.py
[2026-03-24T17:27:45.295+0000] {processor.py:840} INFO - DAG(s) 'get_data_db_to_parquet_file' retrieved from /opt/airflow/dags/transformation/extract_data_bronze_to_parq.py
[2026-03-24T17:27:45.404+0000] {logging_mixin.py:188} INFO - [2026-03-24T17:27:45.403+0000] {dag.py:3036} INFO - Sync 1 DAGs
[2026-03-24T17:27:45.410+0000] {logging_mixin.py:188} INFO - [2026-03-24T17:27:45.410+0000] {dag.py:3823} INFO - Setting next_dagrun for get_data_db_to_parquet_file to None, run_after=None
[2026-03-24T17:27:45.422+0000] {processor.py:183} INFO - Processing /opt/airflow/dags/transformation/extract_data_bronze_to_parq.py took 0.284 seconds
[2026-03-24T17:28:15.987+0000] {processor.py:161} INFO - Started process (PID=460) to work on /opt/airflow/dags/transformation/extract_data_bronze_to_parq.py
[2026-03-24T17:28:15.987+0000] {processor.py:830} INFO - Processing file /opt/airflow/dags/transformation/extract_data_bronze_to_parq.py for tasks to queue
[2026-03-24T17:28:15.987+0000] {logging_mixin.py:188} INFO - [2026-03-24T17:28:15.987+0000] {dagbag.py:538} INFO - Filling up the DagBag from /opt/airflow/dags/transformation/extract_data_bronze_to_parq.py
[2026-03-24T17:28:16.215+0000] {processor.py:840} INFO - DAG(s) 'get_data_db_to_parquet_file' retrieved from /opt/airflow/dags/transformation/extract_data_bronze_to_parq.py
[2026-03-24T17:28:16.231+0000] {logging_mixin.py:188} INFO - [2026-03-24T17:28:16.231+0000] {dag.py:3036} INFO - Sync 1 DAGs
[2026-03-24T17:28:16.237+0000] {logging_mixin.py:188} INFO - [2026-03-24T17:28:16.237+0000] {dag.py:3823} INFO - Setting next_dagrun for get_data_db_to_parquet_file to None, run_after=None
[2026-03-24T17:28:16.248+0000] {processor.py:183} INFO - Processing /opt/airflow/dags/transformation/extract_data_bronze_to_parq.py took 0.263 seconds
[2026-03-24T17:28:46.829+0000] {processor.py:161} INFO - Started process (PID=499) to work on /opt/airflow/dags/transformation/extract_data_bronze_to_parq.py
[2026-03-24T17:28:46.831+0000] {processor.py:830} INFO - Processing file /opt/airflow/dags/transformation/extract_data_bronze_to_parq.py for tasks to queue
[2026-03-24T17:28:46.831+0000] {logging_mixin.py:188} INFO - [2026-03-24T17:28:46.831+0000] {dagbag.py:538} INFO - Filling up the DagBag from /opt/airflow/dags/transformation/extract_data_bronze_to_parq.py
[2026-03-24T17:28:46.968+0000] {processor.py:840} INFO - DAG(s) 'get_data_db_to_parquet_file' retrieved from /opt/airflow/dags/transformation/extract_data_bronze_to_parq.py
[2026-03-24T17:28:47.066+0000] {logging_mixin.py:188} INFO - [2026-03-24T17:28:47.066+0000] {dag.py:3036} INFO - Sync 1 DAGs
[2026-03-24T17:28:47.072+0000] {logging_mixin.py:188} INFO - [2026-03-24T17:28:47.072+0000] {dag.py:3823} INFO - Setting next_dagrun for get_data_db_to_parquet_file to None, run_after=None
[2026-03-24T17:28:47.082+0000] {processor.py:183} INFO - Processing /opt/airflow/dags/transformation/extract_data_bronze_to_parq.py took 0.254 seconds
[2026-03-24T17:29:17.648+0000] {processor.py:161} INFO - Started process (PID=538) to work on /opt/airflow/dags/transformation/extract_data_bronze_to_parq.py
[2026-03-24T17:29:17.649+0000] {processor.py:830} INFO - Processing file /opt/airflow/dags/transformation/extract_data_bronze_to_parq.py for tasks to queue
[2026-03-24T17:29:17.649+0000] {logging_mixin.py:188} INFO - [2026-03-24T17:29:17.649+0000] {dagbag.py:538} INFO - Filling up the DagBag from /opt/airflow/dags/transformation/extract_data_bronze_to_parq.py
[2026-03-24T17:29:17.868+0000] {processor.py:840} INFO - DAG(s) 'get_data_db_to_parquet_file' retrieved from /opt/airflow/dags/transformation/extract_data_bronze_to_parq.py
[2026-03-24T17:29:17.886+0000] {logging_mixin.py:188} INFO - [2026-03-24T17:29:17.885+0000] {dag.py:3036} INFO - Sync 1 DAGs
[2026-03-24T17:29:17.892+0000] {logging_mixin.py:188} INFO - [2026-03-24T17:29:17.892+0000] {dag.py:3823} INFO - Setting next_dagrun for get_data_db_to_parquet_file to None, run_after=None
[2026-03-24T17:29:17.902+0000] {processor.py:183} INFO - Processing /opt/airflow/dags/transformation/extract_data_bronze_to_parq.py took 0.256 seconds
[2026-03-24T17:29:48.494+0000] {processor.py:161} INFO - Started process (PID=577) to work on /opt/airflow/dags/transformation/extract_data_bronze_to_parq.py
[2026-03-24T17:29:48.494+0000] {processor.py:830} INFO - Processing file /opt/airflow/dags/transformation/extract_data_bronze_to_parq.py for tasks to queue
[2026-03-24T17:29:48.495+0000] {logging_mixin.py:188} INFO - [2026-03-24T17:29:48.494+0000] {dagbag.py:538} INFO - Filling up the DagBag from /opt/airflow/dags/transformation/extract_data_bronze_to_parq.py
[2026-03-24T17:29:48.713+0000] {processor.py:840} INFO - DAG(s) 'get_data_db_to_parquet_file' retrieved from /opt/airflow/dags/transformation/extract_data_bronze_to_parq.py
[2026-03-24T17:29:48.727+0000] {logging_mixin.py:188} INFO - [2026-03-24T17:29:48.727+0000] {dag.py:3036} INFO - Sync 1 DAGs
[2026-03-24T17:29:48.732+0000] {logging_mixin.py:188} INFO - [2026-03-24T17:29:48.732+0000] {dag.py:3823} INFO - Setting next_dagrun for get_data_db_to_parquet_file to None, run_after=None
[2026-03-24T17:29:48.744+0000] {processor.py:183} INFO - Processing /opt/airflow/dags/transformation/extract_data_bronze_to_parq.py took 0.252 seconds
[2026-03-24T17:30:19.361+0000] {processor.py:161} INFO - Started process (PID=616) to work on /opt/airflow/dags/transformation/extract_data_bronze_to_parq.py
[2026-03-24T17:30:19.362+0000] {processor.py:830} INFO - Processing file /opt/airflow/dags/transformation/extract_data_bronze_to_parq.py for tasks to queue
[2026-03-24T17:30:19.363+0000] {logging_mixin.py:188} INFO - [2026-03-24T17:30:19.363+0000] {dagbag.py:538} INFO - Filling up the DagBag from /opt/airflow/dags/transformation/extract_data_bronze_to_parq.py
[2026-03-24T17:30:19.583+0000] {processor.py:840} INFO - DAG(s) 'get_data_db_to_parquet_file' retrieved from /opt/airflow/dags/transformation/extract_data_bronze_to_parq.py
[2026-03-24T17:30:19.597+0000] {logging_mixin.py:188} INFO - [2026-03-24T17:30:19.597+0000] {dag.py:3036} INFO - Sync 1 DAGs
[2026-03-24T17:30:19.603+0000] {logging_mixin.py:188} INFO - [2026-03-24T17:30:19.603+0000] {dag.py:3823} INFO - Setting next_dagrun for get_data_db_to_parquet_file to None, run_after=None
[2026-03-24T17:30:19.611+0000] {processor.py:183} INFO - Processing /opt/airflow/dags/transformation/extract_data_bronze_to_parq.py took 0.252 seconds
[2026-03-24T17:30:50.212+0000] {processor.py:161} INFO - Started process (PID=655) to work on /opt/airflow/dags/transformation/extract_data_bronze_to_parq.py
[2026-03-24T17:30:50.214+0000] {processor.py:830} INFO - Processing file /opt/airflow/dags/transformation/extract_data_bronze_to_parq.py for tasks to queue
[2026-03-24T17:30:50.214+0000] {logging_mixin.py:188} INFO - [2026-03-24T17:30:50.214+0000] {dagbag.py:538} INFO - Filling up the DagBag from /opt/airflow/dags/transformation/extract_data_bronze_to_parq.py
[2026-03-24T17:30:50.435+0000] {processor.py:840} INFO - DAG(s) 'get_data_db_to_parquet_file' retrieved from /opt/airflow/dags/transformation/extract_data_bronze_to_parq.py
[2026-03-24T17:30:50.451+0000] {logging_mixin.py:188} INFO - [2026-03-24T17:30:50.451+0000] {dag.py:3036} INFO - Sync 1 DAGs
[2026-03-24T17:30:50.456+0000] {logging_mixin.py:188} INFO - [2026-03-24T17:30:50.456+0000] {dag.py:3823} INFO - Setting next_dagrun for get_data_db_to_parquet_file to None, run_after=None
[2026-03-24T17:30:50.467+0000] {processor.py:183} INFO - Processing /opt/airflow/dags/transformation/extract_data_bronze_to_parq.py took 0.257 seconds
[2026-03-24T17:31:21.078+0000] {processor.py:161} INFO - Started process (PID=694) to work on /opt/airflow/dags/transformation/extract_data_bronze_to_parq.py
[2026-03-24T17:31:21.078+0000] {processor.py:830} INFO - Processing file /opt/airflow/dags/transformation/extract_data_bronze_to_parq.py for tasks to queue
[2026-03-24T17:31:21.079+0000] {logging_mixin.py:188} INFO - [2026-03-24T17:31:21.079+0000] {dagbag.py:538} INFO - Filling up the DagBag from /opt/airflow/dags/transformation/extract_data_bronze_to_parq.py
[2026-03-24T17:31:21.299+0000] {processor.py:840} INFO - DAG(s) 'get_data_db_to_parquet_file' retrieved from /opt/airflow/dags/transformation/extract_data_bronze_to_parq.py
[2026-03-24T17:31:21.310+0000] {logging_mixin.py:188} INFO - [2026-03-24T17:31:21.310+0000] {dag.py:3036} INFO - Sync 1 DAGs
[2026-03-24T17:31:21.316+0000] {logging_mixin.py:188} INFO - [2026-03-24T17:31:21.316+0000] {dag.py:3823} INFO - Setting next_dagrun for get_data_db_to_parquet_file to None, run_after=None
[2026-03-24T17:31:21.328+0000] {processor.py:183} INFO - Processing /opt/airflow/dags/transformation/extract_data_bronze_to_parq.py took 0.255 seconds
[2026-03-24T17:31:51.946+0000] {processor.py:161} INFO - Started process (PID=733) to work on /opt/airflow/dags/transformation/extract_data_bronze_to_parq.py
[2026-03-24T17:31:51.948+0000] {processor.py:830} INFO - Processing file /opt/airflow/dags/transformation/extract_data_bronze_to_parq.py for tasks to queue
[2026-03-24T17:31:51.948+0000] {logging_mixin.py:188} INFO - [2026-03-24T17:31:51.948+0000] {dagbag.py:538} INFO - Filling up the DagBag from /opt/airflow/dags/transformation/extract_data_bronze_to_parq.py
[2026-03-24T17:31:52.163+0000] {processor.py:840} INFO - DAG(s) 'get_data_db_to_parquet_file' retrieved from /opt/airflow/dags/transformation/extract_data_bronze_to_parq.py
[2026-03-24T17:31:52.178+0000] {logging_mixin.py:188} INFO - [2026-03-24T17:31:52.178+0000] {dag.py:3036} INFO - Sync 1 DAGs
[2026-03-24T17:31:52.184+0000] {logging_mixin.py:188} INFO - [2026-03-24T17:31:52.183+0000] {dag.py:3823} INFO - Setting next_dagrun for get_data_db_to_parquet_file to None, run_after=None
[2026-03-24T17:31:52.192+0000] {processor.py:183} INFO - Processing /opt/airflow/dags/transformation/extract_data_bronze_to_parq.py took 0.249 seconds
[2026-03-24T17:32:22.804+0000] {processor.py:161} INFO - Started process (PID=772) to work on /opt/airflow/dags/transformation/extract_data_bronze_to_parq.py
[2026-03-24T17:32:22.804+0000] {processor.py:830} INFO - Processing file /opt/airflow/dags/transformation/extract_data_bronze_to_parq.py for tasks to queue
[2026-03-24T17:32:22.805+0000] {logging_mixin.py:188} INFO - [2026-03-24T17:32:22.805+0000] {dagbag.py:538} INFO - Filling up the DagBag from /opt/airflow/dags/transformation/extract_data_bronze_to_parq.py
[2026-03-24T17:32:23.023+0000] {processor.py:840} INFO - DAG(s) 'get_data_db_to_parquet_file' retrieved from /opt/airflow/dags/transformation/extract_data_bronze_to_parq.py
[2026-03-24T17:32:23.036+0000] {logging_mixin.py:188} INFO - [2026-03-24T17:32:23.036+0000] {dag.py:3036} INFO - Sync 1 DAGs
[2026-03-24T17:32:23.042+0000] {logging_mixin.py:188} INFO - [2026-03-24T17:32:23.042+0000] {dag.py:3823} INFO - Setting next_dagrun for get_data_db_to_parquet_file to None, run_after=None
[2026-03-24T17:32:23.054+0000] {processor.py:183} INFO - Processing /opt/airflow/dags/transformation/extract_data_bronze_to_parq.py took 0.253 seconds
[2026-03-24T17:32:53.650+0000] {processor.py:161} INFO - Started process (PID=811) to work on /opt/airflow/dags/transformation/extract_data_bronze_to_parq.py
[2026-03-24T17:32:53.652+0000] {processor.py:830} INFO - Processing file /opt/airflow/dags/transformation/extract_data_bronze_to_parq.py for tasks to queue
[2026-03-24T17:32:53.652+0000] {logging_mixin.py:188} INFO - [2026-03-24T17:32:53.652+0000] {dagbag.py:538} INFO - Filling up the DagBag from /opt/airflow/dags/transformation/extract_data_bronze_to_parq.py
[2026-03-24T17:32:53.868+0000] {processor.py:840} INFO - DAG(s) 'get_data_db_to_parquet_file' retrieved from /opt/airflow/dags/transformation/extract_data_bronze_to_parq.py
[2026-03-24T17:32:53.881+0000] {logging_mixin.py:188} INFO - [2026-03-24T17:32:53.881+0000] {dag.py:3036} INFO - Sync 1 DAGs
[2026-03-24T17:32:53.887+0000] {logging_mixin.py:188} INFO - [2026-03-24T17:32:53.887+0000] {dag.py:3823} INFO - Setting next_dagrun for get_data_db_to_parquet_file to None, run_after=None
[2026-03-24T17:32:53.896+0000] {processor.py:183} INFO - Processing /opt/airflow/dags/transformation/extract_data_bronze_to_parq.py took 0.247 seconds
[2026-03-24T17:33:24.485+0000] {processor.py:161} INFO - Started process (PID=850) to work on /opt/airflow/dags/transformation/extract_data_bronze_to_parq.py
[2026-03-24T17:33:24.486+0000] {processor.py:830} INFO - Processing file /opt/airflow/dags/transformation/extract_data_bronze_to_parq.py for tasks to queue
[2026-03-24T17:33:24.486+0000] {logging_mixin.py:188} INFO - [2026-03-24T17:33:24.486+0000] {dagbag.py:538} INFO - Filling up the DagBag from /opt/airflow/dags/transformation/extract_data_bronze_to_parq.py
[2026-03-24T17:33:24.704+0000] {processor.py:840} INFO - DAG(s) 'get_data_db_to_parquet_file' retrieved from /opt/airflow/dags/transformation/extract_data_bronze_to_parq.py
[2026-03-24T17:33:24.719+0000] {logging_mixin.py:188} INFO - [2026-03-24T17:33:24.719+0000] {dag.py:3036} INFO - Sync 1 DAGs
[2026-03-24T17:33:24.724+0000] {logging_mixin.py:188} INFO - [2026-03-24T17:33:24.724+0000] {dag.py:3823} INFO - Setting next_dagrun for get_data_db_to_parquet_file to None, run_after=None
[2026-03-24T17:33:24.734+0000] {processor.py:183} INFO - Processing /opt/airflow/dags/transformation/extract_data_bronze_to_parq.py took 0.252 seconds
[2026-03-24T17:33:55.344+0000] {processor.py:161} INFO - Started process (PID=889) to work on /opt/airflow/dags/transformation/extract_data_bronze_to_parq.py
[2026-03-24T17:33:55.346+0000] {processor.py:830} INFO - Processing file /opt/airflow/dags/transformation/extract_data_bronze_to_parq.py for tasks to queue
[2026-03-24T17:33:55.347+0000] {logging_mixin.py:188} INFO - [2026-03-24T17:33:55.346+0000] {dagbag.py:538} INFO - Filling up the DagBag from /opt/airflow/dags/transformation/extract_data_bronze_to_parq.py
[2026-03-24T17:33:55.564+0000] {processor.py:840} INFO - DAG(s) 'get_data_db_to_parquet_file' retrieved from /opt/airflow/dags/transformation/extract_data_bronze_to_parq.py
[2026-03-24T17:33:55.580+0000] {logging_mixin.py:188} INFO - [2026-03-24T17:33:55.580+0000] {dag.py:3036} INFO - Sync 1 DAGs
[2026-03-24T17:33:55.586+0000] {logging_mixin.py:188} INFO - [2026-03-24T17:33:55.586+0000] {dag.py:3823} INFO - Setting next_dagrun for get_data_db_to_parquet_file to None, run_after=None
[2026-03-24T17:33:55.597+0000] {processor.py:183} INFO - Processing /opt/airflow/dags/transformation/extract_data_bronze_to_parq.py took 0.254 seconds
[2026-03-24T17:34:26.187+0000] {processor.py:161} INFO - Started process (PID=928) to work on /opt/airflow/dags/transformation/extract_data_bronze_to_parq.py
[2026-03-24T17:34:26.187+0000] {processor.py:830} INFO - Processing file /opt/airflow/dags/transformation/extract_data_bronze_to_parq.py for tasks to queue
[2026-03-24T17:34:26.188+0000] {logging_mixin.py:188} INFO - [2026-03-24T17:34:26.188+0000] {dagbag.py:538} INFO - Filling up the DagBag from /opt/airflow/dags/transformation/extract_data_bronze_to_parq.py
[2026-03-24T17:34:26.404+0000] {processor.py:840} INFO - DAG(s) 'get_data_db_to_parquet_file' retrieved from /opt/airflow/dags/transformation/extract_data_bronze_to_parq.py
[2026-03-24T17:34:26.420+0000] {logging_mixin.py:188} INFO - [2026-03-24T17:34:26.420+0000] {dag.py:3036} INFO - Sync 1 DAGs
[2026-03-24T17:34:26.426+0000] {logging_mixin.py:188} INFO - [2026-03-24T17:34:26.426+0000] {dag.py:3823} INFO - Setting next_dagrun for get_data_db_to_parquet_file to None, run_after=None
[2026-03-24T17:34:26.435+0000] {processor.py:183} INFO - Processing /opt/airflow/dags/transformation/extract_data_bronze_to_parq.py took 0.250 seconds
[2026-03-24T17:34:57.055+0000] {processor.py:161} INFO - Started process (PID=967) to work on /opt/airflow/dags/transformation/extract_data_bronze_to_parq.py
[2026-03-24T17:34:57.057+0000] {processor.py:830} INFO - Processing file /opt/airflow/dags/transformation/extract_data_bronze_to_parq.py for tasks to queue
[2026-03-24T17:34:57.057+0000] {logging_mixin.py:188} INFO - [2026-03-24T17:34:57.057+0000] {dagbag.py:538} INFO - Filling up the DagBag from /opt/airflow/dags/transformation/extract_data_bronze_to_parq.py
[2026-03-24T17:34:57.276+0000] {processor.py:840} INFO - DAG(s) 'get_data_db_to_parquet_file' retrieved from /opt/airflow/dags/transformation/extract_data_bronze_to_parq.py
[2026-03-24T17:34:57.289+0000] {logging_mixin.py:188} INFO - [2026-03-24T17:34:57.289+0000] {dag.py:3036} INFO - Sync 1 DAGs
[2026-03-24T17:34:57.295+0000] {logging_mixin.py:188} INFO - [2026-03-24T17:34:57.294+0000] {dag.py:3823} INFO - Setting next_dagrun for get_data_db_to_parquet_file to None, run_after=None
[2026-03-24T17:34:57.303+0000] {processor.py:183} INFO - Processing /opt/airflow/dags/transformation/extract_data_bronze_to_parq.py took 0.251 seconds
[2026-03-24T17:35:27.905+0000] {processor.py:161} INFO - Started process (PID=1006) to work on /opt/airflow/dags/transformation/extract_data_bronze_to_parq.py
[2026-03-24T17:35:27.906+0000] {processor.py:830} INFO - Processing file /opt/airflow/dags/transformation/extract_data_bronze_to_parq.py for tasks to queue
[2026-03-24T17:35:27.906+0000] {logging_mixin.py:188} INFO - [2026-03-24T17:35:27.906+0000] {dagbag.py:538} INFO - Filling up the DagBag from /opt/airflow/dags/transformation/extract_data_bronze_to_parq.py
[2026-03-24T17:35:28.129+0000] {processor.py:840} INFO - DAG(s) 'get_data_db_to_parquet_file' retrieved from /opt/airflow/dags/transformation/extract_data_bronze_to_parq.py
[2026-03-24T17:35:28.144+0000] {logging_mixin.py:188} INFO - [2026-03-24T17:35:28.144+0000] {dag.py:3036} INFO - Sync 1 DAGs
[2026-03-24T17:35:28.149+0000] {logging_mixin.py:188} INFO - [2026-03-24T17:35:28.149+0000] {dag.py:3823} INFO - Setting next_dagrun for get_data_db_to_parquet_file to None, run_after=None
[2026-03-24T17:35:28.160+0000] {processor.py:183} INFO - Processing /opt/airflow/dags/transformation/extract_data_bronze_to_parq.py took 0.257 seconds
[2026-03-24T17:35:58.758+0000] {processor.py:161} INFO - Started process (PID=1045) to work on /opt/airflow/dags/transformation/extract_data_bronze_to_parq.py
[2026-03-24T17:35:58.760+0000] {processor.py:830} INFO - Processing file /opt/airflow/dags/transformation/extract_data_bronze_to_parq.py for tasks to queue
[2026-03-24T17:35:58.761+0000] {logging_mixin.py:188} INFO - [2026-03-24T17:35:58.761+0000] {dagbag.py:538} INFO - Filling up the DagBag from /opt/airflow/dags/transformation/extract_data_bronze_to_parq.py
[2026-03-24T17:35:58.978+0000] {processor.py:840} INFO - DAG(s) 'get_data_db_to_parquet_file' retrieved from /opt/airflow/dags/transformation/extract_data_bronze_to_parq.py
[2026-03-24T17:35:58.994+0000] {logging_mixin.py:188} INFO - [2026-03-24T17:35:58.994+0000] {dag.py:3036} INFO - Sync 1 DAGs
[2026-03-24T17:35:59.000+0000] {logging_mixin.py:188} INFO - [2026-03-24T17:35:59.000+0000] {dag.py:3823} INFO - Setting next_dagrun for get_data_db_to_parquet_file to None, run_after=None
[2026-03-24T17:35:59.010+0000] {processor.py:183} INFO - Processing /opt/airflow/dags/transformation/extract_data_bronze_to_parq.py took 0.254 seconds
[2026-03-24T17:36:29.592+0000] {processor.py:161} INFO - Started process (PID=1084) to work on /opt/airflow/dags/transformation/extract_data_bronze_to_parq.py
[2026-03-24T17:36:29.592+0000] {processor.py:830} INFO - Processing file /opt/airflow/dags/transformation/extract_data_bronze_to_parq.py for tasks to queue
[2026-03-24T17:36:29.593+0000] {logging_mixin.py:188} INFO - [2026-03-24T17:36:29.593+0000] {dagbag.py:538} INFO - Filling up the DagBag from /opt/airflow/dags/transformation/extract_data_bronze_to_parq.py
[2026-03-24T17:36:29.810+0000] {processor.py:840} INFO - DAG(s) 'get_data_db_to_parquet_file' retrieved from /opt/airflow/dags/transformation/extract_data_bronze_to_parq.py
[2026-03-24T17:36:29.822+0000] {logging_mixin.py:188} INFO - [2026-03-24T17:36:29.822+0000] {dag.py:3036} INFO - Sync 1 DAGs
[2026-03-24T17:36:29.828+0000] {logging_mixin.py:188} INFO - [2026-03-24T17:36:29.827+0000] {dag.py:3823} INFO - Setting next_dagrun for get_data_db_to_parquet_file to None, run_after=None
[2026-03-24T17:36:29.837+0000] {processor.py:183} INFO - Processing /opt/airflow/dags/transformation/extract_data_bronze_to_parq.py took 0.247 seconds
[2026-03-24T17:37:00.437+0000] {processor.py:161} INFO - Started process (PID=1123) to work on /opt/airflow/dags/transformation/extract_data_bronze_to_parq.py
[2026-03-24T17:37:00.438+0000] {processor.py:830} INFO - Processing file /opt/airflow/dags/transformation/extract_data_bronze_to_parq.py for tasks to queue
[2026-03-24T17:37:00.439+0000] {logging_mixin.py:188} INFO - [2026-03-24T17:37:00.438+0000] {dagbag.py:538} INFO - Filling up the DagBag from /opt/airflow/dags/transformation/extract_data_bronze_to_parq.py
[2026-03-24T17:37:00.653+0000] {processor.py:840} INFO - DAG(s) 'get_data_db_to_parquet_file' retrieved from /opt/airflow/dags/transformation/extract_data_bronze_to_parq.py
[2026-03-24T17:37:00.666+0000] {logging_mixin.py:188} INFO - [2026-03-24T17:37:00.666+0000] {dag.py:3036} INFO - Sync 1 DAGs
[2026-03-24T17:37:00.671+0000] {logging_mixin.py:188} INFO - [2026-03-24T17:37:00.671+0000] {dag.py:3823} INFO - Setting next_dagrun for get_data_db_to_parquet_file to None, run_after=None
[2026-03-24T17:37:00.681+0000] {processor.py:183} INFO - Processing /opt/airflow/dags/transformation/extract_data_bronze_to_parq.py took 0.247 seconds
[2026-03-24T17:37:31.261+0000] {processor.py:161} INFO - Started process (PID=1162) to work on /opt/airflow/dags/transformation/extract_data_bronze_to_parq.py
[2026-03-24T17:37:31.262+0000] {processor.py:830} INFO - Processing file /opt/airflow/dags/transformation/extract_data_bronze_to_parq.py for tasks to queue
[2026-03-24T17:37:31.262+0000] {logging_mixin.py:188} INFO - [2026-03-24T17:37:31.262+0000] {dagbag.py:538} INFO - Filling up the DagBag from /opt/airflow/dags/transformation/extract_data_bronze_to_parq.py
[2026-03-24T17:37:31.477+0000] {processor.py:840} INFO - DAG(s) 'get_data_db_to_parquet_file' retrieved from /opt/airflow/dags/transformation/extract_data_bronze_to_parq.py
[2026-03-24T17:37:31.489+0000] {logging_mixin.py:188} INFO - [2026-03-24T17:37:31.489+0000] {dag.py:3036} INFO - Sync 1 DAGs
[2026-03-24T17:37:31.494+0000] {logging_mixin.py:188} INFO - [2026-03-24T17:37:31.494+0000] {dag.py:3823} INFO - Setting next_dagrun for get_data_db_to_parquet_file to None, run_after=None
[2026-03-24T17:37:31.505+0000] {processor.py:183} INFO - Processing /opt/airflow/dags/transformation/extract_data_bronze_to_parq.py took 0.247 seconds
[2026-03-24T17:38:02.085+0000] {processor.py:161} INFO - Started process (PID=1201) to work on /opt/airflow/dags/transformation/extract_data_bronze_to_parq.py
[2026-03-24T17:38:02.087+0000] {processor.py:830} INFO - Processing file /opt/airflow/dags/transformation/extract_data_bronze_to_parq.py for tasks to queue
[2026-03-24T17:38:02.088+0000] {logging_mixin.py:188} INFO - [2026-03-24T17:38:02.087+0000] {dagbag.py:538} INFO - Filling up the DagBag from /opt/airflow/dags/transformation/extract_data_bronze_to_parq.py
[2026-03-24T17:38:02.303+0000] {processor.py:840} INFO - DAG(s) 'get_data_db_to_parquet_file' retrieved from /opt/airflow/dags/transformation/extract_data_bronze_to_parq.py
[2026-03-24T17:38:02.316+0000] {logging_mixin.py:188} INFO - [2026-03-24T17:38:02.315+0000] {dag.py:3036} INFO - Sync 1 DAGs
[2026-03-24T17:38:02.321+0000] {logging_mixin.py:188} INFO - [2026-03-24T17:38:02.321+0000] {dag.py:3823} INFO - Setting next_dagrun for get_data_db_to_parquet_file to None, run_after=None
[2026-03-24T17:38:02.329+0000] {processor.py:183} INFO - Processing /opt/airflow/dags/transformation/extract_data_bronze_to_parq.py took 0.247 seconds
[2026-03-24T17:38:32.910+0000] {processor.py:161} INFO - Started process (PID=1240) to work on /opt/airflow/dags/transformation/extract_data_bronze_to_parq.py
[2026-03-24T17:38:32.911+0000] {processor.py:830} INFO - Processing file /opt/airflow/dags/transformation/extract_data_bronze_to_parq.py for tasks to queue
[2026-03-24T17:38:32.911+0000] {logging_mixin.py:188} INFO - [2026-03-24T17:38:32.911+0000] {dagbag.py:538} INFO - Filling up the DagBag from /opt/airflow/dags/transformation/extract_data_bronze_to_parq.py
[2026-03-24T17:38:33.124+0000] {processor.py:840} INFO - DAG(s) 'get_data_db_to_parquet_file' retrieved from /opt/airflow/dags/transformation/extract_data_bronze_to_parq.py
[2026-03-24T17:38:33.138+0000] {logging_mixin.py:188} INFO - [2026-03-24T17:38:33.137+0000] {dag.py:3036} INFO - Sync 1 DAGs
[2026-03-24T17:38:33.143+0000] {logging_mixin.py:188} INFO - [2026-03-24T17:38:33.143+0000] {dag.py:3823} INFO - Setting next_dagrun for get_data_db_to_parquet_file to None, run_after=None
[2026-03-24T17:38:33.152+0000] {processor.py:183} INFO - Processing /opt/airflow/dags/transformation/extract_data_bronze_to_parq.py took 0.243 seconds
[2026-03-24T17:39:03.778+0000] {processor.py:161} INFO - Started process (PID=1279) to work on /opt/airflow/dags/transformation/extract_data_bronze_to_parq.py
[2026-03-24T17:39:03.779+0000] {processor.py:830} INFO - Processing file /opt/airflow/dags/transformation/extract_data_bronze_to_parq.py for tasks to queue
[2026-03-24T17:39:03.780+0000] {logging_mixin.py:188} INFO - [2026-03-24T17:39:03.780+0000] {dagbag.py:538} INFO - Filling up the DagBag from /opt/airflow/dags/transformation/extract_data_bronze_to_parq.py
[2026-03-24T17:39:03.998+0000] {processor.py:840} INFO - DAG(s) 'get_data_db_to_parquet_file' retrieved from /opt/airflow/dags/transformation/extract_data_bronze_to_parq.py
[2026-03-24T17:39:04.011+0000] {logging_mixin.py:188} INFO - [2026-03-24T17:39:04.011+0000] {dag.py:3036} INFO - Sync 1 DAGs
[2026-03-24T17:39:04.016+0000] {logging_mixin.py:188} INFO - [2026-03-24T17:39:04.016+0000] {dag.py:3823} INFO - Setting next_dagrun for get_data_db_to_parquet_file to None, run_after=None
[2026-03-24T17:39:04.025+0000] {processor.py:183} INFO - Processing /opt/airflow/dags/transformation/extract_data_bronze_to_parq.py took 0.250 seconds
[2026-03-24T17:39:34.625+0000] {processor.py:161} INFO - Started process (PID=1318) to work on /opt/airflow/dags/transformation/extract_data_bronze_to_parq.py
[2026-03-24T17:39:34.625+0000] {processor.py:830} INFO - Processing file /opt/airflow/dags/transformation/extract_data_bronze_to_parq.py for tasks to queue
[2026-03-24T17:39:34.626+0000] {logging_mixin.py:188} INFO - [2026-03-24T17:39:34.626+0000] {dagbag.py:538} INFO - Filling up the DagBag from /opt/airflow/dags/transformation/extract_data_bronze_to_parq.py
[2026-03-24T17:39:34.846+0000] {processor.py:840} INFO - DAG(s) 'get_data_db_to_parquet_file' retrieved from /opt/airflow/dags/transformation/extract_data_bronze_to_parq.py
[2026-03-24T17:39:34.862+0000] {logging_mixin.py:188} INFO - [2026-03-24T17:39:34.862+0000] {dag.py:3036} INFO - Sync 1 DAGs
[2026-03-24T17:39:34.868+0000] {logging_mixin.py:188} INFO - [2026-03-24T17:39:34.868+0000] {dag.py:3823} INFO - Setting next_dagrun for get_data_db_to_parquet_file to None, run_after=None
[2026-03-24T17:39:34.876+0000] {processor.py:183} INFO - Processing /opt/airflow/dags/transformation/extract_data_bronze_to_parq.py took 0.253 seconds
[2026-03-24T17:40:05.485+0000] {processor.py:161} INFO - Started process (PID=1357) to work on /opt/airflow/dags/transformation/extract_data_bronze_to_parq.py
[2026-03-24T17:40:05.485+0000] {processor.py:830} INFO - Processing file /opt/airflow/dags/transformation/extract_data_bronze_to_parq.py for tasks to queue
[2026-03-24T17:40:05.486+0000] {logging_mixin.py:188} INFO - [2026-03-24T17:40:05.486+0000] {dagbag.py:538} INFO - Filling up the DagBag from /opt/airflow/dags/transformation/extract_data_bronze_to_parq.py
[2026-03-24T17:40:05.703+0000] {processor.py:840} INFO - DAG(s) 'get_data_db_to_parquet_file' retrieved from /opt/airflow/dags/transformation/extract_data_bronze_to_parq.py
[2026-03-24T17:40:05.716+0000] {logging_mixin.py:188} INFO - [2026-03-24T17:40:05.716+0000] {dag.py:3036} INFO - Sync 1 DAGs
[2026-03-24T17:40:05.721+0000] {logging_mixin.py:188} INFO - [2026-03-24T17:40:05.721+0000] {dag.py:3823} INFO - Setting next_dagrun for get_data_db_to_parquet_file to None, run_after=None
[2026-03-24T17:40:05.731+0000] {processor.py:183} INFO - Processing /opt/airflow/dags/transformation/extract_data_bronze_to_parq.py took 0.248 seconds
[2026-03-24T17:40:36.348+0000] {processor.py:161} INFO - Started process (PID=1396) to work on /opt/airflow/dags/transformation/extract_data_bronze_to_parq.py
[2026-03-24T17:40:36.348+0000] {processor.py:830} INFO - Processing file /opt/airflow/dags/transformation/extract_data_bronze_to_parq.py for tasks to queue
[2026-03-24T17:40:36.349+0000] {logging_mixin.py:188} INFO - [2026-03-24T17:40:36.349+0000] {dagbag.py:538} INFO - Filling up the DagBag from /opt/airflow/dags/transformation/extract_data_bronze_to_parq.py
[2026-03-24T17:40:36.565+0000] {processor.py:840} INFO - DAG(s) 'get_data_db_to_parquet_file' retrieved from /opt/airflow/dags/transformation/extract_data_bronze_to_parq.py
[2026-03-24T17:40:36.578+0000] {logging_mixin.py:188} INFO - [2026-03-24T17:40:36.578+0000] {dag.py:3036} INFO - Sync 1 DAGs
[2026-03-24T17:40:36.583+0000] {logging_mixin.py:188} INFO - [2026-03-24T17:40:36.583+0000] {dag.py:3823} INFO - Setting next_dagrun for get_data_db_to_parquet_file to None, run_after=None
[2026-03-24T17:40:36.593+0000] {processor.py:183} INFO - Processing /opt/airflow/dags/transformation/extract_data_bronze_to_parq.py took 0.248 seconds
[2026-03-24T17:41:07.125+0000] {processor.py:161} INFO - Started process (PID=1435) to work on /opt/airflow/dags/transformation/extract_data_bronze_to_parq.py
[2026-03-24T17:41:07.127+0000] {processor.py:830} INFO - Processing file /opt/airflow/dags/transformation/extract_data_bronze_to_parq.py for tasks to queue
[2026-03-24T17:41:07.127+0000] {logging_mixin.py:188} INFO - [2026-03-24T17:41:07.127+0000] {dagbag.py:538} INFO - Filling up the DagBag from /opt/airflow/dags/transformation/extract_data_bronze_to_parq.py
[2026-03-24T17:41:07.355+0000] {processor.py:840} INFO - DAG(s) 'get_data_db_to_parquet_file' retrieved from /opt/airflow/dags/transformation/extract_data_bronze_to_parq.py
[2026-03-24T17:41:07.370+0000] {logging_mixin.py:188} INFO - [2026-03-24T17:41:07.369+0000] {dag.py:3036} INFO - Sync 1 DAGs
[2026-03-24T17:41:07.375+0000] {logging_mixin.py:188} INFO - [2026-03-24T17:41:07.375+0000] {dag.py:3823} INFO - Setting next_dagrun for get_data_db_to_parquet_file to None, run_after=None
[2026-03-24T17:41:07.386+0000] {processor.py:183} INFO - Processing /opt/airflow/dags/transformation/extract_data_bronze_to_parq.py took 0.264 seconds
[2026-03-24T17:41:37.977+0000] {processor.py:161} INFO - Started process (PID=1474) to work on /opt/airflow/dags/transformation/extract_data_bronze_to_parq.py
[2026-03-24T17:41:37.978+0000] {processor.py:830} INFO - Processing file /opt/airflow/dags/transformation/extract_data_bronze_to_parq.py for tasks to queue
[2026-03-24T17:41:37.978+0000] {logging_mixin.py:188} INFO - [2026-03-24T17:41:37.978+0000] {dagbag.py:538} INFO - Filling up the DagBag from /opt/airflow/dags/transformation/extract_data_bronze_to_parq.py
[2026-03-24T17:41:38.199+0000] {processor.py:840} INFO - DAG(s) 'get_data_db_to_parquet_file' retrieved from /opt/airflow/dags/transformation/extract_data_bronze_to_parq.py
[2026-03-24T17:41:38.213+0000] {logging_mixin.py:188} INFO - [2026-03-24T17:41:38.213+0000] {dag.py:3036} INFO - Sync 1 DAGs
[2026-03-24T17:41:38.218+0000] {logging_mixin.py:188} INFO - [2026-03-24T17:41:38.218+0000] {dag.py:3823} INFO - Setting next_dagrun for get_data_db_to_parquet_file to None, run_after=None
[2026-03-24T17:41:38.228+0000] {processor.py:183} INFO - Processing /opt/airflow/dags/transformation/extract_data_bronze_to_parq.py took 0.253 seconds
[2026-03-24T17:42:08.813+0000] {processor.py:161} INFO - Started process (PID=1513) to work on /opt/airflow/dags/transformation/extract_data_bronze_to_parq.py
[2026-03-24T17:42:08.814+0000] {processor.py:830} INFO - Processing file /opt/airflow/dags/transformation/extract_data_bronze_to_parq.py for tasks to queue
[2026-03-24T17:42:08.815+0000] {logging_mixin.py:188} INFO - [2026-03-24T17:42:08.815+0000] {dagbag.py:538} INFO - Filling up the DagBag from /opt/airflow/dags/transformation/extract_data_bronze_to_parq.py
[2026-03-24T17:42:09.044+0000] {processor.py:840} INFO - DAG(s) 'get_data_db_to_parquet_file' retrieved from /opt/airflow/dags/transformation/extract_data_bronze_to_parq.py
[2026-03-24T17:42:09.057+0000] {logging_mixin.py:188} INFO - [2026-03-24T17:42:09.056+0000] {dag.py:3036} INFO - Sync 1 DAGs
[2026-03-24T17:42:09.062+0000] {logging_mixin.py:188} INFO - [2026-03-24T17:42:09.062+0000] {dag.py:3823} INFO - Setting next_dagrun for get_data_db_to_parquet_file to None, run_after=None
[2026-03-24T17:42:09.072+0000] {processor.py:183} INFO - Processing /opt/airflow/dags/transformation/extract_data_bronze_to_parq.py took 0.261 seconds
[2026-03-24T17:42:39.651+0000] {processor.py:161} INFO - Started process (PID=1552) to work on /opt/airflow/dags/transformation/extract_data_bronze_to_parq.py
[2026-03-24T17:42:39.651+0000] {processor.py:830} INFO - Processing file /opt/airflow/dags/transformation/extract_data_bronze_to_parq.py for tasks to queue
[2026-03-24T17:42:39.652+0000] {logging_mixin.py:188} INFO - [2026-03-24T17:42:39.651+0000] {dagbag.py:538} INFO - Filling up the DagBag from /opt/airflow/dags/transformation/extract_data_bronze_to_parq.py
[2026-03-24T17:42:39.881+0000] {processor.py:840} INFO - DAG(s) 'get_data_db_to_parquet_file' retrieved from /opt/airflow/dags/transformation/extract_data_bronze_to_parq.py
[2026-03-24T17:42:39.894+0000] {logging_mixin.py:188} INFO - [2026-03-24T17:42:39.894+0000] {dag.py:3036} INFO - Sync 1 DAGs
[2026-03-24T17:42:39.900+0000] {logging_mixin.py:188} INFO - [2026-03-24T17:42:39.900+0000] {dag.py:3823} INFO - Setting next_dagrun for get_data_db_to_parquet_file to None, run_after=None
[2026-03-24T17:42:39.913+0000] {processor.py:183} INFO - Processing /opt/airflow/dags/transformation/extract_data_bronze_to_parq.py took 0.264 seconds
[2026-03-24T17:43:10.476+0000] {processor.py:161} INFO - Started process (PID=1591) to work on /opt/airflow/dags/transformation/extract_data_bronze_to_parq.py
[2026-03-24T17:43:10.478+0000] {processor.py:830} INFO - Processing file /opt/airflow/dags/transformation/extract_data_bronze_to_parq.py for tasks to queue
[2026-03-24T17:43:10.479+0000] {logging_mixin.py:188} INFO - [2026-03-24T17:43:10.479+0000] {dagbag.py:538} INFO - Filling up the DagBag from /opt/airflow/dags/transformation/extract_data_bronze_to_parq.py
[2026-03-24T17:43:10.698+0000] {processor.py:840} INFO - DAG(s) 'get_data_db_to_parquet_file' retrieved from /opt/airflow/dags/transformation/extract_data_bronze_to_parq.py
[2026-03-24T17:43:10.718+0000] {logging_mixin.py:188} INFO - [2026-03-24T17:43:10.717+0000] {dag.py:3036} INFO - Sync 1 DAGs
[2026-03-24T17:43:10.729+0000] {logging_mixin.py:188} INFO - [2026-03-24T17:43:10.729+0000] {dag.py:3823} INFO - Setting next_dagrun for get_data_db_to_parquet_file to None, run_after=None
[2026-03-24T17:43:10.744+0000] {processor.py:183} INFO - Processing /opt/airflow/dags/transformation/extract_data_bronze_to_parq.py took 0.270 seconds
[2026-03-24T17:43:41.265+0000] {processor.py:161} INFO - Started process (PID=1653) to work on /opt/airflow/dags/transformation/extract_data_bronze_to_parq.py
[2026-03-24T17:43:41.266+0000] {processor.py:830} INFO - Processing file /opt/airflow/dags/transformation/extract_data_bronze_to_parq.py for tasks to queue
[2026-03-24T17:43:41.266+0000] {logging_mixin.py:188} INFO - [2026-03-24T17:43:41.266+0000] {dagbag.py:538} INFO - Filling up the DagBag from /opt/airflow/dags/transformation/extract_data_bronze_to_parq.py
[2026-03-24T17:43:41.481+0000] {processor.py:840} INFO - DAG(s) 'get_data_db_to_parquet_file' retrieved from /opt/airflow/dags/transformation/extract_data_bronze_to_parq.py
[2026-03-24T17:43:41.497+0000] {logging_mixin.py:188} INFO - [2026-03-24T17:43:41.496+0000] {dag.py:3036} INFO - Sync 1 DAGs
[2026-03-24T17:43:41.502+0000] {logging_mixin.py:188} INFO - [2026-03-24T17:43:41.502+0000] {dag.py:3823} INFO - Setting next_dagrun for get_data_db_to_parquet_file to None, run_after=None
[2026-03-24T17:43:41.512+0000] {processor.py:183} INFO - Processing /opt/airflow/dags/transformation/extract_data_bronze_to_parq.py took 0.250 seconds
[2026-03-24T17:44:12.086+0000] {processor.py:161} INFO - Started process (PID=1692) to work on /opt/airflow/dags/transformation/extract_data_bronze_to_parq.py
[2026-03-24T17:44:12.088+0000] {processor.py:830} INFO - Processing file /opt/airflow/dags/transformation/extract_data_bronze_to_parq.py for tasks to queue
[2026-03-24T17:44:12.089+0000] {logging_mixin.py:188} INFO - [2026-03-24T17:44:12.089+0000] {dagbag.py:538} INFO - Filling up the DagBag from /opt/airflow/dags/transformation/extract_data_bronze_to_parq.py
[2026-03-24T17:44:12.315+0000] {processor.py:840} INFO - DAG(s) 'get_data_db_to_parquet_file' retrieved from /opt/airflow/dags/transformation/extract_data_bronze_to_parq.py
[2026-03-24T17:44:12.327+0000] {logging_mixin.py:188} INFO - [2026-03-24T17:44:12.326+0000] {dag.py:3036} INFO - Sync 1 DAGs
[2026-03-24T17:44:12.332+0000] {logging_mixin.py:188} INFO - [2026-03-24T17:44:12.332+0000] {dag.py:3823} INFO - Setting next_dagrun for get_data_db_to_parquet_file to None, run_after=None
[2026-03-24T17:44:12.343+0000] {processor.py:183} INFO - Processing /opt/airflow/dags/transformation/extract_data_bronze_to_parq.py took 0.259 seconds
[2026-03-24T17:44:42.899+0000] {processor.py:161} INFO - Started process (PID=1731) to work on /opt/airflow/dags/transformation/extract_data_bronze_to_parq.py
[2026-03-24T17:44:42.900+0000] {processor.py:830} INFO - Processing file /opt/airflow/dags/transformation/extract_data_bronze_to_parq.py for tasks to queue
[2026-03-24T17:44:42.900+0000] {logging_mixin.py:188} INFO - [2026-03-24T17:44:42.900+0000] {dagbag.py:538} INFO - Filling up the DagBag from /opt/airflow/dags/transformation/extract_data_bronze_to_parq.py
[2026-03-24T17:44:43.130+0000] {processor.py:840} INFO - DAG(s) 'get_data_db_to_parquet_file' retrieved from /opt/airflow/dags/transformation/extract_data_bronze_to_parq.py
[2026-03-24T17:44:43.142+0000] {logging_mixin.py:188} INFO - [2026-03-24T17:44:43.142+0000] {dag.py:3036} INFO - Sync 1 DAGs
[2026-03-24T17:44:43.148+0000] {logging_mixin.py:188} INFO - [2026-03-24T17:44:43.148+0000] {dag.py:3823} INFO - Setting next_dagrun for get_data_db_to_parquet_file to None, run_after=None
[2026-03-24T17:44:43.160+0000] {processor.py:183} INFO - Processing /opt/airflow/dags/transformation/extract_data_bronze_to_parq.py took 0.263 seconds
[2026-03-24T17:45:13.741+0000] {processor.py:161} INFO - Started process (PID=1770) to work on /opt/airflow/dags/transformation/extract_data_bronze_to_parq.py
[2026-03-24T17:45:13.743+0000] {processor.py:830} INFO - Processing file /opt/airflow/dags/transformation/extract_data_bronze_to_parq.py for tasks to queue
[2026-03-24T17:45:13.743+0000] {logging_mixin.py:188} INFO - [2026-03-24T17:45:13.743+0000] {dagbag.py:538} INFO - Filling up the DagBag from /opt/airflow/dags/transformation/extract_data_bronze_to_parq.py
[2026-03-24T17:45:13.969+0000] {processor.py:840} INFO - DAG(s) 'get_data_db_to_parquet_file' retrieved from /opt/airflow/dags/transformation/extract_data_bronze_to_parq.py
[2026-03-24T17:45:13.983+0000] {logging_mixin.py:188} INFO - [2026-03-24T17:45:13.983+0000] {dag.py:3036} INFO - Sync 1 DAGs
[2026-03-24T17:45:13.989+0000] {logging_mixin.py:188} INFO - [2026-03-24T17:45:13.989+0000] {dag.py:3823} INFO - Setting next_dagrun for get_data_db_to_parquet_file to None, run_after=None
[2026-03-24T17:45:13.999+0000] {processor.py:183} INFO - Processing /opt/airflow/dags/transformation/extract_data_bronze_to_parq.py took 0.260 seconds
