[2026-03-24T17:24:39.860+0000] {processor.py:161} INFO - Started process (PID=181) to work on /opt/airflow/dags/transformation/orquestrador_prata.py
[2026-03-24T17:24:39.861+0000] {processor.py:830} INFO - Processing file /opt/airflow/dags/transformation/orquestrador_prata.py for tasks to queue
[2026-03-24T17:24:39.861+0000] {logging_mixin.py:188} INFO - [2026-03-24T17:24:39.861+0000] {dagbag.py:538} INFO - Filling up the DagBag from /opt/airflow/dags/transformation/orquestrador_prata.py
[2026-03-24T17:24:39.884+0000] {processor.py:840} INFO - DAG(s) 'orquestrador_ingestao_data_prata' retrieved from /opt/airflow/dags/transformation/orquestrador_prata.py
[2026-03-24T17:24:40.027+0000] {logging_mixin.py:188} INFO - [2026-03-24T17:24:40.026+0000] {override.py:1769} INFO - Created Permission View: can edit on DAG:orquestrador_ingestao_data_prata
[2026-03-24T17:24:40.032+0000] {logging_mixin.py:188} INFO - [2026-03-24T17:24:40.032+0000] {override.py:1769} INFO - Created Permission View: can delete on DAG:orquestrador_ingestao_data_prata
[2026-03-24T17:24:40.035+0000] {logging_mixin.py:188} INFO - [2026-03-24T17:24:40.035+0000] {override.py:1769} INFO - Created Permission View: can read on DAG:orquestrador_ingestao_data_prata
[2026-03-24T17:24:40.035+0000] {logging_mixin.py:188} INFO - [2026-03-24T17:24:40.035+0000] {dag.py:3036} INFO - Sync 1 DAGs
[2026-03-24T17:24:40.041+0000] {logging_mixin.py:188} INFO - [2026-03-24T17:24:40.041+0000] {dag.py:3058} INFO - Creating ORM DAG for orquestrador_ingestao_data_prata
[2026-03-24T17:24:40.042+0000] {logging_mixin.py:188} INFO - [2026-03-24T17:24:40.041+0000] {dag.py:3823} INFO - Setting next_dagrun for orquestrador_ingestao_data_prata to None, run_after=None
[2026-03-24T17:24:40.052+0000] {processor.py:183} INFO - Processing /opt/airflow/dags/transformation/orquestrador_prata.py took 0.194 seconds
[2026-03-24T17:25:10.577+0000] {processor.py:161} INFO - Started process (PID=221) to work on /opt/airflow/dags/transformation/orquestrador_prata.py
[2026-03-24T17:25:10.578+0000] {processor.py:830} INFO - Processing file /opt/airflow/dags/transformation/orquestrador_prata.py for tasks to queue
[2026-03-24T17:25:10.578+0000] {logging_mixin.py:188} INFO - [2026-03-24T17:25:10.578+0000] {dagbag.py:538} INFO - Filling up the DagBag from /opt/airflow/dags/transformation/orquestrador_prata.py
[2026-03-24T17:25:10.586+0000] {processor.py:840} INFO - DAG(s) 'orquestrador_ingestao_data_prata' retrieved from /opt/airflow/dags/transformation/orquestrador_prata.py
[2026-03-24T17:25:10.599+0000] {logging_mixin.py:188} INFO - [2026-03-24T17:25:10.599+0000] {dag.py:3036} INFO - Sync 1 DAGs
[2026-03-24T17:25:10.605+0000] {logging_mixin.py:188} INFO - [2026-03-24T17:25:10.605+0000] {dag.py:3823} INFO - Setting next_dagrun for orquestrador_ingestao_data_prata to None, run_after=None
[2026-03-24T17:25:10.614+0000] {processor.py:183} INFO - Processing /opt/airflow/dags/transformation/orquestrador_prata.py took 0.039 seconds
[2026-03-24T17:25:41.246+0000] {processor.py:161} INFO - Started process (PID=260) to work on /opt/airflow/dags/transformation/orquestrador_prata.py
[2026-03-24T17:25:41.248+0000] {processor.py:830} INFO - Processing file /opt/airflow/dags/transformation/orquestrador_prata.py for tasks to queue
[2026-03-24T17:25:41.249+0000] {logging_mixin.py:188} INFO - [2026-03-24T17:25:41.248+0000] {dagbag.py:538} INFO - Filling up the DagBag from /opt/airflow/dags/transformation/orquestrador_prata.py
[2026-03-24T17:25:41.257+0000] {processor.py:840} INFO - DAG(s) 'orquestrador_ingestao_data_prata' retrieved from /opt/airflow/dags/transformation/orquestrador_prata.py
[2026-03-24T17:25:41.274+0000] {logging_mixin.py:188} INFO - [2026-03-24T17:25:41.274+0000] {dag.py:3036} INFO - Sync 1 DAGs
[2026-03-24T17:25:41.281+0000] {logging_mixin.py:188} INFO - [2026-03-24T17:25:41.281+0000] {dag.py:3823} INFO - Setting next_dagrun for orquestrador_ingestao_data_prata to None, run_after=None
[2026-03-24T17:25:41.291+0000] {processor.py:183} INFO - Processing /opt/airflow/dags/transformation/orquestrador_prata.py took 0.048 seconds
[2026-03-24T17:26:11.875+0000] {processor.py:161} INFO - Started process (PID=299) to work on /opt/airflow/dags/transformation/orquestrador_prata.py
[2026-03-24T17:26:11.875+0000] {processor.py:830} INFO - Processing file /opt/airflow/dags/transformation/orquestrador_prata.py for tasks to queue
[2026-03-24T17:26:11.876+0000] {logging_mixin.py:188} INFO - [2026-03-24T17:26:11.876+0000] {dagbag.py:538} INFO - Filling up the DagBag from /opt/airflow/dags/transformation/orquestrador_prata.py
[2026-03-24T17:26:11.883+0000] {processor.py:840} INFO - DAG(s) 'orquestrador_ingestao_data_prata' retrieved from /opt/airflow/dags/transformation/orquestrador_prata.py
[2026-03-24T17:26:11.898+0000] {logging_mixin.py:188} INFO - [2026-03-24T17:26:11.898+0000] {dag.py:3036} INFO - Sync 1 DAGs
[2026-03-24T17:26:11.904+0000] {logging_mixin.py:188} INFO - [2026-03-24T17:26:11.904+0000] {dag.py:3823} INFO - Setting next_dagrun for orquestrador_ingestao_data_prata to None, run_after=None
[2026-03-24T17:26:11.914+0000] {processor.py:183} INFO - Processing /opt/airflow/dags/transformation/orquestrador_prata.py took 0.042 seconds
[2026-03-24T17:26:42.642+0000] {processor.py:161} INFO - Started process (PID=338) to work on /opt/airflow/dags/transformation/orquestrador_prata.py
[2026-03-24T17:26:42.644+0000] {processor.py:830} INFO - Processing file /opt/airflow/dags/transformation/orquestrador_prata.py for tasks to queue
[2026-03-24T17:26:42.645+0000] {logging_mixin.py:188} INFO - [2026-03-24T17:26:42.645+0000] {dagbag.py:538} INFO - Filling up the DagBag from /opt/airflow/dags/transformation/orquestrador_prata.py
[2026-03-24T17:26:42.654+0000] {processor.py:840} INFO - DAG(s) 'orquestrador_ingestao_data_prata' retrieved from /opt/airflow/dags/transformation/orquestrador_prata.py
[2026-03-24T17:26:42.666+0000] {logging_mixin.py:188} INFO - [2026-03-24T17:26:42.666+0000] {dag.py:3036} INFO - Sync 1 DAGs
[2026-03-24T17:26:42.672+0000] {logging_mixin.py:188} INFO - [2026-03-24T17:26:42.672+0000] {dag.py:3823} INFO - Setting next_dagrun for orquestrador_ingestao_data_prata to None, run_after=None
[2026-03-24T17:26:42.681+0000] {processor.py:183} INFO - Processing /opt/airflow/dags/transformation/orquestrador_prata.py took 0.042 seconds
[2026-03-24T17:27:13.328+0000] {processor.py:161} INFO - Started process (PID=377) to work on /opt/airflow/dags/transformation/orquestrador_prata.py
[2026-03-24T17:27:13.329+0000] {processor.py:830} INFO - Processing file /opt/airflow/dags/transformation/orquestrador_prata.py for tasks to queue
[2026-03-24T17:27:13.329+0000] {logging_mixin.py:188} INFO - [2026-03-24T17:27:13.329+0000] {dagbag.py:538} INFO - Filling up the DagBag from /opt/airflow/dags/transformation/orquestrador_prata.py
[2026-03-24T17:27:13.336+0000] {processor.py:840} INFO - DAG(s) 'orquestrador_ingestao_data_prata' retrieved from /opt/airflow/dags/transformation/orquestrador_prata.py
[2026-03-24T17:27:13.349+0000] {logging_mixin.py:188} INFO - [2026-03-24T17:27:13.349+0000] {dag.py:3036} INFO - Sync 1 DAGs
[2026-03-24T17:27:13.356+0000] {logging_mixin.py:188} INFO - [2026-03-24T17:27:13.356+0000] {dag.py:3823} INFO - Setting next_dagrun for orquestrador_ingestao_data_prata to None, run_after=None
[2026-03-24T17:27:13.367+0000] {processor.py:183} INFO - Processing /opt/airflow/dags/transformation/orquestrador_prata.py took 0.040 seconds
[2026-03-24T17:27:44.121+0000] {processor.py:161} INFO - Started process (PID=416) to work on /opt/airflow/dags/transformation/orquestrador_prata.py
[2026-03-24T17:27:44.122+0000] {processor.py:830} INFO - Processing file /opt/airflow/dags/transformation/orquestrador_prata.py for tasks to queue
[2026-03-24T17:27:44.122+0000] {logging_mixin.py:188} INFO - [2026-03-24T17:27:44.122+0000] {dagbag.py:538} INFO - Filling up the DagBag from /opt/airflow/dags/transformation/orquestrador_prata.py
[2026-03-24T17:27:44.129+0000] {processor.py:840} INFO - DAG(s) 'orquestrador_ingestao_data_prata' retrieved from /opt/airflow/dags/transformation/orquestrador_prata.py
[2026-03-24T17:27:44.143+0000] {logging_mixin.py:188} INFO - [2026-03-24T17:27:44.142+0000] {dag.py:3036} INFO - Sync 1 DAGs
[2026-03-24T17:27:44.149+0000] {logging_mixin.py:188} INFO - [2026-03-24T17:27:44.149+0000] {dag.py:3823} INFO - Setting next_dagrun for orquestrador_ingestao_data_prata to None, run_after=None
[2026-03-24T17:27:44.158+0000] {processor.py:183} INFO - Processing /opt/airflow/dags/transformation/orquestrador_prata.py took 0.039 seconds
[2026-03-24T17:28:14.944+0000] {processor.py:161} INFO - Started process (PID=455) to work on /opt/airflow/dags/transformation/orquestrador_prata.py
[2026-03-24T17:28:14.946+0000] {processor.py:830} INFO - Processing file /opt/airflow/dags/transformation/orquestrador_prata.py for tasks to queue
[2026-03-24T17:28:14.946+0000] {logging_mixin.py:188} INFO - [2026-03-24T17:28:14.946+0000] {dagbag.py:538} INFO - Filling up the DagBag from /opt/airflow/dags/transformation/orquestrador_prata.py
[2026-03-24T17:28:14.955+0000] {processor.py:840} INFO - DAG(s) 'orquestrador_ingestao_data_prata' retrieved from /opt/airflow/dags/transformation/orquestrador_prata.py
[2026-03-24T17:28:14.968+0000] {logging_mixin.py:188} INFO - [2026-03-24T17:28:14.968+0000] {dag.py:3036} INFO - Sync 1 DAGs
[2026-03-24T17:28:14.974+0000] {logging_mixin.py:188} INFO - [2026-03-24T17:28:14.974+0000] {dag.py:3823} INFO - Setting next_dagrun for orquestrador_ingestao_data_prata to None, run_after=None
[2026-03-24T17:28:14.984+0000] {processor.py:183} INFO - Processing /opt/airflow/dags/transformation/orquestrador_prata.py took 0.043 seconds
[2026-03-24T17:28:45.810+0000] {processor.py:161} INFO - Started process (PID=494) to work on /opt/airflow/dags/transformation/orquestrador_prata.py
[2026-03-24T17:28:45.812+0000] {processor.py:830} INFO - Processing file /opt/airflow/dags/transformation/orquestrador_prata.py for tasks to queue
[2026-03-24T17:28:45.812+0000] {logging_mixin.py:188} INFO - [2026-03-24T17:28:45.812+0000] {dagbag.py:538} INFO - Filling up the DagBag from /opt/airflow/dags/transformation/orquestrador_prata.py
[2026-03-24T17:28:45.820+0000] {processor.py:840} INFO - DAG(s) 'orquestrador_ingestao_data_prata' retrieved from /opt/airflow/dags/transformation/orquestrador_prata.py
[2026-03-24T17:28:45.833+0000] {logging_mixin.py:188} INFO - [2026-03-24T17:28:45.833+0000] {dag.py:3036} INFO - Sync 1 DAGs
[2026-03-24T17:28:45.839+0000] {logging_mixin.py:188} INFO - [2026-03-24T17:28:45.839+0000] {dag.py:3823} INFO - Setting next_dagrun for orquestrador_ingestao_data_prata to None, run_after=None
[2026-03-24T17:28:45.849+0000] {processor.py:183} INFO - Processing /opt/airflow/dags/transformation/orquestrador_prata.py took 0.041 seconds
[2026-03-24T17:29:16.630+0000] {processor.py:161} INFO - Started process (PID=533) to work on /opt/airflow/dags/transformation/orquestrador_prata.py
[2026-03-24T17:29:16.632+0000] {processor.py:830} INFO - Processing file /opt/airflow/dags/transformation/orquestrador_prata.py for tasks to queue
[2026-03-24T17:29:16.633+0000] {logging_mixin.py:188} INFO - [2026-03-24T17:29:16.632+0000] {dagbag.py:538} INFO - Filling up the DagBag from /opt/airflow/dags/transformation/orquestrador_prata.py
[2026-03-24T17:29:16.640+0000] {processor.py:840} INFO - DAG(s) 'orquestrador_ingestao_data_prata' retrieved from /opt/airflow/dags/transformation/orquestrador_prata.py
[2026-03-24T17:29:16.658+0000] {logging_mixin.py:188} INFO - [2026-03-24T17:29:16.658+0000] {dag.py:3036} INFO - Sync 1 DAGs
[2026-03-24T17:29:16.664+0000] {logging_mixin.py:188} INFO - [2026-03-24T17:29:16.664+0000] {dag.py:3823} INFO - Setting next_dagrun for orquestrador_ingestao_data_prata to None, run_after=None
[2026-03-24T17:29:16.676+0000] {processor.py:183} INFO - Processing /opt/airflow/dags/transformation/orquestrador_prata.py took 0.048 seconds
[2026-03-24T17:29:47.464+0000] {processor.py:161} INFO - Started process (PID=572) to work on /opt/airflow/dags/transformation/orquestrador_prata.py
[2026-03-24T17:29:47.465+0000] {processor.py:830} INFO - Processing file /opt/airflow/dags/transformation/orquestrador_prata.py for tasks to queue
[2026-03-24T17:29:47.465+0000] {logging_mixin.py:188} INFO - [2026-03-24T17:29:47.465+0000] {dagbag.py:538} INFO - Filling up the DagBag from /opt/airflow/dags/transformation/orquestrador_prata.py
[2026-03-24T17:29:47.471+0000] {processor.py:840} INFO - DAG(s) 'orquestrador_ingestao_data_prata' retrieved from /opt/airflow/dags/transformation/orquestrador_prata.py
[2026-03-24T17:29:47.485+0000] {logging_mixin.py:188} INFO - [2026-03-24T17:29:47.484+0000] {dag.py:3036} INFO - Sync 1 DAGs
[2026-03-24T17:29:47.491+0000] {logging_mixin.py:188} INFO - [2026-03-24T17:29:47.490+0000] {dag.py:3823} INFO - Setting next_dagrun for orquestrador_ingestao_data_prata to None, run_after=None
[2026-03-24T17:29:47.500+0000] {processor.py:183} INFO - Processing /opt/airflow/dags/transformation/orquestrador_prata.py took 0.037 seconds
[2026-03-24T17:30:18.301+0000] {processor.py:161} INFO - Started process (PID=611) to work on /opt/airflow/dags/transformation/orquestrador_prata.py
[2026-03-24T17:30:18.303+0000] {processor.py:830} INFO - Processing file /opt/airflow/dags/transformation/orquestrador_prata.py for tasks to queue
[2026-03-24T17:30:18.303+0000] {logging_mixin.py:188} INFO - [2026-03-24T17:30:18.303+0000] {dagbag.py:538} INFO - Filling up the DagBag from /opt/airflow/dags/transformation/orquestrador_prata.py
[2026-03-24T17:30:18.309+0000] {processor.py:840} INFO - DAG(s) 'orquestrador_ingestao_data_prata' retrieved from /opt/airflow/dags/transformation/orquestrador_prata.py
[2026-03-24T17:30:18.322+0000] {logging_mixin.py:188} INFO - [2026-03-24T17:30:18.322+0000] {dag.py:3036} INFO - Sync 1 DAGs
[2026-03-24T17:30:18.328+0000] {logging_mixin.py:188} INFO - [2026-03-24T17:30:18.327+0000] {dag.py:3823} INFO - Setting next_dagrun for orquestrador_ingestao_data_prata to None, run_after=None
[2026-03-24T17:30:18.336+0000] {processor.py:183} INFO - Processing /opt/airflow/dags/transformation/orquestrador_prata.py took 0.037 seconds
[2026-03-24T17:30:49.163+0000] {processor.py:161} INFO - Started process (PID=650) to work on /opt/airflow/dags/transformation/orquestrador_prata.py
[2026-03-24T17:30:49.164+0000] {processor.py:830} INFO - Processing file /opt/airflow/dags/transformation/orquestrador_prata.py for tasks to queue
[2026-03-24T17:30:49.165+0000] {logging_mixin.py:188} INFO - [2026-03-24T17:30:49.165+0000] {dagbag.py:538} INFO - Filling up the DagBag from /opt/airflow/dags/transformation/orquestrador_prata.py
[2026-03-24T17:30:49.172+0000] {processor.py:840} INFO - DAG(s) 'orquestrador_ingestao_data_prata' retrieved from /opt/airflow/dags/transformation/orquestrador_prata.py
[2026-03-24T17:30:49.188+0000] {logging_mixin.py:188} INFO - [2026-03-24T17:30:49.187+0000] {dag.py:3036} INFO - Sync 1 DAGs
[2026-03-24T17:30:49.193+0000] {logging_mixin.py:188} INFO - [2026-03-24T17:30:49.193+0000] {dag.py:3823} INFO - Setting next_dagrun for orquestrador_ingestao_data_prata to None, run_after=None
[2026-03-24T17:30:49.205+0000] {processor.py:183} INFO - Processing /opt/airflow/dags/transformation/orquestrador_prata.py took 0.045 seconds
[2026-03-24T17:31:20.028+0000] {processor.py:161} INFO - Started process (PID=689) to work on /opt/airflow/dags/transformation/orquestrador_prata.py
[2026-03-24T17:31:20.030+0000] {processor.py:830} INFO - Processing file /opt/airflow/dags/transformation/orquestrador_prata.py for tasks to queue
[2026-03-24T17:31:20.030+0000] {logging_mixin.py:188} INFO - [2026-03-24T17:31:20.030+0000] {dagbag.py:538} INFO - Filling up the DagBag from /opt/airflow/dags/transformation/orquestrador_prata.py
[2026-03-24T17:31:20.036+0000] {processor.py:840} INFO - DAG(s) 'orquestrador_ingestao_data_prata' retrieved from /opt/airflow/dags/transformation/orquestrador_prata.py
[2026-03-24T17:31:20.049+0000] {logging_mixin.py:188} INFO - [2026-03-24T17:31:20.049+0000] {dag.py:3036} INFO - Sync 1 DAGs
[2026-03-24T17:31:20.055+0000] {logging_mixin.py:188} INFO - [2026-03-24T17:31:20.055+0000] {dag.py:3823} INFO - Setting next_dagrun for orquestrador_ingestao_data_prata to None, run_after=None
[2026-03-24T17:31:20.063+0000] {processor.py:183} INFO - Processing /opt/airflow/dags/transformation/orquestrador_prata.py took 0.037 seconds
[2026-03-24T17:31:50.914+0000] {processor.py:161} INFO - Started process (PID=728) to work on /opt/airflow/dags/transformation/orquestrador_prata.py
[2026-03-24T17:31:50.915+0000] {processor.py:830} INFO - Processing file /opt/airflow/dags/transformation/orquestrador_prata.py for tasks to queue
[2026-03-24T17:31:50.916+0000] {logging_mixin.py:188} INFO - [2026-03-24T17:31:50.916+0000] {dagbag.py:538} INFO - Filling up the DagBag from /opt/airflow/dags/transformation/orquestrador_prata.py
[2026-03-24T17:31:50.925+0000] {processor.py:840} INFO - DAG(s) 'orquestrador_ingestao_data_prata' retrieved from /opt/airflow/dags/transformation/orquestrador_prata.py
[2026-03-24T17:31:50.943+0000] {logging_mixin.py:188} INFO - [2026-03-24T17:31:50.943+0000] {dag.py:3036} INFO - Sync 1 DAGs
[2026-03-24T17:31:50.949+0000] {logging_mixin.py:188} INFO - [2026-03-24T17:31:50.949+0000] {dag.py:3823} INFO - Setting next_dagrun for orquestrador_ingestao_data_prata to None, run_after=None
[2026-03-24T17:31:50.959+0000] {processor.py:183} INFO - Processing /opt/airflow/dags/transformation/orquestrador_prata.py took 0.049 seconds
[2026-03-24T17:32:21.747+0000] {processor.py:161} INFO - Started process (PID=767) to work on /opt/airflow/dags/transformation/orquestrador_prata.py
[2026-03-24T17:32:21.748+0000] {processor.py:830} INFO - Processing file /opt/airflow/dags/transformation/orquestrador_prata.py for tasks to queue
[2026-03-24T17:32:21.748+0000] {logging_mixin.py:188} INFO - [2026-03-24T17:32:21.748+0000] {dagbag.py:538} INFO - Filling up the DagBag from /opt/airflow/dags/transformation/orquestrador_prata.py
[2026-03-24T17:32:21.754+0000] {processor.py:840} INFO - DAG(s) 'orquestrador_ingestao_data_prata' retrieved from /opt/airflow/dags/transformation/orquestrador_prata.py
[2026-03-24T17:32:21.768+0000] {logging_mixin.py:188} INFO - [2026-03-24T17:32:21.768+0000] {dag.py:3036} INFO - Sync 1 DAGs
[2026-03-24T17:32:21.774+0000] {logging_mixin.py:188} INFO - [2026-03-24T17:32:21.774+0000] {dag.py:3823} INFO - Setting next_dagrun for orquestrador_ingestao_data_prata to None, run_after=None
[2026-03-24T17:32:21.784+0000] {processor.py:183} INFO - Processing /opt/airflow/dags/transformation/orquestrador_prata.py took 0.038 seconds
[2026-03-24T17:32:52.633+0000] {processor.py:161} INFO - Started process (PID=806) to work on /opt/airflow/dags/transformation/orquestrador_prata.py
[2026-03-24T17:32:52.634+0000] {processor.py:830} INFO - Processing file /opt/airflow/dags/transformation/orquestrador_prata.py for tasks to queue
[2026-03-24T17:32:52.635+0000] {logging_mixin.py:188} INFO - [2026-03-24T17:32:52.635+0000] {dagbag.py:538} INFO - Filling up the DagBag from /opt/airflow/dags/transformation/orquestrador_prata.py
[2026-03-24T17:32:52.641+0000] {processor.py:840} INFO - DAG(s) 'orquestrador_ingestao_data_prata' retrieved from /opt/airflow/dags/transformation/orquestrador_prata.py
[2026-03-24T17:32:52.657+0000] {logging_mixin.py:188} INFO - [2026-03-24T17:32:52.657+0000] {dag.py:3036} INFO - Sync 1 DAGs
[2026-03-24T17:32:52.665+0000] {logging_mixin.py:188} INFO - [2026-03-24T17:32:52.665+0000] {dag.py:3823} INFO - Setting next_dagrun for orquestrador_ingestao_data_prata to None, run_after=None
[2026-03-24T17:32:52.675+0000] {processor.py:183} INFO - Processing /opt/airflow/dags/transformation/orquestrador_prata.py took 0.044 seconds
[2026-03-24T17:33:23.464+0000] {processor.py:161} INFO - Started process (PID=845) to work on /opt/airflow/dags/transformation/orquestrador_prata.py
[2026-03-24T17:33:23.465+0000] {processor.py:830} INFO - Processing file /opt/airflow/dags/transformation/orquestrador_prata.py for tasks to queue
[2026-03-24T17:33:23.465+0000] {logging_mixin.py:188} INFO - [2026-03-24T17:33:23.465+0000] {dagbag.py:538} INFO - Filling up the DagBag from /opt/airflow/dags/transformation/orquestrador_prata.py
[2026-03-24T17:33:23.474+0000] {processor.py:840} INFO - DAG(s) 'orquestrador_ingestao_data_prata' retrieved from /opt/airflow/dags/transformation/orquestrador_prata.py
[2026-03-24T17:33:23.494+0000] {logging_mixin.py:188} INFO - [2026-03-24T17:33:23.494+0000] {dag.py:3036} INFO - Sync 1 DAGs
[2026-03-24T17:33:23.500+0000] {logging_mixin.py:188} INFO - [2026-03-24T17:33:23.500+0000] {dag.py:3823} INFO - Setting next_dagrun for orquestrador_ingestao_data_prata to None, run_after=None
[2026-03-24T17:33:23.510+0000] {processor.py:183} INFO - Processing /opt/airflow/dags/transformation/orquestrador_prata.py took 0.049 seconds
[2026-03-24T17:33:54.326+0000] {processor.py:161} INFO - Started process (PID=884) to work on /opt/airflow/dags/transformation/orquestrador_prata.py
[2026-03-24T17:33:54.328+0000] {processor.py:830} INFO - Processing file /opt/airflow/dags/transformation/orquestrador_prata.py for tasks to queue
[2026-03-24T17:33:54.329+0000] {logging_mixin.py:188} INFO - [2026-03-24T17:33:54.329+0000] {dagbag.py:538} INFO - Filling up the DagBag from /opt/airflow/dags/transformation/orquestrador_prata.py
[2026-03-24T17:33:54.340+0000] {processor.py:840} INFO - DAG(s) 'orquestrador_ingestao_data_prata' retrieved from /opt/airflow/dags/transformation/orquestrador_prata.py
[2026-03-24T17:33:54.355+0000] {logging_mixin.py:188} INFO - [2026-03-24T17:33:54.355+0000] {dag.py:3036} INFO - Sync 1 DAGs
[2026-03-24T17:33:54.361+0000] {logging_mixin.py:188} INFO - [2026-03-24T17:33:54.361+0000] {dag.py:3823} INFO - Setting next_dagrun for orquestrador_ingestao_data_prata to None, run_after=None
[2026-03-24T17:33:54.370+0000] {processor.py:183} INFO - Processing /opt/airflow/dags/transformation/orquestrador_prata.py took 0.047 seconds
[2026-03-24T17:34:25.156+0000] {processor.py:161} INFO - Started process (PID=923) to work on /opt/airflow/dags/transformation/orquestrador_prata.py
[2026-03-24T17:34:25.158+0000] {processor.py:830} INFO - Processing file /opt/airflow/dags/transformation/orquestrador_prata.py for tasks to queue
[2026-03-24T17:34:25.159+0000] {logging_mixin.py:188} INFO - [2026-03-24T17:34:25.159+0000] {dagbag.py:538} INFO - Filling up the DagBag from /opt/airflow/dags/transformation/orquestrador_prata.py
[2026-03-24T17:34:25.166+0000] {processor.py:840} INFO - DAG(s) 'orquestrador_ingestao_data_prata' retrieved from /opt/airflow/dags/transformation/orquestrador_prata.py
[2026-03-24T17:34:25.177+0000] {logging_mixin.py:188} INFO - [2026-03-24T17:34:25.177+0000] {dag.py:3036} INFO - Sync 1 DAGs
[2026-03-24T17:34:25.183+0000] {logging_mixin.py:188} INFO - [2026-03-24T17:34:25.183+0000] {dag.py:3823} INFO - Setting next_dagrun for orquestrador_ingestao_data_prata to None, run_after=None
[2026-03-24T17:34:25.192+0000] {processor.py:183} INFO - Processing /opt/airflow/dags/transformation/orquestrador_prata.py took 0.039 seconds
[2026-03-24T17:34:56.017+0000] {processor.py:161} INFO - Started process (PID=962) to work on /opt/airflow/dags/transformation/orquestrador_prata.py
[2026-03-24T17:34:56.018+0000] {processor.py:830} INFO - Processing file /opt/airflow/dags/transformation/orquestrador_prata.py for tasks to queue
[2026-03-24T17:34:56.018+0000] {logging_mixin.py:188} INFO - [2026-03-24T17:34:56.018+0000] {dagbag.py:538} INFO - Filling up the DagBag from /opt/airflow/dags/transformation/orquestrador_prata.py
[2026-03-24T17:34:56.026+0000] {processor.py:840} INFO - DAG(s) 'orquestrador_ingestao_data_prata' retrieved from /opt/airflow/dags/transformation/orquestrador_prata.py
[2026-03-24T17:34:56.041+0000] {logging_mixin.py:188} INFO - [2026-03-24T17:34:56.040+0000] {dag.py:3036} INFO - Sync 1 DAGs
[2026-03-24T17:34:56.047+0000] {logging_mixin.py:188} INFO - [2026-03-24T17:34:56.047+0000] {dag.py:3823} INFO - Setting next_dagrun for orquestrador_ingestao_data_prata to None, run_after=None
[2026-03-24T17:34:56.057+0000] {processor.py:183} INFO - Processing /opt/airflow/dags/transformation/orquestrador_prata.py took 0.045 seconds
[2026-03-24T17:35:26.871+0000] {processor.py:161} INFO - Started process (PID=1001) to work on /opt/airflow/dags/transformation/orquestrador_prata.py
[2026-03-24T17:35:26.872+0000] {processor.py:830} INFO - Processing file /opt/airflow/dags/transformation/orquestrador_prata.py for tasks to queue
[2026-03-24T17:35:26.872+0000] {logging_mixin.py:188} INFO - [2026-03-24T17:35:26.872+0000] {dagbag.py:538} INFO - Filling up the DagBag from /opt/airflow/dags/transformation/orquestrador_prata.py
[2026-03-24T17:35:26.880+0000] {processor.py:840} INFO - DAG(s) 'orquestrador_ingestao_data_prata' retrieved from /opt/airflow/dags/transformation/orquestrador_prata.py
[2026-03-24T17:35:26.894+0000] {logging_mixin.py:188} INFO - [2026-03-24T17:35:26.893+0000] {dag.py:3036} INFO - Sync 1 DAGs
[2026-03-24T17:35:26.900+0000] {logging_mixin.py:188} INFO - [2026-03-24T17:35:26.900+0000] {dag.py:3823} INFO - Setting next_dagrun for orquestrador_ingestao_data_prata to None, run_after=None
[2026-03-24T17:35:26.910+0000] {processor.py:183} INFO - Processing /opt/airflow/dags/transformation/orquestrador_prata.py took 0.040 seconds
[2026-03-24T17:35:57.724+0000] {processor.py:161} INFO - Started process (PID=1040) to work on /opt/airflow/dags/transformation/orquestrador_prata.py
[2026-03-24T17:35:57.727+0000] {processor.py:830} INFO - Processing file /opt/airflow/dags/transformation/orquestrador_prata.py for tasks to queue
[2026-03-24T17:35:57.728+0000] {logging_mixin.py:188} INFO - [2026-03-24T17:35:57.728+0000] {dagbag.py:538} INFO - Filling up the DagBag from /opt/airflow/dags/transformation/orquestrador_prata.py
[2026-03-24T17:35:57.738+0000] {processor.py:840} INFO - DAG(s) 'orquestrador_ingestao_data_prata' retrieved from /opt/airflow/dags/transformation/orquestrador_prata.py
[2026-03-24T17:35:57.751+0000] {logging_mixin.py:188} INFO - [2026-03-24T17:35:57.751+0000] {dag.py:3036} INFO - Sync 1 DAGs
[2026-03-24T17:35:57.758+0000] {logging_mixin.py:188} INFO - [2026-03-24T17:35:57.758+0000] {dag.py:3823} INFO - Setting next_dagrun for orquestrador_ingestao_data_prata to None, run_after=None
[2026-03-24T17:35:57.770+0000] {processor.py:183} INFO - Processing /opt/airflow/dags/transformation/orquestrador_prata.py took 0.050 seconds
[2026-03-24T17:36:28.562+0000] {processor.py:161} INFO - Started process (PID=1079) to work on /opt/airflow/dags/transformation/orquestrador_prata.py
[2026-03-24T17:36:28.564+0000] {processor.py:830} INFO - Processing file /opt/airflow/dags/transformation/orquestrador_prata.py for tasks to queue
[2026-03-24T17:36:28.565+0000] {logging_mixin.py:188} INFO - [2026-03-24T17:36:28.565+0000] {dagbag.py:538} INFO - Filling up the DagBag from /opt/airflow/dags/transformation/orquestrador_prata.py
[2026-03-24T17:36:28.574+0000] {processor.py:840} INFO - DAG(s) 'orquestrador_ingestao_data_prata' retrieved from /opt/airflow/dags/transformation/orquestrador_prata.py
[2026-03-24T17:36:28.586+0000] {logging_mixin.py:188} INFO - [2026-03-24T17:36:28.586+0000] {dag.py:3036} INFO - Sync 1 DAGs
[2026-03-24T17:36:28.593+0000] {logging_mixin.py:188} INFO - [2026-03-24T17:36:28.593+0000] {dag.py:3823} INFO - Setting next_dagrun for orquestrador_ingestao_data_prata to None, run_after=None
[2026-03-24T17:36:28.602+0000] {processor.py:183} INFO - Processing /opt/airflow/dags/transformation/orquestrador_prata.py took 0.042 seconds
[2026-03-24T17:36:59.399+0000] {processor.py:161} INFO - Started process (PID=1118) to work on /opt/airflow/dags/transformation/orquestrador_prata.py
[2026-03-24T17:36:59.401+0000] {processor.py:830} INFO - Processing file /opt/airflow/dags/transformation/orquestrador_prata.py for tasks to queue
[2026-03-24T17:36:59.402+0000] {logging_mixin.py:188} INFO - [2026-03-24T17:36:59.401+0000] {dagbag.py:538} INFO - Filling up the DagBag from /opt/airflow/dags/transformation/orquestrador_prata.py
[2026-03-24T17:36:59.411+0000] {processor.py:840} INFO - DAG(s) 'orquestrador_ingestao_data_prata' retrieved from /opt/airflow/dags/transformation/orquestrador_prata.py
[2026-03-24T17:36:59.424+0000] {logging_mixin.py:188} INFO - [2026-03-24T17:36:59.424+0000] {dag.py:3036} INFO - Sync 1 DAGs
[2026-03-24T17:36:59.430+0000] {logging_mixin.py:188} INFO - [2026-03-24T17:36:59.430+0000] {dag.py:3823} INFO - Setting next_dagrun for orquestrador_ingestao_data_prata to None, run_after=None
[2026-03-24T17:36:59.439+0000] {processor.py:183} INFO - Processing /opt/airflow/dags/transformation/orquestrador_prata.py took 0.044 seconds
[2026-03-24T17:37:30.218+0000] {processor.py:161} INFO - Started process (PID=1157) to work on /opt/airflow/dags/transformation/orquestrador_prata.py
[2026-03-24T17:37:30.220+0000] {processor.py:830} INFO - Processing file /opt/airflow/dags/transformation/orquestrador_prata.py for tasks to queue
[2026-03-24T17:37:30.221+0000] {logging_mixin.py:188} INFO - [2026-03-24T17:37:30.221+0000] {dagbag.py:538} INFO - Filling up the DagBag from /opt/airflow/dags/transformation/orquestrador_prata.py
[2026-03-24T17:37:30.228+0000] {processor.py:840} INFO - DAG(s) 'orquestrador_ingestao_data_prata' retrieved from /opt/airflow/dags/transformation/orquestrador_prata.py
[2026-03-24T17:37:30.241+0000] {logging_mixin.py:188} INFO - [2026-03-24T17:37:30.241+0000] {dag.py:3036} INFO - Sync 1 DAGs
[2026-03-24T17:37:30.248+0000] {logging_mixin.py:188} INFO - [2026-03-24T17:37:30.247+0000] {dag.py:3823} INFO - Setting next_dagrun for orquestrador_ingestao_data_prata to None, run_after=None
[2026-03-24T17:37:30.257+0000] {processor.py:183} INFO - Processing /opt/airflow/dags/transformation/orquestrador_prata.py took 0.042 seconds
[2026-03-24T17:38:01.050+0000] {processor.py:161} INFO - Started process (PID=1196) to work on /opt/airflow/dags/transformation/orquestrador_prata.py
[2026-03-24T17:38:01.052+0000] {processor.py:830} INFO - Processing file /opt/airflow/dags/transformation/orquestrador_prata.py for tasks to queue
[2026-03-24T17:38:01.052+0000] {logging_mixin.py:188} INFO - [2026-03-24T17:38:01.052+0000] {dagbag.py:538} INFO - Filling up the DagBag from /opt/airflow/dags/transformation/orquestrador_prata.py
[2026-03-24T17:38:01.058+0000] {processor.py:840} INFO - DAG(s) 'orquestrador_ingestao_data_prata' retrieved from /opt/airflow/dags/transformation/orquestrador_prata.py
[2026-03-24T17:38:01.070+0000] {logging_mixin.py:188} INFO - [2026-03-24T17:38:01.070+0000] {dag.py:3036} INFO - Sync 1 DAGs
[2026-03-24T17:38:01.076+0000] {logging_mixin.py:188} INFO - [2026-03-24T17:38:01.076+0000] {dag.py:3823} INFO - Setting next_dagrun for orquestrador_ingestao_data_prata to None, run_after=None
[2026-03-24T17:38:01.086+0000] {processor.py:183} INFO - Processing /opt/airflow/dags/transformation/orquestrador_prata.py took 0.039 seconds
[2026-03-24T17:38:31.887+0000] {processor.py:161} INFO - Started process (PID=1235) to work on /opt/airflow/dags/transformation/orquestrador_prata.py
[2026-03-24T17:38:31.889+0000] {processor.py:830} INFO - Processing file /opt/airflow/dags/transformation/orquestrador_prata.py for tasks to queue
[2026-03-24T17:38:31.889+0000] {logging_mixin.py:188} INFO - [2026-03-24T17:38:31.889+0000] {dagbag.py:538} INFO - Filling up the DagBag from /opt/airflow/dags/transformation/orquestrador_prata.py
[2026-03-24T17:38:31.897+0000] {processor.py:840} INFO - DAG(s) 'orquestrador_ingestao_data_prata' retrieved from /opt/airflow/dags/transformation/orquestrador_prata.py
[2026-03-24T17:38:31.910+0000] {logging_mixin.py:188} INFO - [2026-03-24T17:38:31.910+0000] {dag.py:3036} INFO - Sync 1 DAGs
[2026-03-24T17:38:31.916+0000] {logging_mixin.py:188} INFO - [2026-03-24T17:38:31.916+0000] {dag.py:3823} INFO - Setting next_dagrun for orquestrador_ingestao_data_prata to None, run_after=None
[2026-03-24T17:38:31.927+0000] {processor.py:183} INFO - Processing /opt/airflow/dags/transformation/orquestrador_prata.py took 0.043 seconds
[2026-03-24T17:39:02.745+0000] {processor.py:161} INFO - Started process (PID=1274) to work on /opt/airflow/dags/transformation/orquestrador_prata.py
[2026-03-24T17:39:02.747+0000] {processor.py:830} INFO - Processing file /opt/airflow/dags/transformation/orquestrador_prata.py for tasks to queue
[2026-03-24T17:39:02.747+0000] {logging_mixin.py:188} INFO - [2026-03-24T17:39:02.747+0000] {dagbag.py:538} INFO - Filling up the DagBag from /opt/airflow/dags/transformation/orquestrador_prata.py
[2026-03-24T17:39:02.753+0000] {processor.py:840} INFO - DAG(s) 'orquestrador_ingestao_data_prata' retrieved from /opt/airflow/dags/transformation/orquestrador_prata.py
[2026-03-24T17:39:02.766+0000] {logging_mixin.py:188} INFO - [2026-03-24T17:39:02.766+0000] {dag.py:3036} INFO - Sync 1 DAGs
[2026-03-24T17:39:02.772+0000] {logging_mixin.py:188} INFO - [2026-03-24T17:39:02.772+0000] {dag.py:3823} INFO - Setting next_dagrun for orquestrador_ingestao_data_prata to None, run_after=None
[2026-03-24T17:39:02.781+0000] {processor.py:183} INFO - Processing /opt/airflow/dags/transformation/orquestrador_prata.py took 0.038 seconds
[2026-03-24T17:39:33.592+0000] {processor.py:161} INFO - Started process (PID=1313) to work on /opt/airflow/dags/transformation/orquestrador_prata.py
[2026-03-24T17:39:33.594+0000] {processor.py:830} INFO - Processing file /opt/airflow/dags/transformation/orquestrador_prata.py for tasks to queue
[2026-03-24T17:39:33.595+0000] {logging_mixin.py:188} INFO - [2026-03-24T17:39:33.594+0000] {dagbag.py:538} INFO - Filling up the DagBag from /opt/airflow/dags/transformation/orquestrador_prata.py
[2026-03-24T17:39:33.601+0000] {processor.py:840} INFO - DAG(s) 'orquestrador_ingestao_data_prata' retrieved from /opt/airflow/dags/transformation/orquestrador_prata.py
[2026-03-24T17:39:33.616+0000] {logging_mixin.py:188} INFO - [2026-03-24T17:39:33.616+0000] {dag.py:3036} INFO - Sync 1 DAGs
[2026-03-24T17:39:33.623+0000] {logging_mixin.py:188} INFO - [2026-03-24T17:39:33.623+0000] {dag.py:3823} INFO - Setting next_dagrun for orquestrador_ingestao_data_prata to None, run_after=None
[2026-03-24T17:39:33.634+0000] {processor.py:183} INFO - Processing /opt/airflow/dags/transformation/orquestrador_prata.py took 0.043 seconds
[2026-03-24T17:40:04.466+0000] {processor.py:161} INFO - Started process (PID=1352) to work on /opt/airflow/dags/transformation/orquestrador_prata.py
[2026-03-24T17:40:04.467+0000] {processor.py:830} INFO - Processing file /opt/airflow/dags/transformation/orquestrador_prata.py for tasks to queue
[2026-03-24T17:40:04.467+0000] {logging_mixin.py:188} INFO - [2026-03-24T17:40:04.467+0000] {dagbag.py:538} INFO - Filling up the DagBag from /opt/airflow/dags/transformation/orquestrador_prata.py
[2026-03-24T17:40:04.473+0000] {processor.py:840} INFO - DAG(s) 'orquestrador_ingestao_data_prata' retrieved from /opt/airflow/dags/transformation/orquestrador_prata.py
[2026-03-24T17:40:04.487+0000] {logging_mixin.py:188} INFO - [2026-03-24T17:40:04.487+0000] {dag.py:3036} INFO - Sync 1 DAGs
[2026-03-24T17:40:04.493+0000] {logging_mixin.py:188} INFO - [2026-03-24T17:40:04.493+0000] {dag.py:3823} INFO - Setting next_dagrun for orquestrador_ingestao_data_prata to None, run_after=None
[2026-03-24T17:40:04.503+0000] {processor.py:183} INFO - Processing /opt/airflow/dags/transformation/orquestrador_prata.py took 0.039 seconds
[2026-03-24T17:40:35.322+0000] {processor.py:161} INFO - Started process (PID=1391) to work on /opt/airflow/dags/transformation/orquestrador_prata.py
[2026-03-24T17:40:35.324+0000] {processor.py:830} INFO - Processing file /opt/airflow/dags/transformation/orquestrador_prata.py for tasks to queue
[2026-03-24T17:40:35.324+0000] {logging_mixin.py:188} INFO - [2026-03-24T17:40:35.324+0000] {dagbag.py:538} INFO - Filling up the DagBag from /opt/airflow/dags/transformation/orquestrador_prata.py
[2026-03-24T17:40:35.332+0000] {processor.py:840} INFO - DAG(s) 'orquestrador_ingestao_data_prata' retrieved from /opt/airflow/dags/transformation/orquestrador_prata.py
[2026-03-24T17:40:35.345+0000] {logging_mixin.py:188} INFO - [2026-03-24T17:40:35.344+0000] {dag.py:3036} INFO - Sync 1 DAGs
[2026-03-24T17:40:35.351+0000] {logging_mixin.py:188} INFO - [2026-03-24T17:40:35.351+0000] {dag.py:3823} INFO - Setting next_dagrun for orquestrador_ingestao_data_prata to None, run_after=None
[2026-03-24T17:40:35.360+0000] {processor.py:183} INFO - Processing /opt/airflow/dags/transformation/orquestrador_prata.py took 0.040 seconds
[2026-03-24T17:41:06.110+0000] {processor.py:161} INFO - Started process (PID=1430) to work on /opt/airflow/dags/transformation/orquestrador_prata.py
[2026-03-24T17:41:06.118+0000] {processor.py:830} INFO - Processing file /opt/airflow/dags/transformation/orquestrador_prata.py for tasks to queue
[2026-03-24T17:41:06.119+0000] {logging_mixin.py:188} INFO - [2026-03-24T17:41:06.119+0000] {dagbag.py:538} INFO - Filling up the DagBag from /opt/airflow/dags/transformation/orquestrador_prata.py
[2026-03-24T17:41:06.130+0000] {processor.py:840} INFO - DAG(s) 'orquestrador_ingestao_data_prata' retrieved from /opt/airflow/dags/transformation/orquestrador_prata.py
[2026-03-24T17:41:06.143+0000] {logging_mixin.py:188} INFO - [2026-03-24T17:41:06.143+0000] {dag.py:3036} INFO - Sync 1 DAGs
[2026-03-24T17:41:06.150+0000] {logging_mixin.py:188} INFO - [2026-03-24T17:41:06.150+0000] {dag.py:3823} INFO - Setting next_dagrun for orquestrador_ingestao_data_prata to None, run_after=None
[2026-03-24T17:41:06.168+0000] {processor.py:183} INFO - Processing /opt/airflow/dags/transformation/orquestrador_prata.py took 0.060 seconds
[2026-03-24T17:41:36.932+0000] {processor.py:161} INFO - Started process (PID=1469) to work on /opt/airflow/dags/transformation/orquestrador_prata.py
[2026-03-24T17:41:36.933+0000] {processor.py:830} INFO - Processing file /opt/airflow/dags/transformation/orquestrador_prata.py for tasks to queue
[2026-03-24T17:41:36.933+0000] {logging_mixin.py:188} INFO - [2026-03-24T17:41:36.933+0000] {dagbag.py:538} INFO - Filling up the DagBag from /opt/airflow/dags/transformation/orquestrador_prata.py
[2026-03-24T17:41:36.941+0000] {processor.py:840} INFO - DAG(s) 'orquestrador_ingestao_data_prata' retrieved from /opt/airflow/dags/transformation/orquestrador_prata.py
[2026-03-24T17:41:36.955+0000] {logging_mixin.py:188} INFO - [2026-03-24T17:41:36.954+0000] {dag.py:3036} INFO - Sync 1 DAGs
[2026-03-24T17:41:36.961+0000] {logging_mixin.py:188} INFO - [2026-03-24T17:41:36.961+0000] {dag.py:3823} INFO - Setting next_dagrun for orquestrador_ingestao_data_prata to None, run_after=None
[2026-03-24T17:41:36.971+0000] {processor.py:183} INFO - Processing /opt/airflow/dags/transformation/orquestrador_prata.py took 0.041 seconds
[2026-03-24T17:42:07.776+0000] {processor.py:161} INFO - Started process (PID=1508) to work on /opt/airflow/dags/transformation/orquestrador_prata.py
[2026-03-24T17:42:07.778+0000] {processor.py:830} INFO - Processing file /opt/airflow/dags/transformation/orquestrador_prata.py for tasks to queue
[2026-03-24T17:42:07.779+0000] {logging_mixin.py:188} INFO - [2026-03-24T17:42:07.779+0000] {dagbag.py:538} INFO - Filling up the DagBag from /opt/airflow/dags/transformation/orquestrador_prata.py
[2026-03-24T17:42:07.789+0000] {processor.py:840} INFO - DAG(s) 'orquestrador_ingestao_data_prata' retrieved from /opt/airflow/dags/transformation/orquestrador_prata.py
[2026-03-24T17:42:07.802+0000] {logging_mixin.py:188} INFO - [2026-03-24T17:42:07.802+0000] {dag.py:3036} INFO - Sync 1 DAGs
[2026-03-24T17:42:07.808+0000] {logging_mixin.py:188} INFO - [2026-03-24T17:42:07.808+0000] {dag.py:3823} INFO - Setting next_dagrun for orquestrador_ingestao_data_prata to None, run_after=None
[2026-03-24T17:42:07.817+0000] {processor.py:183} INFO - Processing /opt/airflow/dags/transformation/orquestrador_prata.py took 0.045 seconds
[2026-03-24T17:42:38.603+0000] {processor.py:161} INFO - Started process (PID=1547) to work on /opt/airflow/dags/transformation/orquestrador_prata.py
[2026-03-24T17:42:38.604+0000] {processor.py:830} INFO - Processing file /opt/airflow/dags/transformation/orquestrador_prata.py for tasks to queue
[2026-03-24T17:42:38.605+0000] {logging_mixin.py:188} INFO - [2026-03-24T17:42:38.605+0000] {dagbag.py:538} INFO - Filling up the DagBag from /opt/airflow/dags/transformation/orquestrador_prata.py
[2026-03-24T17:42:38.614+0000] {processor.py:840} INFO - DAG(s) 'orquestrador_ingestao_data_prata' retrieved from /opt/airflow/dags/transformation/orquestrador_prata.py
[2026-03-24T17:42:38.629+0000] {logging_mixin.py:188} INFO - [2026-03-24T17:42:38.629+0000] {dag.py:3036} INFO - Sync 1 DAGs
[2026-03-24T17:42:38.636+0000] {logging_mixin.py:188} INFO - [2026-03-24T17:42:38.636+0000] {dag.py:3823} INFO - Setting next_dagrun for orquestrador_ingestao_data_prata to None, run_after=None
[2026-03-24T17:42:38.646+0000] {processor.py:183} INFO - Processing /opt/airflow/dags/transformation/orquestrador_prata.py took 0.047 seconds
[2026-03-24T17:43:09.429+0000] {processor.py:161} INFO - Started process (PID=1586) to work on /opt/airflow/dags/transformation/orquestrador_prata.py
[2026-03-24T17:43:09.431+0000] {processor.py:830} INFO - Processing file /opt/airflow/dags/transformation/orquestrador_prata.py for tasks to queue
[2026-03-24T17:43:09.431+0000] {logging_mixin.py:188} INFO - [2026-03-24T17:43:09.431+0000] {dagbag.py:538} INFO - Filling up the DagBag from /opt/airflow/dags/transformation/orquestrador_prata.py
[2026-03-24T17:43:09.437+0000] {processor.py:840} INFO - DAG(s) 'orquestrador_ingestao_data_prata' retrieved from /opt/airflow/dags/transformation/orquestrador_prata.py
[2026-03-24T17:43:09.453+0000] {logging_mixin.py:188} INFO - [2026-03-24T17:43:09.453+0000] {dag.py:3036} INFO - Sync 1 DAGs
[2026-03-24T17:43:09.459+0000] {logging_mixin.py:188} INFO - [2026-03-24T17:43:09.459+0000] {dag.py:3823} INFO - Setting next_dagrun for orquestrador_ingestao_data_prata to None, run_after=None
[2026-03-24T17:43:09.469+0000] {processor.py:183} INFO - Processing /opt/airflow/dags/transformation/orquestrador_prata.py took 0.042 seconds
[2026-03-24T17:43:40.245+0000] {processor.py:161} INFO - Started process (PID=1648) to work on /opt/airflow/dags/transformation/orquestrador_prata.py
[2026-03-24T17:43:40.245+0000] {processor.py:830} INFO - Processing file /opt/airflow/dags/transformation/orquestrador_prata.py for tasks to queue
[2026-03-24T17:43:40.246+0000] {logging_mixin.py:188} INFO - [2026-03-24T17:43:40.246+0000] {dagbag.py:538} INFO - Filling up the DagBag from /opt/airflow/dags/transformation/orquestrador_prata.py
[2026-03-24T17:43:40.254+0000] {processor.py:840} INFO - DAG(s) 'orquestrador_ingestao_data_prata' retrieved from /opt/airflow/dags/transformation/orquestrador_prata.py
[2026-03-24T17:43:40.270+0000] {logging_mixin.py:188} INFO - [2026-03-24T17:43:40.270+0000] {dag.py:3036} INFO - Sync 1 DAGs
[2026-03-24T17:43:40.277+0000] {logging_mixin.py:188} INFO - [2026-03-24T17:43:40.276+0000] {dag.py:3823} INFO - Setting next_dagrun for orquestrador_ingestao_data_prata to None, run_after=None
[2026-03-24T17:43:40.286+0000] {processor.py:183} INFO - Processing /opt/airflow/dags/transformation/orquestrador_prata.py took 0.043 seconds
[2026-03-24T17:44:11.039+0000] {processor.py:161} INFO - Started process (PID=1687) to work on /opt/airflow/dags/transformation/orquestrador_prata.py
[2026-03-24T17:44:11.041+0000] {processor.py:830} INFO - Processing file /opt/airflow/dags/transformation/orquestrador_prata.py for tasks to queue
[2026-03-24T17:44:11.041+0000] {logging_mixin.py:188} INFO - [2026-03-24T17:44:11.041+0000] {dagbag.py:538} INFO - Filling up the DagBag from /opt/airflow/dags/transformation/orquestrador_prata.py
[2026-03-24T17:44:11.050+0000] {processor.py:840} INFO - DAG(s) 'orquestrador_ingestao_data_prata' retrieved from /opt/airflow/dags/transformation/orquestrador_prata.py
[2026-03-24T17:44:11.063+0000] {logging_mixin.py:188} INFO - [2026-03-24T17:44:11.063+0000] {dag.py:3036} INFO - Sync 1 DAGs
[2026-03-24T17:44:11.069+0000] {logging_mixin.py:188} INFO - [2026-03-24T17:44:11.069+0000] {dag.py:3823} INFO - Setting next_dagrun for orquestrador_ingestao_data_prata to None, run_after=None
[2026-03-24T17:44:11.078+0000] {processor.py:183} INFO - Processing /opt/airflow/dags/transformation/orquestrador_prata.py took 0.041 seconds
[2026-03-24T17:44:41.857+0000] {processor.py:161} INFO - Started process (PID=1726) to work on /opt/airflow/dags/transformation/orquestrador_prata.py
[2026-03-24T17:44:41.858+0000] {processor.py:830} INFO - Processing file /opt/airflow/dags/transformation/orquestrador_prata.py for tasks to queue
[2026-03-24T17:44:41.858+0000] {logging_mixin.py:188} INFO - [2026-03-24T17:44:41.858+0000] {dagbag.py:538} INFO - Filling up the DagBag from /opt/airflow/dags/transformation/orquestrador_prata.py
[2026-03-24T17:44:41.864+0000] {processor.py:840} INFO - DAG(s) 'orquestrador_ingestao_data_prata' retrieved from /opt/airflow/dags/transformation/orquestrador_prata.py
[2026-03-24T17:44:41.879+0000] {logging_mixin.py:188} INFO - [2026-03-24T17:44:41.879+0000] {dag.py:3036} INFO - Sync 1 DAGs
[2026-03-24T17:44:41.886+0000] {logging_mixin.py:188} INFO - [2026-03-24T17:44:41.886+0000] {dag.py:3823} INFO - Setting next_dagrun for orquestrador_ingestao_data_prata to None, run_after=None
[2026-03-24T17:44:41.895+0000] {processor.py:183} INFO - Processing /opt/airflow/dags/transformation/orquestrador_prata.py took 0.040 seconds
[2026-03-24T17:45:12.681+0000] {processor.py:161} INFO - Started process (PID=1765) to work on /opt/airflow/dags/transformation/orquestrador_prata.py
[2026-03-24T17:45:12.682+0000] {processor.py:830} INFO - Processing file /opt/airflow/dags/transformation/orquestrador_prata.py for tasks to queue
[2026-03-24T17:45:12.683+0000] {logging_mixin.py:188} INFO - [2026-03-24T17:45:12.683+0000] {dagbag.py:538} INFO - Filling up the DagBag from /opt/airflow/dags/transformation/orquestrador_prata.py
[2026-03-24T17:45:12.690+0000] {processor.py:840} INFO - DAG(s) 'orquestrador_ingestao_data_prata' retrieved from /opt/airflow/dags/transformation/orquestrador_prata.py
[2026-03-24T17:45:12.703+0000] {logging_mixin.py:188} INFO - [2026-03-24T17:45:12.703+0000] {dag.py:3036} INFO - Sync 1 DAGs
[2026-03-24T17:45:12.709+0000] {logging_mixin.py:188} INFO - [2026-03-24T17:45:12.709+0000] {dag.py:3823} INFO - Setting next_dagrun for orquestrador_ingestao_data_prata to None, run_after=None
[2026-03-24T17:45:12.719+0000] {processor.py:183} INFO - Processing /opt/airflow/dags/transformation/orquestrador_prata.py took 0.039 seconds
