{"timestamp":"2026-03-15T23:07:39.560088Z","level":"info","event":"DAG bundles loaded: dags-folder, example_dags","logger":"airflow.dag_processing.bundles.manager.DagBundlesManager","filename":"manager.py","lineno":179}
{"timestamp":"2026-03-15T23:07:39.560855Z","level":"info","event":"Filling up the DagBag from /opt/airflow/dags/weather_dag.py","logger":"airflow.models.dagbag.BundleDagBag","filename":"dagbag.py","lineno":593}
{"timestamp":"2026-03-15T23:07:39.623462Z","level":"info","event":"→ Conectando em: postgresql+psycopg2://victor:victor@host.docker.internal:5432/projeto_etl","logger":"root","filename":"load_data.py","lineno":24}
{"timestamp":"2026-03-15T23:07:39.737480Z","level":"info","event":"Lendo dados do arquivo /opt/airflow/data/weather_data.json","logger":"root","filename":"transform_data.py","lineno":42}
{"timestamp":"2026-03-15T23:07:39.739696Z","level":"info","event":"Task instance is in running state","logger":"task.stdout"}
{"timestamp":"2026-03-15T23:07:39.739788Z","level":"info","event":" Previous state of the Task instance: TaskInstanceState.QUEUED","logger":"task.stdout"}
{"timestamp":"2026-03-15T23:07:39.739837Z","level":"info","event":"Current task name:transform","logger":"task.stdout"}
{"timestamp":"2026-03-15T23:07:39.739882Z","level":"info","event":"Dag name:weather_dag","logger":"task.stdout"}
{"timestamp":"2026-03-15T23:07:39.739925Z","level":"info","event":"iniciando transformações de dados","logger":"task.stdout"}
{"timestamp":"2026-03-15T23:07:39.750811Z","level":"info","event":"Dataframe criado com 1 linhas e 26 colunas","logger":"root","filename":"transform_data.py","lineno":52}
{"timestamp":"2026-03-15T23:07:39.753409Z","level":"info","event":"Colunas normalizadas: ['weather_id', 'weather_main', 'weather_description', 'weather_icon']","logger":"root","filename":"transform_data.py","lineno":69}
{"timestamp":"2026-03-15T23:07:39.753587Z","level":"info","event":"Colunas a serem removidas: ['weather', 'weather_icon', 'sys.type']","logger":"root","filename":"transform_data.py","lineno":74}
{"timestamp":"2026-03-15T23:07:39.754534Z","level":"info","event":"Colunas removidas: ['weather', 'weather_icon', 'sys.type']","logger":"root","filename":"transform_data.py","lineno":76}
{"timestamp":"2026-03-15T23:07:39.754691Z","level":"info","event":"Colunas a serem renomeadas: {'base': 'base', 'visibility': 'visibility', 'dt': 'datetime', 'timezone': 'timezone', 'id': 'city_id', 'name': 'city_name', 'cod': 'code', 'coord.lon': 'longitude', 'coord.lat': 'latitude', 'main.temp': 'temperature', 'main.feels_like': 'feels_like', 'main.temp_min': 'temp_min', 'main.temp_max': 'temp_max', 'main.pressure': 'pressure', 'main.humidity': 'humidity', 'main.sea_level': 'sea_level', 'main.grnd_level': 'grnd_level', 'wind.speed': 'wind_speed', 'wind.deg': 'wind_deg', 'wind.gust': 'wind_gust', 'clouds.all': 'clouds', 'sys.type': 'sys_type', 'sys.id': 'sys_id', 'sys.country': 'country', 'sys.sunrise': 'sunrise', 'sys.sunset': 'sunset'}","logger":"root","filename":"transform_data.py","lineno":80}
{"timestamp":"2026-03-15T23:07:39.766048Z","level":"info","event":"Colunas renomeadas: ['base', 'visibility', 'datetime', 'timezone', 'city_id', 'city_name', 'code', 'longitude', 'latitude', 'temperature', 'feels_like', 'temp_min', 'temp_max', 'pressure', 'humidity', 'sea_level', 'grnd_level', 'wind_speed', 'wind_deg', 'clouds', 'sys_id', 'country', 'sunrise', 'sunset', 'weather_id', 'weather_main', 'weather_description']","logger":"root","filename":"transform_data.py","lineno":82}
{"timestamp":"2026-03-15T23:07:39.766298Z","level":"info","event":"Colunas a serem normalizadas para datetime: ['datetime', 'sunrise', 'sunset']","logger":"root","filename":"transform_data.py","lineno":86}
{"timestamp":"2026-03-15T23:07:39.782028Z","level":"info","event":"Coluna datetime normalizada para datetime","logger":"root","filename":"transform_data.py","lineno":89}
{"timestamp":"2026-03-15T23:07:39.783510Z","level":"info","event":"Coluna sunrise normalizada para datetime","logger":"root","filename":"transform_data.py","lineno":89}
{"timestamp":"2026-03-15T23:07:39.784720Z","level":"info","event":"Coluna sunset normalizada para datetime","logger":"root","filename":"transform_data.py","lineno":89}
{"timestamp":"2026-03-15T23:07:39.785164Z","level":"info","event":"Transformações de dados concluídas","logger":"root","filename":"transform_data.py","lineno":100}
{"timestamp":"2026-03-15T23:07:39.871890Z","level":"info","event":"Done. Returned value was: None","logger":"airflow.task.operators.airflow.providers.standard.decorators.python._PythonDecoratedOperator","filename":"python.py","lineno":230}
{"timestamp":"2026-03-15T23:07:39.955784Z","level":"info","event":"Task instance in success state","logger":"task.stdout"}
{"timestamp":"2026-03-15T23:07:39.955987Z","level":"info","event":" Previous state of the Task instance: TaskInstanceState.RUNNING","logger":"task.stdout"}
{"timestamp":"2026-03-15T23:07:39.956061Z","level":"info","event":"Task operator:<Task(_PythonDecoratedOperator): transform>","logger":"task.stdout"}
