[2026-03-24T17:24:39.815+0000] {manager.py:469} INFO - Processing files using up to 2 processes at a time 
[2026-03-24T17:24:39.816+0000] {manager.py:470} INFO - Process each file at most once every 30 seconds
[2026-03-24T17:24:39.816+0000] {manager.py:471} INFO - Checking for new files in /opt/airflow/dags every 300 seconds
[2026-03-24T17:24:39.816+0000] {manager.py:738} INFO - Searching for files in /opt/airflow/dags
[2026-03-24T17:24:39.818+0000] {manager.py:741} INFO - There are 7 files in /opt/airflow/dags
[2026-03-24T17:24:39.915+0000] {manager.py:879} INFO - 
================================================================================
DAG File Processing Stats

File Path                                                          PID  Runtime      # DAGs    # Errors  Last Runtime    Last Run
---------------------------------------------------------------  -----  ---------  --------  ----------  --------------  ----------
/opt/airflow/dags/ingestion/orquestrador_ingestao_dag.py                                  0           0
/opt/airflow/dags/ingestion/get_data_api_ploomes.py                                       0           0
/opt/airflow/dags/ingestion/send_data_to_bronze_db.py                                     0           0
/opt/airflow/dags/gold_db/orquestracao_bronze_prata.py                                    0           0
/opt/airflow/dags/transformation/orquestrador_prata.py             181  0.06s             0           0
/opt/airflow/dags/transformation/etl_deals_contacts_prata_db.py                           0           0
/opt/airflow/dags/transformation/extract_data_bronze_to_parq.py    185  0.02s             0           0
================================================================================
[2026-03-24T17:25:10.573+0000] {manager.py:879} INFO - 
================================================================================
DAG File Processing Stats

File Path                                                          PID  Runtime      # DAGs    # Errors  Last Runtime    Last Run
---------------------------------------------------------------  -----  ---------  --------  ----------  --------------  -------------------
/opt/airflow/dags/ingestion/orquestrador_ingestao_dag.py                                  1           0  0.14s           2026-03-24T17:24:41
/opt/airflow/dags/ingestion/get_data_api_ploomes.py                                       1           0  0.41s           2026-03-24T17:24:41
/opt/airflow/dags/ingestion/send_data_to_bronze_db.py                                     1           0  0.38s           2026-03-24T17:24:41
/opt/airflow/dags/gold_db/orquestracao_bronze_prata.py                                    1           0  0.12s           2026-03-24T17:24:41
/opt/airflow/dags/transformation/orquestrador_prata.py             221  0.00s             1           0  0.21s           2026-03-24T17:24:40
/opt/airflow/dags/transformation/etl_deals_contacts_prata_db.py                           1           0  0.81s           2026-03-24T17:24:40
/opt/airflow/dags/transformation/extract_data_bronze_to_parq.py                           1           0  0.98s           2026-03-24T17:24:40
================================================================================
[2026-03-24T17:25:41.238+0000] {manager.py:879} INFO - 
================================================================================
DAG File Processing Stats

File Path                                                          PID  Runtime      # DAGs    # Errors  Last Runtime    Last Run
---------------------------------------------------------------  -----  ---------  --------  ----------  --------------  -------------------
/opt/airflow/dags/ingestion/orquestrador_ingestao_dag.py                                  1           0  0.05s           2026-03-24T17:25:11
/opt/airflow/dags/ingestion/get_data_api_ploomes.py                                       1           0  0.20s           2026-03-24T17:25:12
/opt/airflow/dags/ingestion/send_data_to_bronze_db.py                                     1           0  0.19s           2026-03-24T17:25:12
/opt/airflow/dags/gold_db/orquestracao_bronze_prata.py                                    1           0  0.06s           2026-03-24T17:25:12
/opt/airflow/dags/transformation/orquestrador_prata.py             260  0.01s             1           0  0.05s           2026-03-24T17:25:10
/opt/airflow/dags/transformation/etl_deals_contacts_prata_db.py                           1           0  0.19s           2026-03-24T17:25:11
/opt/airflow/dags/transformation/extract_data_bronze_to_parq.py                           1           0  0.21s           2026-03-24T17:25:11
================================================================================
[2026-03-24T17:26:11.870+0000] {manager.py:879} INFO - 
================================================================================
DAG File Processing Stats

File Path                                                          PID  Runtime      # DAGs    # Errors  Last Runtime    Last Run
---------------------------------------------------------------  -----  ---------  --------  ----------  --------------  -------------------
/opt/airflow/dags/ingestion/orquestrador_ingestao_dag.py                                  1           0  0.05s           2026-03-24T17:25:42
/opt/airflow/dags/ingestion/get_data_api_ploomes.py                                       1           0  0.20s           2026-03-24T17:25:42
/opt/airflow/dags/ingestion/send_data_to_bronze_db.py                                     1           0  0.20s           2026-03-24T17:25:42
/opt/airflow/dags/gold_db/orquestracao_bronze_prata.py                                    1           0  0.06s           2026-03-24T17:25:42
/opt/airflow/dags/transformation/orquestrador_prata.py             299  0.01s             1           0  0.07s           2026-03-24T17:25:41
/opt/airflow/dags/transformation/etl_deals_contacts_prata_db.py                           1           0  0.20s           2026-03-24T17:25:42
/opt/airflow/dags/transformation/extract_data_bronze_to_parq.py                           1           0  0.19s           2026-03-24T17:25:42
================================================================================
[2026-03-24T17:26:42.635+0000] {manager.py:879} INFO - 
================================================================================
DAG File Processing Stats

File Path                                                          PID  Runtime      # DAGs    # Errors  Last Runtime    Last Run
---------------------------------------------------------------  -----  ---------  --------  ----------  --------------  -------------------
/opt/airflow/dags/ingestion/orquestrador_ingestao_dag.py                                  1           0  0.06s           2026-03-24T17:26:13
/opt/airflow/dags/ingestion/get_data_api_ploomes.py                                       1           0  0.29s           2026-03-24T17:26:13
/opt/airflow/dags/ingestion/send_data_to_bronze_db.py                                     1           0  0.28s           2026-03-24T17:26:13
/opt/airflow/dags/gold_db/orquestracao_bronze_prata.py                                    1           0  0.06s           2026-03-24T17:26:13
/opt/airflow/dags/transformation/orquestrador_prata.py             338  0.01s             1           0  0.06s           2026-03-24T17:26:11
/opt/airflow/dags/transformation/etl_deals_contacts_prata_db.py                           1           0  0.28s           2026-03-24T17:26:13
/opt/airflow/dags/transformation/extract_data_bronze_to_parq.py                           1           0  0.20s           2026-03-24T17:26:13
================================================================================
[2026-03-24T17:27:13.325+0000] {manager.py:879} INFO - 
================================================================================
DAG File Processing Stats

File Path                                                          PID  Runtime      # DAGs    # Errors  Last Runtime    Last Run
---------------------------------------------------------------  -----  ---------  --------  ----------  --------------  -------------------
/opt/airflow/dags/ingestion/orquestrador_ingestao_dag.py                                  1           0  0.05s           2026-03-24T17:26:43
/opt/airflow/dags/ingestion/get_data_api_ploomes.py                                       1           0  0.20s           2026-03-24T17:26:44
/opt/airflow/dags/ingestion/send_data_to_bronze_db.py                                     1           0  0.20s           2026-03-24T17:26:44
/opt/airflow/dags/gold_db/orquestracao_bronze_prata.py                                    1           0  0.06s           2026-03-24T17:26:44
/opt/airflow/dags/transformation/orquestrador_prata.py             377  0.00s             1           0  0.06s           2026-03-24T17:26:42
/opt/airflow/dags/transformation/etl_deals_contacts_prata_db.py                           1           0  0.20s           2026-03-24T17:26:43
/opt/airflow/dags/transformation/extract_data_bronze_to_parq.py                           1           0  0.21s           2026-03-24T17:26:43
================================================================================
[2026-03-24T17:27:44.117+0000] {manager.py:879} INFO - 
================================================================================
DAG File Processing Stats

File Path                                                          PID  Runtime      # DAGs    # Errors  Last Runtime    Last Run
---------------------------------------------------------------  -----  ---------  --------  ----------  --------------  -------------------
/opt/airflow/dags/ingestion/orquestrador_ingestao_dag.py                                  1           0  0.06s           2026-03-24T17:27:14
/opt/airflow/dags/ingestion/get_data_api_ploomes.py                                       1           0  0.30s           2026-03-24T17:27:14
/opt/airflow/dags/ingestion/send_data_to_bronze_db.py                                     1           0  0.29s           2026-03-24T17:27:14
/opt/airflow/dags/gold_db/orquestracao_bronze_prata.py                                    1           0  0.07s           2026-03-24T17:27:14
/opt/airflow/dags/transformation/orquestrador_prata.py             416  0.01s             1           0  0.06s           2026-03-24T17:27:13
/opt/airflow/dags/transformation/etl_deals_contacts_prata_db.py                           1           0  0.30s           2026-03-24T17:27:14
/opt/airflow/dags/transformation/extract_data_bronze_to_parq.py                           1           0  0.21s           2026-03-24T17:27:14
================================================================================
[2026-03-24T17:28:14.938+0000] {manager.py:879} INFO - 
================================================================================
DAG File Processing Stats

File Path                                                          PID  Runtime      # DAGs    # Errors  Last Runtime    Last Run
---------------------------------------------------------------  -----  ---------  --------  ----------  --------------  -------------------
/opt/airflow/dags/ingestion/orquestrador_ingestao_dag.py                                  1           0  0.05s           2026-03-24T17:27:45
/opt/airflow/dags/ingestion/get_data_api_ploomes.py                                       1           0  0.28s           2026-03-24T17:27:45
/opt/airflow/dags/ingestion/send_data_to_bronze_db.py                                     1           0  0.28s           2026-03-24T17:27:45
/opt/airflow/dags/gold_db/orquestracao_bronze_prata.py                                    1           0  0.06s           2026-03-24T17:27:45
/opt/airflow/dags/transformation/orquestrador_prata.py             455  0.00s             1           0  0.06s           2026-03-24T17:27:44
/opt/airflow/dags/transformation/etl_deals_contacts_prata_db.py                           1           0  0.30s           2026-03-24T17:27:45
/opt/airflow/dags/transformation/extract_data_bronze_to_parq.py                           1           0  0.30s           2026-03-24T17:27:45
================================================================================
[2026-03-24T17:28:45.805+0000] {manager.py:879} INFO - 
================================================================================
DAG File Processing Stats

File Path                                                          PID  Runtime      # DAGs    # Errors  Last Runtime    Last Run
---------------------------------------------------------------  -----  ---------  --------  ----------  --------------  -------------------
/opt/airflow/dags/ingestion/orquestrador_ingestao_dag.py                                  1           0  0.05s           2026-03-24T17:28:16
/opt/airflow/dags/ingestion/get_data_api_ploomes.py                                       1           0  0.31s           2026-03-24T17:28:16
/opt/airflow/dags/ingestion/send_data_to_bronze_db.py                                     1           0  0.30s           2026-03-24T17:28:16
/opt/airflow/dags/gold_db/orquestracao_bronze_prata.py                                    1           0  0.06s           2026-03-24T17:28:16
/opt/airflow/dags/transformation/orquestrador_prata.py             494  0.01s             1           0  0.06s           2026-03-24T17:28:14
/opt/airflow/dags/transformation/etl_deals_contacts_prata_db.py                           1           0  0.27s           2026-03-24T17:28:16
/opt/airflow/dags/transformation/extract_data_bronze_to_parq.py                           1           0  0.28s           2026-03-24T17:28:16
================================================================================
[2026-03-24T17:29:16.625+0000] {manager.py:879} INFO - 
================================================================================
DAG File Processing Stats

File Path                                                          PID  Runtime      # DAGs    # Errors  Last Runtime    Last Run
---------------------------------------------------------------  -----  ---------  --------  ----------  --------------  -------------------
/opt/airflow/dags/ingestion/orquestrador_ingestao_dag.py                                  1           0  0.05s           2026-03-24T17:28:47
/opt/airflow/dags/ingestion/get_data_api_ploomes.py                                       1           0  0.27s           2026-03-24T17:28:47
/opt/airflow/dags/ingestion/send_data_to_bronze_db.py                                     1           0  0.26s           2026-03-24T17:28:47
/opt/airflow/dags/gold_db/orquestracao_bronze_prata.py                                    1           0  0.06s           2026-03-24T17:28:47
/opt/airflow/dags/transformation/orquestrador_prata.py             533  0.01s             1           0  0.06s           2026-03-24T17:28:45
/opt/airflow/dags/transformation/etl_deals_contacts_prata_db.py                           1           0  0.28s           2026-03-24T17:28:47
/opt/airflow/dags/transformation/extract_data_bronze_to_parq.py                           1           0  0.27s           2026-03-24T17:28:47
================================================================================
[2026-03-24T17:29:40.402+0000] {manager.py:738} INFO - Searching for files in /opt/airflow/dags
[2026-03-24T17:29:40.404+0000] {manager.py:741} INFO - There are 7 files in /opt/airflow/dags
[2026-03-24T17:29:47.460+0000] {manager.py:879} INFO - 
================================================================================
DAG File Processing Stats

File Path                                                          PID  Runtime      # DAGs    # Errors  Last Runtime    Last Run
---------------------------------------------------------------  -----  ---------  --------  ----------  --------------  -------------------
/opt/airflow/dags/ingestion/orquestrador_ingestao_dag.py                                  1           0  0.06s           2026-03-24T17:29:17
/opt/airflow/dags/ingestion/get_data_api_ploomes.py                                       1           0  0.28s           2026-03-24T17:29:18
/opt/airflow/dags/ingestion/send_data_to_bronze_db.py                                     1           0  0.27s           2026-03-24T17:29:18
/opt/airflow/dags/gold_db/orquestracao_bronze_prata.py                                    1           0  0.06s           2026-03-24T17:29:18
/opt/airflow/dags/transformation/orquestrador_prata.py             572  0.00s             1           0  0.06s           2026-03-24T17:29:16
/opt/airflow/dags/transformation/etl_deals_contacts_prata_db.py                           1           0  0.27s           2026-03-24T17:29:17
/opt/airflow/dags/transformation/extract_data_bronze_to_parq.py                           1           0  0.27s           2026-03-24T17:29:17
================================================================================
[2026-03-24T17:30:18.296+0000] {manager.py:879} INFO - 
================================================================================
DAG File Processing Stats

File Path                                                          PID  Runtime      # DAGs    # Errors  Last Runtime    Last Run
---------------------------------------------------------------  -----  ---------  --------  ----------  --------------  -------------------
/opt/airflow/dags/ingestion/orquestrador_ingestao_dag.py                                  1           0  0.05s           2026-03-24T17:29:48
/opt/airflow/dags/ingestion/get_data_api_ploomes.py                                       1           0  0.28s           2026-03-24T17:29:49
/opt/airflow/dags/ingestion/send_data_to_bronze_db.py                                     1           0  0.27s           2026-03-24T17:29:49
/opt/airflow/dags/gold_db/orquestracao_bronze_prata.py                                    1           0  0.06s           2026-03-24T17:29:49
/opt/airflow/dags/transformation/orquestrador_prata.py             611  0.01s             1           0  0.05s           2026-03-24T17:29:47
/opt/airflow/dags/transformation/etl_deals_contacts_prata_db.py                           1           0  0.27s           2026-03-24T17:29:48
/opt/airflow/dags/transformation/extract_data_bronze_to_parq.py                           1           0  0.27s           2026-03-24T17:29:48
================================================================================
[2026-03-24T17:30:49.157+0000] {manager.py:879} INFO - 
================================================================================
DAG File Processing Stats

File Path                                                          PID  Runtime      # DAGs    # Errors  Last Runtime    Last Run
---------------------------------------------------------------  -----  ---------  --------  ----------  --------------  -------------------
/opt/airflow/dags/ingestion/orquestrador_ingestao_dag.py                                  1           0  0.05s           2026-03-24T17:30:19
/opt/airflow/dags/ingestion/get_data_api_ploomes.py                                       1           0  0.27s           2026-03-24T17:30:19
/opt/airflow/dags/ingestion/send_data_to_bronze_db.py                                     1           0  0.27s           2026-03-24T17:30:19
/opt/airflow/dags/gold_db/orquestracao_bronze_prata.py                                    1           0  0.06s           2026-03-24T17:30:20
/opt/airflow/dags/transformation/orquestrador_prata.py             650  0.00s             1           0  0.06s           2026-03-24T17:30:18
/opt/airflow/dags/transformation/etl_deals_contacts_prata_db.py                           1           0  0.27s           2026-03-24T17:30:19
/opt/airflow/dags/transformation/extract_data_bronze_to_parq.py                           1           0  0.27s           2026-03-24T17:30:19
================================================================================
[2026-03-24T17:31:20.025+0000] {manager.py:879} INFO - 
================================================================================
DAG File Processing Stats

File Path                                                          PID  Runtime      # DAGs    # Errors  Last Runtime    Last Run
---------------------------------------------------------------  -----  ---------  --------  ----------  --------------  -------------------
/opt/airflow/dags/ingestion/orquestrador_ingestao_dag.py                                  1           0  0.05s           2026-03-24T17:30:50
/opt/airflow/dags/ingestion/get_data_api_ploomes.py                                       1           0  0.27s           2026-03-24T17:30:50
/opt/airflow/dags/ingestion/send_data_to_bronze_db.py                                     1           0  0.27s           2026-03-24T17:30:50
/opt/airflow/dags/gold_db/orquestracao_bronze_prata.py                                    1           0  0.06s           2026-03-24T17:30:50
/opt/airflow/dags/transformation/orquestrador_prata.py             689  0.01s             1           0  0.06s           2026-03-24T17:30:49
/opt/airflow/dags/transformation/etl_deals_contacts_prata_db.py                           1           0  0.27s           2026-03-24T17:30:50
/opt/airflow/dags/transformation/extract_data_bronze_to_parq.py                           1           0  0.28s           2026-03-24T17:30:50
================================================================================
[2026-03-24T17:31:50.907+0000] {manager.py:879} INFO - 
================================================================================
DAG File Processing Stats

File Path                                                          PID  Runtime      # DAGs    # Errors  Last Runtime    Last Run
---------------------------------------------------------------  -----  ---------  --------  ----------  --------------  -------------------
/opt/airflow/dags/ingestion/orquestrador_ingestao_dag.py                                  1           0  0.05s           2026-03-24T17:31:21
/opt/airflow/dags/ingestion/get_data_api_ploomes.py                                       1           0  0.28s           2026-03-24T17:31:21
/opt/airflow/dags/ingestion/send_data_to_bronze_db.py                                     1           0  0.27s           2026-03-24T17:31:21
/opt/airflow/dags/gold_db/orquestracao_bronze_prata.py                                    1           0  0.06s           2026-03-24T17:31:21
/opt/airflow/dags/transformation/orquestrador_prata.py             728  0.01s             1           0  0.05s           2026-03-24T17:31:20
/opt/airflow/dags/transformation/etl_deals_contacts_prata_db.py                           1           0  0.27s           2026-03-24T17:31:21
/opt/airflow/dags/transformation/extract_data_bronze_to_parq.py                           1           0  0.28s           2026-03-24T17:31:21
================================================================================
[2026-03-24T17:32:21.743+0000] {manager.py:879} INFO - 
================================================================================
DAG File Processing Stats

File Path                                                          PID  Runtime      # DAGs    # Errors  Last Runtime    Last Run
---------------------------------------------------------------  -----  ---------  --------  ----------  --------------  -------------------
/opt/airflow/dags/ingestion/orquestrador_ingestao_dag.py                                  1           0  0.05s           2026-03-24T17:31:52
/opt/airflow/dags/ingestion/get_data_api_ploomes.py                                       1           0  0.27s           2026-03-24T17:31:52
/opt/airflow/dags/ingestion/send_data_to_bronze_db.py                                     1           0  0.27s           2026-03-24T17:31:52
/opt/airflow/dags/gold_db/orquestracao_bronze_prata.py                                    1           0  0.06s           2026-03-24T17:31:52
/opt/airflow/dags/transformation/orquestrador_prata.py             767  0.01s             1           0  0.06s           2026-03-24T17:31:50
/opt/airflow/dags/transformation/etl_deals_contacts_prata_db.py                           1           0  0.27s           2026-03-24T17:31:52
/opt/airflow/dags/transformation/extract_data_bronze_to_parq.py                           1           0  0.27s           2026-03-24T17:31:52
================================================================================
[2026-03-24T17:32:52.629+0000] {manager.py:879} INFO - 
================================================================================
DAG File Processing Stats

File Path                                                          PID  Runtime      # DAGs    # Errors  Last Runtime    Last Run
---------------------------------------------------------------  -----  ---------  --------  ----------  --------------  -------------------
/opt/airflow/dags/ingestion/orquestrador_ingestao_dag.py                                  1           0  0.05s           2026-03-24T17:32:23
/opt/airflow/dags/ingestion/get_data_api_ploomes.py                                       1           0  0.27s           2026-03-24T17:32:23
/opt/airflow/dags/ingestion/send_data_to_bronze_db.py                                     1           0  0.28s           2026-03-24T17:32:23
/opt/airflow/dags/gold_db/orquestracao_bronze_prata.py                                    1           0  0.06s           2026-03-24T17:32:23
/opt/airflow/dags/transformation/orquestrador_prata.py             806  0.01s             1           0  0.05s           2026-03-24T17:32:21
/opt/airflow/dags/transformation/etl_deals_contacts_prata_db.py                           1           0  0.26s           2026-03-24T17:32:23
/opt/airflow/dags/transformation/extract_data_bronze_to_parq.py                           1           0  0.28s           2026-03-24T17:32:23
================================================================================
[2026-03-24T17:33:23.457+0000] {manager.py:879} INFO - 
================================================================================
DAG File Processing Stats

File Path                                                          PID  Runtime      # DAGs    # Errors  Last Runtime    Last Run
---------------------------------------------------------------  -----  ---------  --------  ----------  --------------  -------------------
/opt/airflow/dags/ingestion/orquestrador_ingestao_dag.py                                  1           0  0.05s           2026-03-24T17:32:53
/opt/airflow/dags/ingestion/get_data_api_ploomes.py                                       1           0  0.27s           2026-03-24T17:32:54
/opt/airflow/dags/ingestion/send_data_to_bronze_db.py                                     1           0  0.26s           2026-03-24T17:32:54
/opt/airflow/dags/gold_db/orquestracao_bronze_prata.py                                    1           0  0.06s           2026-03-24T17:32:54
/opt/airflow/dags/transformation/orquestrador_prata.py             845  0.01s             1           0  0.06s           2026-03-24T17:32:52
/opt/airflow/dags/transformation/etl_deals_contacts_prata_db.py                           1           0  0.27s           2026-03-24T17:32:53
/opt/airflow/dags/transformation/extract_data_bronze_to_parq.py                           1           0  0.26s           2026-03-24T17:32:53
================================================================================
[2026-03-24T17:33:54.319+0000] {manager.py:879} INFO - 
================================================================================
DAG File Processing Stats

File Path                                                          PID  Runtime      # DAGs    # Errors  Last Runtime    Last Run
---------------------------------------------------------------  -----  ---------  --------  ----------  --------------  -------------------
/opt/airflow/dags/ingestion/orquestrador_ingestao_dag.py                                  1           0  0.05s           2026-03-24T17:33:24
/opt/airflow/dags/ingestion/get_data_api_ploomes.py                                       1           0  0.27s           2026-03-24T17:33:25
/opt/airflow/dags/ingestion/send_data_to_bronze_db.py                                     1           0  0.28s           2026-03-24T17:33:25
/opt/airflow/dags/gold_db/orquestracao_bronze_prata.py                                    1           0  0.06s           2026-03-24T17:33:25
/opt/airflow/dags/transformation/orquestrador_prata.py             884  0.00s             1           0  0.07s           2026-03-24T17:33:23
/opt/airflow/dags/transformation/etl_deals_contacts_prata_db.py                           1           0  0.27s           2026-03-24T17:33:24
/opt/airflow/dags/transformation/extract_data_bronze_to_parq.py                           1           0  0.27s           2026-03-24T17:33:24
================================================================================
[2026-03-24T17:34:25.150+0000] {manager.py:879} INFO - 
================================================================================
DAG File Processing Stats

File Path                                                          PID  Runtime      # DAGs    # Errors  Last Runtime    Last Run
---------------------------------------------------------------  -----  ---------  --------  ----------  --------------  -------------------
/opt/airflow/dags/ingestion/orquestrador_ingestao_dag.py                                  1           0  0.05s           2026-03-24T17:33:55
/opt/airflow/dags/ingestion/get_data_api_ploomes.py                                       1           0  0.28s           2026-03-24T17:33:55
/opt/airflow/dags/ingestion/send_data_to_bronze_db.py                                     1           0  0.27s           2026-03-24T17:33:55
/opt/airflow/dags/gold_db/orquestracao_bronze_prata.py                                    1           0  0.06s           2026-03-24T17:33:55
/opt/airflow/dags/transformation/orquestrador_prata.py             923  0.00s             1           0  0.06s           2026-03-24T17:33:54
/opt/airflow/dags/transformation/etl_deals_contacts_prata_db.py                           1           0  0.27s           2026-03-24T17:33:55
/opt/airflow/dags/transformation/extract_data_bronze_to_parq.py                           1           0  0.27s           2026-03-24T17:33:55
================================================================================
[2026-03-24T17:34:40.884+0000] {manager.py:738} INFO - Searching for files in /opt/airflow/dags
[2026-03-24T17:34:40.890+0000] {manager.py:741} INFO - There are 7 files in /opt/airflow/dags
[2026-03-24T17:34:56.008+0000] {manager.py:879} INFO - 
================================================================================
DAG File Processing Stats

File Path                                                          PID  Runtime      # DAGs    # Errors  Last Runtime    Last Run
---------------------------------------------------------------  -----  ---------  --------  ----------  --------------  -------------------
/opt/airflow/dags/ingestion/orquestrador_ingestao_dag.py                                  1           0  0.05s           2026-03-24T17:34:26
/opt/airflow/dags/ingestion/get_data_api_ploomes.py                                       1           0  0.28s           2026-03-24T17:34:26
/opt/airflow/dags/ingestion/send_data_to_bronze_db.py                                     1           0  0.27s           2026-03-24T17:34:26
/opt/airflow/dags/gold_db/orquestracao_bronze_prata.py                                    1           0  0.07s           2026-03-24T17:34:26
/opt/airflow/dags/transformation/orquestrador_prata.py             962  0.01s             1           0  0.05s           2026-03-24T17:34:25
/opt/airflow/dags/transformation/etl_deals_contacts_prata_db.py                           1           0  0.26s           2026-03-24T17:34:26
/opt/airflow/dags/transformation/extract_data_bronze_to_parq.py                           1           0  0.28s           2026-03-24T17:34:26
================================================================================
[2026-03-24T17:35:26.866+0000] {manager.py:879} INFO - 
================================================================================
DAG File Processing Stats

File Path                                                          PID  Runtime      # DAGs    # Errors  Last Runtime    Last Run
---------------------------------------------------------------  -----  ---------  --------  ----------  --------------  -------------------
/opt/airflow/dags/ingestion/orquestrador_ingestao_dag.py                                  1           0  0.06s           2026-03-24T17:34:57
/opt/airflow/dags/ingestion/get_data_api_ploomes.py                                       1           0  0.27s           2026-03-24T17:34:57
/opt/airflow/dags/ingestion/send_data_to_bronze_db.py                                     1           0  0.27s           2026-03-24T17:34:57
/opt/airflow/dags/gold_db/orquestracao_bronze_prata.py                                    1           0  0.06s           2026-03-24T17:34:57
/opt/airflow/dags/transformation/orquestrador_prata.py            1001  0.01s             1           0  0.07s           2026-03-24T17:34:56
/opt/airflow/dags/transformation/etl_deals_contacts_prata_db.py                           1           0  0.27s           2026-03-24T17:34:57
/opt/airflow/dags/transformation/extract_data_bronze_to_parq.py                           1           0  0.27s           2026-03-24T17:34:57
================================================================================
[2026-03-24T17:35:57.715+0000] {manager.py:879} INFO - 
================================================================================
DAG File Processing Stats

File Path                                                          PID  Runtime      # DAGs    # Errors  Last Runtime    Last Run
---------------------------------------------------------------  -----  ---------  --------  ----------  --------------  -------------------
/opt/airflow/dags/ingestion/orquestrador_ingestao_dag.py                                  1           0  0.05s           2026-03-24T17:35:28
/opt/airflow/dags/ingestion/get_data_api_ploomes.py                                       1           0  0.27s           2026-03-24T17:35:28
/opt/airflow/dags/ingestion/send_data_to_bronze_db.py                                     1           0  0.27s           2026-03-24T17:35:28
/opt/airflow/dags/gold_db/orquestracao_bronze_prata.py                                    1           0  0.06s           2026-03-24T17:35:28
/opt/airflow/dags/transformation/orquestrador_prata.py            1040  0.01s             1           0  0.06s           2026-03-24T17:35:26
/opt/airflow/dags/transformation/etl_deals_contacts_prata_db.py                           1           0  0.27s           2026-03-24T17:35:28
/opt/airflow/dags/transformation/extract_data_bronze_to_parq.py                           1           0  0.28s           2026-03-24T17:35:28
================================================================================
[2026-03-24T17:36:28.557+0000] {manager.py:879} INFO - 
================================================================================
DAG File Processing Stats

File Path                                                          PID  Runtime      # DAGs    # Errors  Last Runtime    Last Run
---------------------------------------------------------------  -----  ---------  --------  ----------  --------------  -------------------
/opt/airflow/dags/ingestion/orquestrador_ingestao_dag.py                                  1           0  0.05s           2026-03-24T17:35:59
/opt/airflow/dags/ingestion/get_data_api_ploomes.py                                       1           0  0.27s           2026-03-24T17:35:59
/opt/airflow/dags/ingestion/send_data_to_bronze_db.py                                     1           0  0.26s           2026-03-24T17:35:59
/opt/airflow/dags/gold_db/orquestracao_bronze_prata.py                                    1           0  0.06s           2026-03-24T17:35:59
/opt/airflow/dags/transformation/orquestrador_prata.py            1079  0.00s             1           0  0.07s           2026-03-24T17:35:57
/opt/airflow/dags/transformation/etl_deals_contacts_prata_db.py                           1           0  0.26s           2026-03-24T17:35:59
/opt/airflow/dags/transformation/extract_data_bronze_to_parq.py                           1           0  0.28s           2026-03-24T17:35:59
================================================================================
[2026-03-24T17:36:59.393+0000] {manager.py:879} INFO - 
================================================================================
DAG File Processing Stats

File Path                                                          PID  Runtime      # DAGs    # Errors  Last Runtime    Last Run
---------------------------------------------------------------  -----  ---------  --------  ----------  --------------  -------------------
/opt/airflow/dags/ingestion/orquestrador_ingestao_dag.py                                  1           0  0.05s           2026-03-24T17:36:29
/opt/airflow/dags/ingestion/get_data_api_ploomes.py                                       1           0  0.27s           2026-03-24T17:36:30
/opt/airflow/dags/ingestion/send_data_to_bronze_db.py                                     1           0  0.26s           2026-03-24T17:36:30
/opt/airflow/dags/gold_db/orquestracao_bronze_prata.py                                    1           0  0.06s           2026-03-24T17:36:30
/opt/airflow/dags/transformation/orquestrador_prata.py            1118  0.01s             1           0  0.06s           2026-03-24T17:36:28
/opt/airflow/dags/transformation/etl_deals_contacts_prata_db.py                           1           0  0.26s           2026-03-24T17:36:29
/opt/airflow/dags/transformation/extract_data_bronze_to_parq.py                           1           0  0.27s           2026-03-24T17:36:29
================================================================================
[2026-03-24T17:37:30.211+0000] {manager.py:879} INFO - 
================================================================================
DAG File Processing Stats

File Path                                                          PID  Runtime      # DAGs    # Errors  Last Runtime    Last Run
---------------------------------------------------------------  -----  ---------  --------  ----------  --------------  -------------------
/opt/airflow/dags/ingestion/orquestrador_ingestao_dag.py                                  1           0  0.05s           2026-03-24T17:37:00
/opt/airflow/dags/ingestion/get_data_api_ploomes.py                                       1           0  0.27s           2026-03-24T17:37:01
/opt/airflow/dags/ingestion/send_data_to_bronze_db.py                                     1           0  0.26s           2026-03-24T17:37:01
/opt/airflow/dags/gold_db/orquestracao_bronze_prata.py                                    1           0  0.06s           2026-03-24T17:37:01
/opt/airflow/dags/transformation/orquestrador_prata.py            1157  0.01s             1           0  0.06s           2026-03-24T17:36:59
/opt/airflow/dags/transformation/etl_deals_contacts_prata_db.py                           1           0  0.26s           2026-03-24T17:37:00
/opt/airflow/dags/transformation/extract_data_bronze_to_parq.py                           1           0  0.26s           2026-03-24T17:37:00
================================================================================
[2026-03-24T17:38:01.044+0000] {manager.py:879} INFO - 
================================================================================
DAG File Processing Stats

File Path                                                          PID  Runtime      # DAGs    # Errors  Last Runtime    Last Run
---------------------------------------------------------------  -----  ---------  --------  ----------  --------------  -------------------
/opt/airflow/dags/ingestion/orquestrador_ingestao_dag.py                                  1           0  0.05s           2026-03-24T17:37:31
/opt/airflow/dags/ingestion/get_data_api_ploomes.py                                       1           0  0.26s           2026-03-24T17:37:31
/opt/airflow/dags/ingestion/send_data_to_bronze_db.py                                     1           0  0.27s           2026-03-24T17:37:31
/opt/airflow/dags/gold_db/orquestracao_bronze_prata.py                                    1           0  0.06s           2026-03-24T17:37:31
/opt/airflow/dags/transformation/orquestrador_prata.py            1196  0.01s             1           0  0.06s           2026-03-24T17:37:30
/opt/airflow/dags/transformation/etl_deals_contacts_prata_db.py                           1           0  0.26s           2026-03-24T17:37:31
/opt/airflow/dags/transformation/extract_data_bronze_to_parq.py                           1           0  0.27s           2026-03-24T17:37:31
================================================================================
[2026-03-24T17:38:31.881+0000] {manager.py:879} INFO - 
================================================================================
DAG File Processing Stats

File Path                                                          PID  Runtime      # DAGs    # Errors  Last Runtime    Last Run
---------------------------------------------------------------  -----  ---------  --------  ----------  --------------  -------------------
/opt/airflow/dags/ingestion/orquestrador_ingestao_dag.py                                  1           0  0.05s           2026-03-24T17:38:02
/opt/airflow/dags/ingestion/get_data_api_ploomes.py                                       1           0  0.27s           2026-03-24T17:38:02
/opt/airflow/dags/ingestion/send_data_to_bronze_db.py                                     1           0  0.26s           2026-03-24T17:38:02
/opt/airflow/dags/gold_db/orquestracao_bronze_prata.py                                    1           0  0.06s           2026-03-24T17:38:02
/opt/airflow/dags/transformation/orquestrador_prata.py            1235  0.01s             1           0  0.06s           2026-03-24T17:38:01
/opt/airflow/dags/transformation/etl_deals_contacts_prata_db.py                           1           0  0.26s           2026-03-24T17:38:02
/opt/airflow/dags/transformation/extract_data_bronze_to_parq.py                           1           0  0.27s           2026-03-24T17:38:02
================================================================================
[2026-03-24T17:39:02.740+0000] {manager.py:879} INFO - 
================================================================================
DAG File Processing Stats

File Path                                                          PID  Runtime      # DAGs    # Errors  Last Runtime    Last Run
---------------------------------------------------------------  -----  ---------  --------  ----------  --------------  -------------------
/opt/airflow/dags/ingestion/orquestrador_ingestao_dag.py                                  1           0  0.05s           2026-03-24T17:38:33
/opt/airflow/dags/ingestion/get_data_api_ploomes.py                                       1           0  0.29s           2026-03-24T17:38:33
/opt/airflow/dags/ingestion/send_data_to_bronze_db.py                                     1           0  0.28s           2026-03-24T17:38:33
/opt/airflow/dags/gold_db/orquestracao_bronze_prata.py                                    1           0  0.06s           2026-03-24T17:38:33
/opt/airflow/dags/transformation/orquestrador_prata.py            1274  0.01s             1           0  0.06s           2026-03-24T17:38:31
/opt/airflow/dags/transformation/etl_deals_contacts_prata_db.py                           1           0  0.25s           2026-03-24T17:38:33
/opt/airflow/dags/transformation/extract_data_bronze_to_parq.py                           1           0  0.27s           2026-03-24T17:38:33
================================================================================
[2026-03-24T17:39:33.588+0000] {manager.py:879} INFO - 
================================================================================
DAG File Processing Stats

File Path                                                          PID  Runtime      # DAGs    # Errors  Last Runtime    Last Run
---------------------------------------------------------------  -----  ---------  --------  ----------  --------------  -------------------
/opt/airflow/dags/ingestion/orquestrador_ingestao_dag.py                                  1           0  0.05s           2026-03-24T17:39:04
/opt/airflow/dags/ingestion/get_data_api_ploomes.py                                       1           0  0.27s           2026-03-24T17:39:04
/opt/airflow/dags/ingestion/send_data_to_bronze_db.py                                     1           0  0.26s           2026-03-24T17:39:04
/opt/airflow/dags/gold_db/orquestracao_bronze_prata.py                                    1           0  0.06s           2026-03-24T17:39:04
/opt/airflow/dags/transformation/orquestrador_prata.py            1313  0.00s             1           0  0.06s           2026-03-24T17:39:02
/opt/airflow/dags/transformation/etl_deals_contacts_prata_db.py                           1           0  0.27s           2026-03-24T17:39:04
/opt/airflow/dags/transformation/extract_data_bronze_to_parq.py                           1           0  0.27s           2026-03-24T17:39:04
================================================================================
[2026-03-24T17:39:41.256+0000] {manager.py:738} INFO - Searching for files in /opt/airflow/dags
[2026-03-24T17:39:41.263+0000] {manager.py:741} INFO - There are 7 files in /opt/airflow/dags
[2026-03-24T17:40:04.461+0000] {manager.py:879} INFO - 
================================================================================
DAG File Processing Stats

File Path                                                          PID  Runtime      # DAGs    # Errors  Last Runtime    Last Run
---------------------------------------------------------------  -----  ---------  --------  ----------  --------------  -------------------
/opt/airflow/dags/ingestion/orquestrador_ingestao_dag.py                                  1           0  0.05s           2026-03-24T17:39:34
/opt/airflow/dags/ingestion/get_data_api_ploomes.py                                       1           0  0.27s           2026-03-24T17:39:35
/opt/airflow/dags/ingestion/send_data_to_bronze_db.py                                     1           0  0.27s           2026-03-24T17:39:35
/opt/airflow/dags/gold_db/orquestracao_bronze_prata.py                                    1           0  0.06s           2026-03-24T17:39:35
/opt/airflow/dags/transformation/orquestrador_prata.py            1352  0.00s             1           0  0.06s           2026-03-24T17:39:33
/opt/airflow/dags/transformation/etl_deals_contacts_prata_db.py                           1           0  0.26s           2026-03-24T17:39:34
/opt/airflow/dags/transformation/extract_data_bronze_to_parq.py                           1           0  0.27s           2026-03-24T17:39:34
================================================================================
[2026-03-24T17:40:35.317+0000] {manager.py:879} INFO - 
================================================================================
DAG File Processing Stats

File Path                                                          PID  Runtime      # DAGs    # Errors  Last Runtime    Last Run
---------------------------------------------------------------  -----  ---------  --------  ----------  --------------  -------------------
/opt/airflow/dags/ingestion/orquestrador_ingestao_dag.py                                  1           0  0.05s           2026-03-24T17:40:05
/opt/airflow/dags/ingestion/get_data_api_ploomes.py                                       1           0  0.27s           2026-03-24T17:40:06
/opt/airflow/dags/ingestion/send_data_to_bronze_db.py                                     1           0  0.28s           2026-03-24T17:40:06
/opt/airflow/dags/gold_db/orquestracao_bronze_prata.py                                    1           0  0.06s           2026-03-24T17:40:06
/opt/airflow/dags/transformation/orquestrador_prata.py            1391  0.01s             1           0  0.06s           2026-03-24T17:40:04
/opt/airflow/dags/transformation/etl_deals_contacts_prata_db.py                           1           0  0.26s           2026-03-24T17:40:05
/opt/airflow/dags/transformation/extract_data_bronze_to_parq.py                           1           0  0.27s           2026-03-24T17:40:05
================================================================================
[2026-03-24T17:41:06.105+0000] {manager.py:879} INFO - 
================================================================================
DAG File Processing Stats

File Path                                                          PID  Runtime      # DAGs    # Errors  Last Runtime    Last Run
---------------------------------------------------------------  -----  ---------  --------  ----------  --------------  -------------------
/opt/airflow/dags/ingestion/orquestrador_ingestao_dag.py                                  1           0  0.06s           2026-03-24T17:40:36
/opt/airflow/dags/ingestion/get_data_api_ploomes.py                                       1           0  0.27s           2026-03-24T17:40:36
/opt/airflow/dags/ingestion/send_data_to_bronze_db.py                                     1           0  0.26s           2026-03-24T17:40:36
/opt/airflow/dags/gold_db/orquestracao_bronze_prata.py                                    1           0  0.06s           2026-03-24T17:40:36
/opt/airflow/dags/transformation/orquestrador_prata.py            1430  0.01s             1           0  0.06s           2026-03-24T17:40:35
/opt/airflow/dags/transformation/etl_deals_contacts_prata_db.py                           1           0  0.26s           2026-03-24T17:40:36
/opt/airflow/dags/transformation/extract_data_bronze_to_parq.py                           1           0  0.27s           2026-03-24T17:40:36
================================================================================
[2026-03-24T17:41:36.927+0000] {manager.py:879} INFO - 
================================================================================
DAG File Processing Stats

File Path                                                          PID  Runtime      # DAGs    # Errors  Last Runtime    Last Run
---------------------------------------------------------------  -----  ---------  --------  ----------  --------------  -------------------
/opt/airflow/dags/ingestion/orquestrador_ingestao_dag.py                                  1           0  0.06s           2026-03-24T17:41:07
/opt/airflow/dags/ingestion/get_data_api_ploomes.py                                       1           0  0.28s           2026-03-24T17:41:07
/opt/airflow/dags/ingestion/send_data_to_bronze_db.py                                     1           0  0.27s           2026-03-24T17:41:07
/opt/airflow/dags/gold_db/orquestracao_bronze_prata.py                                    1           0  0.06s           2026-03-24T17:41:07
/opt/airflow/dags/transformation/orquestrador_prata.py            1469  0.00s             1           0  0.08s           2026-03-24T17:41:06
/opt/airflow/dags/transformation/etl_deals_contacts_prata_db.py                           1           0  0.28s           2026-03-24T17:41:07
/opt/airflow/dags/transformation/extract_data_bronze_to_parq.py                           1           0  0.28s           2026-03-24T17:41:07
================================================================================
[2026-03-24T17:42:07.769+0000] {manager.py:879} INFO - 
================================================================================
DAG File Processing Stats

File Path                                                          PID  Runtime      # DAGs    # Errors  Last Runtime    Last Run
---------------------------------------------------------------  -----  ---------  --------  ----------  --------------  -------------------
/opt/airflow/dags/ingestion/orquestrador_ingestao_dag.py                                  1           0  0.05s           2026-03-24T17:41:38
/opt/airflow/dags/ingestion/get_data_api_ploomes.py                                       1           0  0.27s           2026-03-24T17:41:38
/opt/airflow/dags/ingestion/send_data_to_bronze_db.py                                     1           0  0.27s           2026-03-24T17:41:38
/opt/airflow/dags/gold_db/orquestracao_bronze_prata.py                                    1           0  0.05s           2026-03-24T17:41:38
/opt/airflow/dags/transformation/orquestrador_prata.py            1508  0.00s             1           0  0.06s           2026-03-24T17:41:36
/opt/airflow/dags/transformation/etl_deals_contacts_prata_db.py                           1           0  0.27s           2026-03-24T17:41:38
/opt/airflow/dags/transformation/extract_data_bronze_to_parq.py                           1           0  0.27s           2026-03-24T17:41:38
================================================================================
[2026-03-24T17:42:38.596+0000] {manager.py:879} INFO - 
================================================================================
DAG File Processing Stats

File Path                                                          PID  Runtime      # DAGs    # Errors  Last Runtime    Last Run
---------------------------------------------------------------  -----  ---------  --------  ----------  --------------  -------------------
/opt/airflow/dags/ingestion/orquestrador_ingestao_dag.py                                  1           0  0.06s           2026-03-24T17:42:09
/opt/airflow/dags/ingestion/get_data_api_ploomes.py                                       1           0  0.29s           2026-03-24T17:42:09
/opt/airflow/dags/ingestion/send_data_to_bronze_db.py                                     1           0  0.28s           2026-03-24T17:42:09
/opt/airflow/dags/gold_db/orquestracao_bronze_prata.py                                    1           0  0.06s           2026-03-24T17:42:09
/opt/airflow/dags/transformation/orquestrador_prata.py            1547  0.01s             1           0  0.06s           2026-03-24T17:42:07
/opt/airflow/dags/transformation/etl_deals_contacts_prata_db.py                           1           0  0.28s           2026-03-24T17:42:09
/opt/airflow/dags/transformation/extract_data_bronze_to_parq.py                           1           0  0.28s           2026-03-24T17:42:09
================================================================================
[2026-03-24T17:43:09.424+0000] {manager.py:879} INFO - 
================================================================================
DAG File Processing Stats

File Path                                                          PID  Runtime      # DAGs    # Errors  Last Runtime    Last Run
---------------------------------------------------------------  -----  ---------  --------  ----------  --------------  -------------------
/opt/airflow/dags/ingestion/orquestrador_ingestao_dag.py                                  1           0  0.05s           2026-03-24T17:42:39
/opt/airflow/dags/ingestion/get_data_api_ploomes.py                                       1           0  0.27s           2026-03-24T17:42:40
/opt/airflow/dags/ingestion/send_data_to_bronze_db.py                                     1           0  0.28s           2026-03-24T17:42:40
/opt/airflow/dags/gold_db/orquestracao_bronze_prata.py                                    1           0  0.06s           2026-03-24T17:42:40
/opt/airflow/dags/transformation/orquestrador_prata.py            1586  0.00s             1           0  0.07s           2026-03-24T17:42:38
/opt/airflow/dags/transformation/etl_deals_contacts_prata_db.py                           1           0  0.28s           2026-03-24T17:42:39
/opt/airflow/dags/transformation/extract_data_bronze_to_parq.py                           1           0  0.28s           2026-03-24T17:42:39
================================================================================
[2026-03-24T17:43:40.240+0000] {manager.py:879} INFO - 
================================================================================
DAG File Processing Stats

File Path                                                          PID  Runtime      # DAGs    # Errors  Last Runtime    Last Run
---------------------------------------------------------------  -----  ---------  --------  ----------  --------------  -------------------
/opt/airflow/dags/ingestion/orquestrador_ingestao_dag.py                                  1           0  0.05s           2026-03-24T17:43:10
/opt/airflow/dags/ingestion/get_data_api_ploomes.py                                       1           0  0.28s           2026-03-24T17:43:11
/opt/airflow/dags/ingestion/send_data_to_bronze_db.py                                     1           0  0.26s           2026-03-24T17:43:11
/opt/airflow/dags/gold_db/orquestracao_bronze_prata.py                                    1           0  0.06s           2026-03-24T17:43:11
/opt/airflow/dags/transformation/orquestrador_prata.py            1648  0.00s             1           0  0.06s           2026-03-24T17:43:09
/opt/airflow/dags/transformation/etl_deals_contacts_prata_db.py                           1           0  0.29s           2026-03-24T17:43:10
/opt/airflow/dags/transformation/extract_data_bronze_to_parq.py                           1           0  0.29s           2026-03-24T17:43:10
================================================================================
[2026-03-24T17:44:11.035+0000] {manager.py:879} INFO - 
================================================================================
DAG File Processing Stats

File Path                                                          PID  Runtime      # DAGs    # Errors  Last Runtime    Last Run
---------------------------------------------------------------  -----  ---------  --------  ----------  --------------  -------------------
/opt/airflow/dags/ingestion/orquestrador_ingestao_dag.py                                  1           0  0.05s           2026-03-24T17:43:41
/opt/airflow/dags/ingestion/get_data_api_ploomes.py                                       1           0  0.27s           2026-03-24T17:43:41
/opt/airflow/dags/ingestion/send_data_to_bronze_db.py                                     1           0  0.27s           2026-03-24T17:43:41
/opt/airflow/dags/gold_db/orquestracao_bronze_prata.py                                    1           0  0.06s           2026-03-24T17:43:41
/opt/airflow/dags/transformation/orquestrador_prata.py            1687  0.01s             1           0  0.06s           2026-03-24T17:43:40
/opt/airflow/dags/transformation/etl_deals_contacts_prata_db.py                           1           0  0.26s           2026-03-24T17:43:41
/opt/airflow/dags/transformation/extract_data_bronze_to_parq.py                           1           0  0.27s           2026-03-24T17:43:41
================================================================================
[2026-03-24T17:44:41.841+0000] {manager.py:738} INFO - Searching for files in /opt/airflow/dags
[2026-03-24T17:44:41.843+0000] {manager.py:741} INFO - There are 7 files in /opt/airflow/dags
[2026-03-24T17:44:41.853+0000] {manager.py:879} INFO - 
================================================================================
DAG File Processing Stats

File Path                                                          PID  Runtime      # DAGs    # Errors  Last Runtime    Last Run
---------------------------------------------------------------  -----  ---------  --------  ----------  --------------  -------------------
/opt/airflow/dags/ingestion/orquestrador_ingestao_dag.py                                  1           0  0.05s           2026-03-24T17:44:12
/opt/airflow/dags/ingestion/get_data_api_ploomes.py                                       1           0  0.28s           2026-03-24T17:44:12
/opt/airflow/dags/ingestion/send_data_to_bronze_db.py                                     1           0  0.27s           2026-03-24T17:44:12
/opt/airflow/dags/gold_db/orquestracao_bronze_prata.py                                    1           0  0.06s           2026-03-24T17:44:12
/opt/airflow/dags/transformation/orquestrador_prata.py            1726  0.00s             1           0  0.06s           2026-03-24T17:44:11
/opt/airflow/dags/transformation/etl_deals_contacts_prata_db.py                           1           0  0.27s           2026-03-24T17:44:12
/opt/airflow/dags/transformation/extract_data_bronze_to_parq.py                           1           0  0.28s           2026-03-24T17:44:12
================================================================================
[2026-03-24T17:45:12.676+0000] {manager.py:879} INFO - 
================================================================================
DAG File Processing Stats

File Path                                                          PID  Runtime      # DAGs    # Errors  Last Runtime    Last Run
---------------------------------------------------------------  -----  ---------  --------  ----------  --------------  -------------------
/opt/airflow/dags/ingestion/orquestrador_ingestao_dag.py                                  1           0  0.06s           2026-03-24T17:44:43
/opt/airflow/dags/ingestion/get_data_api_ploomes.py                                       1           0  0.27s           2026-03-24T17:44:43
/opt/airflow/dags/ingestion/send_data_to_bronze_db.py                                     1           0  0.27s           2026-03-24T17:44:43
/opt/airflow/dags/gold_db/orquestracao_bronze_prata.py                                    1           0  0.06s           2026-03-24T17:44:43
/opt/airflow/dags/transformation/orquestrador_prata.py            1765  0.01s             1           0  0.05s           2026-03-24T17:44:41
/opt/airflow/dags/transformation/etl_deals_contacts_prata_db.py                           1           0  0.27s           2026-03-24T17:44:43
/opt/airflow/dags/transformation/extract_data_bronze_to_parq.py                           1           0  0.28s           2026-03-24T17:44:43
================================================================================
